#
# There is insufficient memory for the Java Runtime Environment to continue.
# Native memory allocation (mmap) failed to map 193462272 bytes for committing reserved memory.
# Possible reasons:
#   The system is out of physical RAM or swap space
#   The process is running with CompressedOops enabled, and the Java Heap may be blocking the growth of the native heap
# Possible solutions:
#   Reduce memory load on the system
#   Increase physical memory or swap space
#   Check if swap backing store is full
#   Decrease Java heap size (-Xmx/-Xms)
#   Decrease number of Java threads
#   Decrease Java thread stack sizes (-Xss)
#   Set larger code cache with -XX:ReservedCodeCacheSize=
#   JVM is running with Unscaled Compressed Oops mode in which the Java heap is
#     placed in the first 4GB address space. The Java Heap base address is the
#     maximum limit for the native heap growth. Please use -XX:HeapBaseMinAddress
#     to set the Java Heap base and to place the Java Heap above 4GB virtual address.
# This output file may be truncated or incomplete.
#
#  Out of Memory Error (os_linux.cpp:2795), pid=20214, tid=0x00007f7ad1b6e700
#
# JRE version: OpenJDK Runtime Environment (8.0_292-b10) (build 1.8.0_292-b10)
# Java VM: OpenJDK 64-Bit Server VM (25.292-b10 mixed mode linux-amd64 compressed oops)
# Failed to write core dump. Core dumps have been disabled. To enable core dumping, try "ulimit -c unlimited" before starting Java again
#

---------------  T H R E A D  ---------------

Current thread (0x00007f7b00082800):  VMThread [stack: 0x00007f7ad1a6f000,0x00007f7ad1b6f000] [id=20245]

Stack: [0x00007f7ad1a6f000,0x00007f7ad1b6f000],  sp=0x00007f7ad1b6ced0,  free space=1015k
Native frames: (J=compiled Java code, j=interpreted, Vv=VM code, C=native code)
V  [libjvm.so+0xad852d]  VMError::report_and_die()+0x15d
V  [libjvm.so+0x4f19a9]  report_vm_out_of_memory(char const*, int, unsigned long, VMErrorType, char const*)+0x99
V  [libjvm.so+0x9373d3]  os::Linux::commit_memory_impl(char*, unsigned long, bool)+0x113
V  [libjvm.so+0x9375f9]  os::pd_commit_memory(char*, unsigned long, unsigned long, bool)+0x29
V  [libjvm.so+0x92b9aa]  os::commit_memory(char*, unsigned long, unsigned long, bool)+0x2a
V  [libjvm.so+0x99f2db]  PSVirtualSpace::expand_by(unsigned long)+0x6b
V  [libjvm.so+0x98f5d9]  PSOldGen::expand_by(unsigned long)+0x39
V  [libjvm.so+0x98f752]  PSOldGen::expand(unsigned long)+0xa2
V  [libjvm.so+0x98fb4b]  PSOldGen::resize(unsigned long)+0x1db
V  [libjvm.so+0x997b16]  PSParallelCompact::invoke_no_policy(bool)+0xa16
V  [libjvm.so+0x99d519]  PSScavenge::invoke()+0x179
V  [libjvm.so+0x95746d]  ParallelScavengeHeap::failed_mem_allocate(unsigned long)+0x6d
V  [libjvm.so+0xada497]  VM_ParallelGCFailedAllocation::doit()+0x97
V  [libjvm.so+0xae1d32]  VM_Operation::evaluate()+0x52
V  [libjvm.so+0xadf9eb]  VMThread::evaluate_operation(VM_Operation*)+0x9b
V  [libjvm.so+0xae0d1e]  VMThread::loop()+0x1fe
V  [libjvm.so+0xae11d3]  VMThread::run()+0x83
V  [libjvm.so+0x937762]  java_start(Thread*)+0x132

VM_Operation (0x00007f7ad015b2b0): ParallelGCFailedAllocation, mode: safepoint, requested by thread 0x00007f7b0093c800


---------------  P R O C E S S  ---------------

Java Threads: ( => current thread )
  0x00007f7a88007800 JavaThread "jgroups-16,XPS-13-25715" [_thread_blocked, id=20422, stack(0x00007f7a9996f000,0x00007f7a99a70000)]
  0x00007f7a0c005800 JavaThread "blocking-thread--p3-t2" daemon [_thread_blocked, id=20418, stack(0x00007f7a98357000,0x00007f7a98458000)]
  0x00007f7a88008800 JavaThread "jgroups-15,XPS-13-25715" [_thread_blocked, id=20372, stack(0x00007f7a98458000,0x00007f7a98559000)]
  0x00007f7a88005800 JavaThread "jgroups-14,XPS-13-25715" [_thread_blocked, id=20370, stack(0x00007f7a98559000,0x00007f7a9865a000)]
  0x00007f7a48162800 JavaThread "blocking-thread--p3-t1" daemon [_thread_blocked, id=20368, stack(0x00007f7a9865a000,0x00007f7a9875b000)]
  0x00007f7aa108f000 JavaThread "non-blocking-thread--p2-t16" daemon [_thread_blocked, id=20345, stack(0x00007f7a98d65000,0x00007f7a98e66000)]
  0x00007f7a24004800 JavaThread "non-blocking-thread--p2-t15" daemon [_thread_blocked, id=20344, stack(0x00007f7a98e66000,0x00007f7a98f67000)]
  0x00007f7a24001000 JavaThread "non-blocking-thread--p2-t14" daemon [_thread_blocked, id=20343, stack(0x00007f7a98f67000,0x00007f7a99068000)]
  0x00007f7aa108c000 JavaThread "non-blocking-thread--p2-t13" daemon [_thread_blocked, id=20342, stack(0x00007f7a99068000,0x00007f7a99169000)]
  0x00007f7aa1073800 JavaThread "non-blocking-thread--p2-t12" daemon [_thread_blocked, id=20341, stack(0x00007f7a99169000,0x00007f7a9926a000)]
  0x00007f7a3402c000 JavaThread "non-blocking-thread--p2-t11" daemon [_thread_blocked, id=20340, stack(0x00007f7a9926a000,0x00007f7a9936b000)]
  0x00007f7a34008800 JavaThread "non-blocking-thread--p2-t10" daemon [_thread_blocked, id=20339, stack(0x00007f7a9936b000,0x00007f7a9946c000)]
  0x00007f7aa1019800 JavaThread "non-blocking-thread--p2-t9" daemon [_thread_blocked, id=20338, stack(0x00007f7a9946c000,0x00007f7a9956d000)]
  0x00007f7a7401c000 JavaThread "jgroups-13,XPS-13-25715" [_thread_blocked, id=20335, stack(0x00007f7a9976d000,0x00007f7a9986e000)]
  0x00007f7a80002000 JavaThread "FD_SOCK conn-handler-12,XPS-13-25715" daemon [_thread_in_native, id=20332, stack(0x00007f7a9986e000,0x00007f7a9996f000)]
  0x00007f7a74019000 JavaThread "non-blocking-thread--p2-t8" daemon [_thread_blocked, id=20328, stack(0x00007f7a99a70000,0x00007f7a99b71000)]
  0x00007f7a4c001000 JavaThread "non-blocking-thread--p2-t7" daemon [_thread_blocked, id=20327, stack(0x00007f7a99b71000,0x00007f7a99c72000)]
  0x00007f7a74018000 JavaThread "non-blocking-thread--p2-t6" daemon [_thread_blocked, id=20326, stack(0x00007f7a99c72000,0x00007f7a99d73000)]
  0x00007f7a74011000 JavaThread "non-blocking-thread--p2-t5" daemon [_thread_blocked, id=20324, stack(0x00007f7a99d73000,0x00007f7a99e74000)]
  0x00007f7a74008000 JavaThread "FD_SOCK pinger-9,XPS-13-25715" daemon [_thread_in_native, id=20322, stack(0x00007f7a99f75000,0x00007f7a9a076000)]
  0x00007f7aa0fa4000 JavaThread "expiration-thread--p5-t1" daemon [_thread_blocked, id=20319, stack(0x00007f7a9a076000,0x00007f7a9a177000)]
  0x00007f7a70013000 JavaThread "non-blocking-thread--p2-t4" daemon [_thread_blocked, id=20311, stack(0x00007f7a9a577000,0x00007f7a9a678000)]
  0x00007f7a70006000 JavaThread "timeout-thread--p4-t1" daemon [_thread_blocked, id=20310, stack(0x00007f7a9a678000,0x00007f7a9a779000)]
  0x00007f7aa0e7f000 JavaThread "non-blocking-thread--p2-t3" daemon [_thread_blocked, id=20309, stack(0x00007f7a9a779000,0x00007f7a9a87a000)]
  0x00007f7aa0e66800 JavaThread "non-blocking-thread--p2-t2" daemon [_thread_blocked, id=20308, stack(0x00007f7a9a87a000,0x00007f7a9a97b000)]
  0x00007f7aa0e65000 JavaThread "non-blocking-thread--p2-t1" daemon [_thread_blocked, id=20307, stack(0x00007f7a9a97b000,0x00007f7a9aa7c000)]
  0x00007f7aa0e59000 JavaThread "jgroups-8,XPS-13-25715" [_thread_blocked, id=20264, stack(0x00007f7a9aa7c000,0x00007f7a9ab7d000)]
  0x00007f7aa0e56000 JavaThread "FD_SOCK acceptor-7,XPS-13-25715" daemon [_thread_in_native, id=20263, stack(0x00007f7a9ab7d000,0x00007f7a9ac7e000)]
  0x00007f7aa0e52000 JavaThread "mcast-receiver-6,XPS-13-25715" [_thread_blocked, id=20262, stack(0x00007f7a9ac7e000,0x00007f7a9ad7f000)]
  0x00007f7aa0e50800 JavaThread "ucast-receiver-5,XPS-13-25715" [_thread_in_native, id=20261, stack(0x00007f7a9ad7f000,0x00007f7a9ae80000)]
  0x00007f7aa0e4d800 JavaThread "TQ-Bundler-4,XPS-13-25715" [_thread_blocked, id=20260, stack(0x00007f7a9ae80000,0x00007f7a9af81000)]
  0x00007f7aa0e45800 JavaThread "Timer runner-2,XPS-13-25715" [_thread_blocked, id=20259, stack(0x00007f7a9af81000,0x00007f7a9b082000)]
  0x00007f7aa0df9800 JavaThread "RxCachedWorkerPoolEvictor-1" daemon [_thread_blocked, id=20257, stack(0x00007f7a9b4e8000,0x00007f7a9b5e9000)]
  0x00007f7aa0df1000 JavaThread "RxSchedulerPurge-1" daemon [_thread_blocked, id=20256, stack(0x00007f7a9b5e9000,0x00007f7a9b6ea000)]
  0x00007f7b0093c800 JavaThread "thesis.Artifact.main()" [_thread_blocked, id=20255, stack(0x00007f7ad005d000,0x00007f7ad015e000)]
  0x00007f7b000e4800 JavaThread "Service Thread" daemon [_thread_blocked, id=20253, stack(0x00007f7ad0f87000,0x00007f7ad1088000)]
  0x00007f7b000cf000 JavaThread "C1 CompilerThread3" daemon [_thread_blocked, id=20252, stack(0x00007f7ad1089000,0x00007f7ad1189000)]
  0x00007f7b000cd000 JavaThread "C2 CompilerThread2" daemon [_thread_blocked, id=20251, stack(0x00007f7ad118a000,0x00007f7ad128a000)]
  0x00007f7b000cb000 JavaThread "C2 CompilerThread1" daemon [_thread_blocked, id=20250, stack(0x00007f7ad128b000,0x00007f7ad138b000)]
  0x00007f7b000c8000 JavaThread "C2 CompilerThread0" daemon [_thread_blocked, id=20249, stack(0x00007f7ad138c000,0x00007f7ad148c000)]
  0x00007f7b000c2800 JavaThread "Signal Dispatcher" daemon [_thread_blocked, id=20248, stack(0x00007f7ad148c000,0x00007f7ad158d000)]
  0x00007f7b00091000 JavaThread "Finalizer" daemon [_thread_blocked, id=20247, stack(0x00007f7ad186c000,0x00007f7ad196d000)]
  0x00007f7b0008c800 JavaThread "Reference Handler" daemon [_thread_blocked, id=20246, stack(0x00007f7ad196d000,0x00007f7ad1a6e000)]
  0x00007f7b0000b800 JavaThread "main" [_thread_blocked, id=20236, stack(0x00007f7b073d5000,0x00007f7b074d5000)]

Other Threads:
=>0x00007f7b00082800 VMThread [stack: 0x00007f7ad1a6f000,0x00007f7ad1b6f000] [id=20245]
  0x00007f7b000e7000 WatcherThread [stack: 0x00007f7ad0e87000,0x00007f7ad0f87000] [id=20254]

VM state:at safepoint (normal execution)

VM Mutex/Monitor currently owned by a thread:  ([mutex/lock_event])
[0x00007f7b00007c30] ExpandHeap_lock - owner thread: 0x00007f7b00082800
[0x00007f7b000082b0] Threads_lock - owner thread: 0x00007f7b00082800
[0x00007f7b000087b0] Heap_lock - owner thread: 0x00007f7b0093c800

heap address: 0x0000000087a00000, size: 1926 MB, Compressed Oops mode: 32-bit
Narrow klass base: 0x0000000000000000, Narrow klass shift: 3
Compressed class space size: 1073741824 Address: 0x0000000100000000

Heap:
 PSYoungGen      total 509952K, used 0K [0x00000000d7e00000, 0x00000000ffe00000, 0x0000000100000000)
  eden space 364544K, 0% used [0x00000000d7e00000,0x00000000d7e00000,0x00000000ee200000)
  from space 145408K, 0% used [0x00000000ee200000,0x00000000ee200000,0x00000000f7000000)
  to   space 143872K, 0% used [0x00000000f7180000,0x00000000f7180000,0x00000000ffe00000)
 ParOldGen       total 1125888K, used 1072502K [0x0000000087a00000, 0x00000000cc580000, 0x00000000d7e00000)
  object space 1125888K, 95% used [0x0000000087a00000,0x00000000c915da20,0x00000000cc580000)
 Metaspace       used 42095K, capacity 44298K, committed 44544K, reserved 1087488K
  class space    used 5297K, capacity 5837K, committed 5888K, reserved 1048576K

Card table byte_map: [0x00007f7af0c3c000,0x00007f7af1000000] byte_map_base: 0x00007f7af07ff000

Marking Bits: (ParMarkBitMap*) 0x00007f7b06875820
 Begin Bits: [0x00007f7ae83d0000, 0x00007f7aea1e8000)
 End Bits:   [0x00007f7aea1e8000, 0x00007f7aec000000)

Polling page: 0x00007f7b074f5000

CodeCache: size=245760Kb used=18215Kb max_used=20557Kb free=227544Kb
 bounds [0x00007f7af1000000, 0x00007f7af2470000, 0x00007f7b00000000]
 total_blobs=6260 nmethods=5703 adapters=470
 compilation: enabled

Compilation events (10 events):
Event: 185,327 Thread 0x00007f7b000cf000 nmethod 8261 0x00007f7af1e44b50 code [0x00007f7af1e44d80, 0x00007f7af1e45ab8]
Event: 185,357 Thread 0x00007f7b000c8000 nmethod 8260 0x00007f7af20b32d0 code [0x00007f7af20b35c0, 0x00007f7af20b54a0]
Event: 185,387 Thread 0x00007f7b000cd000 8262       4       thesis.TPCC::deliveryTransaction (670 bytes)
Event: 186,014 Thread 0x00007f7b000cd000 nmethod 8262 0x00007f7af22cf110 code [0x00007f7af22cfd60, 0x00007f7af22da350]
Event: 186,211 Thread 0x00007f7b000cb000 8263       4       org.infinispan.transaction.xa.XaTransactionTable::removeLocalTransaction (25 bytes)
Event: 186,217 Thread 0x00007f7b000cb000 nmethod 8263 0x00007f7af2039890 code [0x00007f7af2039a00, 0x00007f7af2039b78]
Event: 186,245 Thread 0x00007f7b000c8000 8264   !   4       org.infinispan.remoting.rpc.RpcManagerImpl::invokeCommand (115 bytes)
Event: 186,262 Thread 0x00007f7b000cd000 8265   !   4       org.infinispan.remoting.transport.jgroups.JGroupsTransport::invokeCommand (145 bytes)
Event: 186,322 Thread 0x00007f7b000cd000 nmethod 8265 0x00007f7af2407390 code [0x00007f7af24076e0, 0x00007f7af24093e0]
Event: 186,322 Thread 0x00007f7b000c8000 nmethod 8264 0x00007f7af2195650 code [0x00007f7af2195a40, 0x00007f7af2197d08]

GC Heap History (10 events):
Event: 165,714 GC heap after
Heap after GC invocations=123 (full 8):
 PSYoungGen      total 494592K, used 41184K [0x00000000d7e00000, 0x00000000ffc00000, 0x0000000100000000)
  eden space 347136K, 0% used [0x00000000d7e00000,0x00000000d7e00000,0x00000000ed100000)
  from space 147456K, 27% used [0x00000000ed100000,0x00000000ef938000,0x00000000f6100000)
  to   space 146432K, 0% used [0x00000000f6d00000,0x00000000f6d00000,0x00000000ffc00000)
 ParOldGen       total 1125888K, used 1033873K [0x0000000087a00000, 0x00000000cc580000, 0x00000000d7e00000)
  object space 1125888K, 91% used [0x0000000087a00000,0x00000000c6ba4518,0x00000000cc580000)
 Metaspace       used 42088K, capacity 44290K, committed 44544K, reserved 1087488K
  class space    used 5297K, capacity 5837K, committed 5888K, reserved 1048576K
}
Event: 166,491 GC heap before
{Heap before GC invocations=124 (full 8):
 PSYoungGen      total 494592K, used 388320K [0x00000000d7e00000, 0x00000000ffc00000, 0x0000000100000000)
  eden space 347136K, 100% used [0x00000000d7e00000,0x00000000ed100000,0x00000000ed100000)
  from space 147456K, 27% used [0x00000000ed100000,0x00000000ef938000,0x00000000f6100000)
  to   space 146432K, 0% used [0x00000000f6d00000,0x00000000f6d00000,0x00000000ffc00000)
 ParOldGen       total 1125888K, used 1033873K [0x0000000087a00000, 0x00000000cc580000, 0x00000000d7e00000)
  object space 1125888K, 91% used [0x0000000087a00000,0x00000000c6ba4518,0x00000000cc580000)
 Metaspace       used 42088K, capacity 44290K, committed 44544K, reserved 1087488K
  class space    used 5297K, capacity 5837K, committed 5888K, reserved 1048576K
Event: 166,549 GC heap after
Heap after GC invocations=124 (full 8):
 PSYoungGen      total 506880K, used 32722K [0x00000000d7e00000, 0x00000000fff00000, 0x0000000100000000)
  eden space 360448K, 0% used [0x00000000d7e00000,0x00000000d7e00000,0x00000000ede00000)
  from space 146432K, 22% used [0x00000000f6d00000,0x00000000f8cf4860,0x00000000ffc00000)
  to   space 146432K, 0% used [0x00000000ede00000,0x00000000ede00000,0x00000000f6d00000)
 ParOldGen       total 1125888K, used 1052881K [0x0000000087a00000, 0x00000000cc580000, 0x00000000d7e00000)
  object space 1125888K, 93% used [0x0000000087a00000,0x00000000c7e34518,0x00000000cc580000)
 Metaspace       used 42088K, capacity 44290K, committed 44544K, reserved 1087488K
  class space    used 5297K, capacity 5837K, committed 5888K, reserved 1048576K
}
Event: 183,841 GC heap before
{Heap before GC invocations=125 (full 8):
 PSYoungGen      total 506880K, used 393170K [0x00000000d7e00000, 0x00000000fff00000, 0x0000000100000000)
  eden space 360448K, 100% used [0x00000000d7e00000,0x00000000ede00000,0x00000000ede00000)
  from space 146432K, 22% used [0x00000000f6d00000,0x00000000f8cf4860,0x00000000ffc00000)
  to   space 146432K, 0% used [0x00000000ede00000,0x00000000ede00000,0x00000000f6d00000)
 ParOldGen       total 1125888K, used 1052881K [0x0000000087a00000, 0x00000000cc580000, 0x00000000d7e00000)
  object space 1125888K, 93% used [0x0000000087a00000,0x00000000c7e34518,0x00000000cc580000)
 Metaspace       used 42088K, capacity 44290K, committed 44544K, reserved 1087488K
  class space    used 5297K, capacity 5837K, committed 5888K, reserved 1048576K
Event: 185,189 GC heap after
Heap after GC invocations=125 (full 8):
 PSYoungGen      total 506880K, used 22400K [0x00000000d7e00000, 0x0000000100000000, 0x0000000100000000)
  eden space 360448K, 0% used [0x00000000d7e00000,0x00000000d7e00000,0x00000000ede00000)
  from space 146432K, 15% used [0x00000000ede00000,0x00000000ef3e0000,0x00000000f6d00000)
  to   space 146432K, 0% used [0x00000000f7100000,0x00000000f7100000,0x0000000100000000)
 ParOldGen       total 1125888K, used 1072889K [0x0000000087a00000, 0x00000000cc580000, 0x00000000d7e00000)
  object space 1125888K, 95% used [0x0000000087a00000,0x00000000c91be518,0x00000000cc580000)
 Metaspace       used 42088K, capacity 44290K, committed 44544K, reserved 1087488K
  class space    used 5297K, capacity 5837K, committed 5888K, reserved 1048576K
}
Event: 186,044 GC heap before
{Heap before GC invocations=126 (full 8):
 PSYoungGen      total 506880K, used 382848K [0x00000000d7e00000, 0x0000000100000000, 0x0000000100000000)
  eden space 360448K, 100% used [0x00000000d7e00000,0x00000000ede00000,0x00000000ede00000)
  from space 146432K, 15% used [0x00000000ede00000,0x00000000ef3e0000,0x00000000f6d00000)
  to   space 146432K, 0% used [0x00000000f7100000,0x00000000f7100000,0x0000000100000000)
 ParOldGen       total 1125888K, used 1072889K [0x0000000087a00000, 0x00000000cc580000, 0x00000000d7e00000)
  object space 1125888K, 95% used [0x0000000087a00000,0x00000000c91be518,0x00000000cc580000)
 Metaspace       used 42095K, capacity 44298K, committed 44544K, reserved 1087488K
  class space    used 5297K, capacity 5837K, committed 5888K, reserved 1048576K
Event: 186,120 GC heap after
Heap after GC invocations=126 (full 8):
 PSYoungGen      total 508928K, used 22144K [0x00000000d7e00000, 0x00000000ffe00000, 0x0000000100000000)
  eden space 364544K, 0% used [0x00000000d7e00000,0x00000000d7e00000,0x00000000ee200000)
  from space 144384K, 15% used [0x00000000f7100000,0x00000000f86a0000,0x00000000ffe00000)
  to   space 145408K, 0% used [0x00000000ee200000,0x00000000ee200000,0x00000000f7000000)
 ParOldGen       total 1125888K, used 1083185K [0x0000000087a00000, 0x00000000cc580000, 0x00000000d7e00000)
  object space 1125888K, 96% used [0x0000000087a00000,0x00000000c9bcc518,0x00000000cc580000)
 Metaspace       used 42095K, capacity 44298K, committed 44544K, reserved 1087488K
  class space    used 5297K, capacity 5837K, committed 5888K, reserved 1048576K
}
Event: 186,651 GC heap before
{Heap before GC invocations=127 (full 8):
 PSYoungGen      total 508928K, used 386688K [0x00000000d7e00000, 0x00000000ffe00000, 0x0000000100000000)
  eden space 364544K, 100% used [0x00000000d7e00000,0x00000000ee200000,0x00000000ee200000)
  from space 144384K, 15% used [0x00000000f7100000,0x00000000f86a0000,0x00000000ffe00000)
  to   space 145408K, 0% used [0x00000000ee200000,0x00000000ee200000,0x00000000f7000000)
 ParOldGen       total 1125888K, used 1083185K [0x0000000087a00000, 0x00000000cc580000, 0x00000000d7e00000)
  object space 1125888K, 96% used [0x0000000087a00000,0x00000000c9bcc518,0x00000000cc580000)
 Metaspace       used 42095K, capacity 44298K, committed 44544K, reserved 1087488K
  class space    used 5297K, capacity 5837K, committed 5888K, reserved 1048576K
Event: 186,716 GC heap after
Heap after GC invocations=127 (full 8):
 PSYoungGen      total 509952K, used 21504K [0x00000000d7e00000, 0x00000000ffe00000, 0x0000000100000000)
  eden space 364544K, 0% used [0x00000000d7e00000,0x00000000d7e00000,0x00000000ee200000)
  from space 145408K, 14% used [0x00000000ee200000,0x00000000ef700000,0x00000000f7000000)
  to   space 143872K, 0% used [0x00000000f7180000,0x00000000f7180000,0x00000000ffe00000)
 ParOldGen       total 1125888K, used 1093993K [0x0000000087a00000, 0x00000000cc580000, 0x00000000d7e00000)
  object space 1125888K, 97% used [0x0000000087a00000,0x00000000ca65a538,0x00000000cc580000)
 Metaspace       used 42095K, capacity 44298K, committed 44544K, reserved 1087488K
  class space    used 5297K, capacity 5837K, committed 5888K, reserved 1048576K
}
Event: 186,716 GC heap before
{Heap before GC invocations=128 (full 9):
 PSYoungGen      total 509952K, used 21504K [0x00000000d7e00000, 0x00000000ffe00000, 0x0000000100000000)
  eden space 364544K, 0% used [0x00000000d7e00000,0x00000000d7e00000,0x00000000ee200000)
  from space 145408K, 14% used [0x00000000ee200000,0x00000000ef700000,0x00000000f7000000)
  to   space 143872K, 0% used [0x00000000f7180000,0x00000000f7180000,0x00000000ffe00000)
 ParOldGen       total 1125888K, used 1093993K [0x0000000087a00000, 0x00000000cc580000, 0x00000000d7e00000)
  object space 1125888K, 97% used [0x0000000087a00000,0x00000000ca65a538,0x00000000cc580000)
 Metaspace       used 42095K, capacity 44298K, committed 44544K, reserved 1087488K
  class space    used 5297K, capacity 5837K, committed 5888K, reserved 1048576K

Deoptimization events (10 events):
Event: 185,244 Thread 0x00007f7aa108f000 Uncommon trap: reason=bimorphic action=maybe_recompile pc=0x00007f7af1e89ec4 method=org.infinispan.util.concurrent.CompletionStages.handleAndCompose(Ljava/util/concurrent/CompletionStage;Ljava/util/function/BiFunction;)Ljava/util/concurrent/CompletionStag
Event: 185,244 Thread 0x00007f7b0093c800 Uncommon trap: reason=class_check action=maybe_recompile pc=0x00007f7af1d700d0 method=org.infinispan.distribution.LocalizedCacheTopology.getWriteOwners(Ljava/util/Collection;)Ljava/util/Collection; @ 1
Event: 185,245 Thread 0x00007f7b0093c800 Uncommon trap: reason=unstable_if action=reinterpret pc=0x00007f7af143ed5c method=org.infinispan.remoting.transport.jgroups.JGroupsTransport.invokeCommand(Ljava/util/Collection;Lorg/infinispan/commands/ReplicableCommand;Lorg/infinispan/remoting/transport/
Event: 185,245 Thread 0x00007f7b0093c800 Uncommon trap: reason=class_check action=maybe_recompile pc=0x00007f7af1fc001c method=org.infinispan.interceptors.distribution.TxDistributionInterceptor.prepareOnAffectedNodes(Lorg/infinispan/context/impl/TxInvocationContext;Lorg/infinispan/commands/tx/Pr
Event: 185,245 Thread 0x00007f7b0093c800 Uncommon trap: reason=class_check action=maybe_recompile pc=0x00007f7af1fe769c method=org.infinispan.interceptors.impl.BaseRpcInterceptor.shouldInvokeRemoteTxCommand(Lorg/infinispan/context/impl/TxInvocationContext;)Z @ 47
Event: 185,245 Thread 0x00007f7b0093c800 Uncommon trap: reason=class_check action=maybe_recompile pc=0x00007f7af1d700d0 method=org.infinispan.distribution.LocalizedCacheTopology.getWriteOwners(Ljava/util/Collection;)Ljava/util/Collection; @ 1
Event: 185,245 Thread 0x00007f7b0093c800 Uncommon trap: reason=unstable_if action=reinterpret pc=0x00007f7af1131f8c method=org.infinispan.remoting.transport.jgroups.JGroupsTransport.invokeCommand(Ljava/util/Collection;Lorg/infinispan/commands/ReplicableCommand;Lorg/infinispan/remoting/transport/
Event: 185,245 Thread 0x00007f7b0093c800 Uncommon trap: reason=unstable_if action=reinterpret pc=0x00007f7af22086fc method=org.infinispan.transaction.impl.TransactionTable.recalculateMinTopologyIdIfNeeded(Lorg/infinispan/transaction/xa/CacheTransaction;)V @ 79
Event: 185,273 Thread 0x00007f7b0093c800 Uncommon trap: reason=null_check action=make_not_entrant pc=0x00007f7af23ea698 method=thesis.TPCC.deliveryTransaction(JILjava/util/Date;)V @ 52
Event: 185,406 Thread 0x00007f7b0093c800 Uncommon trap: reason=null_check action=make_not_entrant pc=0x00007f7af23c64dc method=thesis.TPCC.deliveryTransaction(JILjava/util/Date;)V @ 52

Classes redefined (0 events):
No events

Internal exceptions (10 events):
Event: 99,752 Thread 0x00007f7b0093c800 Implicit null exception at 0x00007f7af21e8e45 to 0x00007f7af21e8ff1
Event: 99,776 Thread 0x00007f7b0093c800 Implicit null exception at 0x00007f7af2234c38 to 0x00007f7af22355c1
Event: 99,776 Thread 0x00007f7b0093c800 Implicit null exception at 0x00007f7af225fcdf to 0x00007f7af2260189
Event: 99,779 Thread 0x00007f7a88008800 Implicit null exception at 0x00007f7af20c1733 to 0x00007f7af20c20a5
Event: 99,806 Thread 0x00007f7b0093c800 Implicit null exception at 0x00007f7af222409b to 0x00007f7af2224549
Event: 100,795 Thread 0x00007f7b0093c800 Implicit null exception at 0x00007f7af14dd037 to 0x00007f7af14dd3ab
Event: 102,779 Thread 0x00007f7a7c001800 Implicit null exception at 0x00007f7af14278bb to 0x00007f7af1427e7d
Event: 177,987 Thread 0x00007f7a88002000 Implicit null exception at 0x00007f7af14278bb to 0x00007f7af1427e7d
Event: 185,273 Thread 0x00007f7b0093c800 Implicit null exception at 0x00007f7af23e1a78 to 0x00007f7af23ea675
Event: 185,406 Thread 0x00007f7b0093c800 Implicit null exception at 0x00007f7af23c04f4 to 0x00007f7af23c64cd

Events (10 events):
Event: 185,274 Thread 0x00007f7b0093c800 DEOPT PACKING pc=0x00007f7af23ea698 sp=0x00007f7ad015bc30
Event: 185,274 Thread 0x00007f7b0093c800 DEOPT UNPACKING pc=0x00007f7af104547a sp=0x00007f7ad015bc38 mode 2
Event: 185,406 Thread 0x00007f7b0093c800 Uncommon trap: trap_request=0xfffffff4 fr.pc=0x00007f7af23c64dc
Event: 185,406 Thread 0x00007f7b0093c800 DEOPT PACKING pc=0x00007f7af23c64dc sp=0x00007f7ad015bc50
Event: 185,406 Thread 0x00007f7b0093c800 DEOPT UNPACKING pc=0x00007f7af104547a sp=0x00007f7ad015bc38 mode 2
Event: 185,425 Thread 0x00007f7aa0fa4000 DEOPT PACKING pc=0x00007f7af1f323aa sp=0x00007f7a9a175180
Event: 185,425 Thread 0x00007f7aa0fa4000 DEOPT UNPACKING pc=0x00007f7af10474c4 sp=0x00007f7a9a174f58 mode 0
Event: 186,041 Executing VM operation: ParallelGCFailedAllocation
Event: 186,121 Executing VM operation: ParallelGCFailedAllocation done
Event: 186,651 Executing VM operation: ParallelGCFailedAllocation


Dynamic libraries:
87a00000-cc580000 rw-p 00000000 00:00 0 
d7e00000-ffe00000 rw-p 00000000 00:00 0 
ffe00000-100000000 ---p 00000000 00:00 0 
100000000-1005c0000 rw-p 00000000 00:00 0 
1005c0000-140000000 ---p 00000000 00:00 0 
5604a1f42000-5604a1f43000 r-xp 00000000 103:07 2552286                   /home/francisco/.sdkman/candidates/java/8.0.292-open/bin/java
5604a2142000-5604a2143000 r--p 00000000 103:07 2552286                   /home/francisco/.sdkman/candidates/java/8.0.292-open/bin/java
5604a2143000-5604a2144000 rw-p 00001000 103:07 2552286                   /home/francisco/.sdkman/candidates/java/8.0.292-open/bin/java
5604a29f4000-5604a2a15000 rw-p 00000000 00:00 0                          [heap]
7f7a0c000000-7f7a0c021000 rw-p 00000000 00:00 0 
7f7a0c021000-7f7a10000000 ---p 00000000 00:00 0 
7f7a10000000-7f7a10021000 rw-p 00000000 00:00 0 
7f7a10021000-7f7a14000000 ---p 00000000 00:00 0 
7f7a14000000-7f7a14021000 rw-p 00000000 00:00 0 
7f7a14021000-7f7a18000000 ---p 00000000 00:00 0 
7f7a18000000-7f7a18021000 rw-p 00000000 00:00 0 
7f7a18021000-7f7a1c000000 ---p 00000000 00:00 0 
7f7a1c000000-7f7a1c021000 rw-p 00000000 00:00 0 
7f7a1c021000-7f7a20000000 ---p 00000000 00:00 0 
7f7a20000000-7f7a20021000 rw-p 00000000 00:00 0 
7f7a20021000-7f7a24000000 ---p 00000000 00:00 0 
7f7a24000000-7f7a24021000 rw-p 00000000 00:00 0 
7f7a24021000-7f7a28000000 ---p 00000000 00:00 0 
7f7a28000000-7f7a28021000 rw-p 00000000 00:00 0 
7f7a28021000-7f7a2c000000 ---p 00000000 00:00 0 
7f7a2c000000-7f7a2c021000 rw-p 00000000 00:00 0 
7f7a2c021000-7f7a30000000 ---p 00000000 00:00 0 
7f7a30000000-7f7a30021000 rw-p 00000000 00:00 0 
7f7a30021000-7f7a34000000 ---p 00000000 00:00 0 
7f7a34000000-7f7a3402e000 rw-p 00000000 00:00 0 
7f7a3402e000-7f7a38000000 ---p 00000000 00:00 0 
7f7a38000000-7f7a38021000 rw-p 00000000 00:00 0 
7f7a38021000-7f7a3c000000 ---p 00000000 00:00 0 
7f7a3c000000-7f7a3c021000 rw-p 00000000 00:00 0 
7f7a3c021000-7f7a40000000 ---p 00000000 00:00 0 
7f7a40000000-7f7a40021000 rw-p 00000000 00:00 0 
7f7a40021000-7f7a44000000 ---p 00000000 00:00 0 
7f7a44000000-7f7a44021000 rw-p 00000000 00:00 0 
7f7a44021000-7f7a48000000 ---p 00000000 00:00 0 
7f7a48000000-7f7a48165000 rw-p 00000000 00:00 0 
7f7a48165000-7f7a4c000000 ---p 00000000 00:00 0 
7f7a4c000000-7f7a4c021000 rw-p 00000000 00:00 0 
7f7a4c021000-7f7a50000000 ---p 00000000 00:00 0 
7f7a50000000-7f7a50021000 rw-p 00000000 00:00 0 
7f7a50021000-7f7a54000000 ---p 00000000 00:00 0 
7f7a54000000-7f7a54021000 rw-p 00000000 00:00 0 
7f7a54021000-7f7a58000000 ---p 00000000 00:00 0 
7f7a58000000-7f7a58021000 rw-p 00000000 00:00 0 
7f7a58021000-7f7a5c000000 ---p 00000000 00:00 0 
7f7a5c000000-7f7a5c021000 rw-p 00000000 00:00 0 
7f7a5c021000-7f7a60000000 ---p 00000000 00:00 0 
7f7a60000000-7f7a60021000 rw-p 00000000 00:00 0 
7f7a60021000-7f7a64000000 ---p 00000000 00:00 0 
7f7a64000000-7f7a64021000 rw-p 00000000 00:00 0 
7f7a64021000-7f7a68000000 ---p 00000000 00:00 0 
7f7a68000000-7f7a68021000 rw-p 00000000 00:00 0 
7f7a68021000-7f7a6c000000 ---p 00000000 00:00 0 
7f7a6c000000-7f7a6c021000 rw-p 00000000 00:00 0 
7f7a6c021000-7f7a70000000 ---p 00000000 00:00 0 
7f7a70000000-7f7a70021000 rw-p 00000000 00:00 0 
7f7a70021000-7f7a74000000 ---p 00000000 00:00 0 
7f7a74000000-7f7a74031000 rw-p 00000000 00:00 0 
7f7a74031000-7f7a78000000 ---p 00000000 00:00 0 
7f7a78000000-7f7a78021000 rw-p 00000000 00:00 0 
7f7a78021000-7f7a7c000000 ---p 00000000 00:00 0 
7f7a7c000000-7f7a7c021000 rw-p 00000000 00:00 0 
7f7a7c021000-7f7a80000000 ---p 00000000 00:00 0 
7f7a80000000-7f7a80021000 rw-p 00000000 00:00 0 
7f7a80021000-7f7a84000000 ---p 00000000 00:00 0 
7f7a84000000-7f7a84021000 rw-p 00000000 00:00 0 
7f7a84021000-7f7a88000000 ---p 00000000 00:00 0 
7f7a88000000-7f7a88021000 rw-p 00000000 00:00 0 
7f7a88021000-7f7a8c000000 ---p 00000000 00:00 0 
7f7a8c000000-7f7a8c021000 rw-p 00000000 00:00 0 
7f7a8c021000-7f7a90000000 ---p 00000000 00:00 0 
7f7a90000000-7f7a90021000 rw-p 00000000 00:00 0 
7f7a90021000-7f7a94000000 ---p 00000000 00:00 0 
7f7a94000000-7f7a94021000 rw-p 00000000 00:00 0 
7f7a94021000-7f7a98000000 ---p 00000000 00:00 0 
7f7a98357000-7f7a9835a000 ---p 00000000 00:00 0 
7f7a9835a000-7f7a98458000 rw-p 00000000 00:00 0 
7f7a98458000-7f7a9845b000 ---p 00000000 00:00 0 
7f7a9845b000-7f7a98559000 rw-p 00000000 00:00 0 
7f7a98559000-7f7a9855c000 ---p 00000000 00:00 0 
7f7a9855c000-7f7a9865a000 rw-p 00000000 00:00 0 
7f7a9865a000-7f7a9865d000 ---p 00000000 00:00 0 
7f7a9865d000-7f7a9891b000 rw-p 00000000 00:00 0 
7f7a9891b000-7f7a9895b000 ---p 00000000 00:00 0 
7f7a9895b000-7f7a98964000 r-xp 00000000 103:07 2551775                   /home/francisco/.sdkman/candidates/java/8.0.292-open/jre/lib/amd64/libmanagement.so
7f7a98964000-7f7a98b63000 ---p 00009000 103:07 2551775                   /home/francisco/.sdkman/candidates/java/8.0.292-open/jre/lib/amd64/libmanagement.so
7f7a98b63000-7f7a98b64000 r--p 00008000 103:07 2551775                   /home/francisco/.sdkman/candidates/java/8.0.292-open/jre/lib/amd64/libmanagement.so
7f7a98b64000-7f7a98b65000 rw-p 00009000 103:07 2551775                   /home/francisco/.sdkman/candidates/java/8.0.292-open/jre/lib/amd64/libmanagement.so
7f7a98b65000-7f7a98d65000 rw-p 00000000 00:00 0 
7f7a98d65000-7f7a98d68000 ---p 00000000 00:00 0 
7f7a98d68000-7f7a98e66000 rw-p 00000000 00:00 0 
7f7a98e66000-7f7a98e69000 ---p 00000000 00:00 0 
7f7a98e69000-7f7a98f67000 rw-p 00000000 00:00 0 
7f7a98f67000-7f7a98f6a000 ---p 00000000 00:00 0 
7f7a98f6a000-7f7a99068000 rw-p 00000000 00:00 0 
7f7a99068000-7f7a9906b000 ---p 00000000 00:00 0 
7f7a9906b000-7f7a99169000 rw-p 00000000 00:00 0 
7f7a99169000-7f7a9916c000 ---p 00000000 00:00 0 
7f7a9916c000-7f7a9926a000 rw-p 00000000 00:00 0 
7f7a9926a000-7f7a9926d000 ---p 00000000 00:00 0 
7f7a9926d000-7f7a9936b000 rw-p 00000000 00:00 0 
7f7a9936b000-7f7a9936e000 ---p 00000000 00:00 0 
7f7a9936e000-7f7a9946c000 rw-p 00000000 00:00 0 
7f7a9946c000-7f7a9946f000 ---p 00000000 00:00 0 
7f7a9946f000-7f7a9976d000 rw-p 00000000 00:00 0 
7f7a9976d000-7f7a99770000 ---p 00000000 00:00 0 
7f7a99770000-7f7a9986e000 rw-p 00000000 00:00 0 
7f7a9986e000-7f7a99871000 ---p 00000000 00:00 0 
7f7a99871000-7f7a9996f000 rw-p 00000000 00:00 0 
7f7a9996f000-7f7a99972000 ---p 00000000 00:00 0 
7f7a99972000-7f7a99a70000 rw-p 00000000 00:00 0 
7f7a99a70000-7f7a99a73000 ---p 00000000 00:00 0 
7f7a99a73000-7f7a99b71000 rw-p 00000000 00:00 0 
7f7a99b71000-7f7a99b74000 ---p 00000000 00:00 0 
7f7a99b74000-7f7a99c72000 rw-p 00000000 00:00 0 
7f7a99c72000-7f7a99c75000 ---p 00000000 00:00 0 
7f7a99c75000-7f7a99d73000 rw-p 00000000 00:00 0 
7f7a99d73000-7f7a99d76000 ---p 00000000 00:00 0 
7f7a99d76000-7f7a99e74000 rw-p 00000000 00:00 0 
7f7a99e74000-7f7a99e77000 ---p 00000000 00:00 0 
7f7a99e77000-7f7a99f75000 rw-p 00000000 00:00 0 
7f7a99f75000-7f7a99f78000 ---p 00000000 00:00 0 
7f7a99f78000-7f7a9a076000 rw-p 00000000 00:00 0 
7f7a9a076000-7f7a9a079000 ---p 00000000 00:00 0 
7f7a9a079000-7f7a9a377000 rw-p 00000000 00:00 0 
7f7a9a377000-7f7a9a577000 rw-p 00000000 00:00 0 
7f7a9a577000-7f7a9a57a000 ---p 00000000 00:00 0 
7f7a9a57a000-7f7a9a678000 rw-p 00000000 00:00 0 
7f7a9a678000-7f7a9a67b000 ---p 00000000 00:00 0 
7f7a9a67b000-7f7a9a779000 rw-p 00000000 00:00 0 
7f7a9a779000-7f7a9a77c000 ---p 00000000 00:00 0 
7f7a9a77c000-7f7a9a87a000 rw-p 00000000 00:00 0 
7f7a9a87a000-7f7a9a87d000 ---p 00000000 00:00 0 
7f7a9a87d000-7f7a9a97b000 rw-p 00000000 00:00 0 
7f7a9a97b000-7f7a9a97e000 ---p 00000000 00:00 0 
7f7a9a97e000-7f7a9aa7c000 rw-p 00000000 00:00 0 
7f7a9aa7c000-7f7a9aa7f000 ---p 00000000 00:00 0 
7f7a9aa7f000-7f7a9ab7d000 rw-p 00000000 00:00 0 
7f7a9ab7d000-7f7a9ab80000 ---p 00000000 00:00 0 
7f7a9ab80000-7f7a9ac7e000 rw-p 00000000 00:00 0 
7f7a9ac7e000-7f7a9ac81000 ---p 00000000 00:00 0 
7f7a9ac81000-7f7a9ad7f000 rw-p 00000000 00:00 0 
7f7a9ad7f000-7f7a9ad82000 ---p 00000000 00:00 0 
7f7a9ad82000-7f7a9ae80000 rw-p 00000000 00:00 0 
7f7a9ae80000-7f7a9ae83000 ---p 00000000 00:00 0 
7f7a9ae83000-7f7a9af81000 rw-p 00000000 00:00 0 
7f7a9af81000-7f7a9af84000 ---p 00000000 00:00 0 
7f7a9af84000-7f7a9b282000 rw-p 00000000 00:00 0 
7f7a9b2cc000-7f7a9b2e8000 r--s 00393000 103:07 2551758                   /home/francisco/.sdkman/candidates/java/8.0.292-open/jre/lib/ext/cldrdata.jar
7f7a9b2e8000-7f7a9b4e8000 rw-p 00000000 00:00 0 
7f7a9b4e8000-7f7a9b4eb000 ---p 00000000 00:00 0 
7f7a9b4eb000-7f7a9b5e9000 rw-p 00000000 00:00 0 
7f7a9b5e9000-7f7a9b5ec000 ---p 00000000 00:00 0 
7f7a9b5ec000-7f7a9b8ea000 rw-p 00000000 00:00 0 
7f7a9b8ea000-7f7a9baea000 rw-p 00000000 00:00 0 
7f7a9baea000-7f7a9bcea000 rw-p 00000000 00:00 0 
7f7a9bcea000-7f7a9bcf0000 r--s 00031000 103:07 660843                    /home/francisco/.m2/repository/org/wildfly/common/wildfly-common/1.3.0.Final/wildfly-common-1.3.0.Final.jar
7f7a9bcf0000-7f7a9bcf4000 r--s 00025000 103:07 660841                    /home/francisco/.m2/repository/org/jboss/threads/jboss-threads/2.3.3.Final/jboss-threads-2.3.3.Final.jar
7f7a9bcf4000-7f7a9bcf6000 r--s 0000d000 103:07 660839                    /home/francisco/.m2/repository/org/jboss/logging/jboss-logging/3.4.1.Final/jboss-logging-3.4.1.Final.jar
7f7a9bcf6000-7f7a9bef6000 rw-p 00000000 00:00 0 
7f7a9bef6000-7f7a9bf08000 r--s 000c6000 103:07 660837                    /home/francisco/.m2/repository/com/github/ben-manes/caffeine/caffeine/2.8.4/caffeine-2.8.4.jar
7f7a9bf08000-7f7a9bf1f000 r--s 00235000 103:07 660835                    /home/francisco/.m2/repository/org/jgroups/jgroups/4.2.18.Final/jgroups-4.2.18.Final.jar
7f7a9bf1f000-7f7a9bf33000 r--s 00119000 103:07 660831                    /home/francisco/.m2/repository/org/infinispan/protostream/protostream/4.4.3.Final/protostream-4.4.3.Final.jar
7f7a9bf33000-7f7a9bf6b000 r--s 0024c000 103:07 3279698                   /home/francisco/.m2/repository/io/reactivex/rxjava3/rxjava/3.0.4/rxjava-3.0.4.jar
7f7a9bf6b000-7f7a9bf7a000 r--s 000a4000 103:07 660827                    /home/francisco/.m2/repository/org/infinispan/infinispan-commons/13.0.11.Final/infinispan-commons-13.0.11.Final.jar
7f7a9bf7a000-7f7a9c000000 r--s 00b8b000 103:07 2627748                   /home/francisco/git/thesis/resources/weka.jar
7f7a9c000000-7f7a9c021000 rw-p 00000000 00:00 0 
7f7a9c021000-7f7aa0000000 ---p 00000000 00:00 0 
7f7aa0000000-7f7aa10ad000 rw-p 00000000 00:00 0 
7f7aa10ad000-7f7aa4000000 ---p 00000000 00:00 0 
7f7aa4000000-7f7aa4c39000 rw-p 00000000 00:00 0 
7f7aa4c39000-7f7aa8000000 ---p 00000000 00:00 0 
7f7aa8000000-7f7aa8021000 rw-p 00000000 00:00 0 
7f7aa8021000-7f7aac000000 ---p 00000000 00:00 0 
7f7aac000000-7f7aad3d6000 rw-p 00000000 00:00 0 
7f7aad3d6000-7f7ab0000000 ---p 00000000 00:00 0 
7f7ab0000000-7f7ab164f000 rw-p 00000000 00:00 0 
7f7ab164f000-7f7ab4000000 ---p 00000000 00:00 0 
7f7ab4000000-7f7ab4021000 rw-p 00000000 00:00 0 
7f7ab4021000-7f7ab8000000 ---p 00000000 00:00 0 
7f7ab8000000-7f7ab9221000 rw-p 00000000 00:00 0 
7f7ab9221000-7f7abc000000 ---p 00000000 00:00 0 
7f7abc000000-7f7abc021000 rw-p 00000000 00:00 0 
7f7abc021000-7f7ac0000000 ---p 00000000 00:00 0 
7f7ac0000000-7f7ac0021000 rw-p 00000000 00:00 0 
7f7ac0021000-7f7ac4000000 ---p 00000000 00:00 0 
7f7ac4000000-7f7ac46ea000 rw-p 00000000 00:00 0 
7f7ac46ea000-7f7ac8000000 ---p 00000000 00:00 0 
7f7ac8000000-7f7ac833e000 rw-p 00000000 00:00 0 
7f7ac833e000-7f7acc000000 ---p 00000000 00:00 0 
7f7acc000000-7f7acc318000 rw-p 00000000 00:00 0 
7f7acc318000-7f7ad0000000 ---p 00000000 00:00 0 
7f7ad0000000-7f7ad0001000 r--s 00003000 103:07 3279700                   /home/francisco/.m2/repository/jakarta/transaction/jakarta.transaction-api/1.3.3/jakarta.transaction-api-1.3.3.jar
7f7ad0001000-7f7ad0006000 r--s 00018000 103:07 660833                    /home/francisco/.m2/repository/org/infinispan/protostream/protostream-types/4.4.3.Final/protostream-types-4.4.3.Final.jar
7f7ad0006000-7f7ad0007000 r--s 00002000 103:07 660829                    /home/francisco/.m2/repository/org/reactivestreams/reactive-streams/1.0.3/reactive-streams-1.0.3.jar
7f7ad0007000-7f7ad005a000 r--s 004c7000 103:07 660825                    /home/francisco/.m2/repository/org/infinispan/infinispan-core/13.0.11.Final/infinispan-core-13.0.11.Final.jar
7f7ad005a000-7f7ad005d000 r--s 00038000 103:07 2627746                   /home/francisco/git/thesis/resources/JLink.jar
7f7ad005d000-7f7ad0060000 ---p 00000000 00:00 0 
7f7ad0060000-7f7ad015e000 rw-p 00000000 00:00 0 
7f7ad015e000-7f7ad0160000 r--s 0000b000 103:07 3674026                   /home/francisco/.m2/repository/org/apache/commons/commons-exec/1.1/commons-exec-1.1.jar
7f7ad0160000-7f7ad0164000 r--s 00033000 103:07 3679151                   /home/francisco/.m2/repository/org/codehaus/plexus/plexus-utils/2.0.5/plexus-utils-2.0.5.jar
7f7ad0164000-7f7ad0166000 r--s 00002000 103:07 3679132                   /home/francisco/.m2/repository/org/codehaus/plexus/plexus-interactivity-api/1.0-alpha-4/plexus-interactivity-api-1.0-alpha-4.jar
7f7ad0166000-7f7ad0168000 r--s 00006000 103:07 3679140                   /home/francisco/.m2/repository/commons-cli/commons-cli/1.0/commons-cli-1.0.jar
7f7ad0168000-7f7ad0169000 r--s 00001000 103:07 3679133                   /home/francisco/.m2/repository/org/apache/maven/doxia/doxia-sink-api/1.0-alpha-7/doxia-sink-api-1.0-alpha-7.jar
7f7ad0169000-7f7ad016a000 r--s 00002000 103:07 3679131                   /home/francisco/.m2/repository/org/apache/maven/reporting/maven-reporting-api/2.0.6/maven-reporting-api-2.0.6.jar
7f7ad016a000-7f7ad016c000 r--s 00008000 103:07 3673935                   /home/francisco/.m2/repository/org/codehaus/mojo/exec-maven-plugin/1.2.1/exec-maven-plugin-1.2.1.jar
7f7ad016c000-7f7ad036c000 rw-p 00000000 00:00 0 
7f7ad036c000-7f7ad0377000 r--s 00116000 103:07 2551755                   /home/francisco/.sdkman/candidates/java/8.0.292-open/jre/lib/ext/localedata.jar
7f7ad0377000-7f7ad0388000 r--s 001bf000 103:07 2551765                   /home/francisco/.sdkman/candidates/java/8.0.292-open/jre/lib/jsse.jar
7f7ad0388000-7f7ad0588000 rw-p 00000000 00:00 0 
7f7ad0588000-7f7ad0788000 rw-p 00000000 00:00 0 
7f7ad0788000-7f7ad0988000 rw-p 00000000 00:00 0 
7f7ad0988000-7f7ad098c000 r--s 0003b000 103:07 3428989                   /usr/share/java/plexus-utils2.jar
7f7ad098c000-7f7ad098d000 r--s 00004000 103:07 3414583                   /usr/share/java/maven3-slf4j-provider.jar
7f7ad098d000-7f7ad0991000 r--s 00027000 103:07 3418893                   /usr/share/java/maven-resolver-impl.jar
7f7ad0991000-7f7ad0993000 r--s 00000000 103:07 3420869                   /usr/share/java/plexus-component-annotations.jar
7f7ad0993000-7f7ad0995000 r--s 00008000 103:07 3414748                   /usr/share/java/maven-resolver-connector-basic.jar
7f7ad0995000-7f7ad09a2000 r--s 0008b000 103:07 3414574                   /usr/share/java/maven3-core.jar
7f7ad09a2000-7f7ad09a4000 r--s 0000a000 103:07 3414578                   /usr/share/java/maven3-plugin-api.jar
7f7ad09a4000-7f7ad09a6000 r--s 00003000 103:07 3413016                   /usr/share/java/jcl-over-slf4j.jar
7f7ad09a6000-7f7ad09a9000 r--s 0000a000 103:07 3414571                   /usr/share/java/maven3-artifact.jar
7f7ad09a9000-7f7ad09ab000 r--s 00001000 103:07 3414572                   /usr/share/java/maven3-builder-support.jar
7f7ad09ab000-7f7ad09ae000 r--s 00011000 103:07 3429035                   /usr/share/java/plexus-interpolation.jar
7f7ad09ae000-7f7ad09af000 r--s 00000000 103:07 3414591                   /usr/share/java/atinject-jsr330-api-1.0.jar
7f7ad09af000-7f7ad09b1000 r--s 00009000 103:07 3413020                   /usr/share/java/slf4j-api.jar
7f7ad09b1000-7f7ad09dd000 r--s 00208000 103:07 3428924                   /usr/share/java/guava.jar
7f7ad09dd000-7f7ad09e4000 r--s 00041000 103:07 3414573                   /usr/share/java/maven3-compat.jar
7f7ad09e4000-7f7ad09eb000 r--s 00054000 103:07 3429039                   /usr/share/java/sisu-inject.jar
7f7ad09eb000-7f7ad09ed000 r--s 00001000 103:07 3411460                   /usr/share/java/aopalliance-1.0.jar
7f7ad09ed000-7f7ad09f0000 r--s 00027000 103:07 3414577                   /usr/share/java/maven3-model.jar
7f7ad09f0000-7f7ad09f2000 r--s 00006000 103:07 3419031                   /usr/share/java/maven-resolver-spi.jar
7f7ad09f2000-7f7ad09f3000 r--s 00001000 103:07 3412879                   /usr/share/java/wagon-file.jar
7f7ad09f3000-7f7ad09fb000 r--s 00072000 103:07 3414716                   /usr/share/java/commons-lang3.jar
7f7ad09fb000-7f7ad0a28000 r--s 001ce000 103:07 3414569                   /usr/share/java/wagon-http-shaded-3.0.0.jar
7f7ad0a28000-7f7ad0a59000 rw-p 00000000 00:00 0 
7f7ad0a59000-7f7ad0a72000 r-xp 00000000 103:07 2551808                   /home/francisco/.sdkman/candidates/java/8.0.292-open/jre/lib/amd64/libnet.so
7f7ad0a72000-7f7ad0c71000 ---p 00019000 103:07 2551808                   /home/francisco/.sdkman/candidates/java/8.0.292-open/jre/lib/amd64/libnet.so
7f7ad0c71000-7f7ad0c72000 r--p 00018000 103:07 2551808                   /home/francisco/.sdkman/candidates/java/8.0.292-open/jre/lib/amd64/libnet.so
7f7ad0c72000-7f7ad0c73000 rw-p 00019000 103:07 2551808                   /home/francisco/.sdkman/candidates/java/8.0.292-open/jre/lib/amd64/libnet.so
7f7ad0c73000-7f7ad0c84000 r-xp 00000000 103:07 2551802                   /home/francisco/.sdkman/candidates/java/8.0.292-open/jre/lib/amd64/libnio.so
7f7ad0c84000-7f7ad0e84000 ---p 00011000 103:07 2551802                   /home/francisco/.sdkman/candidates/java/8.0.292-open/jre/lib/amd64/libnio.so
7f7ad0e84000-7f7ad0e85000 r--p 00011000 103:07 2551802                   /home/francisco/.sdkman/candidates/java/8.0.292-open/jre/lib/amd64/libnio.so
7f7ad0e85000-7f7ad0e86000 rw-p 00012000 103:07 2551802                   /home/francisco/.sdkman/candidates/java/8.0.292-open/jre/lib/amd64/libnio.so
7f7ad0e86000-7f7ad0e87000 ---p 00000000 00:00 0 
7f7ad0e87000-7f7ad0f87000 rw-p 00000000 00:00 0 
7f7ad0f87000-7f7ad0f8a000 ---p 00000000 00:00 0 
7f7ad0f8a000-7f7ad1088000 rw-p 00000000 00:00 0 
7f7ad1088000-7f7ad1089000 ---p 00000000 00:00 0 
7f7ad1089000-7f7ad108c000 ---p 00000000 00:00 0 
7f7ad108c000-7f7ad1189000 rw-p 00000000 00:00 0 
7f7ad1189000-7f7ad118a000 ---p 00000000 00:00 0 
7f7ad118a000-7f7ad118d000 ---p 00000000 00:00 0 
7f7ad118d000-7f7ad128a000 rw-p 00000000 00:00 0 
7f7ad128a000-7f7ad128b000 ---p 00000000 00:00 0 
7f7ad128b000-7f7ad128e000 ---p 00000000 00:00 0 
7f7ad128e000-7f7ad138b000 rw-p 00000000 00:00 0 
7f7ad138b000-7f7ad138c000 ---p 00000000 00:00 0 
7f7ad138c000-7f7ad138f000 ---p 00000000 00:00 0 
7f7ad138f000-7f7ad148c000 rw-p 00000000 00:00 0 
7f7ad148c000-7f7ad148f000 ---p 00000000 00:00 0 
7f7ad148f000-7f7ad158d000 rw-p 00000000 00:00 0 
7f7ad158d000-7f7ad186c000 r--p 00000000 103:07 3015075                   /usr/lib/locale/locale-archive
7f7ad186c000-7f7ad186f000 ---p 00000000 00:00 0 
7f7ad186f000-7f7ad196d000 rw-p 00000000 00:00 0 
7f7ad196d000-7f7ad1970000 ---p 00000000 00:00 0 
7f7ad1970000-7f7ad1a6e000 rw-p 00000000 00:00 0 
7f7ad1a6e000-7f7ad1a6f000 ---p 00000000 00:00 0 
7f7ad1a6f000-7f7ad362e000 rw-p 00000000 00:00 0 
7f7ad362e000-7f7ad3800000 r--s 03ca4000 103:07 2551812                   /home/francisco/.sdkman/candidates/java/8.0.292-open/jre/lib/rt.jar
7f7ad3800000-7f7ad4000000 rw-p 00000000 00:00 0 
7f7ad4000000-7f7ad414f000 rw-p 00000000 00:00 0 
7f7ad414f000-7f7ad8000000 ---p 00000000 00:00 0 
7f7ad8000000-7f7ad8315000 rw-p 00000000 00:00 0 
7f7ad8315000-7f7adc000000 ---p 00000000 00:00 0 
7f7adc000000-7f7adc306000 rw-p 00000000 00:00 0 
7f7adc306000-7f7ae0000000 ---p 00000000 00:00 0 
7f7ae0000000-7f7ae030b000 rw-p 00000000 00:00 0 
7f7ae030b000-7f7ae4000000 ---p 00000000 00:00 0 
7f7ae4000000-7f7ae454e000 rw-p 00000000 00:00 0 
7f7ae454e000-7f7ae8000000 ---p 00000000 00:00 0 
7f7ae8000000-7f7ae8002000 r--s 0000b000 103:07 3412742                   /usr/share/java/wagon-provider-api.jar
7f7ae8002000-7f7ae8004000 r--s 00007000 103:07 3428961                   /usr/share/java/jansi.jar
7f7ae8004000-7f7ae8006000 r--s 00006000 103:07 3429037                   /usr/share/java/plexus-sec-dispatcher.jar
7f7ae8006000-7f7ae8007000 r--s 00001000 103:07 3420877                   /usr/share/java/geronimo-interceptor-3.0-spec.jar
7f7ae8007000-7f7ae8009000 r--s 0000d000 103:07 3420231                   /usr/share/java/el-api.jar
7f7ae8009000-7f7ae800a000 r--s 00000000 103:07 3414591                   /usr/share/java/atinject-jsr330-api-1.0.jar
7f7ae800a000-7f7ae800d000 r--s 0000e000 103:07 3420879                   /usr/share/java/cdi-api.jar
7f7ae800d000-7f7aec000000 rw-p 00000000 00:00 0 
7f7aec000000-7f7aec305000 rw-p 00000000 00:00 0 
7f7aec305000-7f7af0000000 ---p 00000000 00:00 0 
7f7af0000000-7f7af01b2000 rw-p 00000000 00:00 0 
7f7af01b2000-7f7af01b3000 ---p 00000000 00:00 0 
7f7af01b3000-7f7af02b3000 rw-p 00000000 00:00 0 
7f7af02b3000-7f7af02b4000 ---p 00000000 00:00 0 
7f7af02b4000-7f7af03b4000 rw-p 00000000 00:00 0 
7f7af03b4000-7f7af03b5000 ---p 00000000 00:00 0 
7f7af03b5000-7f7af04b5000 rw-p 00000000 00:00 0 
7f7af04b5000-7f7af04b6000 ---p 00000000 00:00 0 
7f7af04b6000-7f7af05b6000 rw-p 00000000 00:00 0 
7f7af05b6000-7f7af05b7000 ---p 00000000 00:00 0 
7f7af05b7000-7f7af06b7000 rw-p 00000000 00:00 0 
7f7af06b7000-7f7af06b8000 ---p 00000000 00:00 0 
7f7af06b8000-7f7af07b8000 rw-p 00000000 00:00 0 
7f7af07b8000-7f7af07b9000 ---p 00000000 00:00 0 
7f7af07b9000-7f7af08b9000 rw-p 00000000 00:00 0 
7f7af08b9000-7f7af08ba000 ---p 00000000 00:00 0 
7f7af08ba000-7f7af0be0000 rw-p 00000000 00:00 0 
7f7af0be0000-7f7af0c3c000 ---p 00000000 00:00 0 
7f7af0c3c000-7f7af0e62000 rw-p 00000000 00:00 0 
7f7af0e62000-7f7af0ebe000 ---p 00000000 00:00 0 
7f7af0ebe000-7f7af0ffe000 rw-p 00000000 00:00 0 
7f7af0ffe000-7f7af0fff000 ---p 00000000 00:00 0 
7f7af0fff000-7f7af1000000 rw-p 00000000 00:00 0 
7f7af1000000-7f7af2470000 rwxp 00000000 00:00 0 
7f7af2470000-7f7b00000000 ---p 00000000 00:00 0 
7f7b00000000-7f7b00b75000 rw-p 00000000 00:00 0 
7f7b00b75000-7f7b04000000 ---p 00000000 00:00 0 
7f7b04000000-7f7b04001000 r--s 00002000 103:07 3414740                   /usr/share/java/geronimo-annotation-1.3-spec.jar
7f7b04001000-7f7b0400f000 r--s 0009a000 103:07 3428936                   /usr/share/java/guice.jar
7f7b0400f000-7f7b04010000 r--s 00006000 103:07 3414579                   /usr/share/java/maven3-repository-metadata.jar
7f7b04010000-7f7b04014000 r--s 0001f000 103:07 3414747                   /usr/share/java/maven-resolver-api.jar
7f7b04014000-7f7b04016000 r--s 0000d000 103:07 3414580                   /usr/share/java/maven3-resolver-provider.jar
7f7b04016000-7f7b04017000 r--s 0000a000 103:07 3414582                   /usr/share/java/maven3-settings.jar
7f7b04017000-7f7b0401a000 r--s 00015000 103:07 3414575                   /usr/share/java/maven3-embedder.jar
7f7b0401a000-7f7b040e2000 rw-p 00000000 00:00 0 
7f7b040e2000-7f7b04450000 ---p 00000000 00:00 0 
7f7b04450000-7f7b0446b000 r-xp 00000000 103:07 2551806                   /home/francisco/.sdkman/candidates/java/8.0.292-open/jre/lib/amd64/libzip.so
7f7b0446b000-7f7b0466a000 ---p 0001b000 103:07 2551806                   /home/francisco/.sdkman/candidates/java/8.0.292-open/jre/lib/amd64/libzip.so
7f7b0466a000-7f7b0466b000 r--p 0001a000 103:07 2551806                   /home/francisco/.sdkman/candidates/java/8.0.292-open/jre/lib/amd64/libzip.so
7f7b0466b000-7f7b0466c000 rw-p 0001b000 103:07 2551806                   /home/francisco/.sdkman/candidates/java/8.0.292-open/jre/lib/amd64/libzip.so
7f7b0466c000-7f7b04677000 r-xp 00000000 103:07 655905                    /lib/x86_64-linux-gnu/libnss_files-2.27.so
7f7b04677000-7f7b04876000 ---p 0000b000 103:07 655905                    /lib/x86_64-linux-gnu/libnss_files-2.27.so
7f7b04876000-7f7b04877000 r--p 0000a000 103:07 655905                    /lib/x86_64-linux-gnu/libnss_files-2.27.so
7f7b04877000-7f7b04878000 rw-p 0000b000 103:07 655905                    /lib/x86_64-linux-gnu/libnss_files-2.27.so
7f7b04878000-7f7b0487e000 rw-p 00000000 00:00 0 
7f7b0487e000-7f7b04895000 r-xp 00000000 103:07 655902                    /lib/x86_64-linux-gnu/libnsl-2.27.so
7f7b04895000-7f7b04a94000 ---p 00017000 103:07 655902                    /lib/x86_64-linux-gnu/libnsl-2.27.so
7f7b04a94000-7f7b04a95000 r--p 00016000 103:07 655902                    /lib/x86_64-linux-gnu/libnsl-2.27.so
7f7b04a95000-7f7b04a96000 rw-p 00017000 103:07 655902                    /lib/x86_64-linux-gnu/libnsl-2.27.so
7f7b04a96000-7f7b04a98000 rw-p 00000000 00:00 0 
7f7b04a98000-7f7b04aa3000 r-xp 00000000 103:07 655907                    /lib/x86_64-linux-gnu/libnss_nis-2.27.so
7f7b04aa3000-7f7b04ca2000 ---p 0000b000 103:07 655907                    /lib/x86_64-linux-gnu/libnss_nis-2.27.so
7f7b04ca2000-7f7b04ca3000 r--p 0000a000 103:07 655907                    /lib/x86_64-linux-gnu/libnss_nis-2.27.so
7f7b04ca3000-7f7b04ca4000 rw-p 0000b000 103:07 655907                    /lib/x86_64-linux-gnu/libnss_nis-2.27.so
7f7b04ca4000-7f7b04cac000 r-xp 00000000 103:07 655903                    /lib/x86_64-linux-gnu/libnss_compat-2.27.so
7f7b04cac000-7f7b04eac000 ---p 00008000 103:07 655903                    /lib/x86_64-linux-gnu/libnss_compat-2.27.so
7f7b04eac000-7f7b04ead000 r--p 00008000 103:07 655903                    /lib/x86_64-linux-gnu/libnss_compat-2.27.so
7f7b04ead000-7f7b04eae000 rw-p 00009000 103:07 655903                    /lib/x86_64-linux-gnu/libnss_compat-2.27.so
7f7b04eae000-7f7b04ed6000 r-xp 00000000 103:07 2551798                   /home/francisco/.sdkman/candidates/java/8.0.292-open/jre/lib/amd64/libjava.so
7f7b04ed6000-7f7b050d5000 ---p 00028000 103:07 2551798                   /home/francisco/.sdkman/candidates/java/8.0.292-open/jre/lib/amd64/libjava.so
7f7b050d5000-7f7b050d6000 r--p 00027000 103:07 2551798                   /home/francisco/.sdkman/candidates/java/8.0.292-open/jre/lib/amd64/libjava.so
7f7b050d6000-7f7b050d8000 rw-p 00028000 103:07 2551798                   /home/francisco/.sdkman/candidates/java/8.0.292-open/jre/lib/amd64/libjava.so
7f7b050d8000-7f7b050e6000 r-xp 00000000 103:07 2551787                   /home/francisco/.sdkman/candidates/java/8.0.292-open/jre/lib/amd64/libverify.so
7f7b050e6000-7f7b052e5000 ---p 0000e000 103:07 2551787                   /home/francisco/.sdkman/candidates/java/8.0.292-open/jre/lib/amd64/libverify.so
7f7b052e5000-7f7b052e7000 r--p 0000d000 103:07 2551787                   /home/francisco/.sdkman/candidates/java/8.0.292-open/jre/lib/amd64/libverify.so
7f7b052e7000-7f7b052e8000 rw-p 0000f000 103:07 2551787                   /home/francisco/.sdkman/candidates/java/8.0.292-open/jre/lib/amd64/libverify.so
7f7b052e8000-7f7b052ef000 r-xp 00000000 103:07 655913                    /lib/x86_64-linux-gnu/librt-2.27.so
7f7b052ef000-7f7b054ee000 ---p 00007000 103:07 655913                    /lib/x86_64-linux-gnu/librt-2.27.so
7f7b054ee000-7f7b054ef000 r--p 00006000 103:07 655913                    /lib/x86_64-linux-gnu/librt-2.27.so
7f7b054ef000-7f7b054f0000 rw-p 00007000 103:07 655913                    /lib/x86_64-linux-gnu/librt-2.27.so
7f7b054f0000-7f7b0568d000 r-xp 00000000 103:07 655899                    /lib/x86_64-linux-gnu/libm-2.27.so
7f7b0568d000-7f7b0588c000 ---p 0019d000 103:07 655899                    /lib/x86_64-linux-gnu/libm-2.27.so
7f7b0588c000-7f7b0588d000 r--p 0019c000 103:07 655899                    /lib/x86_64-linux-gnu/libm-2.27.so
7f7b0588d000-7f7b0588e000 rw-p 0019d000 103:07 655899                    /lib/x86_64-linux-gnu/libm-2.27.so
7f7b0588e000-7f7b0658c000 r-xp 00000000 103:07 2551785                   /home/francisco/.sdkman/candidates/java/8.0.292-open/jre/lib/amd64/server/libjvm.so
7f7b0658c000-7f7b0678b000 ---p 00cfe000 103:07 2551785                   /home/francisco/.sdkman/candidates/java/8.0.292-open/jre/lib/amd64/server/libjvm.so
7f7b0678b000-7f7b06836000 r--p 00cfd000 103:07 2551785                   /home/francisco/.sdkman/candidates/java/8.0.292-open/jre/lib/amd64/server/libjvm.so
7f7b06836000-7f7b0685f000 rw-p 00da8000 103:07 2551785                   /home/francisco/.sdkman/candidates/java/8.0.292-open/jre/lib/amd64/server/libjvm.so
7f7b0685f000-7f7b068a4000 rw-p 00000000 00:00 0 
7f7b068a4000-7f7b06a8b000 r-xp 00000000 103:07 655895                    /lib/x86_64-linux-gnu/libc-2.27.so
7f7b06a8b000-7f7b06c8b000 ---p 001e7000 103:07 655895                    /lib/x86_64-linux-gnu/libc-2.27.so
7f7b06c8b000-7f7b06c8f000 r--p 001e7000 103:07 655895                    /lib/x86_64-linux-gnu/libc-2.27.so
7f7b06c8f000-7f7b06c91000 rw-p 001eb000 103:07 655895                    /lib/x86_64-linux-gnu/libc-2.27.so
7f7b06c91000-7f7b06c95000 rw-p 00000000 00:00 0 
7f7b06c95000-7f7b06c98000 r-xp 00000000 103:07 655898                    /lib/x86_64-linux-gnu/libdl-2.27.so
7f7b06c98000-7f7b06e97000 ---p 00003000 103:07 655898                    /lib/x86_64-linux-gnu/libdl-2.27.so
7f7b06e97000-7f7b06e98000 r--p 00002000 103:07 655898                    /lib/x86_64-linux-gnu/libdl-2.27.so
7f7b06e98000-7f7b06e99000 rw-p 00003000 103:07 655898                    /lib/x86_64-linux-gnu/libdl-2.27.so
7f7b06e99000-7f7b06eaf000 r-xp 00000000 103:07 2552297                   /home/francisco/.sdkman/candidates/java/8.0.292-open/lib/amd64/jli/libjli.so
7f7b06eaf000-7f7b070ae000 ---p 00016000 103:07 2552297                   /home/francisco/.sdkman/candidates/java/8.0.292-open/lib/amd64/jli/libjli.so
7f7b070ae000-7f7b070af000 r--p 00015000 103:07 2552297                   /home/francisco/.sdkman/candidates/java/8.0.292-open/lib/amd64/jli/libjli.so
7f7b070af000-7f7b070b0000 rw-p 00016000 103:07 2552297                   /home/francisco/.sdkman/candidates/java/8.0.292-open/lib/amd64/jli/libjli.so
7f7b070b0000-7f7b070ca000 r-xp 00000000 103:07 655910                    /lib/x86_64-linux-gnu/libpthread-2.27.so
7f7b070ca000-7f7b072c9000 ---p 0001a000 103:07 655910                    /lib/x86_64-linux-gnu/libpthread-2.27.so
7f7b072c9000-7f7b072ca000 r--p 00019000 103:07 655910                    /lib/x86_64-linux-gnu/libpthread-2.27.so
7f7b072ca000-7f7b072cb000 rw-p 0001a000 103:07 655910                    /lib/x86_64-linux-gnu/libpthread-2.27.so
7f7b072cb000-7f7b072cf000 rw-p 00000000 00:00 0 
7f7b072cf000-7f7b072f8000 r-xp 00000000 103:07 655891                    /lib/x86_64-linux-gnu/ld-2.27.so
7f7b072f8000-7f7b072fe000 r--s 0002d000 103:07 3422616                   /usr/share/java/sisu-plexus.jar
7f7b072fe000-7f7b07302000 r--s 00030000 103:07 3410015                   /usr/share/java/commons-io.jar
7f7b07302000-7f7b07304000 r--s 00005000 103:07 3419156                   /usr/share/java/maven-resolver-transport-wagon.jar
7f7b07304000-7f7b07306000 r--s 0000a000 103:07 3428904                   /usr/share/java/commons-cli.jar
7f7b07306000-7f7b07307000 r--s 00003000 103:07 3429030                   /usr/share/java/plexus-cipher.jar
7f7b07307000-7f7b0730a000 r--s 00007000 103:07 3414581                   /usr/share/java/maven3-settings-builder.jar
7f7b0730a000-7f7b073d4000 rw-p 00000000 00:00 0 
7f7b073d4000-7f7b073d5000 ---p 00000000 00:00 0 
7f7b073d5000-7f7b073d8000 ---p 00000000 00:00 0 
7f7b073d8000-7f7b074d7000 rw-p 00000000 00:00 0 
7f7b074d7000-7f7b074da000 r--s 00024000 103:07 3420866                   /usr/share/java/maven-shared-utils.jar
7f7b074da000-7f7b074df000 r--s 00025000 103:07 3414576                   /usr/share/java/maven3-model-builder.jar
7f7b074df000-7f7b074e4000 r--s 00021000 103:07 3419157                   /usr/share/java/maven-resolver-util.jar
7f7b074e4000-7f7b074e6000 r--s 0000b000 103:07 3428985                   /usr/share/java/plexus-classworlds.jar
7f7b074e6000-7f7b074ec000 r--s 000d3000 103:07 2551770                   /home/francisco/.sdkman/candidates/java/8.0.292-open/jre/lib/jfr.jar
7f7b074ec000-7f7b074f4000 rw-s 00000000 103:07 3804415                   /tmp/hsperfdata_francisco/20214
7f7b074f4000-7f7b074f5000 rw-p 00000000 00:00 0 
7f7b074f5000-7f7b074f6000 ---p 00000000 00:00 0 
7f7b074f6000-7f7b074f8000 rw-p 00000000 00:00 0 
7f7b074f8000-7f7b074f9000 r--p 00029000 103:07 655891                    /lib/x86_64-linux-gnu/ld-2.27.so
7f7b074f9000-7f7b074fa000 rw-p 0002a000 103:07 655891                    /lib/x86_64-linux-gnu/ld-2.27.so
7f7b074fa000-7f7b074fb000 rw-p 00000000 00:00 0 
7ffea5b64000-7ffea5b86000 rw-p 00000000 00:00 0                          [stack]
7ffea5ba3000-7ffea5ba6000 r--p 00000000 00:00 0                          [vvar]
7ffea5ba6000-7ffea5ba8000 r-xp 00000000 00:00 0                          [vdso]
ffffffffff600000-ffffffffff601000 r-xp 00000000 00:00 0                  [vsyscall]

VM Arguments:
jvm_args: -Dclassworlds.conf=/usr/share/maven/bin/m2.conf -Dmaven.home=/usr/share/maven -Dlibrary.jansi.path=/usr/share/maven/lib/jansi-native -Dmaven.multiModuleProjectDirectory=/home/francisco/git/thesis 
java_command: org.codehaus.plexus.classworlds.launcher.Launcher exec:java -Dexec.args=2 1 1 0
java_class_path (initial): /usr/share/maven/boot/plexus-classworlds-2.x.jar
Launcher Type: SUN_STANDARD

Environment Variables:
JAVA_HOME=/home/francisco/.sdkman/candidates/java/current
PATH=/home/francisco/.sdkman/candidates/java/current/bin:/home/francisco/anaconda3/bin:/usr/local/sbin:/usr/local/bin:/usr/sbin:/usr/bin:/sbin:/bin:/usr/games:/usr/local/games:/snap/bin:/home/francisco/.dotnet/tools
USERNAME=francisco
SHELL=/bin/bash
DISPLAY=:0

Signal Handlers:
SIGSEGV: [libjvm.so+0xad93b0], sa_mask[0]=11111111011111111101111111111110, sa_flags=SA_RESTART|SA_SIGINFO
SIGBUS: [libjvm.so+0xad93b0], sa_mask[0]=11111111011111111101111111111110, sa_flags=SA_RESTART|SA_SIGINFO
SIGFPE: [libjvm.so+0x930a40], sa_mask[0]=11111111011111111101111111111110, sa_flags=SA_RESTART|SA_SIGINFO
SIGPIPE: [libjvm.so+0x930a40], sa_mask[0]=11111111011111111101111111111110, sa_flags=SA_RESTART|SA_SIGINFO
SIGXFSZ: [libjvm.so+0x930a40], sa_mask[0]=11111111011111111101111111111110, sa_flags=SA_RESTART|SA_SIGINFO
SIGILL: [libjvm.so+0x930a40], sa_mask[0]=11111111011111111101111111111110, sa_flags=SA_RESTART|SA_SIGINFO
SIGUSR1: SIG_DFL, sa_mask[0]=00000000000000000000000000000000, sa_flags=none
SIGUSR2: [libjvm.so+0x932390], sa_mask[0]=00000000000000000000000000000000, sa_flags=SA_RESTART|SA_SIGINFO
SIGHUP: [libjvm.so+0x933dc0], sa_mask[0]=11111111011111111101111111111110, sa_flags=SA_RESTART|SA_SIGINFO
SIGINT: [libjvm.so+0x933dc0], sa_mask[0]=11111111011111111101111111111110, sa_flags=SA_RESTART|SA_SIGINFO
SIGTERM: [libjvm.so+0x933dc0], sa_mask[0]=11111111011111111101111111111110, sa_flags=SA_RESTART|SA_SIGINFO
SIGQUIT: [libjvm.so+0x933dc0], sa_mask[0]=11111111011111111101111111111110, sa_flags=SA_RESTART|SA_SIGINFO


---------------  S Y S T E M  ---------------

OS:DISTRIB_ID=Ubuntu
DISTRIB_RELEASE=18.04
DISTRIB_CODENAME=bionic
DISTRIB_DESCRIPTION="Ubuntu 18.04.6 LTS"

uname:Linux 4.15.0-194-generic #205-Ubuntu SMP Fri Sep 16 19:49:27 UTC 2022 x86_64
libc:glibc 2.27 NPTL 2.27 
rlimit: STACK 8192k, CORE 0k, NPROC 30351, NOFILE 4096, AS infinity
load average:13,94 5,08 2,70

/proc/meminfo:
MemTotal:        7887584 kB
MemFree:          123176 kB
MemAvailable:      60160 kB
Buffers:            3596 kB
Cached:           327984 kB
SwapCached:         4904 kB
Active:          6268636 kB
Inactive:        1019708 kB
Active(anon):    6232968 kB
Inactive(anon):   978604 kB
Active(file):      35668 kB
Inactive(file):    41104 kB
Unevictable:         208 kB
Mlocked:             208 kB
SwapTotal:       2097148 kB
SwapFree:              0 kB
Dirty:               420 kB
Writeback:             0 kB
AnonPages:       6952392 kB
Mapped:            91120 kB
Shmem:            254948 kB
Slab:             239844 kB
SReclaimable:      78908 kB
SUnreclaim:       160936 kB
KernelStack:       20704 kB
PageTables:        83344 kB
NFS_Unstable:          0 kB
Bounce:                0 kB
WritebackTmp:          0 kB
CommitLimit:     6040940 kB
Committed_AS:   15063920 kB
VmallocTotal:   34359738367 kB
VmallocUsed:           0 kB
VmallocChunk:          0 kB
HardwareCorrupted:     0 kB
AnonHugePages:         0 kB
ShmemHugePages:        0 kB
ShmemPmdMapped:        0 kB
CmaTotal:              0 kB
CmaFree:               0 kB
HugePages_Total:       0
HugePages_Free:        0
HugePages_Rsvd:        0
HugePages_Surp:        0
Hugepagesize:       2048 kB
DirectMap4k:     1269248 kB
DirectMap2M:     6840320 kB
DirectMap1G:           0 kB

container (cgroup) information:
container_type: cgroupv1
cpu_cpuset_cpus: 0-7
cpu_memory_nodes: 0
active_processor_count: 8
cpu_quota: -1
cpu_period: 100000
cpu_shares: -1
memory_limit_in_bytes: -1
memory_and_swap_limit_in_bytes: -2
memory_soft_limit_in_bytes: -1
memory_usage_in_bytes: 7481925632
memory_max_usage_in_bytes: 7559446528


CPU:total 8 (initial active 8) (4 cores per cpu, 2 threads per core) family 6 model 142 stepping 10, cmov, cx8, fxsr, mmx, sse, sse2, sse3, ssse3, sse4.1, sse4.2, popcnt, avx, avx2, aes, clmul, erms, 3dnowpref, lzcnt, ht, tsc, tscinvbit, bmi1, bmi2, adx

/proc/cpuinfo:
processor	: 0
vendor_id	: GenuineIntel
cpu family	: 6
model		: 142
model name	: Intel(R) Core(TM) i7-8550U CPU @ 1.80GHz
stepping	: 10
microcode	: 0xf0
cpu MHz		: 1025.354
cache size	: 8192 KB
physical id	: 0
siblings	: 8
core id		: 0
cpu cores	: 4
apicid		: 0
initial apicid	: 0
fpu		: yes
fpu_exception	: yes
cpuid level	: 22
wp		: yes
flags		: fpu vme de pse tsc msr pae mce cx8 apic sep mtrr pge mca cmov pat pse36 clflush dts acpi mmx fxsr sse sse2 ss ht tm pbe syscall nx pdpe1gb rdtscp lm constant_tsc art arch_perfmon pebs bts rep_good nopl xtopology nonstop_tsc cpuid aperfmperf pni pclmulqdq dtes64 monitor ds_cpl vmx est tm2 ssse3 sdbg fma cx16 xtpr pdcm pcid sse4_1 sse4_2 x2apic movbe popcnt tsc_deadline_timer aes xsave avx f16c rdrand lahf_lm abm 3dnowprefetch cpuid_fault epb invpcid_single pti ssbd ibrs ibpb stibp tpr_shadow vnmi flexpriority ept vpid fsgsbase tsc_adjust bmi1 avx2 smep bmi2 erms invpcid mpx rdseed adx smap clflushopt intel_pt xsaveopt xsavec xgetbv1 xsaves dtherm ida arat pln pts hwp hwp_notify hwp_act_window hwp_epp md_clear flush_l1d arch_capabilities
bugs		: cpu_meltdown spectre_v1 spectre_v2 spec_store_bypass l1tf mds swapgs itlb_multihit srbds mmio_stale_data
bogomips	: 3999.93
clflush size	: 64
cache_alignment	: 64
address sizes	: 39 bits physical, 48 bits virtual
power management:

processor	: 1
vendor_id	: GenuineIntel
cpu family	: 6
model		: 142
model name	: Intel(R) Core(TM) i7-8550U CPU @ 1.80GHz
stepping	: 10
microcode	: 0xf0
cpu MHz		: 1381.667
cache size	: 8192 KB
physical id	: 0
siblings	: 8
core id		: 1
cpu cores	: 4
apicid		: 2
initial apicid	: 2
fpu		: yes
fpu_exception	: yes
cpuid level	: 22
wp		: yes
flags		: fpu vme de pse tsc msr pae mce cx8 apic sep mtrr pge mca cmov pat pse36 clflush dts acpi mmx fxsr sse sse2 ss ht tm pbe syscall nx pdpe1gb rdtscp lm constant_tsc art arch_perfmon pebs bts rep_good nopl xtopology nonstop_tsc cpuid aperfmperf pni pclmulqdq dtes64 monitor ds_cpl vmx est tm2 ssse3 sdbg fma cx16 xtpr pdcm pcid sse4_1 sse4_2 x2apic movbe popcnt tsc_deadline_timer aes xsave avx f16c rdrand lahf_lm abm 3dnowprefetch cpuid_fault epb invpcid_single pti ssbd ibrs ibpb stibp tpr_shadow vnmi flexpriority ept vpid fsgsbase tsc_adjust bmi1 avx2 smep bmi2 erms invpcid mpx rdseed adx smap clflushopt intel_pt xsaveopt xsavec xgetbv1 xsaves dtherm ida arat pln pts hwp hwp_notify hwp_act_window hwp_epp md_clear flush_l1d arch_capabilities
bugs		: cpu_meltdown spectre_v1 spectre_v2 spec_store_bypass l1tf mds swapgs itlb_multihit srbds mmio_stale_data
bogomips	: 3999.93
clflush size	: 64
cache_alignment	: 64
address sizes	: 39 bits physical, 48 bits virtual
power management:

processor	: 2
vendor_id	: GenuineIntel
cpu family	: 6
model		: 142
model name	: Intel(R) Core(TM) i7-8550U CPU @ 1.80GHz
stepping	: 10
microcode	: 0xf0
cpu MHz		: 937.075
cache size	: 8192 KB
physical id	: 0
siblings	: 8
core id		: 2
cpu cores	: 4
apicid		: 4
initial apicid	: 4
fpu		: yes
fpu_exception	: yes
cpuid level	: 22
wp		: yes
flags		: fpu vme de pse tsc msr pae mce cx8 apic sep mtrr pge mca cmov pat pse36 clflush dts acpi mmx fxsr sse sse2 ss ht tm pbe syscall nx pdpe1gb rdtscp lm constant_tsc art arch_perfmon pebs bts rep_good nopl xtopology nonstop_tsc cpuid aperfmperf pni pclmulqdq dtes64 monitor ds_cpl vmx est tm2 ssse3 sdbg fma cx16 xtpr pdcm pcid sse4_1 sse4_2 x2apic movbe popcnt tsc_deadline_timer aes xsave avx f16c rdrand lahf_lm abm 3dnowprefetch cpuid_fault epb invpcid_single pti ssbd ibrs ibpb stibp tpr_shadow vnmi flexpriority ept vpid fsgsbase tsc_adjust bmi1 avx2 smep bmi2 erms invpcid mpx rdseed adx smap clflushopt intel_pt xsaveopt xsavec xgetbv1 xsaves dtherm ida arat pln pts hwp hwp_notify hwp_act_window hwp_epp md_clear flush_l1d arch_capabilities
bugs		: cpu_meltdown spectre_v1 spectre_v2 spec_store_bypass l1tf mds swapgs itlb_multihit srbds mmio_stale_data
bogomips	: 3999.93
clflush size	: 64
cache_alignment	: 64
address sizes	: 39 bits physical, 48 bits virtual
power management:

processor	: 3
vendor_id	: GenuineIntel
cpu family	: 6
model		: 142
model name	: Intel(R) Core(TM) i7-8550U CPU @ 1.80GHz
stepping	: 10
microcode	: 0xf0
cpu MHz		: 1164.440
cache size	: 8192 KB
physical id	: 0
siblings	: 8
core id		: 3
cpu cores	: 4
apicid		: 6
initial apicid	: 6
fpu		: yes
fpu_exception	: yes
cpuid level	: 22
wp		: yes
flags		: fpu vme de pse tsc msr pae mce cx8 apic sep mtrr pge mca cmov pat pse36 clflush dts acpi mmx fxsr sse sse2 ss ht tm pbe syscall nx pdpe1gb rdtscp lm constant_tsc art arch_perfmon pebs bts rep_good nopl xtopology nonstop_tsc cpuid aperfmperf pni pclmulqdq dtes64 monitor ds_cpl vmx est tm2 ssse3 sdbg fma cx16 xtpr pdcm pcid sse4_1 sse4_2 x2apic movbe popcnt tsc_deadline_timer aes xsave avx f16c rdrand lahf_lm abm 3dnowprefetch cpuid_fault epb invpcid_single pti ssbd ibrs ibpb stibp tpr_shadow vnmi flexpriority ept vpid fsgsbase tsc_adjust bmi1 avx2 smep bmi2 erms invpcid mpx rdseed adx smap clflushopt intel_pt xsaveopt xsavec xgetbv1 xsaves dtherm ida arat pln pts hwp hwp_notify hwp_act_window hwp_epp md_clear flush_l1d arch_capabilities
bugs		: cpu_meltdown spectre_v1 spectre_v2 spec_store_bypass l1tf mds swapgs itlb_multihit srbds mmio_stale_data
bogomips	: 3999.93
clflush size	: 64
cache_alignment	: 64
address sizes	: 39 bits physical, 48 bits virtual
power management:

processor	: 4
vendor_id	: GenuineIntel
cpu family	: 6
model		: 142
model name	: Intel(R) Core(TM) i7-8550U CPU @ 1.80GHz
stepping	: 10
microcode	: 0xf0
cpu MHz		: 1355.675
cache size	: 8192 KB
physical id	: 0
siblings	: 8
core id		: 0
cpu cores	: 4
apicid		: 1
initial apicid	: 1
fpu		: yes
fpu_exception	: yes
cpuid level	: 22
wp		: yes
flags		: fpu vme de pse tsc msr pae mce cx8 apic sep mtrr pge mca cmov pat pse36 clflush dts acpi mmx fxsr sse sse2 ss ht tm pbe syscall nx pdpe1gb rdtscp lm constant_tsc art arch_perfmon pebs bts rep_good nopl xtopology nonstop_tsc cpuid aperfmperf pni pclmulqdq dtes64 monitor ds_cpl vmx est tm2 ssse3 sdbg fma cx16 xtpr pdcm pcid sse4_1 sse4_2 x2apic movbe popcnt tsc_deadline_timer aes xsave avx f16c rdrand lahf_lm abm 3dnowprefetch cpuid_fault epb invpcid_single pti ssbd ibrs ibpb stibp tpr_shadow vnmi flexpriority ept vpid fsgsbase tsc_adjust bmi1 avx2 smep bmi2 erms invpcid mpx rdseed adx smap clflushopt intel_pt xsaveopt xsavec xgetbv1 xsaves dtherm ida arat pln pts hwp hwp_notify hwp_act_window hwp_epp md_clear flush_l1d arch_capabilities
bugs		: cpu_meltdown spectre_v1 spectre_v2 spec_store_bypass l1tf mds swapgs itlb_multihit srbds mmio_stale_data
bogomips	: 3999.93
clflush size	: 64
cache_alignment	: 64
address sizes	: 39 bits physical, 48 bits virtual
power management:

processor	: 5
vendor_id	: GenuineIntel
cpu family	: 6
model		: 142
model name	: Intel(R) Core(TM) i7-8550U CPU @ 1.80GHz
stepping	: 10
microcode	: 0xf0
cpu MHz		: 2767.455
cache size	: 8192 KB
physical id	: 0
siblings	: 8
core id		: 1
cpu cores	: 4
apicid		: 3
initial apicid	: 3
fpu		: yes
fpu_exception	: yes
cpuid level	: 22
wp		: yes
flags		: fpu vme de pse tsc msr pae mce cx8 apic sep mtrr pge mca cmov pat pse36 clflush dts acpi mmx fxsr sse sse2 ss ht tm pbe syscall nx pdpe1gb rdtscp lm constant_tsc art arch_perfmon pebs bts rep_good nopl xtopology nonstop_tsc cpuid aperfmperf pni pclmulqdq dtes64 monitor ds_cpl vmx est tm2 ssse3 sdbg fma cx16 xtpr pdcm pcid sse4_1 sse4_2 x2apic movbe popcnt tsc_deadline_timer aes xsave avx f16c rdrand lahf_lm abm 3dnowprefetch cpuid_fault epb invpcid_single pti ssbd ibrs ibpb stibp tpr_shadow vnmi flexpriority ept vpid fsgsbase tsc_adjust bmi1 avx2 smep bmi2 erms invpcid mpx rdseed adx smap clflushopt intel_pt xsaveopt xsavec xgetbv1 xsaves dtherm ida arat pln pts hwp hwp_notify hwp_act_window hwp_epp md_clear flush_l1d arch_capabilities
bugs		: cpu_meltdown spectre_v1 spectre_v2 spec_store_bypass l1tf mds swapgs itlb_multihit srbds mmio_stale_data
bogomips	: 3999.93
clflush size	: 64
cache_alignment	: 64
address sizes	: 39 bits physical, 48 bits virtual
power management:

processor	: 6
vendor_id	: GenuineIntel
cpu family	: 6
model		: 142
model name	: Intel(R) Core(TM) i7-8550U CPU @ 1.80GHz
stepping	: 10
microcode	: 0xf0
cpu MHz		: 945.251
cache size	: 8192 KB
physical id	: 0
siblings	: 8
core id		: 2
cpu cores	: 4
apicid		: 5
initial apicid	: 5
fpu		: yes
fpu_exception	: yes
cpuid level	: 22
wp		: yes
flags		: fpu vme de pse tsc msr pae mce cx8 apic sep mtrr pge mca cmov pat pse36 clflush dts acpi mmx fxsr sse sse2 ss ht tm pbe syscall nx pdpe1gb rdtscp lm constant_tsc art arch_perfmon pebs bts rep_good nopl xtopology nonstop_tsc cpuid aperfmperf pni pclmulqdq dtes64 monitor ds_cpl vmx est tm2 ssse3 sdbg fma cx16 xtpr pdcm pcid sse4_1 sse4_2 x2apic movbe popcnt tsc_deadline_timer aes xsave avx f16c rdrand lahf_lm abm 3dnowprefetch cpuid_fault epb invpcid_single pti ssbd ibrs ibpb stibp tpr_shadow vnmi flexpriority ept vpid fsgsbase tsc_adjust bmi1 avx2 smep bmi2 erms invpcid mpx rdseed adx smap clflushopt intel_pt xsaveopt xsavec xgetbv1 xsaves dtherm ida arat pln pts hwp hwp_notify hwp_act_window hwp_epp md_clear flush_l1d arch_capabilities
bugs		: cpu_meltdown spectre_v1 spectre_v2 spec_store_bypass l1tf mds swapgs itlb_multihit srbds mmio_stale_data
bogomips	: 3999.93
clflush size	: 64
cache_alignment	: 64
address sizes	: 39 bits physical, 48 bits virtual
power management:

processor	: 7
vendor_id	: GenuineIntel
cpu family	: 6
model		: 142
model name	: Intel(R) Core(TM) i7-8550U CPU @ 1.80GHz
stepping	: 10
microcode	: 0xf0
cpu MHz		: 956.583
cache size	: 8192 KB
physical id	: 0
siblings	: 8
core id		: 3
cpu cores	: 4
apicid		: 7
initial apicid	: 7
fpu		: yes
fpu_exception	: yes
cpuid level	: 22
wp		: yes
flags		: fpu vme de pse tsc msr pae mce cx8 apic sep mtrr pge mca cmov pat pse36 clflush dts acpi mmx fxsr sse sse2 ss ht tm pbe syscall nx pdpe1gb rdtscp lm constant_tsc art arch_perfmon pebs bts rep_good nopl xtopology nonstop_tsc cpuid aperfmperf pni pclmulqdq dtes64 monitor ds_cpl vmx est tm2 ssse3 sdbg fma cx16 xtpr pdcm pcid sse4_1 sse4_2 x2apic movbe popcnt tsc_deadline_timer aes xsave avx f16c rdrand lahf_lm abm 3dnowprefetch cpuid_fault epb invpcid_single pti ssbd ibrs ibpb stibp tpr_shadow vnmi flexpriority ept vpid fsgsbase tsc_adjust bmi1 avx2 smep bmi2 erms invpcid mpx rdseed adx smap clflushopt intel_pt xsaveopt xsavec xgetbv1 xsaves dtherm ida arat pln pts hwp hwp_notify hwp_act_window hwp_epp md_clear flush_l1d arch_capabilities
bugs		: cpu_meltdown spectre_v1 spectre_v2 spec_store_bypass l1tf mds swapgs itlb_multihit srbds mmio_stale_data
bogomips	: 3999.93
clflush size	: 64
cache_alignment	: 64
address sizes	: 39 bits physical, 48 bits virtual
power management:



Memory: 4k page, physical 7887584k(129500k free), swap 2097148k(0k free)

vm_info: OpenJDK 64-Bit Server VM (25.292-b10) for linux-amd64 JRE (1.8.0_292-b10), built on Apr  9 2021 02:15:01 by "openjdk" with gcc 4.4.7 20120313 (Red Hat 4.4.7-23)

time: Fri Nov 18 11:47:03 2022
timezone: WET
elapsed time: 189.394204 seconds (0d 0h 3m 9s)

