#
# There is insufficient memory for the Java Runtime Environment to continue.
# Native memory allocation (mmap) failed to map 206045184 bytes for committing reserved memory.
# Possible reasons:
#   The system is out of physical RAM or swap space
#   The process is running with CompressedOops enabled, and the Java Heap may be blocking the growth of the native heap
# Possible solutions:
#   Reduce memory load on the system
#   Increase physical memory or swap space
#   Check if swap backing store is full
#   Decrease Java heap size (-Xmx/-Xms)
#   Decrease number of Java threads
#   Decrease Java thread stack sizes (-Xss)
#   Set larger code cache with -XX:ReservedCodeCacheSize=
#   JVM is running with Unscaled Compressed Oops mode in which the Java heap is
#     placed in the first 4GB address space. The Java Heap base address is the
#     maximum limit for the native heap growth. Please use -XX:HeapBaseMinAddress
#     to set the Java Heap base and to place the Java Heap above 4GB virtual address.
# This output file may be truncated or incomplete.
#
#  Out of Memory Error (os_linux.cpp:2795), pid=5114, tid=0x00007f2fc1994700
#
# JRE version: OpenJDK Runtime Environment (8.0_292-b10) (build 1.8.0_292-b10)
# Java VM: OpenJDK 64-Bit Server VM (25.292-b10 mixed mode linux-amd64 compressed oops)
# Failed to write core dump. Core dumps have been disabled. To enable core dumping, try "ulimit -c unlimited" before starting Java again
#

---------------  T H R E A D  ---------------

Current thread (0x00007f2fdc082800):  VMThread [stack: 0x00007f2fc1895000,0x00007f2fc1995000] [id=5146]

Stack: [0x00007f2fc1895000,0x00007f2fc1995000],  sp=0x00007f2fc19930d0,  free space=1016k
Native frames: (J=compiled Java code, j=interpreted, Vv=VM code, C=native code)
V  [libjvm.so+0xad852d]  VMError::report_and_die()+0x15d
V  [libjvm.so+0x4f19a9]  report_vm_out_of_memory(char const*, int, unsigned long, VMErrorType, char const*)+0x99
V  [libjvm.so+0x9373d3]  os::Linux::commit_memory_impl(char*, unsigned long, bool)+0x113
V  [libjvm.so+0x9375f9]  os::pd_commit_memory(char*, unsigned long, unsigned long, bool)+0x29
V  [libjvm.so+0x92b9aa]  os::commit_memory(char*, unsigned long, unsigned long, bool)+0x2a
V  [libjvm.so+0x99f2db]  PSVirtualSpace::expand_by(unsigned long)+0x6b
V  [libjvm.so+0x98f5d9]  PSOldGen::expand_by(unsigned long)+0x39
V  [libjvm.so+0x98f752]  PSOldGen::expand(unsigned long)+0xa2
V  [libjvm.so+0x98fb4b]  PSOldGen::resize(unsigned long)+0x1db
V  [libjvm.so+0x997b16]  PSParallelCompact::invoke_no_policy(bool)+0xa16
V  [libjvm.so+0x99d519]  PSScavenge::invoke()+0x179
V  [libjvm.so+0x95746d]  ParallelScavengeHeap::failed_mem_allocate(unsigned long)+0x6d
V  [libjvm.so+0xada497]  VM_ParallelGCFailedAllocation::doit()+0x97
V  [libjvm.so+0xae1d32]  VM_Operation::evaluate()+0x52
V  [libjvm.so+0xadf9eb]  VMThread::evaluate_operation(VM_Operation*)+0x9b
V  [libjvm.so+0xae0d1e]  VMThread::loop()+0x1fe
V  [libjvm.so+0xae11d3]  VMThread::run()+0x83
V  [libjvm.so+0x937762]  java_start(Thread*)+0x132

VM_Operation (0x00007f2fbadda500): ParallelGCFailedAllocation, mode: safepoint, requested by thread 0x00007f2f68698800


---------------  P R O C E S S  ---------------

Java Threads: ( => current thread )
  0x00007f2ee0003800 JavaThread "blocking-thread--p3-t18" daemon [_thread_blocked, id=5290, stack(0x00007f2fb25e8000,0x00007f2fb26e9000)]
  0x00007f2ec4003000 JavaThread "blocking-thread--p3-t17" daemon [_thread_blocked, id=5289, stack(0x00007f2fb26e9000,0x00007f2fb27ea000)]
  0x00007f2ed0001800 JavaThread "blocking-thread--p3-t3" daemon [_thread_blocked, id=5288, stack(0x00007f2fb27ea000,0x00007f2fb28eb000)]
  0x00007f2ec4001800 JavaThread "blocking-thread--p3-t15" daemon [_thread_blocked, id=5287, stack(0x00007f2fb28eb000,0x00007f2fb29ec000)]
  0x00007f2ec800a000 JavaThread "blocking-thread--p3-t16" daemon [_thread_blocked, id=5286, stack(0x00007f2fb29ec000,0x00007f2fb2aed000)]
  0x00007f2f4c015000 JavaThread "blocking-thread--p3-t14" daemon [_thread_blocked, id=5285, stack(0x00007f2fb2aed000,0x00007f2fb2bee000)]
  0x00007f2ee0001800 JavaThread "blocking-thread--p3-t9" daemon [_thread_blocked, id=5284, stack(0x00007f2fb2bee000,0x00007f2fb2cef000)]
  0x00007f2f48051800 JavaThread "blocking-thread--p3-t10" daemon [_thread_blocked, id=5283, stack(0x00007f2fb2cef000,0x00007f2fb2df0000)]
  0x00007f2ec8007000 JavaThread "blocking-thread--p3-t12" daemon [_thread_blocked, id=5282, stack(0x00007f2fb2df0000,0x00007f2fb2ef1000)]
  0x00007f2ed8001000 JavaThread "blocking-thread--p3-t5" daemon [_thread_blocked, id=5281, stack(0x00007f2fb2ef1000,0x00007f2fb2ff2000)]
  0x00007f2ecc001800 JavaThread "blocking-thread--p3-t2" daemon [_thread_blocked, id=5280, stack(0x00007f2fb2ff2000,0x00007f2fb30f3000)]
  0x00007f2ed4001800 JavaThread "blocking-thread--p3-t4" daemon [_thread_blocked, id=5279, stack(0x00007f2fb30f3000,0x00007f2fb31f4000)]
  0x00007f2edc001000 JavaThread "blocking-thread--p3-t6" daemon [_thread_blocked, id=5278, stack(0x00007f2fb31f4000,0x00007f2fb32f5000)]
  0x00007f2ee4001000 JavaThread "blocking-thread--p3-t7" daemon [_thread_blocked, id=5277, stack(0x00007f2fb32f5000,0x00007f2fb33f6000)]
  0x00007f2ef4009000 JavaThread "blocking-thread--p3-t8" daemon [_thread_blocked, id=5276, stack(0x00007f2fb33f6000,0x00007f2fb34f7000)]
  0x00007f2ee8038800 JavaThread "blocking-thread--p3-t11" daemon [_thread_blocked, id=5275, stack(0x00007f2fb34f7000,0x00007f2fb35f8000)]
  0x00007f2f08010000 JavaThread "blocking-thread--p3-t13" daemon [_thread_blocked, id=5274, stack(0x00007f2fb35f8000,0x00007f2fb36f9000)]
  0x00007f2f5c01d800 JavaThread "jgroups-26,XPS-13-34902" [_thread_blocked, id=5273, stack(0x00007f2fb36f9000,0x00007f2fb37fa000)]
  0x00007f2eec27c800 JavaThread "blocking-thread--p3-t1" daemon [_thread_blocked, id=5272, stack(0x00007f2fb37fa000,0x00007f2fb38fb000)]
  0x00007f2f5c016800 JavaThread "jgroups-22,XPS-13-34902" [_thread_blocked, id=5268, stack(0x00007f2fb3bfe000,0x00007f2fb3cff000)]
  0x00007f2f5c013000 JavaThread "jgroups-20,XPS-13-34902" [_thread_blocked, id=5266, stack(0x00007f2fb80af000,0x00007f2fb81b0000)]
  0x00007f2f5c00e000 JavaThread "jgroups-16,XPS-13-34902" [_thread_blocked, id=5262, stack(0x00007f2fb86bd000,0x00007f2fb87be000)]
  0x00007f2f08005800 JavaThread "non-blocking-thread--p2-t16" daemon [_thread_blocked, id=5216, stack(0x00007f2fb8cc1000,0x00007f2fb8dc2000)]
  0x00007f2f08004000 JavaThread "non-blocking-thread--p2-t15" daemon [_thread_blocked, id=5215, stack(0x00007f2fb8dc2000,0x00007f2fb8ec3000)]
  0x00007f2f08002000 JavaThread "non-blocking-thread--p2-t14" daemon [_thread_blocked, id=5214, stack(0x00007f2fb8ec3000,0x00007f2fb8fc4000)]
  0x00007f2f688d4800 JavaThread "non-blocking-thread--p2-t13" daemon [_thread_blocked, id=5213, stack(0x00007f2fb8fc4000,0x00007f2fb90c5000)]
  0x00007f2f688ba000 JavaThread "non-blocking-thread--p2-t12" daemon [_thread_blocked, id=5212, stack(0x00007f2fb90c5000,0x00007f2fb91c6000)]
  0x00007f2f14002800 JavaThread "non-blocking-thread--p2-t11" daemon [_thread_blocked, id=5211, stack(0x00007f2fb91c6000,0x00007f2fb92c7000)]
  0x00007f2f5c003800 JavaThread "jgroups-12,XPS-13-34902" [_thread_blocked, id=5210, stack(0x00007f2fb92c7000,0x00007f2fb93c8000)]
  0x00007f2f48036000 JavaThread "non-blocking-thread--p2-t10" daemon [_thread_blocked, id=5209, stack(0x00007f2fb93c8000,0x00007f2fb94c9000)]
  0x00007f2f48034000 JavaThread "non-blocking-thread--p2-t9" daemon [_thread_blocked, id=5207, stack(0x00007f2fb94c9000,0x00007f2fb95ca000)]
  0x00007f2f48032800 JavaThread "non-blocking-thread--p2-t8" daemon [_thread_blocked, id=5205, stack(0x00007f2fb95ca000,0x00007f2fb96cb000)]
  0x00007f2f4802d800 JavaThread "non-blocking-thread--p2-t7" daemon [_thread_blocked, id=5203, stack(0x00007f2fb96cb000,0x00007f2fb97cc000)]
  0x00007f2f20008000 JavaThread "non-blocking-thread--p2-t6" daemon [_thread_blocked, id=5201, stack(0x00007f2fb97cc000,0x00007f2fb98cd000)]
  0x00007f2f48025800 JavaThread "non-blocking-thread--p2-t5" daemon [_thread_blocked, id=5200, stack(0x00007f2fb98cd000,0x00007f2fb99ce000)]
  0x00007f2f68863000 JavaThread "non-blocking-thread--p2-t4" daemon [_thread_blocked, id=5198, stack(0x00007f2fb99ce000,0x00007f2fb9acf000)]
  0x00007f2f687e7800 JavaThread "expiration-thread--p5-t1" daemon [_thread_blocked, id=5194, stack(0x00007f2fb9ccf000,0x00007f2fb9dd0000)]
  0x00007f2f686d0000 JavaThread "timeout-thread--p4-t1" daemon [_thread_blocked, id=5192, stack(0x00007f2fba1d0000,0x00007f2fba2d1000)]
  0x00007f2f686cb000 JavaThread "non-blocking-thread--p2-t3" daemon [_thread_blocked, id=5191, stack(0x00007f2fba2d1000,0x00007f2fba3d2000)]
  0x00007f2f686b2000 JavaThread "non-blocking-thread--p2-t2" daemon [_thread_blocked, id=5189, stack(0x00007f2fba3d2000,0x00007f2fba4d3000)]
  0x00007f2f686b0800 JavaThread "non-blocking-thread--p2-t1" daemon [_thread_blocked, id=5188, stack(0x00007f2fba4d3000,0x00007f2fba5d4000)]
  0x00007f2f686aa000 JavaThread "FD_SOCK pinger-11,XPS-13-34902" daemon [_thread_in_native, id=5185, stack(0x00007f2fba5d4000,0x00007f2fba6d5000)]
  0x00007f2f54002000 JavaThread "FD_SOCK conn-handler-10,XPS-13-34902" daemon [_thread_in_native, id=5181, stack(0x00007f2fba6d5000,0x00007f2fba7d6000)]
  0x00007f2f686a4000 JavaThread "jgroups-8,XPS-13-34902" [_thread_blocked, id=5173, stack(0x00007f2fba8d7000,0x00007f2fba9d8000)]
  0x00007f2f686a1000 JavaThread "FD_SOCK acceptor-7,XPS-13-34902" daemon [_thread_in_native, id=5172, stack(0x00007f2fba9d8000,0x00007f2fbaad9000)]
  0x00007f2f6869d000 JavaThread "mcast-receiver-6,XPS-13-34902" [_thread_blocked, id=5171, stack(0x00007f2fbaad9000,0x00007f2fbabda000)]
  0x00007f2f6869b800 JavaThread "ucast-receiver-5,XPS-13-34902" [_thread_blocked, id=5170, stack(0x00007f2fbabda000,0x00007f2fbacdb000)]
  0x00007f2f68698800 JavaThread "TQ-Bundler-4,XPS-13-34902" [_thread_blocked, id=5169, stack(0x00007f2fbacdb000,0x00007f2fbaddc000)]
  0x00007f2f68690000 JavaThread "Timer runner-2,XPS-13-34902" [_thread_blocked, id=5166, stack(0x00007f2fbadf8000,0x00007f2fbaef9000)]
  0x00007f2f68644000 JavaThread "RxCachedWorkerPoolEvictor-1" daemon [_thread_blocked, id=5164, stack(0x00007f2fbb0f9000,0x00007f2fbb1fa000)]
  0x00007f2f6863c000 JavaThread "RxSchedulerPurge-1" daemon [_thread_blocked, id=5163, stack(0x00007f2fbb1fa000,0x00007f2fbb2fb000)]
  0x00007f2fdcc18800 JavaThread "thesis.Artifact.main()" [_thread_blocked, id=5162, stack(0x00007f2fc0070000,0x00007f2fc0171000)]
  0x00007f2fdc0e4800 JavaThread "Service Thread" daemon [_thread_blocked, id=5160, stack(0x00007f2fc0dad000,0x00007f2fc0eae000)]
  0x00007f2fdc0cf000 JavaThread "C1 CompilerThread3" daemon [_thread_blocked, id=5159, stack(0x00007f2fc0eaf000,0x00007f2fc0faf000)]
  0x00007f2fdc0cd000 JavaThread "C2 CompilerThread2" daemon [_thread_blocked, id=5158, stack(0x00007f2fc0fb0000,0x00007f2fc10b0000)]
  0x00007f2fdc0cb000 JavaThread "C2 CompilerThread1" daemon [_thread_blocked, id=5157, stack(0x00007f2fc10b1000,0x00007f2fc11b1000)]
  0x00007f2fdc0c8000 JavaThread "C2 CompilerThread0" daemon [_thread_blocked, id=5156, stack(0x00007f2fc11b2000,0x00007f2fc12b2000)]
  0x00007f2fdc0c2800 JavaThread "Signal Dispatcher" daemon [_thread_blocked, id=5155, stack(0x00007f2fc12b2000,0x00007f2fc13b3000)]
  0x00007f2fdc091000 JavaThread "Finalizer" daemon [_thread_blocked, id=5148, stack(0x00007f2fc1692000,0x00007f2fc1793000)]
  0x00007f2fdc08c800 JavaThread "Reference Handler" daemon [_thread_blocked, id=5147, stack(0x00007f2fc1793000,0x00007f2fc1894000)]
  0x00007f2fdc00b800 JavaThread "main" [_thread_blocked, id=5136, stack(0x00007f2fe31e8000,0x00007f2fe32e8000)]

Other Threads:
=>0x00007f2fdc082800 VMThread [stack: 0x00007f2fc1895000,0x00007f2fc1995000] [id=5146]
  0x00007f2fdc0e7000 WatcherThread [stack: 0x00007f2fc0cad000,0x00007f2fc0dad000] [id=5161]

VM state:at safepoint (normal execution)

VM Mutex/Monitor currently owned by a thread:  ([mutex/lock_event])
[0x00007f2fdc007c30] ExpandHeap_lock - owner thread: 0x00007f2fdc082800
[0x00007f2fdc0082b0] Threads_lock - owner thread: 0x00007f2fdc082800
[0x00007f2fdc0087b0] Heap_lock - owner thread: 0x00007f2f68698800

heap address: 0x0000000087a00000, size: 1926 MB, Compressed Oops mode: 32-bit
Narrow klass base: 0x0000000000000000, Narrow klass shift: 3
Compressed class space size: 1073741824 Address: 0x0000000100000000

Heap:
 PSYoungGen      total 438272K, used 86200K [0x00000000d7e00000, 0x0000000100000000, 0x0000000100000000)
  eden space 219136K, 0% used [0x00000000d7e00000,0x00000000d7e00000,0x00000000e5400000)
  from space 219136K, 39% used [0x00000000e5400000,0x00000000ea82e1c8,0x00000000f2a00000)
  to   space 219136K, 0% used [0x00000000f2a00000,0x00000000f2a00000,0x0000000100000000)
 ParOldGen       total 259584K, used 259388K [0x0000000087a00000, 0x0000000097780000, 0x00000000d7e00000)
  object space 259584K, 99% used [0x0000000087a00000,0x000000009774f210,0x0000000097780000)
 Metaspace       used 41377K, capacity 43414K, committed 43688K, reserved 1087488K
  class space    used 5250K, capacity 5743K, committed 5800K, reserved 1048576K

Card table byte_map: [0x00007f2fcc87c000,0x00007f2fccc40000] byte_map_base: 0x00007f2fcc43f000

Marking Bits: (ParMarkBitMap*) 0x00007f2fe2688820
 Begin Bits: [0x00007f2fc83c4000, 0x00007f2fca1dc000)
 End Bits:   [0x00007f2fca1dc000, 0x00007f2fcbff4000)

Polling page: 0x00007f2fe3308000

CodeCache: size=245760Kb used=16598Kb max_used=17692Kb free=229162Kb
 bounds [0x00007f2fcd000000, 0x00007f2fce160000, 0x00007f2fdc000000]
 total_blobs=5773 nmethods=5223 adapters=463
 compilation: enabled

Compilation events (10 events):
Event: 94,145 Thread 0x00007f2fdc0cf000 6536       3       org.jgroups.protocols.FailureDetection$$Lambda$263/34340194::test (12 bytes)
Event: 94,145 Thread 0x00007f2fdc0cf000 nmethod 6536 0x00007f2fcd2cf150 code [0x00007f2fcd2cf2e0, 0x00007f2fcd2cf668]
Event: 94,145 Thread 0x00007f2fdc0cf000 6537       3       org.jgroups.protocols.FailureDetection::lambda$new$0 (21 bytes)
Event: 94,145 Thread 0x00007f2fdc0cf000 nmethod 6537 0x00007f2fcd135010 code [0x00007f2fcd135180, 0x00007f2fcd1353c8]
Event: 95,746 Thread 0x00007f2fdc0cf000 6539       3       org.jgroups.util.MessageBatch::replaceIf (64 bytes)
Event: 95,747 Thread 0x00007f2fdc0cf000 nmethod 6539 0x00007f2fcd47a750 code [0x00007f2fcd47a900, 0x00007f2fcd47ae88]
Event: 95,747 Thread 0x00007f2fdc0cf000 6538       3       org.jgroups.protocols.FailureDetection::up (75 bytes)
Event: 95,747 Thread 0x00007f2fdc0cf000 nmethod 6538 0x00007f2fcd876b50 code [0x00007f2fcd876d20, 0x00007f2fcd877438]
Event: 96,647 Thread 0x00007f2fdc0cf000 6540       3       org.jgroups.protocols.UNICAST3::up (503 bytes)
Event: 96,651 Thread 0x00007f2fdc0cf000 nmethod 6540 0x00007f2fcd2e03d0 code [0x00007f2fcd2e0ac0, 0x00007f2fcd2e5778]

GC Heap History (10 events):
Event: 86,649 GC heap after
Heap after GC invocations=28 (full 3):
 PSYoungGen      total 435712K, used 169056K [0x00000000d7e00000, 0x0000000100000000, 0x0000000100000000)
  eden space 266240K, 0% used [0x00000000d7e00000,0x00000000d7e00000,0x00000000e8200000)
  from space 169472K, 99% used [0x00000000e8200000,0x00000000f2718030,0x00000000f2780000)
  to   space 217088K, 0% used [0x00000000f2c00000,0x00000000f2c00000,0x0000000100000000)
 ParOldGen       total 259584K, used 135578K [0x0000000087a00000, 0x0000000097780000, 0x00000000d7e00000)
  object space 259584K, 52% used [0x0000000087a00000,0x000000008fe669f0,0x0000000097780000)
 Metaspace       used 41365K, capacity 43414K, committed 43688K, reserved 1087488K
  class space    used 5250K, capacity 5743K, committed 5800K, reserved 1048576K
}
Event: 89,917 GC heap before
{Heap before GC invocations=29 (full 3):
 PSYoungGen      total 435712K, used 435296K [0x00000000d7e00000, 0x0000000100000000, 0x0000000100000000)
  eden space 266240K, 100% used [0x00000000d7e00000,0x00000000e8200000,0x00000000e8200000)
  from space 169472K, 99% used [0x00000000e8200000,0x00000000f2718030,0x00000000f2780000)
  to   space 217088K, 0% used [0x00000000f2c00000,0x00000000f2c00000,0x0000000100000000)
 ParOldGen       total 259584K, used 135578K [0x0000000087a00000, 0x0000000097780000, 0x00000000d7e00000)
  object space 259584K, 52% used [0x0000000087a00000,0x000000008fe669f0,0x0000000097780000)
 Metaspace       used 41365K, capacity 43414K, committed 43688K, reserved 1087488K
  class space    used 5250K, capacity 5743K, committed 5800K, reserved 1048576K
Event: 89,978 GC heap after
Heap after GC invocations=29 (full 3):
 PSYoungGen      total 436224K, used 182208K [0x00000000d7e00000, 0x0000000100000000, 0x0000000100000000)
  eden space 219136K, 0% used [0x00000000d7e00000,0x00000000d7e00000,0x00000000e5400000)
  from space 217088K, 83% used [0x00000000f2c00000,0x00000000fddf0030,0x0000000100000000)
  to   space 219136K, 0% used [0x00000000e5400000,0x00000000e5400000,0x00000000f2a00000)
 ParOldGen       total 259584K, used 135578K [0x0000000087a00000, 0x0000000097780000, 0x00000000d7e00000)
  object space 259584K, 52% used [0x0000000087a00000,0x000000008fe669f0,0x0000000097780000)
 Metaspace       used 41365K, capacity 43414K, committed 43688K, reserved 1087488K
  class space    used 5250K, capacity 5743K, committed 5800K, reserved 1048576K
}
Event: 94,163 GC heap before
{Heap before GC invocations=30 (full 3):
 PSYoungGen      total 436224K, used 401344K [0x00000000d7e00000, 0x0000000100000000, 0x0000000100000000)
  eden space 219136K, 100% used [0x00000000d7e00000,0x00000000e5400000,0x00000000e5400000)
  from space 217088K, 83% used [0x00000000f2c00000,0x00000000fddf0030,0x0000000100000000)
  to   space 219136K, 0% used [0x00000000e5400000,0x00000000e5400000,0x00000000f2a00000)
 ParOldGen       total 259584K, used 135578K [0x0000000087a00000, 0x0000000097780000, 0x00000000d7e00000)
  object space 259584K, 52% used [0x0000000087a00000,0x000000008fe669f0,0x0000000097780000)
 Metaspace       used 41367K, capacity 43414K, committed 43688K, reserved 1087488K
  class space    used 5250K, capacity 5743K, committed 5800K, reserved 1048576K
Event: 94,248 GC heap after
Heap after GC invocations=30 (full 3):
 PSYoungGen      total 438272K, used 170080K [0x00000000d7e00000, 0x0000000100000000, 0x0000000100000000)
  eden space 219136K, 0% used [0x00000000d7e00000,0x00000000d7e00000,0x00000000e5400000)
  from space 219136K, 77% used [0x00000000e5400000,0x00000000efa18030,0x00000000f2a00000)
  to   space 219136K, 0% used [0x00000000f2a00000,0x00000000f2a00000,0x0000000100000000)
 ParOldGen       total 259584K, used 154802K [0x0000000087a00000, 0x0000000097780000, 0x00000000d7e00000)
  object space 259584K, 59% used [0x0000000087a00000,0x000000009112c9f0,0x0000000097780000)
 Metaspace       used 41367K, capacity 43414K, committed 43688K, reserved 1087488K
  class space    used 5250K, capacity 5743K, committed 5800K, reserved 1048576K
}
Event: 97,195 GC heap before
{Heap before GC invocations=31 (full 3):
 PSYoungGen      total 438272K, used 389216K [0x00000000d7e00000, 0x0000000100000000, 0x0000000100000000)
  eden space 219136K, 100% used [0x00000000d7e00000,0x00000000e5400000,0x00000000e5400000)
  from space 219136K, 77% used [0x00000000e5400000,0x00000000efa18030,0x00000000f2a00000)
  to   space 219136K, 0% used [0x00000000f2a00000,0x00000000f2a00000,0x0000000100000000)
 ParOldGen       total 259584K, used 154802K [0x0000000087a00000, 0x0000000097780000, 0x00000000d7e00000)
  object space 259584K, 59% used [0x0000000087a00000,0x000000009112c9f0,0x0000000097780000)
 Metaspace       used 41376K, capacity 43414K, committed 43688K, reserved 1087488K
  class space    used 5250K, capacity 5743K, committed 5800K, reserved 1048576K
Event: 97,304 GC heap after
Heap after GC invocations=31 (full 3):
 PSYoungGen      total 438272K, used 149600K [0x00000000d7e00000, 0x0000000100000000, 0x0000000100000000)
  eden space 219136K, 0% used [0x00000000d7e00000,0x00000000d7e00000,0x00000000e5400000)
  from space 219136K, 68% used [0x00000000f2a00000,0x00000000fbc18030,0x0000000100000000)
  to   space 219136K, 0% used [0x00000000e5400000,0x00000000e5400000,0x00000000f2a00000)
 ParOldGen       total 259584K, used 188282K [0x0000000087a00000, 0x0000000097780000, 0x00000000d7e00000)
  object space 259584K, 72% used [0x0000000087a00000,0x00000000931de9f0,0x0000000097780000)
 Metaspace       used 41376K, capacity 43414K, committed 43688K, reserved 1087488K
  class space    used 5250K, capacity 5743K, committed 5800K, reserved 1048576K
}
Event: 99,987 GC heap before
{Heap before GC invocations=32 (full 3):
 PSYoungGen      total 438272K, used 368736K [0x00000000d7e00000, 0x0000000100000000, 0x0000000100000000)
  eden space 219136K, 100% used [0x00000000d7e00000,0x00000000e5400000,0x00000000e5400000)
  from space 219136K, 68% used [0x00000000f2a00000,0x00000000fbc18030,0x0000000100000000)
  to   space 219136K, 0% used [0x00000000e5400000,0x00000000e5400000,0x00000000f2a00000)
 ParOldGen       total 259584K, used 188282K [0x0000000087a00000, 0x0000000097780000, 0x00000000d7e00000)
  object space 259584K, 72% used [0x0000000087a00000,0x00000000931de9f0,0x0000000097780000)
 Metaspace       used 41377K, capacity 43414K, committed 43688K, reserved 1087488K
  class space    used 5250K, capacity 5743K, committed 5800K, reserved 1048576K
Event: 100,048 GC heap after
Heap after GC invocations=32 (full 3):
 PSYoungGen      total 438272K, used 126432K [0x00000000d7e00000, 0x0000000100000000, 0x0000000100000000)
  eden space 219136K, 0% used [0x00000000d7e00000,0x00000000d7e00000,0x00000000e5400000)
  from space 219136K, 57% used [0x00000000e5400000,0x00000000ecf78040,0x00000000f2a00000)
  to   space 219136K, 0% used [0x00000000f2a00000,0x00000000f2a00000,0x0000000100000000)
 ParOldGen       total 259584K, used 224954K [0x0000000087a00000, 0x0000000097780000, 0x00000000d7e00000)
  object space 259584K, 86% used [0x0000000087a00000,0x00000000955ae9f0,0x0000000097780000)
 Metaspace       used 41377K, capacity 43414K, committed 43688K, reserved 1087488K
  class space    used 5250K, capacity 5743K, committed 5800K, reserved 1048576K
}
Event: 100,048 GC heap before
{Heap before GC invocations=33 (full 4):
 PSYoungGen      total 438272K, used 126432K [0x00000000d7e00000, 0x0000000100000000, 0x0000000100000000)
  eden space 219136K, 0% used [0x00000000d7e00000,0x00000000d7e00000,0x00000000e5400000)
  from space 219136K, 57% used [0x00000000e5400000,0x00000000ecf78040,0x00000000f2a00000)
  to   space 219136K, 0% used [0x00000000f2a00000,0x00000000f2a00000,0x0000000100000000)
 ParOldGen       total 259584K, used 224954K [0x0000000087a00000, 0x0000000097780000, 0x00000000d7e00000)
  object space 259584K, 86% used [0x0000000087a00000,0x00000000955ae9f0,0x0000000097780000)
 Metaspace       used 41377K, capacity 43414K, committed 43688K, reserved 1087488K
  class space    used 5250K, capacity 5743K, committed 5800K, reserved 1048576K

Deoptimization events (10 events):
Event: 98,959 Thread 0x00007f2f5c015000 Uncommon trap: reason=unstable_if action=reinterpret pc=0x00007f2fcdd87b84 method=java.util.concurrent.SynchronousQueue$TransferStack.awaitFulfill(Ljava/util/concurrent/SynchronousQueue$TransferStack$SNode;ZJ)Ljava/util/concurrent/SynchronousQueue$Transfe
Event: 98,959 Thread 0x00007f2f5c015000 Uncommon trap: reason=unstable_if action=reinterpret pc=0x00007f2fcd31ecdc method=java.util.concurrent.SynchronousQueue.poll(JLjava/util/concurrent/TimeUnit;)Ljava/lang/Object; @ 18
Event: 98,963 Thread 0x00007f2f5c018800 Uncommon trap: reason=unstable_if action=reinterpret pc=0x00007f2fcdd87b84 method=java.util.concurrent.SynchronousQueue$TransferStack.awaitFulfill(Ljava/util/concurrent/SynchronousQueue$TransferStack$SNode;ZJ)Ljava/util/concurrent/SynchronousQueue$Transfe
Event: 98,963 Thread 0x00007f2f5c018800 Uncommon trap: reason=unstable_if action=reinterpret pc=0x00007f2fcd31ecdc method=java.util.concurrent.SynchronousQueue.poll(JLjava/util/concurrent/TimeUnit;)Ljava/lang/Object; @ 18
Event: 98,980 Thread 0x00007f2f5c00f800 Uncommon trap: reason=unstable_if action=reinterpret pc=0x00007f2fcdd87b84 method=java.util.concurrent.SynchronousQueue$TransferStack.awaitFulfill(Ljava/util/concurrent/SynchronousQueue$TransferStack$SNode;ZJ)Ljava/util/concurrent/SynchronousQueue$Transfe
Event: 98,980 Thread 0x00007f2f5c00f800 Uncommon trap: reason=unstable_if action=reinterpret pc=0x00007f2fcd31ecdc method=java.util.concurrent.SynchronousQueue.poll(JLjava/util/concurrent/TimeUnit;)Ljava/lang/Object; @ 18
Event: 98,983 Thread 0x00007f2f5c002000 Uncommon trap: reason=unstable_if action=reinterpret pc=0x00007f2fcdd87b84 method=java.util.concurrent.SynchronousQueue$TransferStack.awaitFulfill(Ljava/util/concurrent/SynchronousQueue$TransferStack$SNode;ZJ)Ljava/util/concurrent/SynchronousQueue$Transfe
Event: 98,983 Thread 0x00007f2f5c002000 Uncommon trap: reason=unstable_if action=reinterpret pc=0x00007f2fcda47720 method=java.util.concurrent.SynchronousQueue.poll(JLjava/util/concurrent/TimeUnit;)Ljava/lang/Object; @ 18
Event: 99,002 Thread 0x00007f2f5c01c000 Uncommon trap: reason=unstable_if action=reinterpret pc=0x00007f2fcdd87b84 method=java.util.concurrent.SynchronousQueue$TransferStack.awaitFulfill(Ljava/util/concurrent/SynchronousQueue$TransferStack$SNode;ZJ)Ljava/util/concurrent/SynchronousQueue$Transfe
Event: 99,002 Thread 0x00007f2f5c01c000 Uncommon trap: reason=unstable_if action=reinterpret pc=0x00007f2fcd31ecdc method=java.util.concurrent.SynchronousQueue.poll(JLjava/util/concurrent/TimeUnit;)Ljava/lang/Object; @ 18

Classes redefined (0 events):
No events

Internal exceptions (10 events):
Event: 98,944 Thread 0x00007f2f5c009000 Implicit null exception at 0x00007f2fcda47197 to 0x00007f2fcda476ed
Event: 98,951 Thread 0x00007f2f5c007000 Implicit null exception at 0x00007f2fcda47197 to 0x00007f2fcda476ed
Event: 98,955 Thread 0x00007f2f5c005800 Implicit null exception at 0x00007f2fcda47197 to 0x00007f2fcda476ed
Event: 98,956 Thread 0x00007f2f5c00f000 Implicit null exception at 0x00007f2fcd31eb03 to 0x00007f2fcd31ecc9
Event: 98,957 Thread 0x00007f2f5c011800 Implicit null exception at 0x00007f2fcd31eb03 to 0x00007f2fcd31ecc9
Event: 98,959 Thread 0x00007f2f5c015000 Implicit null exception at 0x00007f2fcd31eb03 to 0x00007f2fcd31ecc9
Event: 98,963 Thread 0x00007f2f5c018800 Implicit null exception at 0x00007f2fcd31eb03 to 0x00007f2fcd31ecc9
Event: 98,980 Thread 0x00007f2f5c00f800 Implicit null exception at 0x00007f2fcd31eb03 to 0x00007f2fcd31ecc9
Event: 98,983 Thread 0x00007f2f5c002000 Implicit null exception at 0x00007f2fcda47197 to 0x00007f2fcda476ed
Event: 99,002 Thread 0x00007f2f5c01c000 Implicit null exception at 0x00007f2fcd31eb03 to 0x00007f2fcd31ecc9

Events (10 events):
Event: 98,983 Thread 0x00007f2f5c002000 DEOPT UNPACKING pc=0x00007f2fcd04547a sp=0x00007f2fba8d54b8 mode 2
Event: 98,984 Thread 0x00007f2f5c002000 Thread exited: 0x00007f2f5c002000
Event: 99,002 Thread 0x00007f2f5c01c000 Uncommon trap: trap_request=0xffffff65 fr.pc=0x00007f2fcdd87b84
Event: 99,002 Thread 0x00007f2f5c01c000 DEOPT PACKING pc=0x00007f2fcdd87b84 sp=0x00007f2fb39fa480
Event: 99,002 Thread 0x00007f2f5c01c000 DEOPT UNPACKING pc=0x00007f2fcd04547a sp=0x00007f2fb39fa428 mode 2
Event: 99,002 Thread 0x00007f2f5c01c000 Uncommon trap: trap_request=0xffffff65 fr.pc=0x00007f2fcd31ecdc
Event: 99,002 Thread 0x00007f2f5c01c000 DEOPT PACKING pc=0x00007f2fcd31ecdc sp=0x00007f2fb39fa5e0
Event: 99,002 Thread 0x00007f2f5c01c000 DEOPT UNPACKING pc=0x00007f2fcd04547a sp=0x00007f2fb39fa508 mode 2
Event: 99,002 Thread 0x00007f2f5c01c000 Thread exited: 0x00007f2f5c01c000
Event: 99,987 Executing VM operation: ParallelGCFailedAllocation


Dynamic libraries:
87a00000-97780000 rw-p 00000000 00:00 0 
a3c00000-d7e00000 ---p 00000000 00:00 0 
d7e00000-100000000 rw-p 00000000 00:00 0 
100000000-1005aa000 rw-p 00000000 00:00 0 
1005aa000-140000000 ---p 00000000 00:00 0 
55bb0f244000-55bb0f245000 r-xp 00000000 103:07 2552286                   /home/francisco/.sdkman/candidates/java/8.0.292-open/bin/java
55bb0f444000-55bb0f445000 r--p 00000000 103:07 2552286                   /home/francisco/.sdkman/candidates/java/8.0.292-open/bin/java
55bb0f445000-55bb0f446000 rw-p 00001000 103:07 2552286                   /home/francisco/.sdkman/candidates/java/8.0.292-open/bin/java
55bb10c19000-55bb10c3a000 rw-p 00000000 00:00 0                          [heap]
7f2ec0000000-7f2ec0021000 rw-p 00000000 00:00 0 
7f2ec0021000-7f2ec4000000 ---p 00000000 00:00 0 
7f2ec4000000-7f2ec4021000 rw-p 00000000 00:00 0 
7f2ec4021000-7f2ec8000000 ---p 00000000 00:00 0 
7f2ec8000000-7f2ec8021000 rw-p 00000000 00:00 0 
7f2ec8021000-7f2ecc000000 ---p 00000000 00:00 0 
7f2ecc000000-7f2ecc021000 rw-p 00000000 00:00 0 
7f2ecc021000-7f2ed0000000 ---p 00000000 00:00 0 
7f2ed0000000-7f2ed0021000 rw-p 00000000 00:00 0 
7f2ed0021000-7f2ed4000000 ---p 00000000 00:00 0 
7f2ed4000000-7f2ed4021000 rw-p 00000000 00:00 0 
7f2ed4021000-7f2ed8000000 ---p 00000000 00:00 0 
7f2ed8000000-7f2ed8021000 rw-p 00000000 00:00 0 
7f2ed8021000-7f2edc000000 ---p 00000000 00:00 0 
7f2edc000000-7f2edc021000 rw-p 00000000 00:00 0 
7f2edc021000-7f2ee0000000 ---p 00000000 00:00 0 
7f2ee0000000-7f2ee0021000 rw-p 00000000 00:00 0 
7f2ee0021000-7f2ee4000000 ---p 00000000 00:00 0 
7f2ee4000000-7f2ee4021000 rw-p 00000000 00:00 0 
7f2ee4021000-7f2ee8000000 ---p 00000000 00:00 0 
7f2ee8000000-7f2ee803a000 rw-p 00000000 00:00 0 
7f2ee803a000-7f2eec000000 ---p 00000000 00:00 0 
7f2eec000000-7f2eec27e000 rw-p 00000000 00:00 0 
7f2eec27e000-7f2ef0000000 ---p 00000000 00:00 0 
7f2ef0000000-7f2ef0021000 rw-p 00000000 00:00 0 
7f2ef0021000-7f2ef4000000 ---p 00000000 00:00 0 
7f2ef4000000-7f2ef4021000 rw-p 00000000 00:00 0 
7f2ef4021000-7f2ef8000000 ---p 00000000 00:00 0 
7f2ef8000000-7f2ef8021000 rw-p 00000000 00:00 0 
7f2ef8021000-7f2efc000000 ---p 00000000 00:00 0 
7f2efc000000-7f2efc021000 rw-p 00000000 00:00 0 
7f2efc021000-7f2f00000000 ---p 00000000 00:00 0 
7f2f00000000-7f2f00021000 rw-p 00000000 00:00 0 
7f2f00021000-7f2f04000000 ---p 00000000 00:00 0 
7f2f04000000-7f2f04021000 rw-p 00000000 00:00 0 
7f2f04021000-7f2f08000000 ---p 00000000 00:00 0 
7f2f08000000-7f2f08021000 rw-p 00000000 00:00 0 
7f2f08021000-7f2f0c000000 ---p 00000000 00:00 0 
7f2f0c000000-7f2f0c021000 rw-p 00000000 00:00 0 
7f2f0c021000-7f2f10000000 ---p 00000000 00:00 0 
7f2f10000000-7f2f10021000 rw-p 00000000 00:00 0 
7f2f10021000-7f2f14000000 ---p 00000000 00:00 0 
7f2f14000000-7f2f14021000 rw-p 00000000 00:00 0 
7f2f14021000-7f2f18000000 ---p 00000000 00:00 0 
7f2f18000000-7f2f18021000 rw-p 00000000 00:00 0 
7f2f18021000-7f2f1c000000 ---p 00000000 00:00 0 
7f2f1c000000-7f2f1c021000 rw-p 00000000 00:00 0 
7f2f1c021000-7f2f20000000 ---p 00000000 00:00 0 
7f2f20000000-7f2f20021000 rw-p 00000000 00:00 0 
7f2f20021000-7f2f24000000 ---p 00000000 00:00 0 
7f2f24000000-7f2f24021000 rw-p 00000000 00:00 0 
7f2f24021000-7f2f28000000 ---p 00000000 00:00 0 
7f2f28000000-7f2f28021000 rw-p 00000000 00:00 0 
7f2f28021000-7f2f2c000000 ---p 00000000 00:00 0 
7f2f2c000000-7f2f2c021000 rw-p 00000000 00:00 0 
7f2f2c021000-7f2f30000000 ---p 00000000 00:00 0 
7f2f30000000-7f2f30021000 rw-p 00000000 00:00 0 
7f2f30021000-7f2f34000000 ---p 00000000 00:00 0 
7f2f34000000-7f2f34021000 rw-p 00000000 00:00 0 
7f2f34021000-7f2f38000000 ---p 00000000 00:00 0 
7f2f38000000-7f2f38021000 rw-p 00000000 00:00 0 
7f2f38021000-7f2f3c000000 ---p 00000000 00:00 0 
7f2f3c000000-7f2f3c021000 rw-p 00000000 00:00 0 
7f2f3c021000-7f2f40000000 ---p 00000000 00:00 0 
7f2f40000000-7f2f40021000 rw-p 00000000 00:00 0 
7f2f40021000-7f2f44000000 ---p 00000000 00:00 0 
7f2f44000000-7f2f44021000 rw-p 00000000 00:00 0 
7f2f44021000-7f2f48000000 ---p 00000000 00:00 0 
7f2f48000000-7f2f48052000 rw-p 00000000 00:00 0 
7f2f48052000-7f2f4c000000 ---p 00000000 00:00 0 
7f2f4c000000-7f2f4c021000 rw-p 00000000 00:00 0 
7f2f4c021000-7f2f50000000 ---p 00000000 00:00 0 
7f2f50000000-7f2f50021000 rw-p 00000000 00:00 0 
7f2f50021000-7f2f54000000 ---p 00000000 00:00 0 
7f2f54000000-7f2f54021000 rw-p 00000000 00:00 0 
7f2f54021000-7f2f58000000 ---p 00000000 00:00 0 
7f2f58000000-7f2f58021000 rw-p 00000000 00:00 0 
7f2f58021000-7f2f5c000000 ---p 00000000 00:00 0 
7f2f5c000000-7f2f5c030000 rw-p 00000000 00:00 0 
7f2f5c030000-7f2f60000000 ---p 00000000 00:00 0 
7f2f60000000-7f2f60021000 rw-p 00000000 00:00 0 
7f2f60021000-7f2f64000000 ---p 00000000 00:00 0 
7f2f64000000-7f2f64021000 rw-p 00000000 00:00 0 
7f2f64021000-7f2f68000000 ---p 00000000 00:00 0 
7f2f68000000-7f2f688e4000 rw-p 00000000 00:00 0 
7f2f688e4000-7f2f6c000000 ---p 00000000 00:00 0 
7f2f6c000000-7f2f6c021000 rw-p 00000000 00:00 0 
7f2f6c021000-7f2f70000000 ---p 00000000 00:00 0 
7f2f70000000-7f2f70021000 rw-p 00000000 00:00 0 
7f2f70021000-7f2f74000000 ---p 00000000 00:00 0 
7f2f74000000-7f2f74021000 rw-p 00000000 00:00 0 
7f2f74021000-7f2f78000000 ---p 00000000 00:00 0 
7f2f78000000-7f2f7939f000 rw-p 00000000 00:00 0 
7f2f7939f000-7f2f7c000000 ---p 00000000 00:00 0 
7f2f7c000000-7f2f7ce4b000 rw-p 00000000 00:00 0 
7f2f7ce4b000-7f2f80000000 ---p 00000000 00:00 0 
7f2f80000000-7f2f81310000 rw-p 00000000 00:00 0 
7f2f81310000-7f2f84000000 ---p 00000000 00:00 0 
7f2f84000000-7f2f84c48000 rw-p 00000000 00:00 0 
7f2f84c48000-7f2f88000000 ---p 00000000 00:00 0 
7f2f88000000-7f2f88021000 rw-p 00000000 00:00 0 
7f2f88021000-7f2f8c000000 ---p 00000000 00:00 0 
7f2f8c000000-7f2f8c021000 rw-p 00000000 00:00 0 
7f2f8c021000-7f2f90000000 ---p 00000000 00:00 0 
7f2f90000000-7f2f9032d000 rw-p 00000000 00:00 0 
7f2f9032d000-7f2f94000000 ---p 00000000 00:00 0 
7f2f94000000-7f2f94021000 rw-p 00000000 00:00 0 
7f2f94021000-7f2f98000000 ---p 00000000 00:00 0 
7f2f98000000-7f2f98021000 rw-p 00000000 00:00 0 
7f2f98021000-7f2f9c000000 ---p 00000000 00:00 0 
7f2f9c000000-7f2f9c021000 rw-p 00000000 00:00 0 
7f2f9c021000-7f2fa0000000 ---p 00000000 00:00 0 
7f2fa0000000-7f2fa0021000 rw-p 00000000 00:00 0 
7f2fa0021000-7f2fa4000000 ---p 00000000 00:00 0 
7f2fa4000000-7f2fa4021000 rw-p 00000000 00:00 0 
7f2fa4021000-7f2fa8000000 ---p 00000000 00:00 0 
7f2fac000000-7f2fac021000 rw-p 00000000 00:00 0 
7f2fac021000-7f2fb0000000 ---p 00000000 00:00 0 
7f2fb25e8000-7f2fb25eb000 ---p 00000000 00:00 0 
7f2fb25eb000-7f2fb26e9000 rw-p 00000000 00:00 0 
7f2fb26e9000-7f2fb26ec000 ---p 00000000 00:00 0 
7f2fb26ec000-7f2fb27ea000 rw-p 00000000 00:00 0 
7f2fb27ea000-7f2fb27ed000 ---p 00000000 00:00 0 
7f2fb27ed000-7f2fb28eb000 rw-p 00000000 00:00 0 
7f2fb28eb000-7f2fb28ee000 ---p 00000000 00:00 0 
7f2fb28ee000-7f2fb29ec000 rw-p 00000000 00:00 0 
7f2fb29ec000-7f2fb29ef000 ---p 00000000 00:00 0 
7f2fb29ef000-7f2fb2aed000 rw-p 00000000 00:00 0 
7f2fb2aed000-7f2fb2af0000 ---p 00000000 00:00 0 
7f2fb2af0000-7f2fb2bee000 rw-p 00000000 00:00 0 
7f2fb2bee000-7f2fb2bf1000 ---p 00000000 00:00 0 
7f2fb2bf1000-7f2fb2cef000 rw-p 00000000 00:00 0 
7f2fb2cef000-7f2fb2cf2000 ---p 00000000 00:00 0 
7f2fb2cf2000-7f2fb2df0000 rw-p 00000000 00:00 0 
7f2fb2df0000-7f2fb2df3000 ---p 00000000 00:00 0 
7f2fb2df3000-7f2fb2ef1000 rw-p 00000000 00:00 0 
7f2fb2ef1000-7f2fb2ef4000 ---p 00000000 00:00 0 
7f2fb2ef4000-7f2fb2ff2000 rw-p 00000000 00:00 0 
7f2fb2ff2000-7f2fb2ff5000 ---p 00000000 00:00 0 
7f2fb2ff5000-7f2fb30f3000 rw-p 00000000 00:00 0 
7f2fb30f3000-7f2fb30f6000 ---p 00000000 00:00 0 
7f2fb30f6000-7f2fb31f4000 rw-p 00000000 00:00 0 
7f2fb31f4000-7f2fb31f7000 ---p 00000000 00:00 0 
7f2fb31f7000-7f2fb32f5000 rw-p 00000000 00:00 0 
7f2fb32f5000-7f2fb32f8000 ---p 00000000 00:00 0 
7f2fb32f8000-7f2fb33f6000 rw-p 00000000 00:00 0 
7f2fb33f6000-7f2fb33f9000 ---p 00000000 00:00 0 
7f2fb33f9000-7f2fb34f7000 rw-p 00000000 00:00 0 
7f2fb34f7000-7f2fb34fa000 ---p 00000000 00:00 0 
7f2fb34fa000-7f2fb35f8000 rw-p 00000000 00:00 0 
7f2fb35f8000-7f2fb35fb000 ---p 00000000 00:00 0 
7f2fb35fb000-7f2fb36f9000 rw-p 00000000 00:00 0 
7f2fb36f9000-7f2fb36fc000 ---p 00000000 00:00 0 
7f2fb36fc000-7f2fb37fa000 rw-p 00000000 00:00 0 
7f2fb37fa000-7f2fb37fd000 ---p 00000000 00:00 0 
7f2fb37fd000-7f2fb38fb000 rw-p 00000000 00:00 0 
7f2fb38fb000-7f2fb38fe000 ---p 00000000 00:00 0 
7f2fb38fe000-7f2fb39fc000 rw-p 00000000 00:00 0 
7f2fb39fc000-7f2fb39ff000 ---p 00000000 00:00 0 
7f2fb39ff000-7f2fb3afd000 rw-p 00000000 00:00 0 
7f2fb3afd000-7f2fb3b00000 ---p 00000000 00:00 0 
7f2fb3b00000-7f2fb3bfe000 rw-p 00000000 00:00 0 
7f2fb3bfe000-7f2fb3c01000 ---p 00000000 00:00 0 
7f2fb3c01000-7f2fb3cff000 rw-p 00000000 00:00 0 
7f2fb3cff000-7f2fb3d02000 ---p 00000000 00:00 0 
7f2fb3d02000-7f2fb3f00000 rw-p 00000000 00:00 0 
7f2fb3f00000-7f2fb4000000 ---p 00000000 00:00 0 
7f2fb4000000-7f2fb4021000 rw-p 00000000 00:00 0 
7f2fb4021000-7f2fb8000000 ---p 00000000 00:00 0 
7f2fb80af000-7f2fb80b2000 ---p 00000000 00:00 0 
7f2fb80b2000-7f2fb81b0000 rw-p 00000000 00:00 0 
7f2fb81b0000-7f2fb81b3000 ---p 00000000 00:00 0 
7f2fb81b3000-7f2fb82b1000 rw-p 00000000 00:00 0 
7f2fb82b1000-7f2fb82ba000 r-xp 00000000 103:07 2551775                   /home/francisco/.sdkman/candidates/java/8.0.292-open/jre/lib/amd64/libmanagement.so
7f2fb82ba000-7f2fb84b9000 ---p 00009000 103:07 2551775                   /home/francisco/.sdkman/candidates/java/8.0.292-open/jre/lib/amd64/libmanagement.so
7f2fb84b9000-7f2fb84ba000 r--p 00008000 103:07 2551775                   /home/francisco/.sdkman/candidates/java/8.0.292-open/jre/lib/amd64/libmanagement.so
7f2fb84ba000-7f2fb84bb000 rw-p 00009000 103:07 2551775                   /home/francisco/.sdkman/candidates/java/8.0.292-open/jre/lib/amd64/libmanagement.so
7f2fb84bb000-7f2fb84be000 ---p 00000000 00:00 0 
7f2fb84be000-7f2fb85bc000 rw-p 00000000 00:00 0 
7f2fb85bc000-7f2fb85bf000 ---p 00000000 00:00 0 
7f2fb85bf000-7f2fb86bd000 rw-p 00000000 00:00 0 
7f2fb86bd000-7f2fb86c0000 ---p 00000000 00:00 0 
7f2fb86c0000-7f2fb87be000 rw-p 00000000 00:00 0 
7f2fb87be000-7f2fb87c1000 ---p 00000000 00:00 0 
7f2fb87c1000-7f2fb8abf000 rw-p 00000000 00:00 0 
7f2fb8abf000-7f2fb8ac2000 ---p 00000000 00:00 0 
7f2fb8ac2000-7f2fb8bc0000 rw-p 00000000 00:00 0 
7f2fb8bc0000-7f2fb8bc3000 ---p 00000000 00:00 0 
7f2fb8bc3000-7f2fb8cc1000 rw-p 00000000 00:00 0 
7f2fb8cc1000-7f2fb8cc4000 ---p 00000000 00:00 0 
7f2fb8cc4000-7f2fb8dc2000 rw-p 00000000 00:00 0 
7f2fb8dc2000-7f2fb8dc5000 ---p 00000000 00:00 0 
7f2fb8dc5000-7f2fb8ec3000 rw-p 00000000 00:00 0 
7f2fb8ec3000-7f2fb8ec6000 ---p 00000000 00:00 0 
7f2fb8ec6000-7f2fb8fc4000 rw-p 00000000 00:00 0 
7f2fb8fc4000-7f2fb8fc7000 ---p 00000000 00:00 0 
7f2fb8fc7000-7f2fb90c5000 rw-p 00000000 00:00 0 
7f2fb90c5000-7f2fb90c8000 ---p 00000000 00:00 0 
7f2fb90c8000-7f2fb91c6000 rw-p 00000000 00:00 0 
7f2fb91c6000-7f2fb91c9000 ---p 00000000 00:00 0 
7f2fb91c9000-7f2fb92c7000 rw-p 00000000 00:00 0 
7f2fb92c7000-7f2fb92ca000 ---p 00000000 00:00 0 
7f2fb92ca000-7f2fb93c8000 rw-p 00000000 00:00 0 
7f2fb93c8000-7f2fb93cb000 ---p 00000000 00:00 0 
7f2fb93cb000-7f2fb94c9000 rw-p 00000000 00:00 0 
7f2fb94c9000-7f2fb94cc000 ---p 00000000 00:00 0 
7f2fb94cc000-7f2fb95ca000 rw-p 00000000 00:00 0 
7f2fb95ca000-7f2fb95cd000 ---p 00000000 00:00 0 
7f2fb95cd000-7f2fb96cb000 rw-p 00000000 00:00 0 
7f2fb96cb000-7f2fb96ce000 ---p 00000000 00:00 0 
7f2fb96ce000-7f2fb97cc000 rw-p 00000000 00:00 0 
7f2fb97cc000-7f2fb97cf000 ---p 00000000 00:00 0 
7f2fb97cf000-7f2fb98cd000 rw-p 00000000 00:00 0 
7f2fb98cd000-7f2fb98d0000 ---p 00000000 00:00 0 
7f2fb98d0000-7f2fb99ce000 rw-p 00000000 00:00 0 
7f2fb99ce000-7f2fb99d1000 ---p 00000000 00:00 0 
7f2fb99d1000-7f2fb9ccf000 rw-p 00000000 00:00 0 
7f2fb9ccf000-7f2fb9cd2000 ---p 00000000 00:00 0 
7f2fb9cd2000-7f2fb9fd0000 rw-p 00000000 00:00 0 
7f2fb9fd0000-7f2fba1d0000 rw-p 00000000 00:00 0 
7f2fba1d0000-7f2fba1d3000 ---p 00000000 00:00 0 
7f2fba1d3000-7f2fba2d1000 rw-p 00000000 00:00 0 
7f2fba2d1000-7f2fba2d4000 ---p 00000000 00:00 0 
7f2fba2d4000-7f2fba3d2000 rw-p 00000000 00:00 0 
7f2fba3d2000-7f2fba3d5000 ---p 00000000 00:00 0 
7f2fba3d5000-7f2fba4d3000 rw-p 00000000 00:00 0 
7f2fba4d3000-7f2fba4d6000 ---p 00000000 00:00 0 
7f2fba4d6000-7f2fba5d4000 rw-p 00000000 00:00 0 
7f2fba5d4000-7f2fba5d7000 ---p 00000000 00:00 0 
7f2fba5d7000-7f2fba6d5000 rw-p 00000000 00:00 0 
7f2fba6d5000-7f2fba6d8000 ---p 00000000 00:00 0 
7f2fba6d8000-7f2fba7d6000 rw-p 00000000 00:00 0 
7f2fba7d6000-7f2fba7d9000 ---p 00000000 00:00 0 
7f2fba7d9000-7f2fba8d7000 rw-p 00000000 00:00 0 
7f2fba8d7000-7f2fba8da000 ---p 00000000 00:00 0 
7f2fba8da000-7f2fba9d8000 rw-p 00000000 00:00 0 
7f2fba9d8000-7f2fba9db000 ---p 00000000 00:00 0 
7f2fba9db000-7f2fbaad9000 rw-p 00000000 00:00 0 
7f2fbaad9000-7f2fbaadc000 ---p 00000000 00:00 0 
7f2fbaadc000-7f2fbabda000 rw-p 00000000 00:00 0 
7f2fbabda000-7f2fbabdd000 ---p 00000000 00:00 0 
7f2fbabdd000-7f2fbacdb000 rw-p 00000000 00:00 0 
7f2fbacdb000-7f2fbacde000 ---p 00000000 00:00 0 
7f2fbacde000-7f2fbaddc000 rw-p 00000000 00:00 0 
7f2fbaddc000-7f2fbadf8000 r--s 00393000 103:07 2551758                   /home/francisco/.sdkman/candidates/java/8.0.292-open/jre/lib/ext/cldrdata.jar
7f2fbadf8000-7f2fbadfb000 ---p 00000000 00:00 0 
7f2fbadfb000-7f2fbb0f9000 rw-p 00000000 00:00 0 
7f2fbb0f9000-7f2fbb0fc000 ---p 00000000 00:00 0 
7f2fbb0fc000-7f2fbb1fa000 rw-p 00000000 00:00 0 
7f2fbb1fa000-7f2fbb1fd000 ---p 00000000 00:00 0 
7f2fbb1fd000-7f2fbb4fb000 rw-p 00000000 00:00 0 
7f2fbb4fb000-7f2fbb6fb000 rw-p 00000000 00:00 0 
7f2fbb6fb000-7f2fbb8fb000 rw-p 00000000 00:00 0 
7f2fbb8fb000-7f2fbbafb000 rw-p 00000000 00:00 0 
7f2fbbafb000-7f2fbbb01000 r--s 00031000 103:07 660843                    /home/francisco/.m2/repository/org/wildfly/common/wildfly-common/1.3.0.Final/wildfly-common-1.3.0.Final.jar
7f2fbbb01000-7f2fbbb05000 r--s 00025000 103:07 660841                    /home/francisco/.m2/repository/org/jboss/threads/jboss-threads/2.3.3.Final/jboss-threads-2.3.3.Final.jar
7f2fbbb05000-7f2fbbd05000 rw-p 00000000 00:00 0 
7f2fbbd05000-7f2fbbd17000 r--s 000c6000 103:07 660837                    /home/francisco/.m2/repository/com/github/ben-manes/caffeine/caffeine/2.8.4/caffeine-2.8.4.jar
7f2fbbd17000-7f2fbbd2e000 r--s 00235000 103:07 660835                    /home/francisco/.m2/repository/org/jgroups/jgroups/4.2.18.Final/jgroups-4.2.18.Final.jar
7f2fbbd2e000-7f2fbbd42000 r--s 00119000 103:07 660831                    /home/francisco/.m2/repository/org/infinispan/protostream/protostream/4.4.3.Final/protostream-4.4.3.Final.jar
7f2fbbd42000-7f2fbbd7a000 r--s 0024c000 103:07 3279698                   /home/francisco/.m2/repository/io/reactivex/rxjava3/rxjava/3.0.4/rxjava-3.0.4.jar
7f2fbbd7a000-7f2fbbe00000 r--s 00b8b000 103:07 2627748                   /home/francisco/git/thesis/resources/weka.jar
7f2fbbe00000-7f2fbc000000 rw-p 00000000 00:00 0 
7f2fbc000000-7f2fbc021000 rw-p 00000000 00:00 0 
7f2fbc021000-7f2fc0000000 ---p 00000000 00:00 0 
7f2fc0002000-7f2fc0004000 r--s 0000d000 103:07 660839                    /home/francisco/.m2/repository/org/jboss/logging/jboss-logging/3.4.1.Final/jboss-logging-3.4.1.Final.jar
7f2fc0004000-7f2fc0005000 r--s 00003000 103:07 3279700                   /home/francisco/.m2/repository/jakarta/transaction/jakarta.transaction-api/1.3.3/jakarta.transaction-api-1.3.3.jar
7f2fc0005000-7f2fc000a000 r--s 00018000 103:07 660833                    /home/francisco/.m2/repository/org/infinispan/protostream/protostream-types/4.4.3.Final/protostream-types-4.4.3.Final.jar
7f2fc000a000-7f2fc000b000 r--s 00002000 103:07 660829                    /home/francisco/.m2/repository/org/reactivestreams/reactive-streams/1.0.3/reactive-streams-1.0.3.jar
7f2fc000b000-7f2fc001a000 r--s 000a4000 103:07 660827                    /home/francisco/.m2/repository/org/infinispan/infinispan-commons/13.0.11.Final/infinispan-commons-13.0.11.Final.jar
7f2fc001a000-7f2fc006d000 r--s 004c7000 103:07 660825                    /home/francisco/.m2/repository/org/infinispan/infinispan-core/13.0.11.Final/infinispan-core-13.0.11.Final.jar
7f2fc006d000-7f2fc0070000 r--s 00038000 103:07 2627746                   /home/francisco/git/thesis/resources/JLink.jar
7f2fc0070000-7f2fc0073000 ---p 00000000 00:00 0 
7f2fc0073000-7f2fc0171000 rw-p 00000000 00:00 0 
7f2fc0171000-7f2fc0173000 r--s 0000b000 103:07 3674026                   /home/francisco/.m2/repository/org/apache/commons/commons-exec/1.1/commons-exec-1.1.jar
7f2fc0173000-7f2fc0177000 r--s 00033000 103:07 3679151                   /home/francisco/.m2/repository/org/codehaus/plexus/plexus-utils/2.0.5/plexus-utils-2.0.5.jar
7f2fc0177000-7f2fc0179000 r--s 00002000 103:07 3679132                   /home/francisco/.m2/repository/org/codehaus/plexus/plexus-interactivity-api/1.0-alpha-4/plexus-interactivity-api-1.0-alpha-4.jar
7f2fc0179000-7f2fc017b000 r--s 00006000 103:07 3679140                   /home/francisco/.m2/repository/commons-cli/commons-cli/1.0/commons-cli-1.0.jar
7f2fc017b000-7f2fc017c000 r--s 00001000 103:07 3679133                   /home/francisco/.m2/repository/org/apache/maven/doxia/doxia-sink-api/1.0-alpha-7/doxia-sink-api-1.0-alpha-7.jar
7f2fc017c000-7f2fc017d000 r--s 00002000 103:07 3679131                   /home/francisco/.m2/repository/org/apache/maven/reporting/maven-reporting-api/2.0.6/maven-reporting-api-2.0.6.jar
7f2fc017d000-7f2fc017f000 r--s 00008000 103:07 3673935                   /home/francisco/.m2/repository/org/codehaus/mojo/exec-maven-plugin/1.2.1/exec-maven-plugin-1.2.1.jar
7f2fc017f000-7f2fc018a000 r--s 00116000 103:07 2551755                   /home/francisco/.sdkman/candidates/java/8.0.292-open/jre/lib/ext/localedata.jar
7f2fc018a000-7f2fc019b000 r--s 001bf000 103:07 2551765                   /home/francisco/.sdkman/candidates/java/8.0.292-open/jre/lib/jsse.jar
7f2fc019b000-7f2fc039b000 rw-p 00000000 00:00 0 
7f2fc039b000-7f2fc059b000 rw-p 00000000 00:00 0 
7f2fc059b000-7f2fc079b000 rw-p 00000000 00:00 0 
7f2fc079b000-7f2fc079f000 r--s 0003b000 103:07 3428989                   /usr/share/java/plexus-utils2.jar
7f2fc079f000-7f2fc07a0000 r--s 00004000 103:07 3414583                   /usr/share/java/maven3-slf4j-provider.jar
7f2fc07a0000-7f2fc07a4000 r--s 00027000 103:07 3418893                   /usr/share/java/maven-resolver-impl.jar
7f2fc07a4000-7f2fc07a6000 r--s 00000000 103:07 3420869                   /usr/share/java/plexus-component-annotations.jar
7f2fc07a6000-7f2fc07a8000 r--s 00008000 103:07 3414748                   /usr/share/java/maven-resolver-connector-basic.jar
7f2fc07a8000-7f2fc07b5000 r--s 0008b000 103:07 3414574                   /usr/share/java/maven3-core.jar
7f2fc07b5000-7f2fc07b7000 r--s 0000a000 103:07 3414578                   /usr/share/java/maven3-plugin-api.jar
7f2fc07b7000-7f2fc07b9000 r--s 00003000 103:07 3413016                   /usr/share/java/jcl-over-slf4j.jar
7f2fc07b9000-7f2fc07bc000 r--s 0000a000 103:07 3414571                   /usr/share/java/maven3-artifact.jar
7f2fc07bc000-7f2fc07be000 r--s 00001000 103:07 3414572                   /usr/share/java/maven3-builder-support.jar
7f2fc07be000-7f2fc07c1000 r--s 00011000 103:07 3429035                   /usr/share/java/plexus-interpolation.jar
7f2fc07c1000-7f2fc07c2000 r--s 00000000 103:07 3414591                   /usr/share/java/atinject-jsr330-api-1.0.jar
7f2fc07c2000-7f2fc07c4000 r--s 00009000 103:07 3413020                   /usr/share/java/slf4j-api.jar
7f2fc07c4000-7f2fc07f0000 r--s 00208000 103:07 3428924                   /usr/share/java/guava.jar
7f2fc07f0000-7f2fc07f7000 r--s 00041000 103:07 3414573                   /usr/share/java/maven3-compat.jar
7f2fc07f7000-7f2fc07fe000 r--s 00054000 103:07 3429039                   /usr/share/java/sisu-inject.jar
7f2fc07fe000-7f2fc0800000 r--s 00001000 103:07 3411460                   /usr/share/java/aopalliance-1.0.jar
7f2fc0800000-7f2fc0803000 r--s 00027000 103:07 3414577                   /usr/share/java/maven3-model.jar
7f2fc0803000-7f2fc0805000 r--s 00006000 103:07 3419031                   /usr/share/java/maven-resolver-spi.jar
7f2fc0805000-7f2fc080d000 r--s 00072000 103:07 3414716                   /usr/share/java/commons-lang3.jar
7f2fc080d000-7f2fc080f000 r--s 0000b000 103:07 3412742                   /usr/share/java/wagon-provider-api.jar
7f2fc080f000-7f2fc0811000 r--s 00007000 103:07 3428961                   /usr/share/java/jansi.jar
7f2fc0811000-7f2fc0813000 r--s 00006000 103:07 3429037                   /usr/share/java/plexus-sec-dispatcher.jar
7f2fc0813000-7f2fc0840000 r--s 001ce000 103:07 3414569                   /usr/share/java/wagon-http-shaded-3.0.0.jar
7f2fc0840000-7f2fc084e000 r--s 0009a000 103:07 3428936                   /usr/share/java/guice.jar
7f2fc084e000-7f2fc087f000 rw-p 00000000 00:00 0 
7f2fc087f000-7f2fc0898000 r-xp 00000000 103:07 2551808                   /home/francisco/.sdkman/candidates/java/8.0.292-open/jre/lib/amd64/libnet.so
7f2fc0898000-7f2fc0a97000 ---p 00019000 103:07 2551808                   /home/francisco/.sdkman/candidates/java/8.0.292-open/jre/lib/amd64/libnet.so
7f2fc0a97000-7f2fc0a98000 r--p 00018000 103:07 2551808                   /home/francisco/.sdkman/candidates/java/8.0.292-open/jre/lib/amd64/libnet.so
7f2fc0a98000-7f2fc0a99000 rw-p 00019000 103:07 2551808                   /home/francisco/.sdkman/candidates/java/8.0.292-open/jre/lib/amd64/libnet.so
7f2fc0a99000-7f2fc0aaa000 r-xp 00000000 103:07 2551802                   /home/francisco/.sdkman/candidates/java/8.0.292-open/jre/lib/amd64/libnio.so
7f2fc0aaa000-7f2fc0caa000 ---p 00011000 103:07 2551802                   /home/francisco/.sdkman/candidates/java/8.0.292-open/jre/lib/amd64/libnio.so
7f2fc0caa000-7f2fc0cab000 r--p 00011000 103:07 2551802                   /home/francisco/.sdkman/candidates/java/8.0.292-open/jre/lib/amd64/libnio.so
7f2fc0cab000-7f2fc0cac000 rw-p 00012000 103:07 2551802                   /home/francisco/.sdkman/candidates/java/8.0.292-open/jre/lib/amd64/libnio.so
7f2fc0cac000-7f2fc0cad000 ---p 00000000 00:00 0 
7f2fc0cad000-7f2fc0dad000 rw-p 00000000 00:00 0 
7f2fc0dad000-7f2fc0db0000 ---p 00000000 00:00 0 
7f2fc0db0000-7f2fc0eae000 rw-p 00000000 00:00 0 
7f2fc0eae000-7f2fc0eaf000 ---p 00000000 00:00 0 
7f2fc0eaf000-7f2fc0eb2000 ---p 00000000 00:00 0 
7f2fc0eb2000-7f2fc0faf000 rw-p 00000000 00:00 0 
7f2fc0faf000-7f2fc0fb0000 ---p 00000000 00:00 0 
7f2fc0fb0000-7f2fc0fb3000 ---p 00000000 00:00 0 
7f2fc0fb3000-7f2fc10b0000 rw-p 00000000 00:00 0 
7f2fc10b0000-7f2fc10b1000 ---p 00000000 00:00 0 
7f2fc10b1000-7f2fc10b4000 ---p 00000000 00:00 0 
7f2fc10b4000-7f2fc11b1000 rw-p 00000000 00:00 0 
7f2fc11b1000-7f2fc11b2000 ---p 00000000 00:00 0 
7f2fc11b2000-7f2fc11b5000 ---p 00000000 00:00 0 
7f2fc11b5000-7f2fc12b2000 rw-p 00000000 00:00 0 
7f2fc12b2000-7f2fc12b5000 ---p 00000000 00:00 0 
7f2fc12b5000-7f2fc13b3000 rw-p 00000000 00:00 0 
7f2fc13b3000-7f2fc1692000 r--p 00000000 103:07 3015075                   /usr/lib/locale/locale-archive
7f2fc1692000-7f2fc1695000 ---p 00000000 00:00 0 
7f2fc1695000-7f2fc1793000 rw-p 00000000 00:00 0 
7f2fc1793000-7f2fc1796000 ---p 00000000 00:00 0 
7f2fc1796000-7f2fc1894000 rw-p 00000000 00:00 0 
7f2fc1894000-7f2fc1895000 ---p 00000000 00:00 0 
7f2fc1895000-7f2fc35b8000 rw-p 00000000 00:00 0 
7f2fc35b8000-7f2fc378a000 r--s 03ca4000 103:07 2551812                   /home/francisco/.sdkman/candidates/java/8.0.292-open/jre/lib/rt.jar
7f2fc378a000-7f2fc4000000 rw-p 00000000 00:00 0 
7f2fc4000000-7f2fc4021000 rw-p 00000000 00:00 0 
7f2fc4021000-7f2fc8000000 ---p 00000000 00:00 0 
7f2fc8000000-7f2fc8001000 r--s 00001000 103:07 3412879                   /usr/share/java/wagon-file.jar
7f2fc8001000-7f2fcbff4000 rw-p 00000000 00:00 0 
7f2fcbff4000-7f2fcbff5000 ---p 00000000 00:00 0 
7f2fcbff5000-7f2fcc0f5000 rw-p 00000000 00:00 0 
7f2fcc0f5000-7f2fcc0f6000 ---p 00000000 00:00 0 
7f2fcc0f6000-7f2fcc1f6000 rw-p 00000000 00:00 0 
7f2fcc1f6000-7f2fcc1f7000 ---p 00000000 00:00 0 
7f2fcc1f7000-7f2fcc2f7000 rw-p 00000000 00:00 0 
7f2fcc2f7000-7f2fcc2f8000 ---p 00000000 00:00 0 
7f2fcc2f8000-7f2fcc3f8000 rw-p 00000000 00:00 0 
7f2fcc3f8000-7f2fcc3f9000 ---p 00000000 00:00 0 
7f2fcc3f9000-7f2fcc4f9000 rw-p 00000000 00:00 0 
7f2fcc4f9000-7f2fcc4fa000 ---p 00000000 00:00 0 
7f2fcc4fa000-7f2fcc679000 rw-p 00000000 00:00 0 
7f2fcc679000-7f2fcc87c000 ---p 00000000 00:00 0 
7f2fcc87c000-7f2fcc8fb000 rw-p 00000000 00:00 0 
7f2fcc8fb000-7f2fccafe000 ---p 00000000 00:00 0 
7f2fccafe000-7f2fccc3f000 rw-p 00000000 00:00 0 
7f2fccc3f000-7f2fccc86000 rw-p 00000000 00:00 0 
7f2fccc86000-7f2fcd000000 ---p 00000000 00:00 0 
7f2fcd000000-7f2fce160000 rwxp 00000000 00:00 0 
7f2fce160000-7f2fdc000000 ---p 00000000 00:00 0 
7f2fdc000000-7f2fdcd60000 rw-p 00000000 00:00 0 
7f2fdcd60000-7f2fe0000000 ---p 00000000 00:00 0 
7f2fe0000000-7f2fe0001000 r--s 00001000 103:07 3420877                   /usr/share/java/geronimo-interceptor-3.0-spec.jar
7f2fe0001000-7f2fe0003000 r--s 0000d000 103:07 3420231                   /usr/share/java/el-api.jar
7f2fe0003000-7f2fe0004000 r--s 00000000 103:07 3414591                   /usr/share/java/atinject-jsr330-api-1.0.jar
7f2fe0004000-7f2fe0007000 r--s 0000e000 103:07 3420879                   /usr/share/java/cdi-api.jar
7f2fe0007000-7f2fe0008000 r--s 00002000 103:07 3414740                   /usr/share/java/geronimo-annotation-1.3-spec.jar
7f2fe0008000-7f2fe0009000 r--s 00006000 103:07 3414579                   /usr/share/java/maven3-repository-metadata.jar
7f2fe0009000-7f2fe000d000 r--s 0001f000 103:07 3414747                   /usr/share/java/maven-resolver-api.jar
7f2fe000d000-7f2fe000f000 r--s 0000d000 103:07 3414580                   /usr/share/java/maven3-resolver-provider.jar
7f2fe000f000-7f2fe0010000 r--s 0000a000 103:07 3414582                   /usr/share/java/maven3-settings.jar
7f2fe0010000-7f2fe0013000 r--s 00015000 103:07 3414575                   /usr/share/java/maven3-embedder.jar
7f2fe0013000-7f2fe0061000 rw-p 00000000 00:00 0 
7f2fe0061000-7f2fe0062000 ---p 00000000 00:00 0 
7f2fe0062000-7f2fe0162000 rw-p 00000000 00:00 0 
7f2fe0162000-7f2fe0163000 ---p 00000000 00:00 0 
7f2fe0163000-7f2fe0263000 rw-p 00000000 00:00 0 
7f2fe0263000-7f2fe027e000 r-xp 00000000 103:07 2551806                   /home/francisco/.sdkman/candidates/java/8.0.292-open/jre/lib/amd64/libzip.so
7f2fe027e000-7f2fe047d000 ---p 0001b000 103:07 2551806                   /home/francisco/.sdkman/candidates/java/8.0.292-open/jre/lib/amd64/libzip.so
7f2fe047d000-7f2fe047e000 r--p 0001a000 103:07 2551806                   /home/francisco/.sdkman/candidates/java/8.0.292-open/jre/lib/amd64/libzip.so
7f2fe047e000-7f2fe047f000 rw-p 0001b000 103:07 2551806                   /home/francisco/.sdkman/candidates/java/8.0.292-open/jre/lib/amd64/libzip.so
7f2fe047f000-7f2fe048a000 r-xp 00000000 103:07 655905                    /lib/x86_64-linux-gnu/libnss_files-2.27.so
7f2fe048a000-7f2fe0689000 ---p 0000b000 103:07 655905                    /lib/x86_64-linux-gnu/libnss_files-2.27.so
7f2fe0689000-7f2fe068a000 r--p 0000a000 103:07 655905                    /lib/x86_64-linux-gnu/libnss_files-2.27.so
7f2fe068a000-7f2fe068b000 rw-p 0000b000 103:07 655905                    /lib/x86_64-linux-gnu/libnss_files-2.27.so
7f2fe068b000-7f2fe0691000 rw-p 00000000 00:00 0 
7f2fe0691000-7f2fe06a8000 r-xp 00000000 103:07 655902                    /lib/x86_64-linux-gnu/libnsl-2.27.so
7f2fe06a8000-7f2fe08a7000 ---p 00017000 103:07 655902                    /lib/x86_64-linux-gnu/libnsl-2.27.so
7f2fe08a7000-7f2fe08a8000 r--p 00016000 103:07 655902                    /lib/x86_64-linux-gnu/libnsl-2.27.so
7f2fe08a8000-7f2fe08a9000 rw-p 00017000 103:07 655902                    /lib/x86_64-linux-gnu/libnsl-2.27.so
7f2fe08a9000-7f2fe08ab000 rw-p 00000000 00:00 0 
7f2fe08ab000-7f2fe08b6000 r-xp 00000000 103:07 655907                    /lib/x86_64-linux-gnu/libnss_nis-2.27.so
7f2fe08b6000-7f2fe0ab5000 ---p 0000b000 103:07 655907                    /lib/x86_64-linux-gnu/libnss_nis-2.27.so
7f2fe0ab5000-7f2fe0ab6000 r--p 0000a000 103:07 655907                    /lib/x86_64-linux-gnu/libnss_nis-2.27.so
7f2fe0ab6000-7f2fe0ab7000 rw-p 0000b000 103:07 655907                    /lib/x86_64-linux-gnu/libnss_nis-2.27.so
7f2fe0ab7000-7f2fe0abf000 r-xp 00000000 103:07 655903                    /lib/x86_64-linux-gnu/libnss_compat-2.27.so
7f2fe0abf000-7f2fe0cbf000 ---p 00008000 103:07 655903                    /lib/x86_64-linux-gnu/libnss_compat-2.27.so
7f2fe0cbf000-7f2fe0cc0000 r--p 00008000 103:07 655903                    /lib/x86_64-linux-gnu/libnss_compat-2.27.so
7f2fe0cc0000-7f2fe0cc1000 rw-p 00009000 103:07 655903                    /lib/x86_64-linux-gnu/libnss_compat-2.27.so
7f2fe0cc1000-7f2fe0ce9000 r-xp 00000000 103:07 2551798                   /home/francisco/.sdkman/candidates/java/8.0.292-open/jre/lib/amd64/libjava.so
7f2fe0ce9000-7f2fe0ee8000 ---p 00028000 103:07 2551798                   /home/francisco/.sdkman/candidates/java/8.0.292-open/jre/lib/amd64/libjava.so
7f2fe0ee8000-7f2fe0ee9000 r--p 00027000 103:07 2551798                   /home/francisco/.sdkman/candidates/java/8.0.292-open/jre/lib/amd64/libjava.so
7f2fe0ee9000-7f2fe0eeb000 rw-p 00028000 103:07 2551798                   /home/francisco/.sdkman/candidates/java/8.0.292-open/jre/lib/amd64/libjava.so
7f2fe0eeb000-7f2fe0ef9000 r-xp 00000000 103:07 2551787                   /home/francisco/.sdkman/candidates/java/8.0.292-open/jre/lib/amd64/libverify.so
7f2fe0ef9000-7f2fe10f8000 ---p 0000e000 103:07 2551787                   /home/francisco/.sdkman/candidates/java/8.0.292-open/jre/lib/amd64/libverify.so
7f2fe10f8000-7f2fe10fa000 r--p 0000d000 103:07 2551787                   /home/francisco/.sdkman/candidates/java/8.0.292-open/jre/lib/amd64/libverify.so
7f2fe10fa000-7f2fe10fb000 rw-p 0000f000 103:07 2551787                   /home/francisco/.sdkman/candidates/java/8.0.292-open/jre/lib/amd64/libverify.so
7f2fe10fb000-7f2fe1102000 r-xp 00000000 103:07 655913                    /lib/x86_64-linux-gnu/librt-2.27.so
7f2fe1102000-7f2fe1301000 ---p 00007000 103:07 655913                    /lib/x86_64-linux-gnu/librt-2.27.so
7f2fe1301000-7f2fe1302000 r--p 00006000 103:07 655913                    /lib/x86_64-linux-gnu/librt-2.27.so
7f2fe1302000-7f2fe1303000 rw-p 00007000 103:07 655913                    /lib/x86_64-linux-gnu/librt-2.27.so
7f2fe1303000-7f2fe14a0000 r-xp 00000000 103:07 655899                    /lib/x86_64-linux-gnu/libm-2.27.so
7f2fe14a0000-7f2fe169f000 ---p 0019d000 103:07 655899                    /lib/x86_64-linux-gnu/libm-2.27.so
7f2fe169f000-7f2fe16a0000 r--p 0019c000 103:07 655899                    /lib/x86_64-linux-gnu/libm-2.27.so
7f2fe16a0000-7f2fe16a1000 rw-p 0019d000 103:07 655899                    /lib/x86_64-linux-gnu/libm-2.27.so
7f2fe16a1000-7f2fe239f000 r-xp 00000000 103:07 2551785                   /home/francisco/.sdkman/candidates/java/8.0.292-open/jre/lib/amd64/server/libjvm.so
7f2fe239f000-7f2fe259e000 ---p 00cfe000 103:07 2551785                   /home/francisco/.sdkman/candidates/java/8.0.292-open/jre/lib/amd64/server/libjvm.so
7f2fe259e000-7f2fe2649000 r--p 00cfd000 103:07 2551785                   /home/francisco/.sdkman/candidates/java/8.0.292-open/jre/lib/amd64/server/libjvm.so
7f2fe2649000-7f2fe2672000 rw-p 00da8000 103:07 2551785                   /home/francisco/.sdkman/candidates/java/8.0.292-open/jre/lib/amd64/server/libjvm.so
7f2fe2672000-7f2fe26b7000 rw-p 00000000 00:00 0 
7f2fe26b7000-7f2fe289e000 r-xp 00000000 103:07 655895                    /lib/x86_64-linux-gnu/libc-2.27.so
7f2fe289e000-7f2fe2a9e000 ---p 001e7000 103:07 655895                    /lib/x86_64-linux-gnu/libc-2.27.so
7f2fe2a9e000-7f2fe2aa2000 r--p 001e7000 103:07 655895                    /lib/x86_64-linux-gnu/libc-2.27.so
7f2fe2aa2000-7f2fe2aa4000 rw-p 001eb000 103:07 655895                    /lib/x86_64-linux-gnu/libc-2.27.so
7f2fe2aa4000-7f2fe2aa8000 rw-p 00000000 00:00 0 
7f2fe2aa8000-7f2fe2aab000 r-xp 00000000 103:07 655898                    /lib/x86_64-linux-gnu/libdl-2.27.so
7f2fe2aab000-7f2fe2caa000 ---p 00003000 103:07 655898                    /lib/x86_64-linux-gnu/libdl-2.27.so
7f2fe2caa000-7f2fe2cab000 r--p 00002000 103:07 655898                    /lib/x86_64-linux-gnu/libdl-2.27.so
7f2fe2cab000-7f2fe2cac000 rw-p 00003000 103:07 655898                    /lib/x86_64-linux-gnu/libdl-2.27.so
7f2fe2cac000-7f2fe2cc2000 r-xp 00000000 103:07 2552297                   /home/francisco/.sdkman/candidates/java/8.0.292-open/lib/amd64/jli/libjli.so
7f2fe2cc2000-7f2fe2ec1000 ---p 00016000 103:07 2552297                   /home/francisco/.sdkman/candidates/java/8.0.292-open/lib/amd64/jli/libjli.so
7f2fe2ec1000-7f2fe2ec2000 r--p 00015000 103:07 2552297                   /home/francisco/.sdkman/candidates/java/8.0.292-open/lib/amd64/jli/libjli.so
7f2fe2ec2000-7f2fe2ec3000 rw-p 00016000 103:07 2552297                   /home/francisco/.sdkman/candidates/java/8.0.292-open/lib/amd64/jli/libjli.so
7f2fe2ec3000-7f2fe2edd000 r-xp 00000000 103:07 655910                    /lib/x86_64-linux-gnu/libpthread-2.27.so
7f2fe2edd000-7f2fe30dc000 ---p 0001a000 103:07 655910                    /lib/x86_64-linux-gnu/libpthread-2.27.so
7f2fe30dc000-7f2fe30dd000 r--p 00019000 103:07 655910                    /lib/x86_64-linux-gnu/libpthread-2.27.so
7f2fe30dd000-7f2fe30de000 rw-p 0001a000 103:07 655910                    /lib/x86_64-linux-gnu/libpthread-2.27.so
7f2fe30de000-7f2fe30e2000 rw-p 00000000 00:00 0 
7f2fe30e2000-7f2fe310b000 r-xp 00000000 103:07 655891                    /lib/x86_64-linux-gnu/ld-2.27.so
7f2fe310b000-7f2fe3111000 r--s 0002d000 103:07 3422616                   /usr/share/java/sisu-plexus.jar
7f2fe3111000-7f2fe3115000 r--s 00030000 103:07 3410015                   /usr/share/java/commons-io.jar
7f2fe3115000-7f2fe3117000 r--s 00005000 103:07 3419156                   /usr/share/java/maven-resolver-transport-wagon.jar
7f2fe3117000-7f2fe3119000 r--s 0000a000 103:07 3428904                   /usr/share/java/commons-cli.jar
7f2fe3119000-7f2fe311a000 r--s 00003000 103:07 3429030                   /usr/share/java/plexus-cipher.jar
7f2fe311a000-7f2fe311d000 r--s 00007000 103:07 3414581                   /usr/share/java/maven3-settings-builder.jar
7f2fe311d000-7f2fe31e7000 rw-p 00000000 00:00 0 
7f2fe31e7000-7f2fe31e8000 ---p 00000000 00:00 0 
7f2fe31e8000-7f2fe31eb000 ---p 00000000 00:00 0 
7f2fe31eb000-7f2fe32ea000 rw-p 00000000 00:00 0 
7f2fe32ea000-7f2fe32ed000 r--s 00024000 103:07 3420866                   /usr/share/java/maven-shared-utils.jar
7f2fe32ed000-7f2fe32f2000 r--s 00025000 103:07 3414576                   /usr/share/java/maven3-model-builder.jar
7f2fe32f2000-7f2fe32f7000 r--s 00021000 103:07 3419157                   /usr/share/java/maven-resolver-util.jar
7f2fe32f7000-7f2fe32f9000 r--s 0000b000 103:07 3428985                   /usr/share/java/plexus-classworlds.jar
7f2fe32f9000-7f2fe32ff000 r--s 000d3000 103:07 2551770                   /home/francisco/.sdkman/candidates/java/8.0.292-open/jre/lib/jfr.jar
7f2fe32ff000-7f2fe3307000 rw-s 00000000 103:07 3804416                   /tmp/hsperfdata_francisco/5114
7f2fe3307000-7f2fe3308000 rw-p 00000000 00:00 0 
7f2fe3308000-7f2fe3309000 ---p 00000000 00:00 0 
7f2fe3309000-7f2fe330b000 rw-p 00000000 00:00 0 
7f2fe330b000-7f2fe330c000 r--p 00029000 103:07 655891                    /lib/x86_64-linux-gnu/ld-2.27.so
7f2fe330c000-7f2fe330d000 rw-p 0002a000 103:07 655891                    /lib/x86_64-linux-gnu/ld-2.27.so
7f2fe330d000-7f2fe330e000 rw-p 00000000 00:00 0 
7ffe9f84f000-7ffe9f871000 rw-p 00000000 00:00 0                          [stack]
7ffe9f92d000-7ffe9f930000 r--p 00000000 00:00 0                          [vvar]
7ffe9f930000-7ffe9f932000 r-xp 00000000 00:00 0                          [vdso]
ffffffffff600000-ffffffffff601000 r-xp 00000000 00:00 0                  [vsyscall]

VM Arguments:
jvm_args: -Dclassworlds.conf=/usr/share/maven/bin/m2.conf -Dmaven.home=/usr/share/maven -Dlibrary.jansi.path=/usr/share/maven/lib/jansi-native -Dmaven.multiModuleProjectDirectory=/home/francisco/git/thesis 
java_command: org.codehaus.plexus.classworlds.launcher.Launcher exec:java -Dexec.args=2 2 1 1
java_class_path (initial): /usr/share/maven/boot/plexus-classworlds-2.x.jar
Launcher Type: SUN_STANDARD

Environment Variables:
JAVA_HOME=/home/francisco/.sdkman/candidates/java/current
PATH=/home/francisco/.sdkman/candidates/java/current/bin:/home/francisco/anaconda3/bin:/usr/local/sbin:/usr/local/bin:/usr/sbin:/usr/bin:/sbin:/bin:/usr/games:/usr/local/games:/snap/bin:/home/francisco/.dotnet/tools
USERNAME=francisco
SHELL=/bin/bash
DISPLAY=:0

Signal Handlers:
SIGSEGV: [libjvm.so+0xad93b0], sa_mask[0]=11111111011111111101111111111110, sa_flags=SA_RESTART|SA_SIGINFO
SIGBUS: [libjvm.so+0xad93b0], sa_mask[0]=11111111011111111101111111111110, sa_flags=SA_RESTART|SA_SIGINFO
SIGFPE: [libjvm.so+0x930a40], sa_mask[0]=11111111011111111101111111111110, sa_flags=SA_RESTART|SA_SIGINFO
SIGPIPE: [libjvm.so+0x930a40], sa_mask[0]=11111111011111111101111111111110, sa_flags=SA_RESTART|SA_SIGINFO
SIGXFSZ: [libjvm.so+0x930a40], sa_mask[0]=11111111011111111101111111111110, sa_flags=SA_RESTART|SA_SIGINFO
SIGILL: [libjvm.so+0x930a40], sa_mask[0]=11111111011111111101111111111110, sa_flags=SA_RESTART|SA_SIGINFO
SIGUSR1: SIG_DFL, sa_mask[0]=00000000000000000000000000000000, sa_flags=none
SIGUSR2: [libjvm.so+0x932390], sa_mask[0]=00000000000000000000000000000000, sa_flags=SA_RESTART|SA_SIGINFO
SIGHUP: [libjvm.so+0x933dc0], sa_mask[0]=11111111011111111101111111111110, sa_flags=SA_RESTART|SA_SIGINFO
SIGINT: [libjvm.so+0x933dc0], sa_mask[0]=11111111011111111101111111111110, sa_flags=SA_RESTART|SA_SIGINFO
SIGTERM: [libjvm.so+0x933dc0], sa_mask[0]=11111111011111111101111111111110, sa_flags=SA_RESTART|SA_SIGINFO
SIGQUIT: [libjvm.so+0x933dc0], sa_mask[0]=11111111011111111101111111111110, sa_flags=SA_RESTART|SA_SIGINFO


---------------  S Y S T E M  ---------------

OS:DISTRIB_ID=Ubuntu
DISTRIB_RELEASE=18.04
DISTRIB_CODENAME=bionic
DISTRIB_DESCRIPTION="Ubuntu 18.04.6 LTS"

uname:Linux 4.15.0-194-generic #205-Ubuntu SMP Fri Sep 16 19:49:27 UTC 2022 x86_64
libc:glibc 2.27 NPTL 2.27 
rlimit: STACK 8192k, CORE 0k, NPROC 30351, NOFILE 4096, AS infinity
load average:3,83 2,12 1,45

/proc/meminfo:
MemTotal:        7887584 kB
MemFree:          118312 kB
MemAvailable:      32332 kB
Buffers:             816 kB
Cached:           553812 kB
SwapCached:        56864 kB
Active:          6292372 kB
Inactive:        1002688 kB
Active(anon):    6287328 kB
Inactive(anon):   981004 kB
Active(file):       5044 kB
Inactive(file):    21684 kB
Unevictable:         192 kB
Mlocked:             192 kB
SwapTotal:       2097148 kB
SwapFree:              0 kB
Dirty:               132 kB
Writeback:             0 kB
AnonPages:       6684292 kB
Mapped:           209132 kB
Shmem:            527620 kB
Slab:             240888 kB
SReclaimable:      83028 kB
SUnreclaim:       157860 kB
KernelStack:       20192 kB
PageTables:        83996 kB
NFS_Unstable:          0 kB
Bounce:                0 kB
WritebackTmp:          0 kB
CommitLimit:     6040940 kB
Committed_AS:   14891660 kB
VmallocTotal:   34359738367 kB
VmallocUsed:           0 kB
VmallocChunk:          0 kB
HardwareCorrupted:     0 kB
AnonHugePages:         0 kB
ShmemHugePages:        0 kB
ShmemPmdMapped:        0 kB
CmaTotal:              0 kB
CmaFree:               0 kB
HugePages_Total:       0
HugePages_Free:        0
HugePages_Rsvd:        0
HugePages_Surp:        0
Hugepagesize:       2048 kB
DirectMap4k:     1410560 kB
DirectMap2M:     6699008 kB
DirectMap1G:           0 kB

container (cgroup) information:
container_type: cgroupv1
cpu_cpuset_cpus: 0-7
cpu_memory_nodes: 0
active_processor_count: 8
cpu_quota: -1
cpu_period: 100000
cpu_shares: -1
memory_limit_in_bytes: -1
memory_and_swap_limit_in_bytes: -2
memory_soft_limit_in_bytes: -1
memory_usage_in_bytes: 7469240320
memory_max_usage_in_bytes: 7559446528


CPU:total 8 (initial active 8) (4 cores per cpu, 2 threads per core) family 6 model 142 stepping 10, cmov, cx8, fxsr, mmx, sse, sse2, sse3, ssse3, sse4.1, sse4.2, popcnt, avx, avx2, aes, clmul, erms, 3dnowpref, lzcnt, ht, tsc, tscinvbit, bmi1, bmi2, adx

/proc/cpuinfo:
processor	: 0
vendor_id	: GenuineIntel
cpu family	: 6
model		: 142
model name	: Intel(R) Core(TM) i7-8550U CPU @ 1.80GHz
stepping	: 10
microcode	: 0xf0
cpu MHz		: 1000.153
cache size	: 8192 KB
physical id	: 0
siblings	: 8
core id		: 0
cpu cores	: 4
apicid		: 0
initial apicid	: 0
fpu		: yes
fpu_exception	: yes
cpuid level	: 22
wp		: yes
flags		: fpu vme de pse tsc msr pae mce cx8 apic sep mtrr pge mca cmov pat pse36 clflush dts acpi mmx fxsr sse sse2 ss ht tm pbe syscall nx pdpe1gb rdtscp lm constant_tsc art arch_perfmon pebs bts rep_good nopl xtopology nonstop_tsc cpuid aperfmperf pni pclmulqdq dtes64 monitor ds_cpl vmx est tm2 ssse3 sdbg fma cx16 xtpr pdcm pcid sse4_1 sse4_2 x2apic movbe popcnt tsc_deadline_timer aes xsave avx f16c rdrand lahf_lm abm 3dnowprefetch cpuid_fault epb invpcid_single pti ssbd ibrs ibpb stibp tpr_shadow vnmi flexpriority ept vpid fsgsbase tsc_adjust bmi1 avx2 smep bmi2 erms invpcid mpx rdseed adx smap clflushopt intel_pt xsaveopt xsavec xgetbv1 xsaves dtherm ida arat pln pts hwp hwp_notify hwp_act_window hwp_epp md_clear flush_l1d arch_capabilities
bugs		: cpu_meltdown spectre_v1 spectre_v2 spec_store_bypass l1tf mds swapgs itlb_multihit srbds mmio_stale_data
bogomips	: 3999.93
clflush size	: 64
cache_alignment	: 64
address sizes	: 39 bits physical, 48 bits virtual
power management:

processor	: 1
vendor_id	: GenuineIntel
cpu family	: 6
model		: 142
model name	: Intel(R) Core(TM) i7-8550U CPU @ 1.80GHz
stepping	: 10
microcode	: 0xf0
cpu MHz		: 1000.005
cache size	: 8192 KB
physical id	: 0
siblings	: 8
core id		: 1
cpu cores	: 4
apicid		: 2
initial apicid	: 2
fpu		: yes
fpu_exception	: yes
cpuid level	: 22
wp		: yes
flags		: fpu vme de pse tsc msr pae mce cx8 apic sep mtrr pge mca cmov pat pse36 clflush dts acpi mmx fxsr sse sse2 ss ht tm pbe syscall nx pdpe1gb rdtscp lm constant_tsc art arch_perfmon pebs bts rep_good nopl xtopology nonstop_tsc cpuid aperfmperf pni pclmulqdq dtes64 monitor ds_cpl vmx est tm2 ssse3 sdbg fma cx16 xtpr pdcm pcid sse4_1 sse4_2 x2apic movbe popcnt tsc_deadline_timer aes xsave avx f16c rdrand lahf_lm abm 3dnowprefetch cpuid_fault epb invpcid_single pti ssbd ibrs ibpb stibp tpr_shadow vnmi flexpriority ept vpid fsgsbase tsc_adjust bmi1 avx2 smep bmi2 erms invpcid mpx rdseed adx smap clflushopt intel_pt xsaveopt xsavec xgetbv1 xsaves dtherm ida arat pln pts hwp hwp_notify hwp_act_window hwp_epp md_clear flush_l1d arch_capabilities
bugs		: cpu_meltdown spectre_v1 spectre_v2 spec_store_bypass l1tf mds swapgs itlb_multihit srbds mmio_stale_data
bogomips	: 3999.93
clflush size	: 64
cache_alignment	: 64
address sizes	: 39 bits physical, 48 bits virtual
power management:

processor	: 2
vendor_id	: GenuineIntel
cpu family	: 6
model		: 142
model name	: Intel(R) Core(TM) i7-8550U CPU @ 1.80GHz
stepping	: 10
microcode	: 0xf0
cpu MHz		: 1000.000
cache size	: 8192 KB
physical id	: 0
siblings	: 8
core id		: 2
cpu cores	: 4
apicid		: 4
initial apicid	: 4
fpu		: yes
fpu_exception	: yes
cpuid level	: 22
wp		: yes
flags		: fpu vme de pse tsc msr pae mce cx8 apic sep mtrr pge mca cmov pat pse36 clflush dts acpi mmx fxsr sse sse2 ss ht tm pbe syscall nx pdpe1gb rdtscp lm constant_tsc art arch_perfmon pebs bts rep_good nopl xtopology nonstop_tsc cpuid aperfmperf pni pclmulqdq dtes64 monitor ds_cpl vmx est tm2 ssse3 sdbg fma cx16 xtpr pdcm pcid sse4_1 sse4_2 x2apic movbe popcnt tsc_deadline_timer aes xsave avx f16c rdrand lahf_lm abm 3dnowprefetch cpuid_fault epb invpcid_single pti ssbd ibrs ibpb stibp tpr_shadow vnmi flexpriority ept vpid fsgsbase tsc_adjust bmi1 avx2 smep bmi2 erms invpcid mpx rdseed adx smap clflushopt intel_pt xsaveopt xsavec xgetbv1 xsaves dtherm ida arat pln pts hwp hwp_notify hwp_act_window hwp_epp md_clear flush_l1d arch_capabilities
bugs		: cpu_meltdown spectre_v1 spectre_v2 spec_store_bypass l1tf mds swapgs itlb_multihit srbds mmio_stale_data
bogomips	: 3999.93
clflush size	: 64
cache_alignment	: 64
address sizes	: 39 bits physical, 48 bits virtual
power management:

processor	: 3
vendor_id	: GenuineIntel
cpu family	: 6
model		: 142
model name	: Intel(R) Core(TM) i7-8550U CPU @ 1.80GHz
stepping	: 10
microcode	: 0xf0
cpu MHz		: 1000.003
cache size	: 8192 KB
physical id	: 0
siblings	: 8
core id		: 3
cpu cores	: 4
apicid		: 6
initial apicid	: 6
fpu		: yes
fpu_exception	: yes
cpuid level	: 22
wp		: yes
flags		: fpu vme de pse tsc msr pae mce cx8 apic sep mtrr pge mca cmov pat pse36 clflush dts acpi mmx fxsr sse sse2 ss ht tm pbe syscall nx pdpe1gb rdtscp lm constant_tsc art arch_perfmon pebs bts rep_good nopl xtopology nonstop_tsc cpuid aperfmperf pni pclmulqdq dtes64 monitor ds_cpl vmx est tm2 ssse3 sdbg fma cx16 xtpr pdcm pcid sse4_1 sse4_2 x2apic movbe popcnt tsc_deadline_timer aes xsave avx f16c rdrand lahf_lm abm 3dnowprefetch cpuid_fault epb invpcid_single pti ssbd ibrs ibpb stibp tpr_shadow vnmi flexpriority ept vpid fsgsbase tsc_adjust bmi1 avx2 smep bmi2 erms invpcid mpx rdseed adx smap clflushopt intel_pt xsaveopt xsavec xgetbv1 xsaves dtherm ida arat pln pts hwp hwp_notify hwp_act_window hwp_epp md_clear flush_l1d arch_capabilities
bugs		: cpu_meltdown spectre_v1 spectre_v2 spec_store_bypass l1tf mds swapgs itlb_multihit srbds mmio_stale_data
bogomips	: 3999.93
clflush size	: 64
cache_alignment	: 64
address sizes	: 39 bits physical, 48 bits virtual
power management:

processor	: 4
vendor_id	: GenuineIntel
cpu family	: 6
model		: 142
model name	: Intel(R) Core(TM) i7-8550U CPU @ 1.80GHz
stepping	: 10
microcode	: 0xf0
cpu MHz		: 1000.051
cache size	: 8192 KB
physical id	: 0
siblings	: 8
core id		: 0
cpu cores	: 4
apicid		: 1
initial apicid	: 1
fpu		: yes
fpu_exception	: yes
cpuid level	: 22
wp		: yes
flags		: fpu vme de pse tsc msr pae mce cx8 apic sep mtrr pge mca cmov pat pse36 clflush dts acpi mmx fxsr sse sse2 ss ht tm pbe syscall nx pdpe1gb rdtscp lm constant_tsc art arch_perfmon pebs bts rep_good nopl xtopology nonstop_tsc cpuid aperfmperf pni pclmulqdq dtes64 monitor ds_cpl vmx est tm2 ssse3 sdbg fma cx16 xtpr pdcm pcid sse4_1 sse4_2 x2apic movbe popcnt tsc_deadline_timer aes xsave avx f16c rdrand lahf_lm abm 3dnowprefetch cpuid_fault epb invpcid_single pti ssbd ibrs ibpb stibp tpr_shadow vnmi flexpriority ept vpid fsgsbase tsc_adjust bmi1 avx2 smep bmi2 erms invpcid mpx rdseed adx smap clflushopt intel_pt xsaveopt xsavec xgetbv1 xsaves dtherm ida arat pln pts hwp hwp_notify hwp_act_window hwp_epp md_clear flush_l1d arch_capabilities
bugs		: cpu_meltdown spectre_v1 spectre_v2 spec_store_bypass l1tf mds swapgs itlb_multihit srbds mmio_stale_data
bogomips	: 3999.93
clflush size	: 64
cache_alignment	: 64
address sizes	: 39 bits physical, 48 bits virtual
power management:

processor	: 5
vendor_id	: GenuineIntel
cpu family	: 6
model		: 142
model name	: Intel(R) Core(TM) i7-8550U CPU @ 1.80GHz
stepping	: 10
microcode	: 0xf0
cpu MHz		: 1000.019
cache size	: 8192 KB
physical id	: 0
siblings	: 8
core id		: 1
cpu cores	: 4
apicid		: 3
initial apicid	: 3
fpu		: yes
fpu_exception	: yes
cpuid level	: 22
wp		: yes
flags		: fpu vme de pse tsc msr pae mce cx8 apic sep mtrr pge mca cmov pat pse36 clflush dts acpi mmx fxsr sse sse2 ss ht tm pbe syscall nx pdpe1gb rdtscp lm constant_tsc art arch_perfmon pebs bts rep_good nopl xtopology nonstop_tsc cpuid aperfmperf pni pclmulqdq dtes64 monitor ds_cpl vmx est tm2 ssse3 sdbg fma cx16 xtpr pdcm pcid sse4_1 sse4_2 x2apic movbe popcnt tsc_deadline_timer aes xsave avx f16c rdrand lahf_lm abm 3dnowprefetch cpuid_fault epb invpcid_single pti ssbd ibrs ibpb stibp tpr_shadow vnmi flexpriority ept vpid fsgsbase tsc_adjust bmi1 avx2 smep bmi2 erms invpcid mpx rdseed adx smap clflushopt intel_pt xsaveopt xsavec xgetbv1 xsaves dtherm ida arat pln pts hwp hwp_notify hwp_act_window hwp_epp md_clear flush_l1d arch_capabilities
bugs		: cpu_meltdown spectre_v1 spectre_v2 spec_store_bypass l1tf mds swapgs itlb_multihit srbds mmio_stale_data
bogomips	: 3999.93
clflush size	: 64
cache_alignment	: 64
address sizes	: 39 bits physical, 48 bits virtual
power management:

processor	: 6
vendor_id	: GenuineIntel
cpu family	: 6
model		: 142
model name	: Intel(R) Core(TM) i7-8550U CPU @ 1.80GHz
stepping	: 10
microcode	: 0xf0
cpu MHz		: 1000.027
cache size	: 8192 KB
physical id	: 0
siblings	: 8
core id		: 2
cpu cores	: 4
apicid		: 5
initial apicid	: 5
fpu		: yes
fpu_exception	: yes
cpuid level	: 22
wp		: yes
flags		: fpu vme de pse tsc msr pae mce cx8 apic sep mtrr pge mca cmov pat pse36 clflush dts acpi mmx fxsr sse sse2 ss ht tm pbe syscall nx pdpe1gb rdtscp lm constant_tsc art arch_perfmon pebs bts rep_good nopl xtopology nonstop_tsc cpuid aperfmperf pni pclmulqdq dtes64 monitor ds_cpl vmx est tm2 ssse3 sdbg fma cx16 xtpr pdcm pcid sse4_1 sse4_2 x2apic movbe popcnt tsc_deadline_timer aes xsave avx f16c rdrand lahf_lm abm 3dnowprefetch cpuid_fault epb invpcid_single pti ssbd ibrs ibpb stibp tpr_shadow vnmi flexpriority ept vpid fsgsbase tsc_adjust bmi1 avx2 smep bmi2 erms invpcid mpx rdseed adx smap clflushopt intel_pt xsaveopt xsavec xgetbv1 xsaves dtherm ida arat pln pts hwp hwp_notify hwp_act_window hwp_epp md_clear flush_l1d arch_capabilities
bugs		: cpu_meltdown spectre_v1 spectre_v2 spec_store_bypass l1tf mds swapgs itlb_multihit srbds mmio_stale_data
bogomips	: 3999.93
clflush size	: 64
cache_alignment	: 64
address sizes	: 39 bits physical, 48 bits virtual
power management:

processor	: 7
vendor_id	: GenuineIntel
cpu family	: 6
model		: 142
model name	: Intel(R) Core(TM) i7-8550U CPU @ 1.80GHz
stepping	: 10
microcode	: 0xf0
cpu MHz		: 999.998
cache size	: 8192 KB
physical id	: 0
siblings	: 8
core id		: 3
cpu cores	: 4
apicid		: 7
initial apicid	: 7
fpu		: yes
fpu_exception	: yes
cpuid level	: 22
wp		: yes
flags		: fpu vme de pse tsc msr pae mce cx8 apic sep mtrr pge mca cmov pat pse36 clflush dts acpi mmx fxsr sse sse2 ss ht tm pbe syscall nx pdpe1gb rdtscp lm constant_tsc art arch_perfmon pebs bts rep_good nopl xtopology nonstop_tsc cpuid aperfmperf pni pclmulqdq dtes64 monitor ds_cpl vmx est tm2 ssse3 sdbg fma cx16 xtpr pdcm pcid sse4_1 sse4_2 x2apic movbe popcnt tsc_deadline_timer aes xsave avx f16c rdrand lahf_lm abm 3dnowprefetch cpuid_fault epb invpcid_single pti ssbd ibrs ibpb stibp tpr_shadow vnmi flexpriority ept vpid fsgsbase tsc_adjust bmi1 avx2 smep bmi2 erms invpcid mpx rdseed adx smap clflushopt intel_pt xsaveopt xsavec xgetbv1 xsaves dtherm ida arat pln pts hwp hwp_notify hwp_act_window hwp_epp md_clear flush_l1d arch_capabilities
bugs		: cpu_meltdown spectre_v1 spectre_v2 spec_store_bypass l1tf mds swapgs itlb_multihit srbds mmio_stale_data
bogomips	: 3999.93
clflush size	: 64
cache_alignment	: 64
address sizes	: 39 bits physical, 48 bits virtual
power management:



Memory: 4k page, physical 7887584k(109308k free), swap 2097148k(0k free)

vm_info: OpenJDK 64-Bit Server VM (25.292-b10) for linux-amd64 JRE (1.8.0_292-b10), built on Apr  9 2021 02:15:01 by "openjdk" with gcc 4.4.7 20120313 (Red Hat 4.4.7-23)

time: Thu Nov 24 10:32:10 2022
timezone: WET
elapsed time: 100.916010 seconds (0d 0h 1m 40s)

