#
# There is insufficient memory for the Java Runtime Environment to continue.
# Native memory allocation (mmap) failed to map 330301440 bytes for committing reserved memory.
# Possible reasons:
#   The system is out of physical RAM or swap space
#   The process is running with CompressedOops enabled, and the Java Heap may be blocking the growth of the native heap
# Possible solutions:
#   Reduce memory load on the system
#   Increase physical memory or swap space
#   Check if swap backing store is full
#   Decrease Java heap size (-Xmx/-Xms)
#   Decrease number of Java threads
#   Decrease Java thread stack sizes (-Xss)
#   Set larger code cache with -XX:ReservedCodeCacheSize=
#   JVM is running with Unscaled Compressed Oops mode in which the Java heap is
#     placed in the first 4GB address space. The Java Heap base address is the
#     maximum limit for the native heap growth. Please use -XX:HeapBaseMinAddress
#     to set the Java Heap base and to place the Java Heap above 4GB virtual address.
# This output file may be truncated or incomplete.
#
#  Out of Memory Error (os_linux.cpp:2795), pid=26568, tid=0x00007f61621e9700
#
# JRE version: OpenJDK Runtime Environment (8.0_292-b10) (build 1.8.0_292-b10)
# Java VM: OpenJDK 64-Bit Server VM (25.292-b10 mixed mode linux-amd64 compressed oops)
# Failed to write core dump. Core dumps have been disabled. To enable core dumping, try "ulimit -c unlimited" before starting Java again
#

---------------  T H R E A D  ---------------

Current thread (0x00007f6198082800):  VMThread [stack: 0x00007f61620ea000,0x00007f61621ea000] [id=26599]

Stack: [0x00007f61620ea000,0x00007f61621ea000],  sp=0x00007f61621e81d0,  free space=1016k
Native frames: (J=compiled Java code, j=interpreted, Vv=VM code, C=native code)
V  [libjvm.so+0xad852d]  VMError::report_and_die()+0x15d
V  [libjvm.so+0x4f19a9]  report_vm_out_of_memory(char const*, int, unsigned long, VMErrorType, char const*)+0x99
V  [libjvm.so+0x9373d3]  os::Linux::commit_memory_impl(char*, unsigned long, bool)+0x113
V  [libjvm.so+0x9375f9]  os::pd_commit_memory(char*, unsigned long, unsigned long, bool)+0x29
V  [libjvm.so+0x92b9aa]  os::commit_memory(char*, unsigned long, unsigned long, bool)+0x2a
V  [libjvm.so+0x99f2db]  PSVirtualSpace::expand_by(unsigned long)+0x6b
V  [libjvm.so+0x98f5d9]  PSOldGen::expand_by(unsigned long)+0x39
V  [libjvm.so+0x98f752]  PSOldGen::expand(unsigned long)+0xa2
V  [libjvm.so+0x98fb4b]  PSOldGen::resize(unsigned long)+0x1db
V  [libjvm.so+0x997b16]  PSParallelCompact::invoke_no_policy(bool)+0xa16
V  [libjvm.so+0x99d519]  PSScavenge::invoke()+0x179
V  [libjvm.so+0x95746d]  ParallelScavengeHeap::failed_mem_allocate(unsigned long)+0x6d
V  [libjvm.so+0xada497]  VM_ParallelGCFailedAllocation::doit()+0x97
V  [libjvm.so+0xae1d32]  VM_Operation::evaluate()+0x52
V  [libjvm.so+0xadf9eb]  VMThread::evaluate_operation(VM_Operation*)+0x9b
V  [libjvm.so+0xae0d1e]  VMThread::loop()+0x1fe
V  [libjvm.so+0xae11d3]  VMThread::run()+0x83
V  [libjvm.so+0x937762]  java_start(Thread*)+0x132

VM_Operation (0x00007f60935f45e0): ParallelGCFailedAllocation, mode: safepoint, requested by thread 0x00007f6120017000


---------------  P R O C E S S  ---------------

Java Threads: ( => current thread )
  0x00007f60a402a000 JavaThread "JMX server connection timeout 76" daemon [_thread_blocked, id=28672, stack(0x00007f60932f5000,0x00007f60933f6000)]
  0x00007f6120006000 JavaThread "jgroups-33,XPS-13-41698" [_thread_blocked, id=28670, stack(0x00007f60933f6000,0x00007f60934f7000)]
  0x00007f6120017000 JavaThread "jgroups-32,XPS-13-41698" [_thread_blocked, id=28667, stack(0x00007f60934f7000,0x00007f60935f8000)]
  0x00007f6120015800 JavaThread "jgroups-31,XPS-13-41698" [_thread_blocked, id=28666, stack(0x00007f60935f8000,0x00007f60936f9000)]
  0x00007f6120013800 JavaThread "jgroups-30,XPS-13-41698" [_thread_blocked, id=28665, stack(0x00007f60936f9000,0x00007f60937fa000)]
  0x00007f6120012000 JavaThread "jgroups-29,XPS-13-41698" [_thread_blocked, id=28664, stack(0x00007f60937fa000,0x00007f60938fb000)]
  0x00007f6120010000 JavaThread "jgroups-28,XPS-13-41698" [_thread_blocked, id=28663, stack(0x00007f60938fb000,0x00007f60939fc000)]
  0x00007f612000e000 JavaThread "jgroups-27,XPS-13-41698" [_thread_blocked, id=28662, stack(0x00007f60939fc000,0x00007f6093afd000)]
  0x00007f612000c800 JavaThread "jgroups-26,XPS-13-41698" [_thread_blocked, id=28661, stack(0x00007f6093afd000,0x00007f6093bfe000)]
  0x00007f612000a800 JavaThread "jgroups-25,XPS-13-41698" [_thread_blocked, id=28660, stack(0x00007f6093bfe000,0x00007f6093cff000)]
  0x00007f6120009000 JavaThread "jgroups-24,XPS-13-41698" [_thread_blocked, id=28659, stack(0x00007f6093cff000,0x00007f6093e00000)]
  0x00007f6120008000 JavaThread "jgroups-23,XPS-13-41698" [_thread_blocked, id=28658, stack(0x00007f61300cf000,0x00007f61301d0000)]
  0x00007f6120007800 JavaThread "jgroups-22,XPS-13-41698" [_thread_blocked, id=28657, stack(0x00007f6132cef000,0x00007f6132df0000)]
  0x00007f6118002800 JavaThread "FD_SOCK conn-handler-21,XPS-13-41698" daemon [_thread_in_native, id=28654, stack(0x00007f61315de000,0x00007f61316df000)]
  0x00007f60c4006800 JavaThread "FD_SOCK pinger-20,XPS-13-41698" daemon [_thread_in_native, id=28649, stack(0x00007f6130dd8000,0x00007f6130ed9000)]
  0x00007f60a0057000 JavaThread "jgroups-19,XPS-13-41698" [_thread_blocked, id=28648, stack(0x00007f61314dd000,0x00007f61315de000)]
  0x00007f6120005000 JavaThread "jgroups-17,XPS-13-41698" [_thread_blocked, id=28646, stack(0x00007f61310d9000,0x00007f61311da000)]
  0x00007f6114004800 JavaThread "jgroups-15,XPS-13-41698" [_thread_blocked, id=27113, stack(0x00007f61305d2000,0x00007f61306d3000)]
  0x00007f60940f4800 JavaThread "blocking-thread--p3-t1" daemon [_thread_blocked, id=26856, stack(0x00007f61311da000,0x00007f61312db000)]
  0x00007f60b0006800 JavaThread "RMI TCP Connection(4)-127.0.0.1" daemon [_thread_blocked, id=26845, stack(0x00007f61303d0000,0x00007f61304d1000)]
  0x00007f60b0004800 JavaThread "RMI TCP Connection(1012)-127.0.0.1" daemon [_thread_blocked, id=26844, stack(0x00007f61304d1000,0x00007f61305d2000)]
  0x00007f60a402a800 JavaThread "RMI Scheduler(0)" daemon [_thread_blocked, id=26828, stack(0x00007f61307d4000,0x00007f61308d5000)]
  0x00007f60b0001800 JavaThread "RMI TCP Connection(1011)-127.0.0.1" daemon [_thread_blocked, id=26827, stack(0x00007f61308d5000,0x00007f61309d6000)]
  0x00007f60ac00f800 JavaThread "RMI TCP Accept-0" daemon [_thread_in_native, id=26824, stack(0x00007f6130bd6000,0x00007f6130cd7000)]
  0x00007f614c001000 JavaThread "Attach Listener" daemon [_thread_blocked, id=26823, stack(0x00007f6130cd7000,0x00007f6130dd8000)]
  0x00007f60d0011000 JavaThread "non-blocking-thread--p2-t16" daemon [_thread_blocked, id=26692, stack(0x00007f61312db000,0x00007f61313dc000)]
  0x00007f60d000c000 JavaThread "non-blocking-thread--p2-t15" daemon [_thread_blocked, id=26690, stack(0x00007f61313dc000,0x00007f61314dd000)]
  0x00007f60d4003000 JavaThread "non-blocking-thread--p2-t14" daemon [_thread_blocked, id=26634, stack(0x00007f61316df000,0x00007f61317e0000)]
  0x00007f60d4001000 JavaThread "non-blocking-thread--p2-t13" daemon [_thread_blocked, id=26633, stack(0x00007f61317e0000,0x00007f61318e1000)]
  0x00007f6139299800 JavaThread "non-blocking-thread--p2-t12" daemon [_thread_blocked, id=26632, stack(0x00007f61318e1000,0x00007f61319e2000)]
  0x00007f60e8006000 JavaThread "non-blocking-thread--p2-t11" daemon [_thread_blocked, id=26631, stack(0x00007f61319e2000,0x00007f6131ae3000)]
  0x00007f60e8001000 JavaThread "non-blocking-thread--p2-t10" daemon [_thread_blocked, id=26630, stack(0x00007f6131ae3000,0x00007f6131be4000)]
  0x00007f6139297000 JavaThread "non-blocking-thread--p2-t9" daemon [_thread_blocked, id=26629, stack(0x00007f6131be4000,0x00007f6131ce5000)]
  0x00007f6139281800 JavaThread "non-blocking-thread--p2-t8" daemon [_thread_blocked, id=26628, stack(0x00007f6131ce5000,0x00007f6131de6000)]
  0x00007f60f802b000 JavaThread "non-blocking-thread--p2-t7" daemon [_thread_blocked, id=26627, stack(0x00007f6131fe6000,0x00007f61320e7000)]
  0x00007f60f8017000 JavaThread "non-blocking-thread--p2-t6" daemon [_thread_blocked, id=26626, stack(0x00007f61320e7000,0x00007f61321e8000)]
  0x00007f6139225000 JavaThread "non-blocking-thread--p2-t5" daemon [_thread_blocked, id=26625, stack(0x00007f61321e8000,0x00007f61322e9000)]
  0x00007f6139188800 JavaThread "expiration-thread--p5-t1" daemon [_thread_blocked, id=26624, stack(0x00007f61322e9000,0x00007f61323ea000)]
  0x00007f610801b000 JavaThread "non-blocking-thread--p2-t4" daemon [_thread_blocked, id=26623, stack(0x00007f61327ea000,0x00007f61328eb000)]
  0x00007f610800f800 JavaThread "timeout-thread--p4-t1" daemon [_thread_blocked, id=26622, stack(0x00007f61328eb000,0x00007f61329ec000)]
  0x00007f613908f000 JavaThread "non-blocking-thread--p2-t3" daemon [_thread_blocked, id=26621, stack(0x00007f61329ec000,0x00007f6132aed000)]
  0x00007f613906d800 JavaThread "non-blocking-thread--p2-t2" daemon [_thread_blocked, id=26620, stack(0x00007f6132aed000,0x00007f6132bee000)]
  0x00007f613906b800 JavaThread "non-blocking-thread--p2-t1" daemon [_thread_blocked, id=26619, stack(0x00007f6132bee000,0x00007f6132cef000)]
  0x00007f613905f800 JavaThread "FD_SOCK acceptor-7,XPS-13-41698" daemon [_thread_in_native, id=26617, stack(0x00007f6132df0000,0x00007f6132ef1000)]
  0x00007f613905b000 JavaThread "mcast-receiver-6,XPS-13-41698" [_thread_blocked, id=26616, stack(0x00007f6132ef1000,0x00007f6132ff2000)]
  0x00007f613905a000 JavaThread "ucast-receiver-5,XPS-13-41698" [_thread_blocked, id=26615, stack(0x00007f6132ff2000,0x00007f61330f3000)]
  0x00007f6139057000 JavaThread "TQ-Bundler-4,XPS-13-41698" [_thread_blocked, id=26614, stack(0x00007f61330f3000,0x00007f61331f4000)]
  0x00007f6139055000 JavaThread "Timer runner-2,XPS-13-41698" [_thread_blocked, id=26613, stack(0x00007f61331f4000,0x00007f61332f5000)]
  0x00007f6139008800 JavaThread "RxCachedWorkerPoolEvictor-1" daemon [_thread_blocked, id=26611, stack(0x00007f61334f5000,0x00007f61335f6000)]
  0x00007f6139000800 JavaThread "RxSchedulerPurge-1" daemon [_thread_blocked, id=26610, stack(0x00007f6160063000,0x00007f6160164000)]
  0x00007f61989ac000 JavaThread "thesis.Artifact.main()" [_thread_in_native, id=26609, stack(0x00007f61606d7000,0x00007f61607d8000)]
  0x00007f61980e4800 JavaThread "Service Thread" daemon [_thread_blocked, id=26607, stack(0x00007f6161602000,0x00007f6161703000)]
  0x00007f61980cf000 JavaThread "C1 CompilerThread3" daemon [_thread_blocked, id=26606, stack(0x00007f6161704000,0x00007f6161804000)]
  0x00007f61980cd000 JavaThread "C2 CompilerThread2" daemon [_thread_blocked, id=26605, stack(0x00007f6161805000,0x00007f6161905000)]
  0x00007f61980cb000 JavaThread "C2 CompilerThread1" daemon [_thread_blocked, id=26604, stack(0x00007f6161906000,0x00007f6161a06000)]
  0x00007f61980c8000 JavaThread "C2 CompilerThread0" daemon [_thread_blocked, id=26603, stack(0x00007f6161a07000,0x00007f6161b07000)]
  0x00007f61980c2800 JavaThread "Signal Dispatcher" daemon [_thread_blocked, id=26602, stack(0x00007f6161b07000,0x00007f6161c08000)]
  0x00007f6198091000 JavaThread "Finalizer" daemon [_thread_blocked, id=26601, stack(0x00007f6161ee7000,0x00007f6161fe8000)]
  0x00007f619808c800 JavaThread "Reference Handler" daemon [_thread_blocked, id=26600, stack(0x00007f6161fe8000,0x00007f61620e9000)]
  0x00007f619800b800 JavaThread "main" [_thread_blocked, id=26590, stack(0x00007f619fa4f000,0x00007f619fb4f000)]

Other Threads:
=>0x00007f6198082800 VMThread [stack: 0x00007f61620ea000,0x00007f61621ea000] [id=26599]
  0x00007f61980e7000 WatcherThread [stack: 0x00007f6161502000,0x00007f6161602000] [id=26608]

VM state:at safepoint (normal execution)

VM Mutex/Monitor currently owned by a thread:  ([mutex/lock_event])
[0x00007f6198007c30] ExpandHeap_lock - owner thread: 0x00007f6198082800
[0x00007f61980082b0] Threads_lock - owner thread: 0x00007f6198082800
[0x00007f61980087b0] Heap_lock - owner thread: 0x00007f6120017000

heap address: 0x0000000087a00000, size: 1926 MB, Compressed Oops mode: 32-bit
Narrow klass base: 0x0000000000000000, Narrow klass shift: 3
Compressed class space size: 1073741824 Address: 0x0000000100000000

Heap:
 PSYoungGen      total 438272K, used 119671K [0x00000000d7e00000, 0x0000000100000000, 0x0000000100000000)
  eden space 219136K, 0% used [0x00000000d7e00000,0x00000000d7e00000,0x00000000e5400000)
  from space 219136K, 54% used [0x00000000e5400000,0x00000000ec8ddc98,0x00000000f2a00000)
  to   space 219136K, 0% used [0x00000000f2a00000,0x00000000f2a00000,0x0000000100000000)
 ParOldGen       total 774656K, used 774388K [0x0000000087a00000, 0x00000000b6e80000, 0x00000000d7e00000)
  object space 774656K, 99% used [0x0000000087a00000,0x00000000b6e3d1e0,0x00000000b6e80000)
 Metaspace       used 45509K, capacity 48384K, committed 49832K, reserved 1093632K
  class space    used 5683K, capacity 6313K, committed 6568K, reserved 1048576K

Card table byte_map: [0x00007f619c346000,0x00007f619c70a000] byte_map_base: 0x00007f619bf09000

Marking Bits: (ParMarkBitMap*) 0x00007f619eeef820
 Begin Bits: [0x00007f61683d0000, 0x00007f616a1e8000)
 End Bits:   [0x00007f616a1e8000, 0x00007f616c000000)

Polling page: 0x00007f619fb6f000

CodeCache: size=245760Kb used=22616Kb max_used=22702Kb free=223143Kb
 bounds [0x00007f6189000000, 0x00007f618a660000, 0x00007f6198000000]
 total_blobs=7593 nmethods=7029 adapters=477
 compilation: enabled

Compilation events (10 events):
Event: 5318,625 Thread 0x00007f61980cd000 10039       4       org.jgroups.util.Table::_add (148 bytes)
Event: 5318,635 Thread 0x00007f61980cd000 nmethod 10039 0x00007f618944b110 code [0x00007f618944b2e0, 0x00007f618944bd68]
Event: 5320,356 Thread 0x00007f61980cb000 10040   !   4       org.infinispan.interceptors.BaseAsyncInterceptor::invokeNextThenApply (79 bytes)
Event: 5320,358 Thread 0x00007f61980cb000 nmethod 10040 0x00007f6189c67e50 code [0x00007f6189c67fe0, 0x00007f6189c68238]
Event: 5320,379 Thread 0x00007f61980c8000 10041   !   4       org.jgroups.util.Table::add (45 bytes)
Event: 5320,381 Thread 0x00007f61980c8000 nmethod 10041 0x00007f618a49ebd0 code [0x00007f618a49ed60, 0x00007f618a49efc8]
Event: 5320,381 Thread 0x00007f61980cd000 10042       4       java.util.stream.ReferencePipeline$2$1::begin (13 bytes)
Event: 5320,382 Thread 0x00007f61980cd000 nmethod 10042 0x00007f61899806d0 code [0x00007f6189980820, 0x00007f61899808b8]
Event: 5320,520 Thread 0x00007f61980cb000 10043       4       org.infinispan.marshall.core.GlobalMarshaller::objectFromByteBuffer (15 bytes)
Event: 5320,522 Thread 0x00007f61980cb000 nmethod 10043 0x00007f6189d7d8d0 code [0x00007f6189d7da40, 0x00007f6189d7dbe8]

GC Heap History (10 events):
Event: 5315,578 GC heap after
Heap after GC invocations=68 (full 7):
 PSYoungGen      total 438272K, used 130920K [0x00000000d7e00000, 0x0000000100000000, 0x0000000100000000)
  eden space 219136K, 0% used [0x00000000d7e00000,0x00000000d7e00000,0x00000000e5400000)
  from space 219136K, 59% used [0x00000000e5400000,0x00000000ed3da340,0x00000000f2a00000)
  to   space 219136K, 0% used [0x00000000f2a00000,0x00000000f2a00000,0x0000000100000000)
 ParOldGen       total 774656K, used 496120K [0x0000000087a00000, 0x00000000b6e80000, 0x00000000d7e00000)
  object space 774656K, 64% used [0x0000000087a00000,0x00000000a5e7e150,0x00000000b6e80000)
 Metaspace       used 45507K, capacity 48384K, committed 49832K, reserved 1093632K
  class space    used 5683K, capacity 6313K, committed 6568K, reserved 1048576K
}
Event: 5317,494 GC heap before
{Heap before GC invocations=69 (full 7):
 PSYoungGen      total 438272K, used 350056K [0x00000000d7e00000, 0x0000000100000000, 0x0000000100000000)
  eden space 219136K, 100% used [0x00000000d7e00000,0x00000000e5400000,0x00000000e5400000)
  from space 219136K, 59% used [0x00000000e5400000,0x00000000ed3da340,0x00000000f2a00000)
  to   space 219136K, 0% used [0x00000000f2a00000,0x00000000f2a00000,0x0000000100000000)
 ParOldGen       total 774656K, used 496120K [0x0000000087a00000, 0x00000000b6e80000, 0x00000000d7e00000)
  object space 774656K, 64% used [0x0000000087a00000,0x00000000a5e7e150,0x00000000b6e80000)
 Metaspace       used 45508K, capacity 48384K, committed 49832K, reserved 1093632K
  class space    used 5683K, capacity 6313K, committed 6568K, reserved 1048576K
Event: 5317,624 GC heap after
Heap after GC invocations=69 (full 7):
 PSYoungGen      total 438272K, used 213787K [0x00000000d7e00000, 0x0000000100000000, 0x0000000100000000)
  eden space 219136K, 0% used [0x00000000d7e00000,0x00000000d7e00000,0x00000000e5400000)
  from space 219136K, 97% used [0x00000000f2a00000,0x00000000ffac6f08,0x0000000100000000)
  to   space 219136K, 0% used [0x00000000e5400000,0x00000000e5400000,0x00000000f2a00000)
 ParOldGen       total 774656K, used 496120K [0x0000000087a00000, 0x00000000b6e80000, 0x00000000d7e00000)
  object space 774656K, 64% used [0x0000000087a00000,0x00000000a5e7e150,0x00000000b6e80000)
 Metaspace       used 45508K, capacity 48384K, committed 49832K, reserved 1093632K
  class space    used 5683K, capacity 6313K, committed 6568K, reserved 1048576K
}
Event: 5318,090 GC heap before
{Heap before GC invocations=70 (full 7):
 PSYoungGen      total 438272K, used 432923K [0x00000000d7e00000, 0x0000000100000000, 0x0000000100000000)
  eden space 219136K, 100% used [0x00000000d7e00000,0x00000000e5400000,0x00000000e5400000)
  from space 219136K, 97% used [0x00000000f2a00000,0x00000000ffac6f08,0x0000000100000000)
  to   space 219136K, 0% used [0x00000000e5400000,0x00000000e5400000,0x00000000f2a00000)
 ParOldGen       total 774656K, used 496120K [0x0000000087a00000, 0x00000000b6e80000, 0x00000000d7e00000)
  object space 774656K, 64% used [0x0000000087a00000,0x00000000a5e7e150,0x00000000b6e80000)
 Metaspace       used 45508K, capacity 48384K, committed 49832K, reserved 1093632K
  class space    used 5683K, capacity 6313K, committed 6568K, reserved 1048576K
Event: 5318,258 GC heap after
Heap after GC invocations=70 (full 7):
 PSYoungGen      total 438272K, used 219106K [0x00000000d7e00000, 0x0000000100000000, 0x0000000100000000)
  eden space 219136K, 0% used [0x00000000d7e00000,0x00000000d7e00000,0x00000000e5400000)
  from space 219136K, 99% used [0x00000000e5400000,0x00000000f29f8858,0x00000000f2a00000)
  to   space 219136K, 0% used [0x00000000f2a00000,0x00000000f2a00000,0x0000000100000000)
 ParOldGen       total 774656K, used 548728K [0x0000000087a00000, 0x00000000b6e80000, 0x00000000d7e00000)
  object space 774656K, 70% used [0x0000000087a00000,0x00000000a91de150,0x00000000b6e80000)
 Metaspace       used 45508K, capacity 48384K, committed 49832K, reserved 1093632K
  class space    used 5683K, capacity 6313K, committed 6568K, reserved 1048576K
}
Event: 5320,177 GC heap before
{Heap before GC invocations=71 (full 7):
 PSYoungGen      total 438272K, used 438242K [0x00000000d7e00000, 0x0000000100000000, 0x0000000100000000)
  eden space 219136K, 100% used [0x00000000d7e00000,0x00000000e5400000,0x00000000e5400000)
  from space 219136K, 99% used [0x00000000e5400000,0x00000000f29f8858,0x00000000f2a00000)
  to   space 219136K, 0% used [0x00000000f2a00000,0x00000000f2a00000,0x0000000100000000)
 ParOldGen       total 774656K, used 548728K [0x0000000087a00000, 0x00000000b6e80000, 0x00000000d7e00000)
  object space 774656K, 70% used [0x0000000087a00000,0x00000000a91de150,0x00000000b6e80000)
 Metaspace       used 45509K, capacity 48384K, committed 49832K, reserved 1093632K
  class space    used 5683K, capacity 6313K, committed 6568K, reserved 1048576K
Event: 5320,317 GC heap after
Heap after GC invocations=71 (full 7):
 PSYoungGen      total 438272K, used 219106K [0x00000000d7e00000, 0x0000000100000000, 0x0000000100000000)
  eden space 219136K, 0% used [0x00000000d7e00000,0x00000000d7e00000,0x00000000e5400000)
  from space 219136K, 99% used [0x00000000f2a00000,0x00000000ffff8900,0x0000000100000000)
  to   space 219136K, 0% used [0x00000000e5400000,0x00000000e5400000,0x00000000f2a00000)
 ParOldGen       total 774656K, used 615024K [0x0000000087a00000, 0x00000000b6e80000, 0x00000000d7e00000)
  object space 774656K, 79% used [0x0000000087a00000,0x00000000ad29c150,0x00000000b6e80000)
 Metaspace       used 45509K, capacity 48384K, committed 49832K, reserved 1093632K
  class space    used 5683K, capacity 6313K, committed 6568K, reserved 1048576K
}
Event: 5320,837 GC heap before
{Heap before GC invocations=72 (full 7):
 PSYoungGen      total 438272K, used 438242K [0x00000000d7e00000, 0x0000000100000000, 0x0000000100000000)
  eden space 219136K, 100% used [0x00000000d7e00000,0x00000000e5400000,0x00000000e5400000)
  from space 219136K, 99% used [0x00000000f2a00000,0x00000000ffff8900,0x0000000100000000)
  to   space 219136K, 0% used [0x00000000e5400000,0x00000000e5400000,0x00000000f2a00000)
 ParOldGen       total 774656K, used 615024K [0x0000000087a00000, 0x00000000b6e80000, 0x00000000d7e00000)
  object space 774656K, 79% used [0x0000000087a00000,0x00000000ad29c150,0x00000000b6e80000)
 Metaspace       used 45509K, capacity 48384K, committed 49832K, reserved 1093632K
  class space    used 5683K, capacity 6313K, committed 6568K, reserved 1048576K
Event: 5321,034 GC heap after
Heap after GC invocations=72 (full 7):
 PSYoungGen      total 438272K, used 219108K [0x00000000d7e00000, 0x0000000100000000, 0x0000000100000000)
  eden space 219136K, 0% used [0x00000000d7e00000,0x00000000d7e00000,0x00000000e5400000)
  from space 219136K, 99% used [0x00000000e5400000,0x00000000f29f92c0,0x00000000f2a00000)
  to   space 219136K, 0% used [0x00000000f2a00000,0x00000000f2a00000,0x0000000100000000)
 ParOldGen       total 774656K, used 683424K [0x0000000087a00000, 0x00000000b6e80000, 0x00000000d7e00000)
  object space 774656K, 88% used [0x0000000087a00000,0x00000000b1568150,0x00000000b6e80000)
 Metaspace       used 45509K, capacity 48384K, committed 49832K, reserved 1093632K
  class space    used 5683K, capacity 6313K, committed 6568K, reserved 1048576K
}
Event: 5321,034 GC heap before
{Heap before GC invocations=73 (full 8):
 PSYoungGen      total 438272K, used 219108K [0x00000000d7e00000, 0x0000000100000000, 0x0000000100000000)
  eden space 219136K, 0% used [0x00000000d7e00000,0x00000000d7e00000,0x00000000e5400000)
  from space 219136K, 99% used [0x00000000e5400000,0x00000000f29f92c0,0x00000000f2a00000)
  to   space 219136K, 0% used [0x00000000f2a00000,0x00000000f2a00000,0x0000000100000000)
 ParOldGen       total 774656K, used 683424K [0x0000000087a00000, 0x00000000b6e80000, 0x00000000d7e00000)
  object space 774656K, 88% used [0x0000000087a00000,0x00000000b1568150,0x00000000b6e80000)
 Metaspace       used 45509K, capacity 48384K, committed 49832K, reserved 1093632K
  class space    used 5683K, capacity 6313K, committed 6568K, reserved 1048576K

Deoptimization events (10 events):
Event: 5313,930 Thread 0x00007f60b0001800 Uncommon trap: reason=unstable_if action=reinterpret pc=0x00007f618a54cb9c method=sun.rmi.server.UnicastServerRef.unmarshalParameters(Ljava/lang/Object;Ljava/lang/reflect/Method;Lsun/rmi/server/MarshalInputStream;)[Ljava/lang/Object; @ 4
Event: 5313,930 Thread 0x00007f60b0001800 Uncommon trap: reason=class_check action=maybe_recompile pc=0x00007f618918c740 method=java.util.Random.nextLong()J @ 3
Event: 5313,930 Thread 0x00007f60b0001800 Uncommon trap: reason=unstable_if action=reinterpret pc=0x00007f6189ff7790 method=sun.rmi.server.MarshalOutputStream.replaceObject(Ljava/lang/Object;)Ljava/lang/Object; @ 4
Event: 5313,932 Thread 0x00007f60b0001800 Uncommon trap: reason=unstable_if action=reinterpret pc=0x00007f618926bd20 method=sun.rmi.transport.ConnectionOutputStream.done()V @ 4
Event: 5313,933 Thread 0x00007f60b0001800 Uncommon trap: reason=class_check action=maybe_recompile pc=0x00007f61897ff0d8 method=java.util.Hashtable.put(Ljava/lang/Object;Ljava/lang/Object;)Ljava/lang/Object; @ 18
Event: 5313,935 Thread 0x00007f60b0001800 Uncommon trap: reason=null_check action=make_not_entrant pc=0x00007f618a2a697c method=java.io.ObjectInputStream.readArray(Z)Ljava/lang/Object; @ 419
Event: 5313,935 Thread 0x00007f60b0001800 Uncommon trap: reason=null_check action=make_not_entrant pc=0x00007f618a4d1684 method=javax.management.remote.rmi.RMIConnectionImpl.doOperation(I[Ljava/lang/Object;)Ljava/lang/Object; @ 578
Event: 5313,936 Thread 0x00007f60b0001800 Uncommon trap: reason=class_check action=maybe_recompile pc=0x00007f6189239624 method=java.lang.reflect.Array.newInstance(Ljava/lang/Class;I)Ljava/lang/Object; @ 2
Event: 5315,578 Thread 0x00007f6120006000 Uncommon trap: reason=unstable_if action=reinterpret pc=0x00007f618a5aa9b4 method=org.jgroups.util.Table._add(JLjava/lang/Object;ZLjava/util/function/Predicate;)Z @ 71
Event: 5315,581 Thread 0x00007f60b0004800 Uncommon trap: reason=class_check action=maybe_recompile pc=0x00007f6189239624 method=java.lang.reflect.Array.newInstance(Ljava/lang/Class;I)Ljava/lang/Object; @ 2

Classes redefined (0 events):
No events

Internal exceptions (10 events):
Event: 5300,048 Thread 0x00007f6114004800 Implicit null exception at 0x00007f6189299805 to 0x00007f618929b82d
Event: 5300,070 Thread 0x00007f6120008000 Implicit null exception at 0x00007f61891a8c2c to 0x00007f61891a8cd9
Event: 5300,086 Thread 0x00007f6120007800 Implicit null exception at 0x00007f6189e6dfc1 to 0x00007f6189e6fe21
Event: 5300,373 Thread 0x00007f6120008000 Implicit null exception at 0x00007f61892ecf1b to 0x00007f61892ed7ed
Event: 5312,347 Thread 0x00007f60a402a800 Implicit null exception at 0x00007f6189fec7ee to 0x00007f6189fece25
Event: 5313,918 Thread 0x00007f60b0004800 Implicit null exception at 0x00007f618a46fedf to 0x00007f618a4715c5
Event: 5313,920 Thread 0x00007f60b0004800 Exception <a 'java/lang/NoSuchMethodError': <clinit>> (0x00000000e11ad978) thrown at [/home/openjdk/jdk8u/hotspot/src/share/vm/prims/jni.cpp, line 1616]
Event: 5313,935 Thread 0x00007f60b0001800 Implicit null exception at 0x00007f618a2a4fa2 to 0x00007f618a2a695d
Event: 5313,935 Thread 0x00007f60b0001800 Implicit null exception at 0x00007f618a4d2ae4 to 0x00007f618a4d1671
Event: 5313,935 Thread 0x00007f60b0001800 Exception <a 'java/lang/NoSuchMethodError': <clinit>> (0x00000000e38ff650) thrown at [/home/openjdk/jdk8u/hotspot/src/share/vm/prims/jni.cpp, line 1616]

Events (10 events):
Event: 5315,581 Thread 0x00007f60b0004800 Uncommon trap: trap_request=0xffffffde fr.pc=0x00007f6189239624
Event: 5315,581 Thread 0x00007f60b0004800 DEOPT PACKING pc=0x00007f6189239624 sp=0x00007f61305ce710
Event: 5315,581 Thread 0x00007f60b0004800 DEOPT UNPACKING pc=0x00007f618904547a sp=0x00007f61305ce6d0 mode 2
Event: 5317,494 Executing VM operation: ParallelGCFailedAllocation
Event: 5317,624 Executing VM operation: ParallelGCFailedAllocation done
Event: 5318,090 Executing VM operation: ParallelGCFailedAllocation
Event: 5318,258 Executing VM operation: ParallelGCFailedAllocation done
Event: 5320,177 Executing VM operation: ParallelGCFailedAllocation
Event: 5320,317 Executing VM operation: ParallelGCFailedAllocation done
Event: 5320,837 Executing VM operation: ParallelGCFailedAllocation


Dynamic libraries:
87a00000-b6e80000 rw-p 00000000 00:00 0 
ca980000-d7e00000 ---p 00000000 00:00 0 
d7e00000-100000000 rw-p 00000000 00:00 0 
100000000-10066a000 rw-p 00000000 00:00 0 
10066a000-140000000 ---p 00000000 00:00 0 
55d355da5000-55d355da6000 r-xp 00000000 103:07 2552286                   /home/francisco/.sdkman/candidates/java/8.0.292-open/bin/java
55d355fa5000-55d355fa6000 r--p 00000000 103:07 2552286                   /home/francisco/.sdkman/candidates/java/8.0.292-open/bin/java
55d355fa6000-55d355fa7000 rw-p 00001000 103:07 2552286                   /home/francisco/.sdkman/candidates/java/8.0.292-open/bin/java
55d357f16000-55d357f37000 rw-p 00000000 00:00 0                          [heap]
7f607c000000-7f607c021000 rw-p 00000000 00:00 0 
7f607c021000-7f6080000000 ---p 00000000 00:00 0 
7f6084000000-7f6084021000 rw-p 00000000 00:00 0 
7f6084021000-7f6088000000 ---p 00000000 00:00 0 
7f6088000000-7f6088021000 rw-p 00000000 00:00 0 
7f6088021000-7f608c000000 ---p 00000000 00:00 0 
7f608c000000-7f608c021000 rw-p 00000000 00:00 0 
7f608c021000-7f6090000000 ---p 00000000 00:00 0 
7f60932f5000-7f60932f8000 ---p 00000000 00:00 0 
7f60932f8000-7f60933f6000 rw-p 00000000 00:00 0 
7f60933f6000-7f60933f9000 ---p 00000000 00:00 0 
7f60933f9000-7f60934f7000 rw-p 00000000 00:00 0 
7f60934f7000-7f60934fa000 ---p 00000000 00:00 0 
7f60934fa000-7f60935f8000 rw-p 00000000 00:00 0 
7f60935f8000-7f60935fb000 ---p 00000000 00:00 0 
7f60935fb000-7f60936f9000 rw-p 00000000 00:00 0 
7f60936f9000-7f60936fc000 ---p 00000000 00:00 0 
7f60936fc000-7f60937fa000 rw-p 00000000 00:00 0 
7f60937fa000-7f60937fd000 ---p 00000000 00:00 0 
7f60937fd000-7f60938fb000 rw-p 00000000 00:00 0 
7f60938fb000-7f60938fe000 ---p 00000000 00:00 0 
7f60938fe000-7f60939fc000 rw-p 00000000 00:00 0 
7f60939fc000-7f60939ff000 ---p 00000000 00:00 0 
7f60939ff000-7f6093afd000 rw-p 00000000 00:00 0 
7f6093afd000-7f6093b00000 ---p 00000000 00:00 0 
7f6093b00000-7f6093bfe000 rw-p 00000000 00:00 0 
7f6093bfe000-7f6093c01000 ---p 00000000 00:00 0 
7f6093c01000-7f6093cff000 rw-p 00000000 00:00 0 
7f6093cff000-7f6093d02000 ---p 00000000 00:00 0 
7f6093d02000-7f6093e40000 rw-p 00000000 00:00 0 
7f6093e40000-7f6094000000 ---p 00000000 00:00 0 
7f6094000000-7f6094132000 rw-p 00000000 00:00 0 
7f6094132000-7f6098000000 ---p 00000000 00:00 0 
7f6098000000-7f6098021000 rw-p 00000000 00:00 0 
7f6098021000-7f609c000000 ---p 00000000 00:00 0 
7f609c000000-7f609c021000 rw-p 00000000 00:00 0 
7f609c021000-7f60a0000000 ---p 00000000 00:00 0 
7f60a0000000-7f60a006a000 rw-p 00000000 00:00 0 
7f60a006a000-7f60a4000000 ---p 00000000 00:00 0 
7f60a4000000-7f60a41d8000 rw-p 00000000 00:00 0 
7f60a41d8000-7f60a8000000 ---p 00000000 00:00 0 
7f60a8000000-7f60a8021000 rw-p 00000000 00:00 0 
7f60a8021000-7f60ac000000 ---p 00000000 00:00 0 
7f60ac000000-7f60ac025000 rw-p 00000000 00:00 0 
7f60ac025000-7f60b0000000 ---p 00000000 00:00 0 
7f60b0000000-7f60b0021000 rw-p 00000000 00:00 0 
7f60b0021000-7f60b4000000 ---p 00000000 00:00 0 
7f60b4000000-7f60b4021000 rw-p 00000000 00:00 0 
7f60b4021000-7f60b8000000 ---p 00000000 00:00 0 
7f60b8000000-7f60b803b000 rw-p 00000000 00:00 0 
7f60b803b000-7f60bc000000 ---p 00000000 00:00 0 
7f60bc000000-7f60bc021000 rw-p 00000000 00:00 0 
7f60bc021000-7f60c0000000 ---p 00000000 00:00 0 
7f60c0000000-7f60c0021000 rw-p 00000000 00:00 0 
7f60c0021000-7f60c4000000 ---p 00000000 00:00 0 
7f60c4000000-7f60c4021000 rw-p 00000000 00:00 0 
7f60c4021000-7f60c8000000 ---p 00000000 00:00 0 
7f60c8000000-7f60c8021000 rw-p 00000000 00:00 0 
7f60c8021000-7f60cc000000 ---p 00000000 00:00 0 
7f60cc000000-7f60cc021000 rw-p 00000000 00:00 0 
7f60cc021000-7f60d0000000 ---p 00000000 00:00 0 
7f60d0000000-7f60d0048000 rw-p 00000000 00:00 0 
7f60d0048000-7f60d4000000 ---p 00000000 00:00 0 
7f60d4000000-7f60d4021000 rw-p 00000000 00:00 0 
7f60d4021000-7f60d8000000 ---p 00000000 00:00 0 
7f60d8000000-7f60d8021000 rw-p 00000000 00:00 0 
7f60d8021000-7f60dc000000 ---p 00000000 00:00 0 
7f60dc000000-7f60dc021000 rw-p 00000000 00:00 0 
7f60dc021000-7f60e0000000 ---p 00000000 00:00 0 
7f60e0000000-7f60e0021000 rw-p 00000000 00:00 0 
7f60e0021000-7f60e4000000 ---p 00000000 00:00 0 
7f60e4000000-7f60e4021000 rw-p 00000000 00:00 0 
7f60e4021000-7f60e8000000 ---p 00000000 00:00 0 
7f60e8000000-7f60e8021000 rw-p 00000000 00:00 0 
7f60e8021000-7f60ec000000 ---p 00000000 00:00 0 
7f60ec000000-7f60ec021000 rw-p 00000000 00:00 0 
7f60ec021000-7f60f0000000 ---p 00000000 00:00 0 
7f60f0000000-7f60f0021000 rw-p 00000000 00:00 0 
7f60f0021000-7f60f4000000 ---p 00000000 00:00 0 
7f60f4000000-7f60f4021000 rw-p 00000000 00:00 0 
7f60f4021000-7f60f8000000 ---p 00000000 00:00 0 
7f60f8000000-7f60f802e000 rw-p 00000000 00:00 0 
7f60f802e000-7f60fc000000 ---p 00000000 00:00 0 
7f60fc000000-7f60fc021000 rw-p 00000000 00:00 0 
7f60fc021000-7f6100000000 ---p 00000000 00:00 0 
7f6100000000-7f6100021000 rw-p 00000000 00:00 0 
7f6100021000-7f6104000000 ---p 00000000 00:00 0 
7f6104000000-7f6104021000 rw-p 00000000 00:00 0 
7f6104021000-7f6108000000 ---p 00000000 00:00 0 
7f6108000000-7f610802b000 rw-p 00000000 00:00 0 
7f610802b000-7f610c000000 ---p 00000000 00:00 0 
7f610c000000-7f610c024000 rw-p 00000000 00:00 0 
7f610c024000-7f6110000000 ---p 00000000 00:00 0 
7f6110000000-7f6110021000 rw-p 00000000 00:00 0 
7f6110021000-7f6114000000 ---p 00000000 00:00 0 
7f6114000000-7f6114021000 rw-p 00000000 00:00 0 
7f6114021000-7f6118000000 ---p 00000000 00:00 0 
7f6118000000-7f6118021000 rw-p 00000000 00:00 0 
7f6118021000-7f611c000000 ---p 00000000 00:00 0 
7f611c000000-7f611c021000 rw-p 00000000 00:00 0 
7f611c021000-7f6120000000 ---p 00000000 00:00 0 
7f6120000000-7f612002b000 rw-p 00000000 00:00 0 
7f612002b000-7f6124000000 ---p 00000000 00:00 0 
7f6124000000-7f6124021000 rw-p 00000000 00:00 0 
7f6124021000-7f6128000000 ---p 00000000 00:00 0 
7f6128000000-7f6128021000 rw-p 00000000 00:00 0 
7f6128021000-7f612c000000 ---p 00000000 00:00 0 
7f612c000000-7f612c021000 rw-p 00000000 00:00 0 
7f612c021000-7f6130000000 ---p 00000000 00:00 0 
7f61300cf000-7f61300d2000 ---p 00000000 00:00 0 
7f61300d2000-7f61303d0000 rw-p 00000000 00:00 0 
7f61303d0000-7f61303d3000 ---p 00000000 00:00 0 
7f61303d3000-7f61304d1000 rw-p 00000000 00:00 0 
7f61304d1000-7f61304d4000 ---p 00000000 00:00 0 
7f61304d4000-7f61305d2000 rw-p 00000000 00:00 0 
7f61305d2000-7f61305d5000 ---p 00000000 00:00 0 
7f61305d5000-7f61306d3000 rw-p 00000000 00:00 0 
7f61306d3000-7f61306d6000 ---p 00000000 00:00 0 
7f61306d6000-7f61307d4000 rw-p 00000000 00:00 0 
7f61307d4000-7f61307d7000 ---p 00000000 00:00 0 
7f61307d7000-7f61308d5000 rw-p 00000000 00:00 0 
7f61308d5000-7f61308d8000 ---p 00000000 00:00 0 
7f61308d8000-7f6130bd6000 rw-p 00000000 00:00 0 
7f6130bd6000-7f6130bd9000 ---p 00000000 00:00 0 
7f6130bd9000-7f6130cd7000 rw-p 00000000 00:00 0 
7f6130cd7000-7f6130cda000 ---p 00000000 00:00 0 
7f6130cda000-7f6130dd8000 rw-p 00000000 00:00 0 
7f6130dd8000-7f6130ddb000 ---p 00000000 00:00 0 
7f6130ddb000-7f61310d9000 rw-p 00000000 00:00 0 
7f61310d9000-7f61310dc000 ---p 00000000 00:00 0 
7f61310dc000-7f61311da000 rw-p 00000000 00:00 0 
7f61311da000-7f61311dd000 ---p 00000000 00:00 0 
7f61311dd000-7f61312db000 rw-p 00000000 00:00 0 
7f61312db000-7f61312de000 ---p 00000000 00:00 0 
7f61312de000-7f61313dc000 rw-p 00000000 00:00 0 
7f61313dc000-7f61313df000 ---p 00000000 00:00 0 
7f61313df000-7f61314dd000 rw-p 00000000 00:00 0 
7f61314dd000-7f61314e0000 ---p 00000000 00:00 0 
7f61314e0000-7f61315de000 rw-p 00000000 00:00 0 
7f61315de000-7f61315e1000 ---p 00000000 00:00 0 
7f61315e1000-7f61316df000 rw-p 00000000 00:00 0 
7f61316df000-7f61316e2000 ---p 00000000 00:00 0 
7f61316e2000-7f61317e0000 rw-p 00000000 00:00 0 
7f61317e0000-7f61317e3000 ---p 00000000 00:00 0 
7f61317e3000-7f61318e1000 rw-p 00000000 00:00 0 
7f61318e1000-7f61318e4000 ---p 00000000 00:00 0 
7f61318e4000-7f61319e2000 rw-p 00000000 00:00 0 
7f61319e2000-7f61319e5000 ---p 00000000 00:00 0 
7f61319e5000-7f6131ae3000 rw-p 00000000 00:00 0 
7f6131ae3000-7f6131ae6000 ---p 00000000 00:00 0 
7f6131ae6000-7f6131be4000 rw-p 00000000 00:00 0 
7f6131be4000-7f6131be7000 ---p 00000000 00:00 0 
7f6131be7000-7f6131ce5000 rw-p 00000000 00:00 0 
7f6131ce5000-7f6131ce8000 ---p 00000000 00:00 0 
7f6131ce8000-7f6131fe6000 rw-p 00000000 00:00 0 
7f6131fe6000-7f6131fe9000 ---p 00000000 00:00 0 
7f6131fe9000-7f61320e7000 rw-p 00000000 00:00 0 
7f61320e7000-7f61320ea000 ---p 00000000 00:00 0 
7f61320ea000-7f61321e8000 rw-p 00000000 00:00 0 
7f61321e8000-7f61321eb000 ---p 00000000 00:00 0 
7f61321eb000-7f61322e9000 rw-p 00000000 00:00 0 
7f61322e9000-7f61322ec000 ---p 00000000 00:00 0 
7f61322ec000-7f61325ea000 rw-p 00000000 00:00 0 
7f61325ea000-7f61327ea000 rw-p 00000000 00:00 0 
7f61327ea000-7f61327ed000 ---p 00000000 00:00 0 
7f61327ed000-7f61328eb000 rw-p 00000000 00:00 0 
7f61328eb000-7f61328ee000 ---p 00000000 00:00 0 
7f61328ee000-7f61329ec000 rw-p 00000000 00:00 0 
7f61329ec000-7f61329ef000 ---p 00000000 00:00 0 
7f61329ef000-7f6132aed000 rw-p 00000000 00:00 0 
7f6132aed000-7f6132af0000 ---p 00000000 00:00 0 
7f6132af0000-7f6132bee000 rw-p 00000000 00:00 0 
7f6132bee000-7f6132bf1000 ---p 00000000 00:00 0 
7f6132bf1000-7f6132cef000 rw-p 00000000 00:00 0 
7f6132cef000-7f6132cf2000 ---p 00000000 00:00 0 
7f6132cf2000-7f6132df0000 rw-p 00000000 00:00 0 
7f6132df0000-7f6132df3000 ---p 00000000 00:00 0 
7f6132df3000-7f6132ef1000 rw-p 00000000 00:00 0 
7f6132ef1000-7f6132ef4000 ---p 00000000 00:00 0 
7f6132ef4000-7f6132ff2000 rw-p 00000000 00:00 0 
7f6132ff2000-7f6132ff5000 ---p 00000000 00:00 0 
7f6132ff5000-7f61330f3000 rw-p 00000000 00:00 0 
7f61330f3000-7f61330f6000 ---p 00000000 00:00 0 
7f61330f6000-7f61331f4000 rw-p 00000000 00:00 0 
7f61331f4000-7f61331f7000 ---p 00000000 00:00 0 
7f61331f7000-7f61334f5000 rw-p 00000000 00:00 0 
7f61334f5000-7f61334f8000 ---p 00000000 00:00 0 
7f61334f8000-7f61337f6000 rw-p 00000000 00:00 0 
7f61337f6000-7f61339f6000 rw-p 00000000 00:00 0 
7f61339f6000-7f61339ff000 r-xp 00000000 103:07 2551775                   /home/francisco/.sdkman/candidates/java/8.0.292-open/jre/lib/amd64/libmanagement.so
7f61339ff000-7f6133bfe000 ---p 00009000 103:07 2551775                   /home/francisco/.sdkman/candidates/java/8.0.292-open/jre/lib/amd64/libmanagement.so
7f6133bfe000-7f6133bff000 r--p 00008000 103:07 2551775                   /home/francisco/.sdkman/candidates/java/8.0.292-open/jre/lib/amd64/libmanagement.so
7f6133bff000-7f6133c00000 rw-p 00009000 103:07 2551775                   /home/francisco/.sdkman/candidates/java/8.0.292-open/jre/lib/amd64/libmanagement.so
7f6133c00000-7f6133e00000 rw-p 00000000 00:00 0 
7f6133e00000-7f6134000000 rw-p 00000000 00:00 0 
7f6134000000-7f6134021000 rw-p 00000000 00:00 0 
7f6134021000-7f6138000000 ---p 00000000 00:00 0 
7f6138000000-7f61392cc000 rw-p 00000000 00:00 0 
7f61392cc000-7f613c000000 ---p 00000000 00:00 0 
7f613c000000-7f613cb25000 rw-p 00000000 00:00 0 
7f613cb25000-7f6140000000 ---p 00000000 00:00 0 
7f6140000000-7f6140021000 rw-p 00000000 00:00 0 
7f6140021000-7f6144000000 ---p 00000000 00:00 0 
7f6144000000-7f6145f5f000 rw-p 00000000 00:00 0 
7f6145f5f000-7f6148000000 ---p 00000000 00:00 0 
7f6148000000-7f614a047000 rw-p 00000000 00:00 0 
7f614a047000-7f614c000000 ---p 00000000 00:00 0 
7f614c000000-7f614c021000 rw-p 00000000 00:00 0 
7f614c021000-7f6150000000 ---p 00000000 00:00 0 
7f6150000000-7f6152039000 rw-p 00000000 00:00 0 
7f6152039000-7f6154000000 ---p 00000000 00:00 0 
7f6154000000-7f6154021000 rw-p 00000000 00:00 0 
7f6154021000-7f6158000000 ---p 00000000 00:00 0 
7f6158000000-7f6158021000 rw-p 00000000 00:00 0 
7f6158021000-7f615c000000 ---p 00000000 00:00 0 
7f615c000000-7f615c2b7000 rw-p 00000000 00:00 0 
7f615c2b7000-7f6160000000 ---p 00000000 00:00 0 
7f6160047000-7f6160063000 r--s 00393000 103:07 2551758                   /home/francisco/.sdkman/candidates/java/8.0.292-open/jre/lib/ext/cldrdata.jar
7f6160063000-7f6160066000 ---p 00000000 00:00 0 
7f6160066000-7f6160364000 rw-p 00000000 00:00 0 
7f6160364000-7f616036a000 r--s 00031000 103:07 660843                    /home/francisco/.m2/repository/org/wildfly/common/wildfly-common/1.3.0.Final/wildfly-common-1.3.0.Final.jar
7f616036a000-7f616036e000 r--s 00025000 103:07 660841                    /home/francisco/.m2/repository/org/jboss/threads/jboss-threads/2.3.3.Final/jboss-threads-2.3.3.Final.jar
7f616036e000-7f6160370000 r--s 0000d000 103:07 660839                    /home/francisco/.m2/repository/org/jboss/logging/jboss-logging/3.4.1.Final/jboss-logging-3.4.1.Final.jar
7f6160370000-7f6160570000 rw-p 00000000 00:00 0 
7f6160570000-7f6160571000 r--s 00003000 103:07 3279700                   /home/francisco/.m2/repository/jakarta/transaction/jakarta.transaction-api/1.3.3/jakarta.transaction-api-1.3.3.jar
7f6160571000-7f6160583000 r--s 000c6000 103:07 660837                    /home/francisco/.m2/repository/com/github/ben-manes/caffeine/caffeine/2.8.4/caffeine-2.8.4.jar
7f6160583000-7f616059a000 r--s 00235000 103:07 660835                    /home/francisco/.m2/repository/org/jgroups/jgroups/4.2.18.Final/jgroups-4.2.18.Final.jar
7f616059a000-7f616059f000 r--s 00018000 103:07 660833                    /home/francisco/.m2/repository/org/infinispan/protostream/protostream-types/4.4.3.Final/protostream-types-4.4.3.Final.jar
7f616059f000-7f61605b3000 r--s 00119000 103:07 660831                    /home/francisco/.m2/repository/org/infinispan/protostream/protostream/4.4.3.Final/protostream-4.4.3.Final.jar
7f61605b3000-7f61605b4000 r--s 00002000 103:07 660829                    /home/francisco/.m2/repository/org/reactivestreams/reactive-streams/1.0.3/reactive-streams-1.0.3.jar
7f61605b4000-7f61605ec000 r--s 0024c000 103:07 3279698                   /home/francisco/.m2/repository/io/reactivex/rxjava3/rxjava/3.0.4/rxjava-3.0.4.jar
7f61605ec000-7f61605fb000 r--s 000a4000 103:07 660827                    /home/francisco/.m2/repository/org/infinispan/infinispan-commons/13.0.11.Final/infinispan-commons-13.0.11.Final.jar
7f61605fb000-7f616064e000 r--s 004c7000 103:07 660825                    /home/francisco/.m2/repository/org/infinispan/infinispan-core/13.0.11.Final/infinispan-core-13.0.11.Final.jar
7f616064e000-7f61606d4000 r--s 00b8b000 103:07 2627748                   /home/francisco/git/thesis/resources/weka.jar
7f61606d4000-7f61606d7000 r--s 00038000 103:07 2627746                   /home/francisco/git/thesis/resources/JLink.jar
7f61606d7000-7f61606da000 ---p 00000000 00:00 0 
7f61606da000-7f61607d8000 rw-p 00000000 00:00 0 
7f61607d8000-7f61607da000 r--s 0000b000 103:07 3674026                   /home/francisco/.m2/repository/org/apache/commons/commons-exec/1.1/commons-exec-1.1.jar
7f61607da000-7f61607de000 r--s 00033000 103:07 3679151                   /home/francisco/.m2/repository/org/codehaus/plexus/plexus-utils/2.0.5/plexus-utils-2.0.5.jar
7f61607de000-7f61607e0000 r--s 00002000 103:07 3679132                   /home/francisco/.m2/repository/org/codehaus/plexus/plexus-interactivity-api/1.0-alpha-4/plexus-interactivity-api-1.0-alpha-4.jar
7f61607e0000-7f61607e2000 r--s 00006000 103:07 3679140                   /home/francisco/.m2/repository/commons-cli/commons-cli/1.0/commons-cli-1.0.jar
7f61607e2000-7f61607e3000 r--s 00001000 103:07 3679133                   /home/francisco/.m2/repository/org/apache/maven/doxia/doxia-sink-api/1.0-alpha-7/doxia-sink-api-1.0-alpha-7.jar
7f61607e3000-7f61607e4000 r--s 00002000 103:07 3679131                   /home/francisco/.m2/repository/org/apache/maven/reporting/maven-reporting-api/2.0.6/maven-reporting-api-2.0.6.jar
7f61607e4000-7f61607e6000 r--s 00008000 103:07 3673935                   /home/francisco/.m2/repository/org/codehaus/mojo/exec-maven-plugin/1.2.1/exec-maven-plugin-1.2.1.jar
7f61607e6000-7f61609e6000 rw-p 00000000 00:00 0 
7f61609e6000-7f61609f1000 r--s 00116000 103:07 2551755                   /home/francisco/.sdkman/candidates/java/8.0.292-open/jre/lib/ext/localedata.jar
7f61609f1000-7f6160a02000 r--s 001bf000 103:07 2551765                   /home/francisco/.sdkman/candidates/java/8.0.292-open/jre/lib/jsse.jar
7f6160a02000-7f6160c02000 rw-p 00000000 00:00 0 
7f6160c02000-7f6160e02000 rw-p 00000000 00:00 0 
7f6160e02000-7f6161002000 rw-p 00000000 00:00 0 
7f6161002000-7f6161006000 r--s 0003b000 103:07 3428989                   /usr/share/java/plexus-utils2.jar
7f6161006000-7f6161007000 r--s 00004000 103:07 3414583                   /usr/share/java/maven3-slf4j-provider.jar
7f6161007000-7f616100b000 r--s 00027000 103:07 3418893                   /usr/share/java/maven-resolver-impl.jar
7f616100b000-7f616100d000 r--s 00000000 103:07 3420869                   /usr/share/java/plexus-component-annotations.jar
7f616100d000-7f616100f000 r--s 00008000 103:07 3414748                   /usr/share/java/maven-resolver-connector-basic.jar
7f616100f000-7f616101c000 r--s 0008b000 103:07 3414574                   /usr/share/java/maven3-core.jar
7f616101c000-7f616101e000 r--s 0000a000 103:07 3414578                   /usr/share/java/maven3-plugin-api.jar
7f616101e000-7f6161020000 r--s 00003000 103:07 3413016                   /usr/share/java/jcl-over-slf4j.jar
7f6161020000-7f6161023000 r--s 0000a000 103:07 3414571                   /usr/share/java/maven3-artifact.jar
7f6161023000-7f6161025000 r--s 00001000 103:07 3414572                   /usr/share/java/maven3-builder-support.jar
7f6161025000-7f6161028000 r--s 00011000 103:07 3429035                   /usr/share/java/plexus-interpolation.jar
7f6161028000-7f6161029000 r--s 00000000 103:07 3414591                   /usr/share/java/atinject-jsr330-api-1.0.jar
7f6161029000-7f616102b000 r--s 00009000 103:07 3413020                   /usr/share/java/slf4j-api.jar
7f616102b000-7f6161057000 r--s 00208000 103:07 3428924                   /usr/share/java/guava.jar
7f6161057000-7f616105e000 r--s 00041000 103:07 3414573                   /usr/share/java/maven3-compat.jar
7f616105e000-7f6161065000 r--s 00054000 103:07 3429039                   /usr/share/java/sisu-inject.jar
7f6161065000-7f6161067000 r--s 00001000 103:07 3411460                   /usr/share/java/aopalliance-1.0.jar
7f6161067000-7f616106a000 r--s 00027000 103:07 3414577                   /usr/share/java/maven3-model.jar
7f616106a000-7f616106c000 r--s 00006000 103:07 3419031                   /usr/share/java/maven-resolver-spi.jar
7f616106c000-7f6161074000 r--s 00072000 103:07 3414716                   /usr/share/java/commons-lang3.jar
7f6161074000-7f6161076000 r--s 0000b000 103:07 3412742                   /usr/share/java/wagon-provider-api.jar
7f6161076000-7f61610a3000 r--s 001ce000 103:07 3414569                   /usr/share/java/wagon-http-shaded-3.0.0.jar
7f61610a3000-7f61610d4000 rw-p 00000000 00:00 0 
7f61610d4000-7f61610ed000 r-xp 00000000 103:07 2551808                   /home/francisco/.sdkman/candidates/java/8.0.292-open/jre/lib/amd64/libnet.so
7f61610ed000-7f61612ec000 ---p 00019000 103:07 2551808                   /home/francisco/.sdkman/candidates/java/8.0.292-open/jre/lib/amd64/libnet.so
7f61612ec000-7f61612ed000 r--p 00018000 103:07 2551808                   /home/francisco/.sdkman/candidates/java/8.0.292-open/jre/lib/amd64/libnet.so
7f61612ed000-7f61612ee000 rw-p 00019000 103:07 2551808                   /home/francisco/.sdkman/candidates/java/8.0.292-open/jre/lib/amd64/libnet.so
7f61612ee000-7f61612ff000 r-xp 00000000 103:07 2551802                   /home/francisco/.sdkman/candidates/java/8.0.292-open/jre/lib/amd64/libnio.so
7f61612ff000-7f61614ff000 ---p 00011000 103:07 2551802                   /home/francisco/.sdkman/candidates/java/8.0.292-open/jre/lib/amd64/libnio.so
7f61614ff000-7f6161500000 r--p 00011000 103:07 2551802                   /home/francisco/.sdkman/candidates/java/8.0.292-open/jre/lib/amd64/libnio.so
7f6161500000-7f6161501000 rw-p 00012000 103:07 2551802                   /home/francisco/.sdkman/candidates/java/8.0.292-open/jre/lib/amd64/libnio.so
7f6161501000-7f6161502000 ---p 00000000 00:00 0 
7f6161502000-7f6161602000 rw-p 00000000 00:00 0 
7f6161602000-7f6161605000 ---p 00000000 00:00 0 
7f6161605000-7f6161703000 rw-p 00000000 00:00 0 
7f6161703000-7f6161704000 ---p 00000000 00:00 0 
7f6161704000-7f6161707000 ---p 00000000 00:00 0 
7f6161707000-7f6161804000 rw-p 00000000 00:00 0 
7f6161804000-7f6161805000 ---p 00000000 00:00 0 
7f6161805000-7f6161808000 ---p 00000000 00:00 0 
7f6161808000-7f6161905000 rw-p 00000000 00:00 0 
7f6161905000-7f6161906000 ---p 00000000 00:00 0 
7f6161906000-7f6161909000 ---p 00000000 00:00 0 
7f6161909000-7f6161a06000 rw-p 00000000 00:00 0 
7f6161a06000-7f6161a07000 ---p 00000000 00:00 0 
7f6161a07000-7f6161a0a000 ---p 00000000 00:00 0 
7f6161a0a000-7f6161b07000 rw-p 00000000 00:00 0 
7f6161b07000-7f6161b0a000 ---p 00000000 00:00 0 
7f6161b0a000-7f6161c08000 rw-p 00000000 00:00 0 
7f6161c08000-7f6161ee7000 r--p 00000000 103:07 3015075                   /usr/lib/locale/locale-archive
7f6161ee7000-7f6161eea000 ---p 00000000 00:00 0 
7f6161eea000-7f6161fe8000 rw-p 00000000 00:00 0 
7f6161fe8000-7f6161feb000 ---p 00000000 00:00 0 
7f6161feb000-7f61620e9000 rw-p 00000000 00:00 0 
7f61620e9000-7f61620ea000 ---p 00000000 00:00 0 
7f61620ea000-7f6164000000 rw-p 00000000 00:00 0 
7f6164000000-7f6164021000 rw-p 00000000 00:00 0 
7f6164021000-7f6168000000 ---p 00000000 00:00 0 
7f6168000000-7f6168001000 r--s 00001000 103:07 3412879                   /usr/share/java/wagon-file.jar
7f6168001000-7f6168003000 r--s 00007000 103:07 3428961                   /usr/share/java/jansi.jar
7f6168003000-7f6168005000 r--s 00006000 103:07 3429037                   /usr/share/java/plexus-sec-dispatcher.jar
7f6168005000-7f6168007000 r--s 0000d000 103:07 3420231                   /usr/share/java/el-api.jar
7f6168007000-7f616c000000 rw-p 00000000 00:00 0 
7f616c000000-7f616c318000 rw-p 00000000 00:00 0 
7f616c318000-7f6170000000 ---p 00000000 00:00 0 
7f6170000000-7f617013d000 rw-p 00000000 00:00 0 
7f617013d000-7f6174000000 ---p 00000000 00:00 0 
7f6174000000-7f6174021000 rw-p 00000000 00:00 0 
7f6174021000-7f6178000000 ---p 00000000 00:00 0 
7f6178000000-7f6178021000 rw-p 00000000 00:00 0 
7f6178021000-7f617c000000 ---p 00000000 00:00 0 
7f617c000000-7f617c0ea000 rw-p 00000000 00:00 0 
7f617c0ea000-7f6180000000 ---p 00000000 00:00 0 
7f6180000000-7f6180294000 rw-p 00000000 00:00 0 
7f6180294000-7f6184000000 ---p 00000000 00:00 0 
7f6184000000-7f618430e000 rw-p 00000000 00:00 0 
7f618430e000-7f6188000000 ---p 00000000 00:00 0 
7f6188000000-7f6188001000 r--s 00001000 103:07 3420877                   /usr/share/java/geronimo-interceptor-3.0-spec.jar
7f6188001000-7f6188002000 r--s 00000000 103:07 3414591                   /usr/share/java/atinject-jsr330-api-1.0.jar
7f6188002000-7f6188005000 r--s 0000e000 103:07 3420879                   /usr/share/java/cdi-api.jar
7f6188005000-7f6188006000 r--s 00002000 103:07 3414740                   /usr/share/java/geronimo-annotation-1.3-spec.jar
7f6188006000-7f6188014000 r--s 0009a000 103:07 3428936                   /usr/share/java/guice.jar
7f6188014000-7f6188015000 r--s 00006000 103:07 3414579                   /usr/share/java/maven3-repository-metadata.jar
7f6188015000-7f6188019000 r--s 0001f000 103:07 3414747                   /usr/share/java/maven-resolver-api.jar
7f6188019000-7f618801b000 r--s 0000d000 103:07 3414580                   /usr/share/java/maven3-resolver-provider.jar
7f618801b000-7f618801c000 r--s 0000a000 103:07 3414582                   /usr/share/java/maven3-settings.jar
7f618801c000-7f618801f000 r--s 00015000 103:07 3414575                   /usr/share/java/maven3-embedder.jar
7f618801f000-7f6188263000 rw-p 00000000 00:00 0 
7f6188263000-7f6188435000 r--s 03ca4000 103:07 2551812                   /home/francisco/.sdkman/candidates/java/8.0.292-open/jre/lib/rt.jar
7f6188435000-7f61887f8000 rw-p 00000000 00:00 0 
7f61887f8000-7f61887f9000 ---p 00000000 00:00 0 
7f61887f9000-7f61888f9000 rw-p 00000000 00:00 0 
7f61888f9000-7f61888fa000 ---p 00000000 00:00 0 
7f61888fa000-7f61889fa000 rw-p 00000000 00:00 0 
7f61889fa000-7f61889fb000 ---p 00000000 00:00 0 
7f61889fb000-7f6188afb000 rw-p 00000000 00:00 0 
7f6188afb000-7f6188afc000 ---p 00000000 00:00 0 
7f6188afc000-7f6188bfc000 rw-p 00000000 00:00 0 
7f6188bfc000-7f6188bfd000 ---p 00000000 00:00 0 
7f6188bfd000-7f6188cfd000 rw-p 00000000 00:00 0 
7f6188cfd000-7f6188cfe000 ---p 00000000 00:00 0 
7f6188cfe000-7f6188dfe000 rw-p 00000000 00:00 0 
7f6188dfe000-7f6188dff000 ---p 00000000 00:00 0 
7f6188dff000-7f6188eff000 rw-p 00000000 00:00 0 
7f6188eff000-7f6188f00000 ---p 00000000 00:00 0 
7f6188f00000-7f6189000000 rw-p 00000000 00:00 0 
7f6189000000-7f618a660000 rwxp 00000000 00:00 0 
7f618a660000-7f6198000000 ---p 00000000 00:00 0 
7f6198000000-7f6198b9a000 rw-p 00000000 00:00 0 
7f6198b9a000-7f619c000000 ---p 00000000 00:00 0 
7f619c000000-7f619c23f000 rw-p 00000000 00:00 0 
7f619c23f000-7f619c346000 ---p 00000000 00:00 0 
7f619c346000-7f619c4c1000 rw-p 00000000 00:00 0 
7f619c4c1000-7f619c5c8000 ---p 00000000 00:00 0 
7f619c5c8000-7f619c709000 rw-p 00000000 00:00 0 
7f619c709000-7f619c764000 rw-p 00000000 00:00 0 
7f619c764000-7f619caca000 ---p 00000000 00:00 0 
7f619caca000-7f619cae5000 r-xp 00000000 103:07 2551806                   /home/francisco/.sdkman/candidates/java/8.0.292-open/jre/lib/amd64/libzip.so
7f619cae5000-7f619cce4000 ---p 0001b000 103:07 2551806                   /home/francisco/.sdkman/candidates/java/8.0.292-open/jre/lib/amd64/libzip.so
7f619cce4000-7f619cce5000 r--p 0001a000 103:07 2551806                   /home/francisco/.sdkman/candidates/java/8.0.292-open/jre/lib/amd64/libzip.so
7f619cce5000-7f619cce6000 rw-p 0001b000 103:07 2551806                   /home/francisco/.sdkman/candidates/java/8.0.292-open/jre/lib/amd64/libzip.so
7f619cce6000-7f619ccf1000 r-xp 00000000 103:07 655905                    /lib/x86_64-linux-gnu/libnss_files-2.27.so
7f619ccf1000-7f619cef0000 ---p 0000b000 103:07 655905                    /lib/x86_64-linux-gnu/libnss_files-2.27.so
7f619cef0000-7f619cef1000 r--p 0000a000 103:07 655905                    /lib/x86_64-linux-gnu/libnss_files-2.27.so
7f619cef1000-7f619cef2000 rw-p 0000b000 103:07 655905                    /lib/x86_64-linux-gnu/libnss_files-2.27.so
7f619cef2000-7f619cef8000 rw-p 00000000 00:00 0 
7f619cef8000-7f619cf0f000 r-xp 00000000 103:07 655902                    /lib/x86_64-linux-gnu/libnsl-2.27.so
7f619cf0f000-7f619d10e000 ---p 00017000 103:07 655902                    /lib/x86_64-linux-gnu/libnsl-2.27.so
7f619d10e000-7f619d10f000 r--p 00016000 103:07 655902                    /lib/x86_64-linux-gnu/libnsl-2.27.so
7f619d10f000-7f619d110000 rw-p 00017000 103:07 655902                    /lib/x86_64-linux-gnu/libnsl-2.27.so
7f619d110000-7f619d112000 rw-p 00000000 00:00 0 
7f619d112000-7f619d11d000 r-xp 00000000 103:07 655907                    /lib/x86_64-linux-gnu/libnss_nis-2.27.so
7f619d11d000-7f619d31c000 ---p 0000b000 103:07 655907                    /lib/x86_64-linux-gnu/libnss_nis-2.27.so
7f619d31c000-7f619d31d000 r--p 0000a000 103:07 655907                    /lib/x86_64-linux-gnu/libnss_nis-2.27.so
7f619d31d000-7f619d31e000 rw-p 0000b000 103:07 655907                    /lib/x86_64-linux-gnu/libnss_nis-2.27.so
7f619d31e000-7f619d326000 r-xp 00000000 103:07 655903                    /lib/x86_64-linux-gnu/libnss_compat-2.27.so
7f619d326000-7f619d526000 ---p 00008000 103:07 655903                    /lib/x86_64-linux-gnu/libnss_compat-2.27.so
7f619d526000-7f619d527000 r--p 00008000 103:07 655903                    /lib/x86_64-linux-gnu/libnss_compat-2.27.so
7f619d527000-7f619d528000 rw-p 00009000 103:07 655903                    /lib/x86_64-linux-gnu/libnss_compat-2.27.so
7f619d528000-7f619d550000 r-xp 00000000 103:07 2551798                   /home/francisco/.sdkman/candidates/java/8.0.292-open/jre/lib/amd64/libjava.so
7f619d550000-7f619d74f000 ---p 00028000 103:07 2551798                   /home/francisco/.sdkman/candidates/java/8.0.292-open/jre/lib/amd64/libjava.so
7f619d74f000-7f619d750000 r--p 00027000 103:07 2551798                   /home/francisco/.sdkman/candidates/java/8.0.292-open/jre/lib/amd64/libjava.so
7f619d750000-7f619d752000 rw-p 00028000 103:07 2551798                   /home/francisco/.sdkman/candidates/java/8.0.292-open/jre/lib/amd64/libjava.so
7f619d752000-7f619d760000 r-xp 00000000 103:07 2551787                   /home/francisco/.sdkman/candidates/java/8.0.292-open/jre/lib/amd64/libverify.so
7f619d760000-7f619d95f000 ---p 0000e000 103:07 2551787                   /home/francisco/.sdkman/candidates/java/8.0.292-open/jre/lib/amd64/libverify.so
7f619d95f000-7f619d961000 r--p 0000d000 103:07 2551787                   /home/francisco/.sdkman/candidates/java/8.0.292-open/jre/lib/amd64/libverify.so
7f619d961000-7f619d962000 rw-p 0000f000 103:07 2551787                   /home/francisco/.sdkman/candidates/java/8.0.292-open/jre/lib/amd64/libverify.so
7f619d962000-7f619d969000 r-xp 00000000 103:07 655913                    /lib/x86_64-linux-gnu/librt-2.27.so
7f619d969000-7f619db68000 ---p 00007000 103:07 655913                    /lib/x86_64-linux-gnu/librt-2.27.so
7f619db68000-7f619db69000 r--p 00006000 103:07 655913                    /lib/x86_64-linux-gnu/librt-2.27.so
7f619db69000-7f619db6a000 rw-p 00007000 103:07 655913                    /lib/x86_64-linux-gnu/librt-2.27.so
7f619db6a000-7f619dd07000 r-xp 00000000 103:07 655899                    /lib/x86_64-linux-gnu/libm-2.27.so
7f619dd07000-7f619df06000 ---p 0019d000 103:07 655899                    /lib/x86_64-linux-gnu/libm-2.27.so
7f619df06000-7f619df07000 r--p 0019c000 103:07 655899                    /lib/x86_64-linux-gnu/libm-2.27.so
7f619df07000-7f619df08000 rw-p 0019d000 103:07 655899                    /lib/x86_64-linux-gnu/libm-2.27.so
7f619df08000-7f619ec06000 r-xp 00000000 103:07 2551785                   /home/francisco/.sdkman/candidates/java/8.0.292-open/jre/lib/amd64/server/libjvm.so
7f619ec06000-7f619ee05000 ---p 00cfe000 103:07 2551785                   /home/francisco/.sdkman/candidates/java/8.0.292-open/jre/lib/amd64/server/libjvm.so
7f619ee05000-7f619eeb0000 r--p 00cfd000 103:07 2551785                   /home/francisco/.sdkman/candidates/java/8.0.292-open/jre/lib/amd64/server/libjvm.so
7f619eeb0000-7f619eed9000 rw-p 00da8000 103:07 2551785                   /home/francisco/.sdkman/candidates/java/8.0.292-open/jre/lib/amd64/server/libjvm.so
7f619eed9000-7f619ef1e000 rw-p 00000000 00:00 0 
7f619ef1e000-7f619f105000 r-xp 00000000 103:07 655895                    /lib/x86_64-linux-gnu/libc-2.27.so
7f619f105000-7f619f305000 ---p 001e7000 103:07 655895                    /lib/x86_64-linux-gnu/libc-2.27.so
7f619f305000-7f619f309000 r--p 001e7000 103:07 655895                    /lib/x86_64-linux-gnu/libc-2.27.so
7f619f309000-7f619f30b000 rw-p 001eb000 103:07 655895                    /lib/x86_64-linux-gnu/libc-2.27.so
7f619f30b000-7f619f30f000 rw-p 00000000 00:00 0 
7f619f30f000-7f619f312000 r-xp 00000000 103:07 655898                    /lib/x86_64-linux-gnu/libdl-2.27.so
7f619f312000-7f619f511000 ---p 00003000 103:07 655898                    /lib/x86_64-linux-gnu/libdl-2.27.so
7f619f511000-7f619f512000 r--p 00002000 103:07 655898                    /lib/x86_64-linux-gnu/libdl-2.27.so
7f619f512000-7f619f513000 rw-p 00003000 103:07 655898                    /lib/x86_64-linux-gnu/libdl-2.27.so
7f619f513000-7f619f529000 r-xp 00000000 103:07 2552297                   /home/francisco/.sdkman/candidates/java/8.0.292-open/lib/amd64/jli/libjli.so
7f619f529000-7f619f728000 ---p 00016000 103:07 2552297                   /home/francisco/.sdkman/candidates/java/8.0.292-open/lib/amd64/jli/libjli.so
7f619f728000-7f619f729000 r--p 00015000 103:07 2552297                   /home/francisco/.sdkman/candidates/java/8.0.292-open/lib/amd64/jli/libjli.so
7f619f729000-7f619f72a000 rw-p 00016000 103:07 2552297                   /home/francisco/.sdkman/candidates/java/8.0.292-open/lib/amd64/jli/libjli.so
7f619f72a000-7f619f744000 r-xp 00000000 103:07 655910                    /lib/x86_64-linux-gnu/libpthread-2.27.so
7f619f744000-7f619f943000 ---p 0001a000 103:07 655910                    /lib/x86_64-linux-gnu/libpthread-2.27.so
7f619f943000-7f619f944000 r--p 00019000 103:07 655910                    /lib/x86_64-linux-gnu/libpthread-2.27.so
7f619f944000-7f619f945000 rw-p 0001a000 103:07 655910                    /lib/x86_64-linux-gnu/libpthread-2.27.so
7f619f945000-7f619f949000 rw-p 00000000 00:00 0 
7f619f949000-7f619f972000 r-xp 00000000 103:07 655891                    /lib/x86_64-linux-gnu/ld-2.27.so
7f619f972000-7f619f978000 r--s 0002d000 103:07 3422616                   /usr/share/java/sisu-plexus.jar
7f619f978000-7f619f97c000 r--s 00030000 103:07 3410015                   /usr/share/java/commons-io.jar
7f619f97c000-7f619f97e000 r--s 00005000 103:07 3419156                   /usr/share/java/maven-resolver-transport-wagon.jar
7f619f97e000-7f619f980000 r--s 0000a000 103:07 3428904                   /usr/share/java/commons-cli.jar
7f619f980000-7f619f981000 r--s 00003000 103:07 3429030                   /usr/share/java/plexus-cipher.jar
7f619f981000-7f619f984000 r--s 00007000 103:07 3414581                   /usr/share/java/maven3-settings-builder.jar
7f619f984000-7f619fa4e000 rw-p 00000000 00:00 0 
7f619fa4e000-7f619fa4f000 ---p 00000000 00:00 0 
7f619fa4f000-7f619fa52000 ---p 00000000 00:00 0 
7f619fa52000-7f619fb51000 rw-p 00000000 00:00 0 
7f619fb51000-7f619fb54000 r--s 00024000 103:07 3420866                   /usr/share/java/maven-shared-utils.jar
7f619fb54000-7f619fb59000 r--s 00025000 103:07 3414576                   /usr/share/java/maven3-model-builder.jar
7f619fb59000-7f619fb5e000 r--s 00021000 103:07 3419157                   /usr/share/java/maven-resolver-util.jar
7f619fb5e000-7f619fb60000 r--s 0000b000 103:07 3428985                   /usr/share/java/plexus-classworlds.jar
7f619fb60000-7f619fb66000 r--s 000d3000 103:07 2551770                   /home/francisco/.sdkman/candidates/java/8.0.292-open/jre/lib/jfr.jar
7f619fb66000-7f619fb6e000 rw-s 00000000 103:07 3673310                   /tmp/hsperfdata_francisco/26568
7f619fb6e000-7f619fb6f000 rw-p 00000000 00:00 0 
7f619fb6f000-7f619fb70000 ---p 00000000 00:00 0 
7f619fb70000-7f619fb72000 rw-p 00000000 00:00 0 
7f619fb72000-7f619fb73000 r--p 00029000 103:07 655891                    /lib/x86_64-linux-gnu/ld-2.27.so
7f619fb73000-7f619fb74000 rw-p 0002a000 103:07 655891                    /lib/x86_64-linux-gnu/ld-2.27.so
7f619fb74000-7f619fb75000 rw-p 00000000 00:00 0 
7ffd73e68000-7ffd73e8a000 rw-p 00000000 00:00 0                          [stack]
7ffd73f60000-7ffd73f63000 r--p 00000000 00:00 0                          [vvar]
7ffd73f63000-7ffd73f65000 r-xp 00000000 00:00 0                          [vdso]
ffffffffff600000-ffffffffff601000 r-xp 00000000 00:00 0                  [vsyscall]

VM Arguments:
jvm_args: -Dclassworlds.conf=/usr/share/maven/bin/m2.conf -Dmaven.home=/usr/share/maven -Dlibrary.jansi.path=/usr/share/maven/lib/jansi-native -Dmaven.multiModuleProjectDirectory=/home/francisco/git/thesis 
java_command: org.codehaus.plexus.classworlds.launcher.Launcher exec:java -Dexec.args=2 1 1 0
java_class_path (initial): /usr/share/maven/boot/plexus-classworlds-2.x.jar
Launcher Type: SUN_STANDARD

Environment Variables:
JAVA_HOME=/home/francisco/.sdkman/candidates/java/current
PATH=/home/francisco/.sdkman/candidates/java/current/bin:/home/francisco/anaconda3/bin:/usr/local/sbin:/usr/local/bin:/usr/sbin:/usr/bin:/sbin:/bin:/usr/games:/usr/local/games:/snap/bin:/home/francisco/.dotnet/tools
USERNAME=francisco
SHELL=/bin/bash
DISPLAY=:0

Signal Handlers:
SIGSEGV: [libjvm.so+0xad93b0], sa_mask[0]=11111111011111111101111111111110, sa_flags=SA_RESTART|SA_SIGINFO
SIGBUS: [libjvm.so+0xad93b0], sa_mask[0]=11111111011111111101111111111110, sa_flags=SA_RESTART|SA_SIGINFO
SIGFPE: [libjvm.so+0x930a40], sa_mask[0]=11111111011111111101111111111110, sa_flags=SA_RESTART|SA_SIGINFO
SIGPIPE: [libjvm.so+0x930a40], sa_mask[0]=11111111011111111101111111111110, sa_flags=SA_RESTART|SA_SIGINFO
SIGXFSZ: [libjvm.so+0x930a40], sa_mask[0]=11111111011111111101111111111110, sa_flags=SA_RESTART|SA_SIGINFO
SIGILL: [libjvm.so+0x930a40], sa_mask[0]=11111111011111111101111111111110, sa_flags=SA_RESTART|SA_SIGINFO
SIGUSR1: SIG_DFL, sa_mask[0]=00000000000000000000000000000000, sa_flags=none
SIGUSR2: [libjvm.so+0x932390], sa_mask[0]=00000000000000000000000000000000, sa_flags=SA_RESTART|SA_SIGINFO
SIGHUP: [libjvm.so+0x933dc0], sa_mask[0]=11111111011111111101111111111110, sa_flags=SA_RESTART|SA_SIGINFO
SIGINT: [libjvm.so+0x933dc0], sa_mask[0]=11111111011111111101111111111110, sa_flags=SA_RESTART|SA_SIGINFO
SIGTERM: [libjvm.so+0x933dc0], sa_mask[0]=11111111011111111101111111111110, sa_flags=SA_RESTART|SA_SIGINFO
SIGQUIT: [libjvm.so+0x933dc0], sa_mask[0]=11111111011111111101111111111110, sa_flags=SA_RESTART|SA_SIGINFO


---------------  S Y S T E M  ---------------

OS:DISTRIB_ID=Ubuntu
DISTRIB_RELEASE=18.04
DISTRIB_CODENAME=bionic
DISTRIB_DESCRIPTION="Ubuntu 18.04.6 LTS"

uname:Linux 4.15.0-197-generic #208-Ubuntu SMP Tue Nov 1 17:23:37 UTC 2022 x86_64
libc:glibc 2.27 NPTL 2.27 
rlimit: STACK 8192k, CORE 0k, NPROC 30351, NOFILE 4096, AS infinity
load average:3,71 1,16 0,52

/proc/meminfo:
MemTotal:        7887584 kB
MemFree:          110840 kB
MemAvailable:      20752 kB
Buffers:             920 kB
Cached:           613884 kB
SwapCached:        41184 kB
Active:          6344376 kB
Inactive:         996536 kB
Active(anon):    6327752 kB
Inactive(anon):   979740 kB
Active(file):      16624 kB
Inactive(file):    16796 kB
Unevictable:         224 kB
Mlocked:             224 kB
SwapTotal:       2097148 kB
SwapFree:              0 kB
Dirty:               184 kB
Writeback:             0 kB
AnonPages:       6686960 kB
Mapped:           249472 kB
Shmem:            579724 kB
Slab:             214472 kB
SReclaimable:      68128 kB
SUnreclaim:       146344 kB
KernelStack:       21472 kB
PageTables:        85592 kB
NFS_Unstable:          0 kB
Bounce:                0 kB
WritebackTmp:          0 kB
CommitLimit:     6040940 kB
Committed_AS:   16979428 kB
VmallocTotal:   34359738367 kB
VmallocUsed:           0 kB
VmallocChunk:          0 kB
HardwareCorrupted:     0 kB
AnonHugePages:         0 kB
ShmemHugePages:        0 kB
ShmemPmdMapped:        0 kB
CmaTotal:              0 kB
CmaFree:               0 kB
HugePages_Total:       0
HugePages_Free:        0
HugePages_Rsvd:        0
HugePages_Surp:        0
Hugepagesize:       2048 kB
DirectMap4k:      458240 kB
DirectMap2M:     7651328 kB
DirectMap1G:           0 kB

container (cgroup) information:
container_type: cgroupv1
cpu_cpuset_cpus: 0-7
cpu_memory_nodes: 0
active_processor_count: 8
cpu_quota: -1
cpu_period: 100000
cpu_shares: -1
memory_limit_in_bytes: -1
memory_and_swap_limit_in_bytes: -2
memory_soft_limit_in_bytes: -1
memory_usage_in_bytes: 7505379328
memory_max_usage_in_bytes: 7506915328


CPU:total 8 (initial active 8) (4 cores per cpu, 2 threads per core) family 6 model 142 stepping 10, cmov, cx8, fxsr, mmx, sse, sse2, sse3, ssse3, sse4.1, sse4.2, popcnt, avx, avx2, aes, clmul, erms, 3dnowpref, lzcnt, ht, tsc, tscinvbit, bmi1, bmi2, adx

/proc/cpuinfo:
processor	: 0
vendor_id	: GenuineIntel
cpu family	: 6
model		: 142
model name	: Intel(R) Core(TM) i7-8550U CPU @ 1.80GHz
stepping	: 10
microcode	: 0xf0
cpu MHz		: 654.228
cache size	: 8192 KB
physical id	: 0
siblings	: 8
core id		: 0
cpu cores	: 4
apicid		: 0
initial apicid	: 0
fpu		: yes
fpu_exception	: yes
cpuid level	: 22
wp		: yes
flags		: fpu vme de pse tsc msr pae mce cx8 apic sep mtrr pge mca cmov pat pse36 clflush dts acpi mmx fxsr sse sse2 ss ht tm pbe syscall nx pdpe1gb rdtscp lm constant_tsc art arch_perfmon pebs bts rep_good nopl xtopology nonstop_tsc cpuid aperfmperf pni pclmulqdq dtes64 monitor ds_cpl vmx est tm2 ssse3 sdbg fma cx16 xtpr pdcm pcid sse4_1 sse4_2 x2apic movbe popcnt tsc_deadline_timer aes xsave avx f16c rdrand lahf_lm abm 3dnowprefetch cpuid_fault epb invpcid_single pti ssbd ibrs ibpb stibp tpr_shadow vnmi flexpriority ept vpid fsgsbase tsc_adjust bmi1 avx2 smep bmi2 erms invpcid mpx rdseed adx smap clflushopt intel_pt xsaveopt xsavec xgetbv1 xsaves dtherm ida arat pln pts hwp hwp_notify hwp_act_window hwp_epp md_clear flush_l1d arch_capabilities
bugs		: cpu_meltdown spectre_v1 spectre_v2 spec_store_bypass l1tf mds swapgs itlb_multihit srbds mmio_stale_data
bogomips	: 3999.93
clflush size	: 64
cache_alignment	: 64
address sizes	: 39 bits physical, 48 bits virtual
power management:

processor	: 1
vendor_id	: GenuineIntel
cpu family	: 6
model		: 142
model name	: Intel(R) Core(TM) i7-8550U CPU @ 1.80GHz
stepping	: 10
microcode	: 0xf0
cpu MHz		: 626.753
cache size	: 8192 KB
physical id	: 0
siblings	: 8
core id		: 1
cpu cores	: 4
apicid		: 2
initial apicid	: 2
fpu		: yes
fpu_exception	: yes
cpuid level	: 22
wp		: yes
flags		: fpu vme de pse tsc msr pae mce cx8 apic sep mtrr pge mca cmov pat pse36 clflush dts acpi mmx fxsr sse sse2 ss ht tm pbe syscall nx pdpe1gb rdtscp lm constant_tsc art arch_perfmon pebs bts rep_good nopl xtopology nonstop_tsc cpuid aperfmperf pni pclmulqdq dtes64 monitor ds_cpl vmx est tm2 ssse3 sdbg fma cx16 xtpr pdcm pcid sse4_1 sse4_2 x2apic movbe popcnt tsc_deadline_timer aes xsave avx f16c rdrand lahf_lm abm 3dnowprefetch cpuid_fault epb invpcid_single pti ssbd ibrs ibpb stibp tpr_shadow vnmi flexpriority ept vpid fsgsbase tsc_adjust bmi1 avx2 smep bmi2 erms invpcid mpx rdseed adx smap clflushopt intel_pt xsaveopt xsavec xgetbv1 xsaves dtherm ida arat pln pts hwp hwp_notify hwp_act_window hwp_epp md_clear flush_l1d arch_capabilities
bugs		: cpu_meltdown spectre_v1 spectre_v2 spec_store_bypass l1tf mds swapgs itlb_multihit srbds mmio_stale_data
bogomips	: 3999.93
clflush size	: 64
cache_alignment	: 64
address sizes	: 39 bits physical, 48 bits virtual
power management:

processor	: 2
vendor_id	: GenuineIntel
cpu family	: 6
model		: 142
model name	: Intel(R) Core(TM) i7-8550U CPU @ 1.80GHz
stepping	: 10
microcode	: 0xf0
cpu MHz		: 677.030
cache size	: 8192 KB
physical id	: 0
siblings	: 8
core id		: 2
cpu cores	: 4
apicid		: 4
initial apicid	: 4
fpu		: yes
fpu_exception	: yes
cpuid level	: 22
wp		: yes
flags		: fpu vme de pse tsc msr pae mce cx8 apic sep mtrr pge mca cmov pat pse36 clflush dts acpi mmx fxsr sse sse2 ss ht tm pbe syscall nx pdpe1gb rdtscp lm constant_tsc art arch_perfmon pebs bts rep_good nopl xtopology nonstop_tsc cpuid aperfmperf pni pclmulqdq dtes64 monitor ds_cpl vmx est tm2 ssse3 sdbg fma cx16 xtpr pdcm pcid sse4_1 sse4_2 x2apic movbe popcnt tsc_deadline_timer aes xsave avx f16c rdrand lahf_lm abm 3dnowprefetch cpuid_fault epb invpcid_single pti ssbd ibrs ibpb stibp tpr_shadow vnmi flexpriority ept vpid fsgsbase tsc_adjust bmi1 avx2 smep bmi2 erms invpcid mpx rdseed adx smap clflushopt intel_pt xsaveopt xsavec xgetbv1 xsaves dtherm ida arat pln pts hwp hwp_notify hwp_act_window hwp_epp md_clear flush_l1d arch_capabilities
bugs		: cpu_meltdown spectre_v1 spectre_v2 spec_store_bypass l1tf mds swapgs itlb_multihit srbds mmio_stale_data
bogomips	: 3999.93
clflush size	: 64
cache_alignment	: 64
address sizes	: 39 bits physical, 48 bits virtual
power management:

processor	: 3
vendor_id	: GenuineIntel
cpu family	: 6
model		: 142
model name	: Intel(R) Core(TM) i7-8550U CPU @ 1.80GHz
stepping	: 10
microcode	: 0xf0
cpu MHz		: 688.105
cache size	: 8192 KB
physical id	: 0
siblings	: 8
core id		: 3
cpu cores	: 4
apicid		: 6
initial apicid	: 6
fpu		: yes
fpu_exception	: yes
cpuid level	: 22
wp		: yes
flags		: fpu vme de pse tsc msr pae mce cx8 apic sep mtrr pge mca cmov pat pse36 clflush dts acpi mmx fxsr sse sse2 ss ht tm pbe syscall nx pdpe1gb rdtscp lm constant_tsc art arch_perfmon pebs bts rep_good nopl xtopology nonstop_tsc cpuid aperfmperf pni pclmulqdq dtes64 monitor ds_cpl vmx est tm2 ssse3 sdbg fma cx16 xtpr pdcm pcid sse4_1 sse4_2 x2apic movbe popcnt tsc_deadline_timer aes xsave avx f16c rdrand lahf_lm abm 3dnowprefetch cpuid_fault epb invpcid_single pti ssbd ibrs ibpb stibp tpr_shadow vnmi flexpriority ept vpid fsgsbase tsc_adjust bmi1 avx2 smep bmi2 erms invpcid mpx rdseed adx smap clflushopt intel_pt xsaveopt xsavec xgetbv1 xsaves dtherm ida arat pln pts hwp hwp_notify hwp_act_window hwp_epp md_clear flush_l1d arch_capabilities
bugs		: cpu_meltdown spectre_v1 spectre_v2 spec_store_bypass l1tf mds swapgs itlb_multihit srbds mmio_stale_data
bogomips	: 3999.93
clflush size	: 64
cache_alignment	: 64
address sizes	: 39 bits physical, 48 bits virtual
power management:

processor	: 4
vendor_id	: GenuineIntel
cpu family	: 6
model		: 142
model name	: Intel(R) Core(TM) i7-8550U CPU @ 1.80GHz
stepping	: 10
microcode	: 0xf0
cpu MHz		: 698.227
cache size	: 8192 KB
physical id	: 0
siblings	: 8
core id		: 0
cpu cores	: 4
apicid		: 1
initial apicid	: 1
fpu		: yes
fpu_exception	: yes
cpuid level	: 22
wp		: yes
flags		: fpu vme de pse tsc msr pae mce cx8 apic sep mtrr pge mca cmov pat pse36 clflush dts acpi mmx fxsr sse sse2 ss ht tm pbe syscall nx pdpe1gb rdtscp lm constant_tsc art arch_perfmon pebs bts rep_good nopl xtopology nonstop_tsc cpuid aperfmperf pni pclmulqdq dtes64 monitor ds_cpl vmx est tm2 ssse3 sdbg fma cx16 xtpr pdcm pcid sse4_1 sse4_2 x2apic movbe popcnt tsc_deadline_timer aes xsave avx f16c rdrand lahf_lm abm 3dnowprefetch cpuid_fault epb invpcid_single pti ssbd ibrs ibpb stibp tpr_shadow vnmi flexpriority ept vpid fsgsbase tsc_adjust bmi1 avx2 smep bmi2 erms invpcid mpx rdseed adx smap clflushopt intel_pt xsaveopt xsavec xgetbv1 xsaves dtherm ida arat pln pts hwp hwp_notify hwp_act_window hwp_epp md_clear flush_l1d arch_capabilities
bugs		: cpu_meltdown spectre_v1 spectre_v2 spec_store_bypass l1tf mds swapgs itlb_multihit srbds mmio_stale_data
bogomips	: 3999.93
clflush size	: 64
cache_alignment	: 64
address sizes	: 39 bits physical, 48 bits virtual
power management:

processor	: 5
vendor_id	: GenuineIntel
cpu family	: 6
model		: 142
model name	: Intel(R) Core(TM) i7-8550U CPU @ 1.80GHz
stepping	: 10
microcode	: 0xf0
cpu MHz		: 707.879
cache size	: 8192 KB
physical id	: 0
siblings	: 8
core id		: 1
cpu cores	: 4
apicid		: 3
initial apicid	: 3
fpu		: yes
fpu_exception	: yes
cpuid level	: 22
wp		: yes
flags		: fpu vme de pse tsc msr pae mce cx8 apic sep mtrr pge mca cmov pat pse36 clflush dts acpi mmx fxsr sse sse2 ss ht tm pbe syscall nx pdpe1gb rdtscp lm constant_tsc art arch_perfmon pebs bts rep_good nopl xtopology nonstop_tsc cpuid aperfmperf pni pclmulqdq dtes64 monitor ds_cpl vmx est tm2 ssse3 sdbg fma cx16 xtpr pdcm pcid sse4_1 sse4_2 x2apic movbe popcnt tsc_deadline_timer aes xsave avx f16c rdrand lahf_lm abm 3dnowprefetch cpuid_fault epb invpcid_single pti ssbd ibrs ibpb stibp tpr_shadow vnmi flexpriority ept vpid fsgsbase tsc_adjust bmi1 avx2 smep bmi2 erms invpcid mpx rdseed adx smap clflushopt intel_pt xsaveopt xsavec xgetbv1 xsaves dtherm ida arat pln pts hwp hwp_notify hwp_act_window hwp_epp md_clear flush_l1d arch_capabilities
bugs		: cpu_meltdown spectre_v1 spectre_v2 spec_store_bypass l1tf mds swapgs itlb_multihit srbds mmio_stale_data
bogomips	: 3999.93
clflush size	: 64
cache_alignment	: 64
address sizes	: 39 bits physical, 48 bits virtual
power management:

processor	: 6
vendor_id	: GenuineIntel
cpu family	: 6
model		: 142
model name	: Intel(R) Core(TM) i7-8550U CPU @ 1.80GHz
stepping	: 10
microcode	: 0xf0
cpu MHz		: 1084.180
cache size	: 8192 KB
physical id	: 0
siblings	: 8
core id		: 2
cpu cores	: 4
apicid		: 5
initial apicid	: 5
fpu		: yes
fpu_exception	: yes
cpuid level	: 22
wp		: yes
flags		: fpu vme de pse tsc msr pae mce cx8 apic sep mtrr pge mca cmov pat pse36 clflush dts acpi mmx fxsr sse sse2 ss ht tm pbe syscall nx pdpe1gb rdtscp lm constant_tsc art arch_perfmon pebs bts rep_good nopl xtopology nonstop_tsc cpuid aperfmperf pni pclmulqdq dtes64 monitor ds_cpl vmx est tm2 ssse3 sdbg fma cx16 xtpr pdcm pcid sse4_1 sse4_2 x2apic movbe popcnt tsc_deadline_timer aes xsave avx f16c rdrand lahf_lm abm 3dnowprefetch cpuid_fault epb invpcid_single pti ssbd ibrs ibpb stibp tpr_shadow vnmi flexpriority ept vpid fsgsbase tsc_adjust bmi1 avx2 smep bmi2 erms invpcid mpx rdseed adx smap clflushopt intel_pt xsaveopt xsavec xgetbv1 xsaves dtherm ida arat pln pts hwp hwp_notify hwp_act_window hwp_epp md_clear flush_l1d arch_capabilities
bugs		: cpu_meltdown spectre_v1 spectre_v2 spec_store_bypass l1tf mds swapgs itlb_multihit srbds mmio_stale_data
bogomips	: 3999.93
clflush size	: 64
cache_alignment	: 64
address sizes	: 39 bits physical, 48 bits virtual
power management:

processor	: 7
vendor_id	: GenuineIntel
cpu family	: 6
model		: 142
model name	: Intel(R) Core(TM) i7-8550U CPU @ 1.80GHz
stepping	: 10
microcode	: 0xf0
cpu MHz		: 1046.166
cache size	: 8192 KB
physical id	: 0
siblings	: 8
core id		: 3
cpu cores	: 4
apicid		: 7
initial apicid	: 7
fpu		: yes
fpu_exception	: yes
cpuid level	: 22
wp		: yes
flags		: fpu vme de pse tsc msr pae mce cx8 apic sep mtrr pge mca cmov pat pse36 clflush dts acpi mmx fxsr sse sse2 ss ht tm pbe syscall nx pdpe1gb rdtscp lm constant_tsc art arch_perfmon pebs bts rep_good nopl xtopology nonstop_tsc cpuid aperfmperf pni pclmulqdq dtes64 monitor ds_cpl vmx est tm2 ssse3 sdbg fma cx16 xtpr pdcm pcid sse4_1 sse4_2 x2apic movbe popcnt tsc_deadline_timer aes xsave avx f16c rdrand lahf_lm abm 3dnowprefetch cpuid_fault epb invpcid_single pti ssbd ibrs ibpb stibp tpr_shadow vnmi flexpriority ept vpid fsgsbase tsc_adjust bmi1 avx2 smep bmi2 erms invpcid mpx rdseed adx smap clflushopt intel_pt xsaveopt xsavec xgetbv1 xsaves dtherm ida arat pln pts hwp hwp_notify hwp_act_window hwp_epp md_clear flush_l1d arch_capabilities
bugs		: cpu_meltdown spectre_v1 spectre_v2 spec_store_bypass l1tf mds swapgs itlb_multihit srbds mmio_stale_data
bogomips	: 3999.93
clflush size	: 64
cache_alignment	: 64
address sizes	: 39 bits physical, 48 bits virtual
power management:



Memory: 4k page, physical 7887584k(107656k free), swap 2097148k(0k free)

vm_info: OpenJDK 64-Bit Server VM (25.292-b10) for linux-amd64 JRE (1.8.0_292-b10), built on Apr  9 2021 02:15:01 by "openjdk" with gcc 4.4.7 20120313 (Red Hat 4.4.7-23)

time: Sat Jan 28 13:12:35 2023
timezone: WET
elapsed time: 5325.697025 seconds (0d 1h 28m 45s)

