#
# There is insufficient memory for the Java Runtime Environment to continue.
# Native memory allocation (mmap) failed to map 246415360 bytes for committing reserved memory.
# Possible reasons:
#   The system is out of physical RAM or swap space
#   The process is running with CompressedOops enabled, and the Java Heap may be blocking the growth of the native heap
# Possible solutions:
#   Reduce memory load on the system
#   Increase physical memory or swap space
#   Check if swap backing store is full
#   Decrease Java heap size (-Xmx/-Xms)
#   Decrease number of Java threads
#   Decrease Java thread stack sizes (-Xss)
#   Set larger code cache with -XX:ReservedCodeCacheSize=
#   JVM is running with Unscaled Compressed Oops mode in which the Java heap is
#     placed in the first 4GB address space. The Java Heap base address is the
#     maximum limit for the native heap growth. Please use -XX:HeapBaseMinAddress
#     to set the Java Heap base and to place the Java Heap above 4GB virtual address.
# This output file may be truncated or incomplete.
#
#  Out of Memory Error (os_linux.cpp:2795), pid=13157, tid=0x00007f3b7100b700
#
# JRE version: OpenJDK Runtime Environment (8.0_292-b10) (build 1.8.0_292-b10)
# Java VM: OpenJDK 64-Bit Server VM (25.292-b10 mixed mode linux-amd64 compressed oops)
# Failed to write core dump. Core dumps have been disabled. To enable core dumping, try "ulimit -c unlimited" before starting Java again
#

---------------  T H R E A D  ---------------

Current thread (0x00007f3b84082800):  VMThread [stack: 0x00007f3b70f0c000,0x00007f3b7100c000] [id=13188]

Stack: [0x00007f3b70f0c000,0x00007f3b7100c000],  sp=0x00007f3b71009f50,  free space=1015k
Native frames: (J=compiled Java code, j=interpreted, Vv=VM code, C=native code)
V  [libjvm.so+0xad852d]  VMError::report_and_die()+0x15d
V  [libjvm.so+0x4f19a9]  report_vm_out_of_memory(char const*, int, unsigned long, VMErrorType, char const*)+0x99
V  [libjvm.so+0x9373d3]  os::Linux::commit_memory_impl(char*, unsigned long, bool)+0x113
V  [libjvm.so+0x9375f9]  os::pd_commit_memory(char*, unsigned long, unsigned long, bool)+0x29
V  [libjvm.so+0x92b9aa]  os::commit_memory(char*, unsigned long, unsigned long, bool)+0x2a
V  [libjvm.so+0x99f2db]  PSVirtualSpace::expand_by(unsigned long)+0x6b
V  [libjvm.so+0x98f5d9]  PSOldGen::expand_by(unsigned long)+0x39
V  [libjvm.so+0x98f752]  PSOldGen::expand(unsigned long)+0xa2
V  [libjvm.so+0x98fb4b]  PSOldGen::resize(unsigned long)+0x1db
V  [libjvm.so+0x997b16]  PSParallelCompact::invoke_no_policy(bool)+0xa16
V  [libjvm.so+0x99d519]  PSScavenge::invoke()+0x179
V  [libjvm.so+0x95746d]  ParallelScavengeHeap::failed_mem_allocate(unsigned long)+0x6d
V  [libjvm.so+0xada497]  VM_ParallelGCFailedAllocation::doit()+0x97
V  [libjvm.so+0xae1d32]  VM_Operation::evaluate()+0x52
V  [libjvm.so+0xadf9eb]  VMThread::evaluate_operation(VM_Operation*)+0x9b
V  [libjvm.so+0xae0d1e]  VMThread::loop()+0x1fe
V  [libjvm.so+0xae11d3]  VMThread::run()+0x83
V  [libjvm.so+0x937762]  java_start(Thread*)+0x132

VM_Operation (0x00007f3b623114a0): ParallelGCFailedAllocation, mode: safepoint, requested by thread 0x00007f3b0c62d000


---------------  P R O C E S S  ---------------

Java Threads: ( => current thread )
  0x00007f3a68002800 JavaThread "blocking-thread--p3-t3" daemon [_thread_blocked, id=13430, stack(0x00007f3b5b0f3000,0x00007f3b5b1f4000)]
  0x00007f3a64007000 JavaThread "blocking-thread--p3-t2" daemon [_thread_blocked, id=13427, stack(0x00007f3b5b1f4000,0x00007f3b5b2f5000)]
  0x00007f3b00019800 JavaThread "jgroups-24,XPS-13-22980" [_thread_blocked, id=13249, stack(0x00007f3b5b4f5000,0x00007f3b5b5f6000)]
  0x00007f3b00015800 JavaThread "jgroups-23,XPS-13-22980" [_thread_blocked, id=13248, stack(0x00007f3b5b5f6000,0x00007f3b5b6f7000)]
  0x00007f3b00014000 JavaThread "jgroups-22,XPS-13-22980" [_thread_blocked, id=13247, stack(0x00007f3b5b6f7000,0x00007f3b5b7f8000)]
  0x00007f3a7802f800 JavaThread "blocking-thread--p3-t1" daemon [_thread_blocked, id=13246, stack(0x00007f3b5b7f8000,0x00007f3b5b8f9000)]
  0x00007f3b00012000 JavaThread "jgroups-21,XPS-13-22980" [_thread_blocked, id=13245, stack(0x00007f3b5b8f9000,0x00007f3b5b9fa000)]
  0x00007f3b00010800 JavaThread "jgroups-20,XPS-13-22980" [_thread_blocked, id=13244, stack(0x00007f3b5b9fa000,0x00007f3b5bafb000)]
  0x00007f3b0000e800 JavaThread "jgroups-19,XPS-13-22980" [_thread_blocked, id=13243, stack(0x00007f3b5bafb000,0x00007f3b5bbfc000)]
  0x00007f3b0000c800 JavaThread "jgroups-18,XPS-13-22980" [_thread_blocked, id=13242, stack(0x00007f3b5bbfc000,0x00007f3b5bcfd000)]
  0x00007f3b0000b000 JavaThread "jgroups-17,XPS-13-22980" [_thread_blocked, id=13241, stack(0x00007f3b5bcfd000,0x00007f3b5bdfe000)]
  0x00007f3b00009000 JavaThread "jgroups-16,XPS-13-22980" [_thread_blocked, id=13240, stack(0x00007f3b5bdfe000,0x00007f3b5beff000)]
  0x00007f3b00007800 JavaThread "jgroups-15,XPS-13-22980" [_thread_blocked, id=13239, stack(0x00007f3b5beff000,0x00007f3b5c000000)]
  0x00007f3b00005800 JavaThread "jgroups-14,XPS-13-22980" [_thread_blocked, id=13238, stack(0x00007f3b600f7000,0x00007f3b601f8000)]
  0x00007f3b00004000 JavaThread "jgroups-13,XPS-13-22980" [_thread_blocked, id=13237, stack(0x00007f3b601f8000,0x00007f3b602f9000)]
  0x00007f3b00002000 JavaThread "jgroups-12,XPS-13-22980" [_thread_blocked, id=13236, stack(0x00007f3b602f9000,0x00007f3b603fa000)]
  0x00007f3aec026000 JavaThread "non-blocking-thread--p2-t16" daemon [_thread_blocked, id=13235, stack(0x00007f3b603fa000,0x00007f3b604fb000)]
  0x00007f3aec024800 JavaThread "non-blocking-thread--p2-t15" daemon [_thread_blocked, id=13234, stack(0x00007f3b604fb000,0x00007f3b605fc000)]
  0x00007f3b0c823000 JavaThread "non-blocking-thread--p2-t14" daemon [_thread_blocked, id=13232, stack(0x00007f3b605fc000,0x00007f3b606fd000)]
  0x00007f3b0c808000 JavaThread "non-blocking-thread--p2-t13" daemon [_thread_blocked, id=13231, stack(0x00007f3b606fd000,0x00007f3b607fe000)]
  0x00007f3aac002800 JavaThread "non-blocking-thread--p2-t12" daemon [_thread_blocked, id=13230, stack(0x00007f3b609fe000,0x00007f3b60aff000)]
  0x00007f3af0016000 JavaThread "non-blocking-thread--p2-t11" daemon [_thread_blocked, id=13229, stack(0x00007f3b60aff000,0x00007f3b60c00000)]
  0x00007f3af0014800 JavaThread "non-blocking-thread--p2-t10" daemon [_thread_blocked, id=13228, stack(0x00007f3b60c00000,0x00007f3b60d01000)]
  0x00007f3af0013000 JavaThread "non-blocking-thread--p2-t9" daemon [_thread_blocked, id=13227, stack(0x00007f3b60d01000,0x00007f3b60e02000)]
  0x00007f3aec021000 JavaThread "non-blocking-thread--p2-t8" daemon [_thread_blocked, id=13226, stack(0x00007f3b60e02000,0x00007f3b60f03000)]
  0x00007f3aec01e800 JavaThread "non-blocking-thread--p2-t7" daemon [_thread_blocked, id=13225, stack(0x00007f3b60f03000,0x00007f3b61004000)]
  0x00007f3ac4008000 JavaThread "non-blocking-thread--p2-t6" daemon [_thread_blocked, id=13224, stack(0x00007f3b61004000,0x00007f3b61105000)]
  0x00007f3aec019000 JavaThread "non-blocking-thread--p2-t5" daemon [_thread_blocked, id=13223, stack(0x00007f3b61105000,0x00007f3b61206000)]
  0x00007f3b0c7ae800 JavaThread "non-blocking-thread--p2-t4" daemon [_thread_blocked, id=13222, stack(0x00007f3b61206000,0x00007f3b61307000)]
  0x00007f3b0c715000 JavaThread "expiration-thread--p5-t1" daemon [_thread_blocked, id=13221, stack(0x00007f3b61307000,0x00007f3b61408000)]
  0x00007f3af4002000 JavaThread "FD_SOCK conn-handler-11,XPS-13-22980" daemon [_thread_in_native, id=13219, stack(0x00007f3b61808000,0x00007f3b61909000)]
  0x00007f3b0c668800 JavaThread "timeout-thread--p4-t1" daemon [_thread_blocked, id=13218, stack(0x00007f3b61909000,0x00007f3b61a0a000)]
  0x00007f3b0c665800 JavaThread "non-blocking-thread--p2-t3" daemon [_thread_blocked, id=13217, stack(0x00007f3b61a0a000,0x00007f3b61b0b000)]
  0x00007f3b0c643800 JavaThread "non-blocking-thread--p2-t2" daemon [_thread_blocked, id=13216, stack(0x00007f3b61b0b000,0x00007f3b61c0c000)]
  0x00007f3b0c641800 JavaThread "non-blocking-thread--p2-t1" daemon [_thread_blocked, id=13215, stack(0x00007f3b61c0c000,0x00007f3b61d0d000)]
  0x00007f3b0c63c000 JavaThread "FD_SOCK pinger-10,XPS-13-22980" daemon [_thread_in_native, id=13213, stack(0x00007f3b61d0d000,0x00007f3b61e0e000)]
  0x00007f3af8005000 JavaThread "jgroups-9,XPS-13-22980" [_thread_blocked, id=13212, stack(0x00007f3b61e0e000,0x00007f3b61f0f000)]
  0x00007f3b0c635800 JavaThread "jgroups-8,XPS-13-22980" [_thread_blocked, id=13211, stack(0x00007f3b61f0f000,0x00007f3b62010000)]
  0x00007f3b0c632800 JavaThread "FD_SOCK acceptor-7,XPS-13-22980" daemon [_thread_in_native, id=13210, stack(0x00007f3b62010000,0x00007f3b62111000)]
  0x00007f3b0c62e800 JavaThread "mcast-receiver-6,XPS-13-22980" [_thread_blocked, id=13209, stack(0x00007f3b62111000,0x00007f3b62212000)]
  0x00007f3b0c62d000 JavaThread "ucast-receiver-5,XPS-13-22980" [_thread_blocked, id=13208, stack(0x00007f3b62212000,0x00007f3b62313000)]
  0x00007f3b0c62a000 JavaThread "TQ-Bundler-4,XPS-13-22980" [_thread_blocked, id=13207, stack(0x00007f3b62313000,0x00007f3b62414000)]
  0x00007f3b0c628800 JavaThread "Timer runner-2,XPS-13-22980" [_thread_blocked, id=13206, stack(0x00007f3b62430000,0x00007f3b62531000)]
  0x00007f3b0c5da000 JavaThread "RxCachedWorkerPoolEvictor-1" daemon [_thread_blocked, id=13204, stack(0x00007f3b62731000,0x00007f3b62832000)]
  0x00007f3b0c5d1800 JavaThread "RxSchedulerPurge-1" daemon [_thread_blocked, id=13203, stack(0x00007f3b62832000,0x00007f3b62933000)]
  0x00007f3b84c0b800 JavaThread "thesis.Artifact.main()" [_thread_blocked, id=13199, stack(0x00007f3b680af000,0x00007f3b681b0000)]
  0x00007f3b840d4800 JavaThread "Service Thread" daemon [_thread_blocked, id=13196, stack(0x00007f3b70424000,0x00007f3b70525000)]
  0x00007f3b840cf000 JavaThread "C1 CompilerThread3" daemon [_thread_blocked, id=13195, stack(0x00007f3b70526000,0x00007f3b70626000)]
  0x00007f3b840cd000 JavaThread "C2 CompilerThread2" daemon [_thread_blocked, id=13194, stack(0x00007f3b70627000,0x00007f3b70727000)]
  0x00007f3b840cb000 JavaThread "C2 CompilerThread1" daemon [_thread_blocked, id=13193, stack(0x00007f3b70728000,0x00007f3b70828000)]
  0x00007f3b840c8000 JavaThread "C2 CompilerThread0" daemon [_thread_blocked, id=13192, stack(0x00007f3b70829000,0x00007f3b70929000)]
  0x00007f3b840c2800 JavaThread "Signal Dispatcher" daemon [_thread_blocked, id=13191, stack(0x00007f3b70929000,0x00007f3b70a2a000)]
  0x00007f3b84091000 JavaThread "Finalizer" daemon [_thread_blocked, id=13190, stack(0x00007f3b70d09000,0x00007f3b70e0a000)]
  0x00007f3b8408c800 JavaThread "Reference Handler" daemon [_thread_blocked, id=13189, stack(0x00007f3b70e0a000,0x00007f3b70f0b000)]
  0x00007f3b8400b800 JavaThread "main" [_thread_blocked, id=13179, stack(0x00007f3b8ac28000,0x00007f3b8ad28000)]

Other Threads:
=>0x00007f3b84082800 VMThread [stack: 0x00007f3b70f0c000,0x00007f3b7100c000] [id=13188]
  0x00007f3b840d7000 WatcherThread [stack: 0x00007f3b70324000,0x00007f3b70424000] [id=13197]

VM state:at safepoint (normal execution)

VM Mutex/Monitor currently owned by a thread:  ([mutex/lock_event])
[0x00007f3b84007c30] ExpandHeap_lock - owner thread: 0x00007f3b84082800
[0x00007f3b840082b0] Threads_lock - owner thread: 0x00007f3b84082800
[0x00007f3b840087b0] Heap_lock - owner thread: 0x00007f3b0c62d000

heap address: 0x0000000087a00000, size: 1926 MB, Compressed Oops mode: 32-bit
Narrow klass base: 0x0000000000000000, Narrow klass shift: 3
Compressed class space size: 1073741824 Address: 0x0000000100000000

Heap:
 PSYoungGen      total 505344K, used 0K [0x00000000d7e00000, 0x00000000ffe80000, 0x0000000100000000)
  eden space 358912K, 0% used [0x00000000d7e00000,0x00000000d7e00000,0x00000000edc80000)
  from space 146432K, 0% used [0x00000000f6f80000,0x00000000f6f80000,0x00000000ffe80000)
  to   space 148480K, 0% used [0x00000000edc80000,0x00000000edc80000,0x00000000f6d80000)
 ParOldGen       total 810496K, used 738536K [0x0000000087a00000, 0x00000000b9180000, 0x00000000d7e00000)
  object space 810496K, 91% used [0x0000000087a00000,0x00000000b4b3a2f8,0x00000000b9180000)
 Metaspace       used 42046K, capacity 44302K, committed 44544K, reserved 1087488K
  class space    used 5303K, capacity 5851K, committed 5888K, reserved 1048576K

Card table byte_map: [0x00007f3b7444e000,0x00007f3b74812000] byte_map_base: 0x00007f3b74011000

Marking Bits: (ParMarkBitMap*) 0x00007f3b8a0c8820
 Begin Bits: [0x00007f3b683d0000, 0x00007f3b6a1e8000)
 End Bits:   [0x00007f3b6a1e8000, 0x00007f3b6c000000)

Polling page: 0x00007f3b8ad48000

CodeCache: size=245760Kb used=19564Kb max_used=19908Kb free=226195Kb
 bounds [0x00007f3b74bd2000, 0x00007f3b75fb2000, 0x00007f3b83bd2000]
 total_blobs=6414 nmethods=5859 adapters=468
 compilation: enabled

Compilation events (10 events):
Event: 51,889 Thread 0x00007f3b840cf000 7597   !   3       java.util.concurrent.atomic.Striped64::longAccumulate (487 bytes)
Event: 51,892 Thread 0x00007f3b840cf000 nmethod 7597 0x00007f3b75c30b50 code [0x00007f3b75c30e20, 0x00007f3b75c32cc8]
Event: 52,478 Thread 0x00007f3b840cf000 7598 % !   3       java.util.concurrent.ScheduledThreadPoolExecutor$DelayedWorkQueue::take @ 9 (203 bytes)
Event: 52,480 Thread 0x00007f3b840cf000 nmethod 7598% 0x00007f3b74e6f990 code [0x00007f3b74e6fcc0, 0x00007f3b74e71448]
Event: 52,818 Thread 0x00007f3b840cf000 7599   !   3       java.util.concurrent.ScheduledThreadPoolExecutor$DelayedWorkQueue::take (203 bytes)
Event: 52,820 Thread 0x00007f3b840cf000 nmethod 7599 0x00007f3b7592a810 code [0x00007f3b7592ab40, 0x00007f3b7592c148]
Event: 55,099 Thread 0x00007f3b840cd000 7600       4       java.util.concurrent.ForkJoinTask::<init> (5 bytes)
Event: 55,099 Thread 0x00007f3b840cd000 nmethod 7600 0x00007f3b751e95d0 code [0x00007f3b751e9720, 0x00007f3b751e9778]
Event: 55,199 Thread 0x00007f3b840cf000 7601       3       org.jgroups.util.Digest::capacity (17 bytes)
Event: 55,200 Thread 0x00007f3b840cf000 nmethod 7601 0x00007f3b74e969d0 code [0x00007f3b74e96b40, 0x00007f3b74e96cf0]

GC Heap History (10 events):
Event: 53,957 GC heap after
Heap after GC invocations=54 (full 6):
 PSYoungGen      total 471040K, used 79808K [0x00000000d7e00000, 0x00000000fef00000, 0x0000000100000000)
  eden space 320512K, 0% used [0x00000000d7e00000,0x00000000d7e00000,0x00000000eb700000)
  from space 150528K, 53% used [0x00000000f5c00000,0x00000000fa9f0010,0x00000000fef00000)
  to   space 159744K, 0% used [0x00000000eb700000,0x00000000eb700000,0x00000000f5300000)
 ParOldGen       total 810496K, used 652090K [0x0000000087a00000, 0x00000000b9180000, 0x00000000d7e00000)
  object space 810496K, 80% used [0x0000000087a00000,0x00000000af6ceb40,0x00000000b9180000)
 Metaspace       used 42046K, capacity 44302K, committed 44544K, reserved 1087488K
  class space    used 5303K, capacity 5851K, committed 5888K, reserved 1048576K
}
Event: 54,469 GC heap before
{Heap before GC invocations=55 (full 6):
 PSYoungGen      total 471040K, used 400320K [0x00000000d7e00000, 0x00000000fef00000, 0x0000000100000000)
  eden space 320512K, 100% used [0x00000000d7e00000,0x00000000eb700000,0x00000000eb700000)
  from space 150528K, 53% used [0x00000000f5c00000,0x00000000fa9f0010,0x00000000fef00000)
  to   space 159744K, 0% used [0x00000000eb700000,0x00000000eb700000,0x00000000f5300000)
 ParOldGen       total 810496K, used 652090K [0x0000000087a00000, 0x00000000b9180000, 0x00000000d7e00000)
  object space 810496K, 80% used [0x0000000087a00000,0x00000000af6ceb40,0x00000000b9180000)
 Metaspace       used 42046K, capacity 44302K, committed 44544K, reserved 1087488K
  class space    used 5303K, capacity 5851K, committed 5888K, reserved 1048576K
Event: 54,547 GC heap after
Heap after GC invocations=55 (full 6):
 PSYoungGen      total 480256K, used 63040K [0x00000000d7e00000, 0x00000000ffe00000, 0x0000000100000000)
  eden space 320512K, 0% used [0x00000000d7e00000,0x00000000d7e00000,0x00000000eb700000)
  from space 159744K, 39% used [0x00000000eb700000,0x00000000ef490010,0x00000000f5300000)
  to   space 154112K, 0% used [0x00000000f6780000,0x00000000f6780000,0x00000000ffe00000)
 ParOldGen       total 810496K, used 682570K [0x0000000087a00000, 0x00000000b9180000, 0x00000000d7e00000)
  object space 810496K, 84% used [0x0000000087a00000,0x00000000b1492b40,0x00000000b9180000)
 Metaspace       used 42046K, capacity 44302K, committed 44544K, reserved 1087488K
  class space    used 5303K, capacity 5851K, committed 5888K, reserved 1048576K
}
Event: 54,997 GC heap before
{Heap before GC invocations=56 (full 6):
 PSYoungGen      total 480256K, used 383552K [0x00000000d7e00000, 0x00000000ffe00000, 0x0000000100000000)
  eden space 320512K, 100% used [0x00000000d7e00000,0x00000000eb700000,0x00000000eb700000)
  from space 159744K, 39% used [0x00000000eb700000,0x00000000ef490010,0x00000000f5300000)
  to   space 154112K, 0% used [0x00000000f6780000,0x00000000f6780000,0x00000000ffe00000)
 ParOldGen       total 810496K, used 682570K [0x0000000087a00000, 0x00000000b9180000, 0x00000000d7e00000)
  object space 810496K, 84% used [0x0000000087a00000,0x00000000b1492b40,0x00000000b9180000)
 Metaspace       used 42046K, capacity 44302K, committed 44544K, reserved 1087488K
  class space    used 5303K, capacity 5851K, committed 5888K, reserved 1048576K
Event: 55,048 GC heap after
Heap after GC invocations=56 (full 6):
 PSYoungGen      total 487936K, used 47808K [0x00000000d7e00000, 0x00000000ff480000, 0x0000000100000000)
  eden space 343552K, 0% used [0x00000000d7e00000,0x00000000d7e00000,0x00000000ecd80000)
  from space 144384K, 33% used [0x00000000f6780000,0x00000000f9630000,0x00000000ff480000)
  to   space 151040K, 0% used [0x00000000ecd80000,0x00000000ecd80000,0x00000000f6100000)
 ParOldGen       total 810496K, used 711538K [0x0000000087a00000, 0x00000000b9180000, 0x00000000d7e00000)
  object space 810496K, 87% used [0x0000000087a00000,0x00000000b30dcb50,0x00000000b9180000)
 Metaspace       used 42046K, capacity 44302K, committed 44544K, reserved 1087488K
  class space    used 5303K, capacity 5851K, committed 5888K, reserved 1048576K
}
Event: 55,543 GC heap before
{Heap before GC invocations=57 (full 6):
 PSYoungGen      total 487936K, used 391360K [0x00000000d7e00000, 0x00000000ff480000, 0x0000000100000000)
  eden space 343552K, 100% used [0x00000000d7e00000,0x00000000ecd80000,0x00000000ecd80000)
  from space 144384K, 33% used [0x00000000f6780000,0x00000000f9630000,0x00000000ff480000)
  to   space 151040K, 0% used [0x00000000ecd80000,0x00000000ecd80000,0x00000000f6100000)
 ParOldGen       total 810496K, used 711538K [0x0000000087a00000, 0x00000000b9180000, 0x00000000d7e00000)
  object space 810496K, 87% used [0x0000000087a00000,0x00000000b30dcb50,0x00000000b9180000)
 Metaspace       used 42046K, capacity 44302K, committed 44544K, reserved 1087488K
  class space    used 5303K, capacity 5851K, committed 5888K, reserved 1048576K
Event: 55,608 GC heap after
Heap after GC invocations=57 (full 6):
 PSYoungGen      total 494592K, used 46048K [0x00000000d7e00000, 0x00000000fff80000, 0x0000000100000000)
  eden space 343552K, 0% used [0x00000000d7e00000,0x00000000d7e00000,0x00000000ecd80000)
  from space 151040K, 30% used [0x00000000ecd80000,0x00000000efa78010,0x00000000f6100000)
  to   space 147456K, 0% used [0x00000000f6f80000,0x00000000f6f80000,0x00000000fff80000)
 ParOldGen       total 810496K, used 739818K [0x0000000087a00000, 0x00000000b9180000, 0x00000000d7e00000)
  object space 810496K, 91% used [0x0000000087a00000,0x00000000b4c7ab50,0x00000000b9180000)
 Metaspace       used 42046K, capacity 44302K, committed 44544K, reserved 1087488K
  class space    used 5303K, capacity 5851K, committed 5888K, reserved 1048576K
}
Event: 56,088 GC heap before
{Heap before GC invocations=58 (full 6):
 PSYoungGen      total 494592K, used 389600K [0x00000000d7e00000, 0x00000000fff80000, 0x0000000100000000)
  eden space 343552K, 100% used [0x00000000d7e00000,0x00000000ecd80000,0x00000000ecd80000)
  from space 151040K, 30% used [0x00000000ecd80000,0x00000000efa78010,0x00000000f6100000)
  to   space 147456K, 0% used [0x00000000f6f80000,0x00000000f6f80000,0x00000000fff80000)
 ParOldGen       total 810496K, used 739818K [0x0000000087a00000, 0x00000000b9180000, 0x00000000d7e00000)
  object space 810496K, 91% used [0x0000000087a00000,0x00000000b4c7ab50,0x00000000b9180000)
 Metaspace       used 42046K, capacity 44302K, committed 44544K, reserved 1087488K
  class space    used 5303K, capacity 5851K, committed 5888K, reserved 1048576K
Event: 56,195 GC heap after
Heap after GC invocations=58 (full 6):
 PSYoungGen      total 505344K, used 19488K [0x00000000d7e00000, 0x00000000ffe80000, 0x0000000100000000)
  eden space 358912K, 0% used [0x00000000d7e00000,0x00000000d7e00000,0x00000000edc80000)
  from space 146432K, 13% used [0x00000000f6f80000,0x00000000f8288000,0x00000000ffe80000)
  to   space 148480K, 0% used [0x00000000edc80000,0x00000000edc80000,0x00000000f6d80000)
 ParOldGen       total 810496K, used 782530K [0x0000000087a00000, 0x00000000b9180000, 0x00000000d7e00000)
  object space 810496K, 96% used [0x0000000087a00000,0x00000000b7630b60,0x00000000b9180000)
 Metaspace       used 42046K, capacity 44302K, committed 44544K, reserved 1087488K
  class space    used 5303K, capacity 5851K, committed 5888K, reserved 1048576K
}
Event: 56,313 GC heap before
{Heap before GC invocations=59 (full 7):
 PSYoungGen      total 505344K, used 19488K [0x00000000d7e00000, 0x00000000ffe80000, 0x0000000100000000)
  eden space 358912K, 0% used [0x00000000d7e00000,0x00000000d7e00000,0x00000000edc80000)
  from space 146432K, 13% used [0x00000000f6f80000,0x00000000f8288000,0x00000000ffe80000)
  to   space 148480K, 0% used [0x00000000edc80000,0x00000000edc80000,0x00000000f6d80000)
 ParOldGen       total 810496K, used 782530K [0x0000000087a00000, 0x00000000b9180000, 0x00000000d7e00000)
  object space 810496K, 96% used [0x0000000087a00000,0x00000000b7630b60,0x00000000b9180000)
 Metaspace       used 42046K, capacity 44302K, committed 44544K, reserved 1087488K
  class space    used 5303K, capacity 5851K, committed 5888K, reserved 1048576K

Deoptimization events (10 events):
Event: 33,500 Thread 0x00007f3b00002000 Uncommon trap: reason=unstable_if action=reinterpret pc=0x00007f3b75807e68 method=java.util.concurrent.ConcurrentHashMap.get(Ljava/lang/Object;)Ljava/lang/Object; @ 86
Event: 33,500 Thread 0x00007f3b00002000 Uncommon trap: reason=unstable_if action=reinterpret pc=0x00007f3b74d126c0 method=java.util.concurrent.ConcurrentHashMap.get(Ljava/lang/Object;)Ljava/lang/Object; @ 86
Event: 33,501 Thread 0x00007f3b00002000 Uncommon trap: reason=unstable_if action=reinterpret pc=0x00007f3b752601a0 method=java.util.concurrent.ConcurrentHashMap.get(Ljava/lang/Object;)Ljava/lang/Object; @ 86
Event: 34,313 Thread 0x00007f3b00010800 Uncommon trap: reason=unstable_if action=reinterpret pc=0x00007f3b75c9a3d4 method=org.jgroups.util.Table.purge(JZ)V @ 282
Event: 35,420 Thread 0x00007f3b84c0b800 Uncommon trap: reason=unstable_if action=reinterpret pc=0x00007f3b759d3a18 method=java.util.concurrent.ConcurrentHashMap.compute(Ljava/lang/Object;Ljava/util/function/BiFunction;)Ljava/lang/Object; @ 238
Event: 35,954 Thread 0x00007f3b84c0b800 Uncommon trap: reason=unstable_if action=reinterpret pc=0x00007f3b759ec794 method=java.util.concurrent.ConcurrentHashMap.computeIfPresent(Ljava/lang/Object;Ljava/util/function/BiFunction;)Ljava/lang/Object; @ 125
Event: 36,173 Thread 0x00007f3b84c0b800 Uncommon trap: reason=unstable_if action=reinterpret pc=0x00007f3b75e6fa04 method=sun.util.calendar.CalendarDate.setMillis(I)Lsun/util/calendar/CalendarDate; @ 5
Event: 37,248 Thread 0x00007f3b84c0b800 Uncommon trap: reason=unstable_if action=reinterpret pc=0x00007f3b75e2c41c method=java.time.Duration.create(JI)Ljava/time/Duration; @ 6
Event: 49,213 Thread 0x00007f3b84c0b800 Uncommon trap: reason=predicate action=maybe_recompile pc=0x00007f3b75ce14b0 method=thesis.TPCC.<init>(III)V @ 1166
Event: 51,769 Thread 0x00007f3b00012000 Uncommon trap: reason=unstable_if action=reinterpret pc=0x00007f3b75ecc884 method=java.util.concurrent.ConcurrentHashMap.compute(Ljava/lang/Object;Ljava/util/function/BiFunction;)Ljava/lang/Object; @ 107

Classes redefined (0 events):
No events

Internal exceptions (10 events):
Event: 12,811 Thread 0x00007f3b84c0b800 Exception <a 'java/lang/NoClassDefFoundError': org/eclipse/microprofile/metrics/Timer> (0x00000000e1b1e4c0) thrown at [/home/openjdk/jdk8u/hotspot/src/share/vm/classfile/systemDictionary.cpp, line 206]
Event: 12,812 Thread 0x00007f3b84c0b800 Exception <a 'java/lang/NoClassDefFoundError': org/eclipse/microprofile/metrics/Timer> (0x00000000e1b241c8) thrown at [/home/openjdk/jdk8u/hotspot/src/share/vm/classfile/systemDictionary.cpp, line 206]
Event: 12,812 Thread 0x00007f3b84c0b800 Exception <a 'java/lang/NoClassDefFoundError': org/eclipse/microprofile/metrics/Timer> (0x00000000e1b29ec8) thrown at [/home/openjdk/jdk8u/hotspot/src/share/vm/classfile/systemDictionary.cpp, line 206]
Event: 12,812 Thread 0x00007f3b84c0b800 Exception <a 'java/lang/NoClassDefFoundError': org/eclipse/microprofile/metrics/Timer> (0x00000000e1b2fc50) thrown at [/home/openjdk/jdk8u/hotspot/src/share/vm/classfile/systemDictionary.cpp, line 206]
Event: 12,812 Thread 0x00007f3b84c0b800 Exception <a 'java/lang/NoClassDefFoundError': org/eclipse/microprofile/metrics/Timer> (0x00000000e1b35958) thrown at [/home/openjdk/jdk8u/hotspot/src/share/vm/classfile/systemDictionary.cpp, line 206]
Event: 20,717 Thread 0x00007f3b0c62a000 Implicit null exception at 0x00007f3b75a0b4ec to 0x00007f3b75a0b51d
Event: 20,717 Thread 0x00007f3b0c62a000 Implicit null exception at 0x00007f3b75a15d0f to 0x00007f3b75a16371
Event: 31,283 Thread 0x00007f3b00004000 Implicit null exception at 0x00007f3b74e4994b to 0x00007f3b74e49da9
Event: 31,283 Thread 0x00007f3b00004000 Implicit null exception at 0x00007f3b74e9a096 to 0x00007f3b74e9a425
Event: 31,283 Thread 0x00007f3b00004000 Implicit null exception at 0x00007f3b74ceea28 to 0x00007f3b74ceeaa9

Events (10 events):
Event: 55,200 Thread 0x00007f3b840cf000 flushing nmethod 0x00007f3b75acff50
Event: 55,504 Executing VM operation: RevokeBias
Event: 55,504 Executing VM operation: RevokeBias done
Event: 55,543 Executing VM operation: ParallelGCFailedAllocation
Event: 55,608 Executing VM operation: ParallelGCFailedAllocation done
Event: 55,811 Executing VM operation: RevokeBias
Event: 55,812 Executing VM operation: RevokeBias done
Event: 55,829 Executing VM operation: RevokeBias
Event: 55,829 Executing VM operation: RevokeBias done
Event: 56,087 Executing VM operation: ParallelGCFailedAllocation


Dynamic libraries:
87a00000-b9180000 rw-p 00000000 00:00 0 
c7c80000-d7e00000 ---p 00000000 00:00 0 
d7e00000-ffe80000 rw-p 00000000 00:00 0 
ffe80000-100000000 ---p 00000000 00:00 0 
100000000-1005c0000 rw-p 00000000 00:00 0 
1005c0000-140000000 ---p 00000000 00:00 0 
55de73916000-55de73917000 r-xp 00000000 103:07 2552286                   /home/francisco/.sdkman/candidates/java/8.0.292-open/bin/java
55de73b16000-55de73b17000 r--p 00000000 103:07 2552286                   /home/francisco/.sdkman/candidates/java/8.0.292-open/bin/java
55de73b17000-55de73b18000 rw-p 00001000 103:07 2552286                   /home/francisco/.sdkman/candidates/java/8.0.292-open/bin/java
55de74d89000-55de74daa000 rw-p 00000000 00:00 0                          [heap]
7f3a64000000-7f3a64021000 rw-p 00000000 00:00 0 
7f3a64021000-7f3a68000000 ---p 00000000 00:00 0 
7f3a68000000-7f3a68021000 rw-p 00000000 00:00 0 
7f3a68021000-7f3a6c000000 ---p 00000000 00:00 0 
7f3a6c000000-7f3a6c021000 rw-p 00000000 00:00 0 
7f3a6c021000-7f3a70000000 ---p 00000000 00:00 0 
7f3a70000000-7f3a70021000 rw-p 00000000 00:00 0 
7f3a70021000-7f3a74000000 ---p 00000000 00:00 0 
7f3a74000000-7f3a74021000 rw-p 00000000 00:00 0 
7f3a74021000-7f3a78000000 ---p 00000000 00:00 0 
7f3a78000000-7f3a78034000 rw-p 00000000 00:00 0 
7f3a78034000-7f3a7c000000 ---p 00000000 00:00 0 
7f3a7c000000-7f3a7c021000 rw-p 00000000 00:00 0 
7f3a7c021000-7f3a80000000 ---p 00000000 00:00 0 
7f3a80000000-7f3a80021000 rw-p 00000000 00:00 0 
7f3a80021000-7f3a84000000 ---p 00000000 00:00 0 
7f3a84000000-7f3a84021000 rw-p 00000000 00:00 0 
7f3a84021000-7f3a88000000 ---p 00000000 00:00 0 
7f3a88000000-7f3a88021000 rw-p 00000000 00:00 0 
7f3a88021000-7f3a8c000000 ---p 00000000 00:00 0 
7f3a8c000000-7f3a8c021000 rw-p 00000000 00:00 0 
7f3a8c021000-7f3a90000000 ---p 00000000 00:00 0 
7f3a90000000-7f3a90021000 rw-p 00000000 00:00 0 
7f3a90021000-7f3a94000000 ---p 00000000 00:00 0 
7f3a94000000-7f3a94021000 rw-p 00000000 00:00 0 
7f3a94021000-7f3a98000000 ---p 00000000 00:00 0 
7f3a98000000-7f3a98021000 rw-p 00000000 00:00 0 
7f3a98021000-7f3a9c000000 ---p 00000000 00:00 0 
7f3a9c000000-7f3a9c021000 rw-p 00000000 00:00 0 
7f3a9c021000-7f3aa0000000 ---p 00000000 00:00 0 
7f3aa0000000-7f3aa0021000 rw-p 00000000 00:00 0 
7f3aa0021000-7f3aa4000000 ---p 00000000 00:00 0 
7f3aa4000000-7f3aa4021000 rw-p 00000000 00:00 0 
7f3aa4021000-7f3aa8000000 ---p 00000000 00:00 0 
7f3aa8000000-7f3aa8021000 rw-p 00000000 00:00 0 
7f3aa8021000-7f3aac000000 ---p 00000000 00:00 0 
7f3aac000000-7f3aac021000 rw-p 00000000 00:00 0 
7f3aac021000-7f3ab0000000 ---p 00000000 00:00 0 
7f3ab0000000-7f3ab0021000 rw-p 00000000 00:00 0 
7f3ab0021000-7f3ab4000000 ---p 00000000 00:00 0 
7f3ab4000000-7f3ab4021000 rw-p 00000000 00:00 0 
7f3ab4021000-7f3ab8000000 ---p 00000000 00:00 0 
7f3ab8000000-7f3ab8021000 rw-p 00000000 00:00 0 
7f3ab8021000-7f3abc000000 ---p 00000000 00:00 0 
7f3abc000000-7f3abc021000 rw-p 00000000 00:00 0 
7f3abc021000-7f3ac0000000 ---p 00000000 00:00 0 
7f3ac0000000-7f3ac0021000 rw-p 00000000 00:00 0 
7f3ac0021000-7f3ac4000000 ---p 00000000 00:00 0 
7f3ac4000000-7f3ac4021000 rw-p 00000000 00:00 0 
7f3ac4021000-7f3ac8000000 ---p 00000000 00:00 0 
7f3ac8000000-7f3ac8021000 rw-p 00000000 00:00 0 
7f3ac8021000-7f3acc000000 ---p 00000000 00:00 0 
7f3acc000000-7f3acc021000 rw-p 00000000 00:00 0 
7f3acc021000-7f3ad0000000 ---p 00000000 00:00 0 
7f3ad0000000-7f3ad0021000 rw-p 00000000 00:00 0 
7f3ad0021000-7f3ad4000000 ---p 00000000 00:00 0 
7f3ad4000000-7f3ad4021000 rw-p 00000000 00:00 0 
7f3ad4021000-7f3ad8000000 ---p 00000000 00:00 0 
7f3ad8000000-7f3ad8021000 rw-p 00000000 00:00 0 
7f3ad8021000-7f3adc000000 ---p 00000000 00:00 0 
7f3adc000000-7f3adc021000 rw-p 00000000 00:00 0 
7f3adc021000-7f3ae0000000 ---p 00000000 00:00 0 
7f3ae0000000-7f3ae0021000 rw-p 00000000 00:00 0 
7f3ae0021000-7f3ae4000000 ---p 00000000 00:00 0 
7f3ae4000000-7f3ae4021000 rw-p 00000000 00:00 0 
7f3ae4021000-7f3ae8000000 ---p 00000000 00:00 0 
7f3ae8000000-7f3ae8021000 rw-p 00000000 00:00 0 
7f3ae8021000-7f3aec000000 ---p 00000000 00:00 0 
7f3aec000000-7f3aec04f000 rw-p 00000000 00:00 0 
7f3aec04f000-7f3af0000000 ---p 00000000 00:00 0 
7f3af0000000-7f3af0021000 rw-p 00000000 00:00 0 
7f3af0021000-7f3af4000000 ---p 00000000 00:00 0 
7f3af4000000-7f3af4021000 rw-p 00000000 00:00 0 
7f3af4021000-7f3af8000000 ---p 00000000 00:00 0 
7f3af8000000-7f3af8021000 rw-p 00000000 00:00 0 
7f3af8021000-7f3afc000000 ---p 00000000 00:00 0 
7f3afc000000-7f3afc021000 rw-p 00000000 00:00 0 
7f3afc021000-7f3b00000000 ---p 00000000 00:00 0 
7f3b00000000-7f3b0002e000 rw-p 00000000 00:00 0 
7f3b0002e000-7f3b04000000 ---p 00000000 00:00 0 
7f3b04000000-7f3b04021000 rw-p 00000000 00:00 0 
7f3b04021000-7f3b08000000 ---p 00000000 00:00 0 
7f3b08000000-7f3b08021000 rw-p 00000000 00:00 0 
7f3b08021000-7f3b0c000000 ---p 00000000 00:00 0 
7f3b0c000000-7f3b0c88b000 rw-p 00000000 00:00 0 
7f3b0c88b000-7f3b10000000 ---p 00000000 00:00 0 
7f3b10000000-7f3b10021000 rw-p 00000000 00:00 0 
7f3b10021000-7f3b14000000 ---p 00000000 00:00 0 
7f3b14000000-7f3b14021000 rw-p 00000000 00:00 0 
7f3b14021000-7f3b18000000 ---p 00000000 00:00 0 
7f3b18000000-7f3b18021000 rw-p 00000000 00:00 0 
7f3b18021000-7f3b1c000000 ---p 00000000 00:00 0 
7f3b1c000000-7f3b1d8a1000 rw-p 00000000 00:00 0 
7f3b1d8a1000-7f3b20000000 ---p 00000000 00:00 0 
7f3b20000000-7f3b20caa000 rw-p 00000000 00:00 0 
7f3b20caa000-7f3b24000000 ---p 00000000 00:00 0 
7f3b24000000-7f3b2514b000 rw-p 00000000 00:00 0 
7f3b2514b000-7f3b28000000 ---p 00000000 00:00 0 
7f3b28000000-7f3b296d9000 rw-p 00000000 00:00 0 
7f3b296d9000-7f3b2c000000 ---p 00000000 00:00 0 
7f3b2c000000-7f3b2c021000 rw-p 00000000 00:00 0 
7f3b2c021000-7f3b30000000 ---p 00000000 00:00 0 
7f3b30000000-7f3b30021000 rw-p 00000000 00:00 0 
7f3b30021000-7f3b34000000 ---p 00000000 00:00 0 
7f3b34000000-7f3b3433f000 rw-p 00000000 00:00 0 
7f3b3433f000-7f3b38000000 ---p 00000000 00:00 0 
7f3b38000000-7f3b38021000 rw-p 00000000 00:00 0 
7f3b38021000-7f3b3c000000 ---p 00000000 00:00 0 
7f3b3c000000-7f3b3c311000 rw-p 00000000 00:00 0 
7f3b3c311000-7f3b40000000 ---p 00000000 00:00 0 
7f3b40000000-7f3b40309000 rw-p 00000000 00:00 0 
7f3b40309000-7f3b44000000 ---p 00000000 00:00 0 
7f3b44000000-7f3b4465f000 rw-p 00000000 00:00 0 
7f3b4465f000-7f3b48000000 ---p 00000000 00:00 0 
7f3b4c000000-7f3b4c104000 rw-p 00000000 00:00 0 
7f3b4c104000-7f3b50000000 ---p 00000000 00:00 0 
7f3b54000000-7f3b54021000 rw-p 00000000 00:00 0 
7f3b54021000-7f3b58000000 ---p 00000000 00:00 0 
7f3b5b0f3000-7f3b5b0f6000 ---p 00000000 00:00 0 
7f3b5b0f6000-7f3b5b1f4000 rw-p 00000000 00:00 0 
7f3b5b1f4000-7f3b5b1f7000 ---p 00000000 00:00 0 
7f3b5b1f7000-7f3b5b4b5000 rw-p 00000000 00:00 0 
7f3b5b4b5000-7f3b5b4f5000 ---p 00000000 00:00 0 
7f3b5b4f5000-7f3b5b4f8000 ---p 00000000 00:00 0 
7f3b5b4f8000-7f3b5b5f6000 rw-p 00000000 00:00 0 
7f3b5b5f6000-7f3b5b5f9000 ---p 00000000 00:00 0 
7f3b5b5f9000-7f3b5b6f7000 rw-p 00000000 00:00 0 
7f3b5b6f7000-7f3b5b6fa000 ---p 00000000 00:00 0 
7f3b5b6fa000-7f3b5b7f8000 rw-p 00000000 00:00 0 
7f3b5b7f8000-7f3b5b7fb000 ---p 00000000 00:00 0 
7f3b5b7fb000-7f3b5b8f9000 rw-p 00000000 00:00 0 
7f3b5b8f9000-7f3b5b8fc000 ---p 00000000 00:00 0 
7f3b5b8fc000-7f3b5b9fa000 rw-p 00000000 00:00 0 
7f3b5b9fa000-7f3b5b9fd000 ---p 00000000 00:00 0 
7f3b5b9fd000-7f3b5bafb000 rw-p 00000000 00:00 0 
7f3b5bafb000-7f3b5bafe000 ---p 00000000 00:00 0 
7f3b5bafe000-7f3b5bbfc000 rw-p 00000000 00:00 0 
7f3b5bbfc000-7f3b5bbff000 ---p 00000000 00:00 0 
7f3b5bbff000-7f3b5bcfd000 rw-p 00000000 00:00 0 
7f3b5bcfd000-7f3b5bd00000 ---p 00000000 00:00 0 
7f3b5bd00000-7f3b5bdfe000 rw-p 00000000 00:00 0 
7f3b5bdfe000-7f3b5be01000 ---p 00000000 00:00 0 
7f3b5be01000-7f3b5beff000 rw-p 00000000 00:00 0 
7f3b5beff000-7f3b5bf02000 ---p 00000000 00:00 0 
7f3b5bf02000-7f3b5c000000 rw-p 00000000 00:00 0 
7f3b5c000000-7f3b5c608000 rw-p 00000000 00:00 0 
7f3b5c608000-7f3b60000000 ---p 00000000 00:00 0 
7f3b600f7000-7f3b600fa000 ---p 00000000 00:00 0 
7f3b600fa000-7f3b601f8000 rw-p 00000000 00:00 0 
7f3b601f8000-7f3b601fb000 ---p 00000000 00:00 0 
7f3b601fb000-7f3b602f9000 rw-p 00000000 00:00 0 
7f3b602f9000-7f3b602fc000 ---p 00000000 00:00 0 
7f3b602fc000-7f3b603fa000 rw-p 00000000 00:00 0 
7f3b603fa000-7f3b603fd000 ---p 00000000 00:00 0 
7f3b603fd000-7f3b604fb000 rw-p 00000000 00:00 0 
7f3b604fb000-7f3b604fe000 ---p 00000000 00:00 0 
7f3b604fe000-7f3b605fc000 rw-p 00000000 00:00 0 
7f3b605fc000-7f3b605ff000 ---p 00000000 00:00 0 
7f3b605ff000-7f3b606fd000 rw-p 00000000 00:00 0 
7f3b606fd000-7f3b60700000 ---p 00000000 00:00 0 
7f3b60700000-7f3b609fe000 rw-p 00000000 00:00 0 
7f3b609fe000-7f3b60a01000 ---p 00000000 00:00 0 
7f3b60a01000-7f3b60aff000 rw-p 00000000 00:00 0 
7f3b60aff000-7f3b60b02000 ---p 00000000 00:00 0 
7f3b60b02000-7f3b60c00000 rw-p 00000000 00:00 0 
7f3b60c00000-7f3b60c03000 ---p 00000000 00:00 0 
7f3b60c03000-7f3b60d01000 rw-p 00000000 00:00 0 
7f3b60d01000-7f3b60d04000 ---p 00000000 00:00 0 
7f3b60d04000-7f3b60e02000 rw-p 00000000 00:00 0 
7f3b60e02000-7f3b60e05000 ---p 00000000 00:00 0 
7f3b60e05000-7f3b60f03000 rw-p 00000000 00:00 0 
7f3b60f03000-7f3b60f06000 ---p 00000000 00:00 0 
7f3b60f06000-7f3b61004000 rw-p 00000000 00:00 0 
7f3b61004000-7f3b61007000 ---p 00000000 00:00 0 
7f3b61007000-7f3b61105000 rw-p 00000000 00:00 0 
7f3b61105000-7f3b61108000 ---p 00000000 00:00 0 
7f3b61108000-7f3b61206000 rw-p 00000000 00:00 0 
7f3b61206000-7f3b61209000 ---p 00000000 00:00 0 
7f3b61209000-7f3b61307000 rw-p 00000000 00:00 0 
7f3b61307000-7f3b6130a000 ---p 00000000 00:00 0 
7f3b6130a000-7f3b61608000 rw-p 00000000 00:00 0 
7f3b61608000-7f3b61808000 rw-p 00000000 00:00 0 
7f3b61808000-7f3b6180b000 ---p 00000000 00:00 0 
7f3b6180b000-7f3b61909000 rw-p 00000000 00:00 0 
7f3b61909000-7f3b6190c000 ---p 00000000 00:00 0 
7f3b6190c000-7f3b61a0a000 rw-p 00000000 00:00 0 
7f3b61a0a000-7f3b61a0d000 ---p 00000000 00:00 0 
7f3b61a0d000-7f3b61b0b000 rw-p 00000000 00:00 0 
7f3b61b0b000-7f3b61b0e000 ---p 00000000 00:00 0 
7f3b61b0e000-7f3b61c0c000 rw-p 00000000 00:00 0 
7f3b61c0c000-7f3b61c0f000 ---p 00000000 00:00 0 
7f3b61c0f000-7f3b61d0d000 rw-p 00000000 00:00 0 
7f3b61d0d000-7f3b61d10000 ---p 00000000 00:00 0 
7f3b61d10000-7f3b61e0e000 rw-p 00000000 00:00 0 
7f3b61e0e000-7f3b61e11000 ---p 00000000 00:00 0 
7f3b61e11000-7f3b61f0f000 rw-p 00000000 00:00 0 
7f3b61f0f000-7f3b61f12000 ---p 00000000 00:00 0 
7f3b61f12000-7f3b62010000 rw-p 00000000 00:00 0 
7f3b62010000-7f3b62013000 ---p 00000000 00:00 0 
7f3b62013000-7f3b62111000 rw-p 00000000 00:00 0 
7f3b62111000-7f3b62114000 ---p 00000000 00:00 0 
7f3b62114000-7f3b62212000 rw-p 00000000 00:00 0 
7f3b62212000-7f3b62215000 ---p 00000000 00:00 0 
7f3b62215000-7f3b62313000 rw-p 00000000 00:00 0 
7f3b62313000-7f3b62316000 ---p 00000000 00:00 0 
7f3b62316000-7f3b62414000 rw-p 00000000 00:00 0 
7f3b62414000-7f3b62430000 r--s 00393000 103:07 2551758                   /home/francisco/.sdkman/candidates/java/8.0.292-open/jre/lib/ext/cldrdata.jar
7f3b62430000-7f3b62433000 ---p 00000000 00:00 0 
7f3b62433000-7f3b62731000 rw-p 00000000 00:00 0 
7f3b62731000-7f3b62734000 ---p 00000000 00:00 0 
7f3b62734000-7f3b62832000 rw-p 00000000 00:00 0 
7f3b62832000-7f3b62835000 ---p 00000000 00:00 0 
7f3b62835000-7f3b62b33000 rw-p 00000000 00:00 0 
7f3b62b33000-7f3b62d33000 rw-p 00000000 00:00 0 
7f3b62d33000-7f3b62d3c000 r-xp 00000000 103:07 2551775                   /home/francisco/.sdkman/candidates/java/8.0.292-open/jre/lib/amd64/libmanagement.so
7f3b62d3c000-7f3b62f3b000 ---p 00009000 103:07 2551775                   /home/francisco/.sdkman/candidates/java/8.0.292-open/jre/lib/amd64/libmanagement.so
7f3b62f3b000-7f3b62f3c000 r--p 00008000 103:07 2551775                   /home/francisco/.sdkman/candidates/java/8.0.292-open/jre/lib/amd64/libmanagement.so
7f3b62f3c000-7f3b62f3d000 rw-p 00009000 103:07 2551775                   /home/francisco/.sdkman/candidates/java/8.0.292-open/jre/lib/amd64/libmanagement.so
7f3b62f3d000-7f3b6313d000 rw-p 00000000 00:00 0 
7f3b6313d000-7f3b6333d000 rw-p 00000000 00:00 0 
7f3b6333d000-7f3b6353d000 rw-p 00000000 00:00 0 
7f3b6353d000-7f3b63543000 r--s 00031000 103:07 660843                    /home/francisco/.m2/repository/org/wildfly/common/wildfly-common/1.3.0.Final/wildfly-common-1.3.0.Final.jar
7f3b63543000-7f3b63547000 r--s 00025000 103:07 660841                    /home/francisco/.m2/repository/org/jboss/threads/jboss-threads/2.3.3.Final/jboss-threads-2.3.3.Final.jar
7f3b63547000-7f3b63747000 rw-p 00000000 00:00 0 
7f3b63747000-7f3b63759000 r--s 000c6000 103:07 660837                    /home/francisco/.m2/repository/com/github/ben-manes/caffeine/caffeine/2.8.4/caffeine-2.8.4.jar
7f3b63759000-7f3b63770000 r--s 00235000 103:07 660835                    /home/francisco/.m2/repository/org/jgroups/jgroups/4.2.18.Final/jgroups-4.2.18.Final.jar
7f3b63770000-7f3b63775000 r--s 00018000 103:07 660833                    /home/francisco/.m2/repository/org/infinispan/protostream/protostream-types/4.4.3.Final/protostream-types-4.4.3.Final.jar
7f3b63775000-7f3b637ad000 r--s 0024c000 103:07 3279698                   /home/francisco/.m2/repository/io/reactivex/rxjava3/rxjava/3.0.4/rxjava-3.0.4.jar
7f3b637ad000-7f3b63800000 r--s 004c7000 103:07 660825                    /home/francisco/.m2/repository/org/infinispan/infinispan-core/13.0.11.Final/infinispan-core-13.0.11.Final.jar
7f3b63800000-7f3b63a00000 rw-p 00000000 00:00 0 
7f3b63a00000-7f3b63c00000 rw-p 00000000 00:00 0 
7f3b63c00000-7f3b63e00000 rw-p 00000000 00:00 0 
7f3b63e00000-7f3b64000000 rw-p 00000000 00:00 0 
7f3b64000000-7f3b64105000 rw-p 00000000 00:00 0 
7f3b64105000-7f3b68000000 ---p 00000000 00:00 0 
7f3b68000000-7f3b68002000 r--s 0000d000 103:07 660839                    /home/francisco/.m2/repository/org/jboss/logging/jboss-logging/3.4.1.Final/jboss-logging-3.4.1.Final.jar
7f3b68002000-7f3b68003000 r--s 00003000 103:07 3279700                   /home/francisco/.m2/repository/jakarta/transaction/jakarta.transaction-api/1.3.3/jakarta.transaction-api-1.3.3.jar
7f3b68003000-7f3b68017000 r--s 00119000 103:07 660831                    /home/francisco/.m2/repository/org/infinispan/protostream/protostream/4.4.3.Final/protostream-4.4.3.Final.jar
7f3b68017000-7f3b68026000 r--s 000a4000 103:07 660827                    /home/francisco/.m2/repository/org/infinispan/infinispan-commons/13.0.11.Final/infinispan-commons-13.0.11.Final.jar
7f3b68026000-7f3b680ac000 r--s 00b8b000 103:07 2627748                   /home/francisco/git/thesis/resources/weka.jar
7f3b680ac000-7f3b680af000 r--s 00038000 103:07 2627746                   /home/francisco/git/thesis/resources/JLink.jar
7f3b680af000-7f3b680b2000 ---p 00000000 00:00 0 
7f3b680b2000-7f3b681b0000 rw-p 00000000 00:00 0 
7f3b681b0000-7f3b681b2000 r--s 0000b000 103:07 3674026                   /home/francisco/.m2/repository/org/apache/commons/commons-exec/1.1/commons-exec-1.1.jar
7f3b681b2000-7f3b681b6000 r--s 00033000 103:07 3679151                   /home/francisco/.m2/repository/org/codehaus/plexus/plexus-utils/2.0.5/plexus-utils-2.0.5.jar
7f3b681b6000-7f3b681cf000 r-xp 00000000 103:07 2551808                   /home/francisco/.sdkman/candidates/java/8.0.292-open/jre/lib/amd64/libnet.so
7f3b681cf000-7f3b683ce000 ---p 00019000 103:07 2551808                   /home/francisco/.sdkman/candidates/java/8.0.292-open/jre/lib/amd64/libnet.so
7f3b683ce000-7f3b683cf000 r--p 00018000 103:07 2551808                   /home/francisco/.sdkman/candidates/java/8.0.292-open/jre/lib/amd64/libnet.so
7f3b683cf000-7f3b683d0000 rw-p 00019000 103:07 2551808                   /home/francisco/.sdkman/candidates/java/8.0.292-open/jre/lib/amd64/libnet.so
7f3b683d0000-7f3b6c000000 rw-p 00000000 00:00 0 
7f3b6c000000-7f3b6c125000 rw-p 00000000 00:00 0 
7f3b6c125000-7f3b70000000 ---p 00000000 00:00 0 
7f3b70000000-7f3b70001000 r--s 00002000 103:07 660829                    /home/francisco/.m2/repository/org/reactivestreams/reactive-streams/1.0.3/reactive-streams-1.0.3.jar
7f3b70001000-7f3b70003000 r--s 00002000 103:07 3679132                   /home/francisco/.m2/repository/org/codehaus/plexus/plexus-interactivity-api/1.0-alpha-4/plexus-interactivity-api-1.0-alpha-4.jar
7f3b70003000-7f3b70005000 r--s 00006000 103:07 3679140                   /home/francisco/.m2/repository/commons-cli/commons-cli/1.0/commons-cli-1.0.jar
7f3b70005000-7f3b70006000 r--s 00001000 103:07 3679133                   /home/francisco/.m2/repository/org/apache/maven/doxia/doxia-sink-api/1.0-alpha-7/doxia-sink-api-1.0-alpha-7.jar
7f3b70006000-7f3b70007000 r--s 00002000 103:07 3679131                   /home/francisco/.m2/repository/org/apache/maven/reporting/maven-reporting-api/2.0.6/maven-reporting-api-2.0.6.jar
7f3b70007000-7f3b70009000 r--s 00008000 103:07 3673935                   /home/francisco/.m2/repository/org/codehaus/mojo/exec-maven-plugin/1.2.1/exec-maven-plugin-1.2.1.jar
7f3b70009000-7f3b70014000 r--s 00116000 103:07 2551755                   /home/francisco/.sdkman/candidates/java/8.0.292-open/jre/lib/ext/localedata.jar
7f3b70014000-7f3b70025000 r--s 001bf000 103:07 2551765                   /home/francisco/.sdkman/candidates/java/8.0.292-open/jre/lib/jsse.jar
7f3b70025000-7f3b70029000 r--s 0003b000 103:07 3428989                   /usr/share/java/plexus-utils2.jar
7f3b70029000-7f3b7002a000 r--s 00004000 103:07 3414583                   /usr/share/java/maven3-slf4j-provider.jar
7f3b7002a000-7f3b7002e000 r--s 00027000 103:07 3418893                   /usr/share/java/maven-resolver-impl.jar
7f3b7002e000-7f3b70030000 r--s 00000000 103:07 3420869                   /usr/share/java/plexus-component-annotations.jar
7f3b70030000-7f3b70032000 r--s 00008000 103:07 3414748                   /usr/share/java/maven-resolver-connector-basic.jar
7f3b70032000-7f3b7003f000 r--s 0008b000 103:07 3414574                   /usr/share/java/maven3-core.jar
7f3b7003f000-7f3b70041000 r--s 0000a000 103:07 3414578                   /usr/share/java/maven3-plugin-api.jar
7f3b70041000-7f3b70043000 r--s 00003000 103:07 3413016                   /usr/share/java/jcl-over-slf4j.jar
7f3b70043000-7f3b70046000 r--s 0000a000 103:07 3414571                   /usr/share/java/maven3-artifact.jar
7f3b70046000-7f3b70048000 r--s 00001000 103:07 3414572                   /usr/share/java/maven3-builder-support.jar
7f3b70048000-7f3b7004b000 r--s 00011000 103:07 3429035                   /usr/share/java/plexus-interpolation.jar
7f3b7004b000-7f3b7004c000 r--s 00000000 103:07 3414591                   /usr/share/java/atinject-jsr330-api-1.0.jar
7f3b7004c000-7f3b7004e000 r--s 00009000 103:07 3413020                   /usr/share/java/slf4j-api.jar
7f3b7004e000-7f3b7007a000 r--s 00208000 103:07 3428924                   /usr/share/java/guava.jar
7f3b7007a000-7f3b70081000 r--s 00041000 103:07 3414573                   /usr/share/java/maven3-compat.jar
7f3b70081000-7f3b70088000 r--s 00054000 103:07 3429039                   /usr/share/java/sisu-inject.jar
7f3b70088000-7f3b7008a000 r--s 00001000 103:07 3411460                   /usr/share/java/aopalliance-1.0.jar
7f3b7008a000-7f3b7008d000 r--s 00027000 103:07 3414577                   /usr/share/java/maven3-model.jar
7f3b7008d000-7f3b7008f000 r--s 00006000 103:07 3419031                   /usr/share/java/maven-resolver-spi.jar
7f3b7008f000-7f3b70090000 r--s 00001000 103:07 3412879                   /usr/share/java/wagon-file.jar
7f3b70090000-7f3b70098000 r--s 00072000 103:07 3414716                   /usr/share/java/commons-lang3.jar
7f3b70098000-7f3b7009a000 r--s 0000b000 103:07 3412742                   /usr/share/java/wagon-provider-api.jar
7f3b7009a000-7f3b7009c000 r--s 00007000 103:07 3428961                   /usr/share/java/jansi.jar
7f3b7009c000-7f3b7009e000 r--s 00006000 103:07 3429037                   /usr/share/java/plexus-sec-dispatcher.jar
7f3b7009e000-7f3b7009f000 r--s 00001000 103:07 3420877                   /usr/share/java/geronimo-interceptor-3.0-spec.jar
7f3b7009f000-7f3b700a1000 r--s 0000d000 103:07 3420231                   /usr/share/java/el-api.jar
7f3b700a1000-7f3b700a4000 r--s 0000e000 103:07 3420879                   /usr/share/java/cdi-api.jar
7f3b700a4000-7f3b700d1000 r--s 001ce000 103:07 3414569                   /usr/share/java/wagon-http-shaded-3.0.0.jar
7f3b700d1000-7f3b700df000 r--s 0009a000 103:07 3428936                   /usr/share/java/guice.jar
7f3b700df000-7f3b70110000 rw-p 00000000 00:00 0 
7f3b70110000-7f3b70121000 r-xp 00000000 103:07 2551802                   /home/francisco/.sdkman/candidates/java/8.0.292-open/jre/lib/amd64/libnio.so
7f3b70121000-7f3b70321000 ---p 00011000 103:07 2551802                   /home/francisco/.sdkman/candidates/java/8.0.292-open/jre/lib/amd64/libnio.so
7f3b70321000-7f3b70322000 r--p 00011000 103:07 2551802                   /home/francisco/.sdkman/candidates/java/8.0.292-open/jre/lib/amd64/libnio.so
7f3b70322000-7f3b70323000 rw-p 00012000 103:07 2551802                   /home/francisco/.sdkman/candidates/java/8.0.292-open/jre/lib/amd64/libnio.so
7f3b70323000-7f3b70324000 ---p 00000000 00:00 0 
7f3b70324000-7f3b70424000 rw-p 00000000 00:00 0 
7f3b70424000-7f3b70427000 ---p 00000000 00:00 0 
7f3b70427000-7f3b70525000 rw-p 00000000 00:00 0 
7f3b70525000-7f3b70526000 ---p 00000000 00:00 0 
7f3b70526000-7f3b70529000 ---p 00000000 00:00 0 
7f3b70529000-7f3b70626000 rw-p 00000000 00:00 0 
7f3b70626000-7f3b70627000 ---p 00000000 00:00 0 
7f3b70627000-7f3b7062a000 ---p 00000000 00:00 0 
7f3b7062a000-7f3b70727000 rw-p 00000000 00:00 0 
7f3b70727000-7f3b70728000 ---p 00000000 00:00 0 
7f3b70728000-7f3b7072b000 ---p 00000000 00:00 0 
7f3b7072b000-7f3b70828000 rw-p 00000000 00:00 0 
7f3b70828000-7f3b70829000 ---p 00000000 00:00 0 
7f3b70829000-7f3b7082c000 ---p 00000000 00:00 0 
7f3b7082c000-7f3b70929000 rw-p 00000000 00:00 0 
7f3b70929000-7f3b7092c000 ---p 00000000 00:00 0 
7f3b7092c000-7f3b70a2a000 rw-p 00000000 00:00 0 
7f3b70a2a000-7f3b70d09000 r--p 00000000 103:07 3015075                   /usr/lib/locale/locale-archive
7f3b70d09000-7f3b70d0c000 ---p 00000000 00:00 0 
7f3b70d0c000-7f3b70e0a000 rw-p 00000000 00:00 0 
7f3b70e0a000-7f3b70e0d000 ---p 00000000 00:00 0 
7f3b70e0d000-7f3b70f0b000 rw-p 00000000 00:00 0 
7f3b70f0b000-7f3b70f0c000 ---p 00000000 00:00 0 
7f3b70f0c000-7f3b72c2f000 rw-p 00000000 00:00 0 
7f3b72c2f000-7f3b72e01000 r--s 03ca4000 103:07 2551812                   /home/francisco/.sdkman/candidates/java/8.0.292-open/jre/lib/rt.jar
7f3b72e01000-7f3b739c4000 rw-p 00000000 00:00 0 
7f3b739c4000-7f3b739c5000 ---p 00000000 00:00 0 
7f3b739c5000-7f3b73ac5000 rw-p 00000000 00:00 0 
7f3b73ac5000-7f3b73ac6000 ---p 00000000 00:00 0 
7f3b73ac6000-7f3b73bc6000 rw-p 00000000 00:00 0 
7f3b73bc6000-7f3b73bc7000 ---p 00000000 00:00 0 
7f3b73bc7000-7f3b73cc7000 rw-p 00000000 00:00 0 
7f3b73cc7000-7f3b73cc8000 ---p 00000000 00:00 0 
7f3b73cc8000-7f3b73dc8000 rw-p 00000000 00:00 0 
7f3b73dc8000-7f3b73dc9000 ---p 00000000 00:00 0 
7f3b73dc9000-7f3b73ec9000 rw-p 00000000 00:00 0 
7f3b73ec9000-7f3b73eca000 ---p 00000000 00:00 0 
7f3b73eca000-7f3b73fca000 rw-p 00000000 00:00 0 
7f3b73fca000-7f3b73fcb000 ---p 00000000 00:00 0 
7f3b73fcb000-7f3b740cb000 rw-p 00000000 00:00 0 
7f3b740cb000-7f3b740cc000 ---p 00000000 00:00 0 
7f3b740cc000-7f3b74358000 rw-p 00000000 00:00 0 
7f3b74358000-7f3b7444e000 ---p 00000000 00:00 0 
7f3b7444e000-7f3b745da000 rw-p 00000000 00:00 0 
7f3b745da000-7f3b746d0000 ---p 00000000 00:00 0 
7f3b746d0000-7f3b74811000 rw-p 00000000 00:00 0 
7f3b74811000-7f3b74862000 rw-p 00000000 00:00 0 
7f3b74862000-7f3b74bd2000 ---p 00000000 00:00 0 
7f3b74bd2000-7f3b75fb2000 rwxp 00000000 00:00 0 
7f3b75fb2000-7f3b83bd2000 ---p 00000000 00:00 0 
7f3b83bd2000-7f3b83bed000 r-xp 00000000 103:07 2551806                   /home/francisco/.sdkman/candidates/java/8.0.292-open/jre/lib/amd64/libzip.so
7f3b83bed000-7f3b83dec000 ---p 0001b000 103:07 2551806                   /home/francisco/.sdkman/candidates/java/8.0.292-open/jre/lib/amd64/libzip.so
7f3b83dec000-7f3b83ded000 r--p 0001a000 103:07 2551806                   /home/francisco/.sdkman/candidates/java/8.0.292-open/jre/lib/amd64/libzip.so
7f3b83ded000-7f3b83dee000 rw-p 0001b000 103:07 2551806                   /home/francisco/.sdkman/candidates/java/8.0.292-open/jre/lib/amd64/libzip.so
7f3b83dee000-7f3b83df9000 r-xp 00000000 103:07 655905                    /lib/x86_64-linux-gnu/libnss_files-2.27.so
7f3b83df9000-7f3b83ff8000 ---p 0000b000 103:07 655905                    /lib/x86_64-linux-gnu/libnss_files-2.27.so
7f3b83ff8000-7f3b83ff9000 r--p 0000a000 103:07 655905                    /lib/x86_64-linux-gnu/libnss_files-2.27.so
7f3b83ff9000-7f3b83ffa000 rw-p 0000b000 103:07 655905                    /lib/x86_64-linux-gnu/libnss_files-2.27.so
7f3b83ffa000-7f3b84000000 rw-p 00000000 00:00 0 
7f3b84000000-7f3b84df8000 rw-p 00000000 00:00 0 
7f3b84df8000-7f3b88000000 ---p 00000000 00:00 0 
7f3b88000000-7f3b88001000 r--s 00000000 103:07 3414591                   /usr/share/java/atinject-jsr330-api-1.0.jar
7f3b88001000-7f3b88002000 r--s 00002000 103:07 3414740                   /usr/share/java/geronimo-annotation-1.3-spec.jar
7f3b88002000-7f3b88003000 r--s 00006000 103:07 3414579                   /usr/share/java/maven3-repository-metadata.jar
7f3b88003000-7f3b88007000 r--s 0001f000 103:07 3414747                   /usr/share/java/maven-resolver-api.jar
7f3b88007000-7f3b88009000 r--s 0000d000 103:07 3414580                   /usr/share/java/maven3-resolver-provider.jar
7f3b88009000-7f3b8800a000 r--s 0000a000 103:07 3414582                   /usr/share/java/maven3-settings.jar
7f3b8800a000-7f3b8800d000 r--s 00015000 103:07 3414575                   /usr/share/java/maven3-embedder.jar
7f3b8800d000-7f3b880d1000 rw-p 00000000 00:00 0 
7f3b880d1000-7f3b880e8000 r-xp 00000000 103:07 655902                    /lib/x86_64-linux-gnu/libnsl-2.27.so
7f3b880e8000-7f3b882e7000 ---p 00017000 103:07 655902                    /lib/x86_64-linux-gnu/libnsl-2.27.so
7f3b882e7000-7f3b882e8000 r--p 00016000 103:07 655902                    /lib/x86_64-linux-gnu/libnsl-2.27.so
7f3b882e8000-7f3b882e9000 rw-p 00017000 103:07 655902                    /lib/x86_64-linux-gnu/libnsl-2.27.so
7f3b882e9000-7f3b882eb000 rw-p 00000000 00:00 0 
7f3b882eb000-7f3b882f6000 r-xp 00000000 103:07 655907                    /lib/x86_64-linux-gnu/libnss_nis-2.27.so
7f3b882f6000-7f3b884f5000 ---p 0000b000 103:07 655907                    /lib/x86_64-linux-gnu/libnss_nis-2.27.so
7f3b884f5000-7f3b884f6000 r--p 0000a000 103:07 655907                    /lib/x86_64-linux-gnu/libnss_nis-2.27.so
7f3b884f6000-7f3b884f7000 rw-p 0000b000 103:07 655907                    /lib/x86_64-linux-gnu/libnss_nis-2.27.so
7f3b884f7000-7f3b884ff000 r-xp 00000000 103:07 655903                    /lib/x86_64-linux-gnu/libnss_compat-2.27.so
7f3b884ff000-7f3b886ff000 ---p 00008000 103:07 655903                    /lib/x86_64-linux-gnu/libnss_compat-2.27.so
7f3b886ff000-7f3b88700000 r--p 00008000 103:07 655903                    /lib/x86_64-linux-gnu/libnss_compat-2.27.so
7f3b88700000-7f3b88701000 rw-p 00009000 103:07 655903                    /lib/x86_64-linux-gnu/libnss_compat-2.27.so
7f3b88701000-7f3b88729000 r-xp 00000000 103:07 2551798                   /home/francisco/.sdkman/candidates/java/8.0.292-open/jre/lib/amd64/libjava.so
7f3b88729000-7f3b88928000 ---p 00028000 103:07 2551798                   /home/francisco/.sdkman/candidates/java/8.0.292-open/jre/lib/amd64/libjava.so
7f3b88928000-7f3b88929000 r--p 00027000 103:07 2551798                   /home/francisco/.sdkman/candidates/java/8.0.292-open/jre/lib/amd64/libjava.so
7f3b88929000-7f3b8892b000 rw-p 00028000 103:07 2551798                   /home/francisco/.sdkman/candidates/java/8.0.292-open/jre/lib/amd64/libjava.so
7f3b8892b000-7f3b88939000 r-xp 00000000 103:07 2551787                   /home/francisco/.sdkman/candidates/java/8.0.292-open/jre/lib/amd64/libverify.so
7f3b88939000-7f3b88b38000 ---p 0000e000 103:07 2551787                   /home/francisco/.sdkman/candidates/java/8.0.292-open/jre/lib/amd64/libverify.so
7f3b88b38000-7f3b88b3a000 r--p 0000d000 103:07 2551787                   /home/francisco/.sdkman/candidates/java/8.0.292-open/jre/lib/amd64/libverify.so
7f3b88b3a000-7f3b88b3b000 rw-p 0000f000 103:07 2551787                   /home/francisco/.sdkman/candidates/java/8.0.292-open/jre/lib/amd64/libverify.so
7f3b88b3b000-7f3b88b42000 r-xp 00000000 103:07 655913                    /lib/x86_64-linux-gnu/librt-2.27.so
7f3b88b42000-7f3b88d41000 ---p 00007000 103:07 655913                    /lib/x86_64-linux-gnu/librt-2.27.so
7f3b88d41000-7f3b88d42000 r--p 00006000 103:07 655913                    /lib/x86_64-linux-gnu/librt-2.27.so
7f3b88d42000-7f3b88d43000 rw-p 00007000 103:07 655913                    /lib/x86_64-linux-gnu/librt-2.27.so
7f3b88d43000-7f3b88ee0000 r-xp 00000000 103:07 655899                    /lib/x86_64-linux-gnu/libm-2.27.so
7f3b88ee0000-7f3b890df000 ---p 0019d000 103:07 655899                    /lib/x86_64-linux-gnu/libm-2.27.so
7f3b890df000-7f3b890e0000 r--p 0019c000 103:07 655899                    /lib/x86_64-linux-gnu/libm-2.27.so
7f3b890e0000-7f3b890e1000 rw-p 0019d000 103:07 655899                    /lib/x86_64-linux-gnu/libm-2.27.so
7f3b890e1000-7f3b89ddf000 r-xp 00000000 103:07 2551785                   /home/francisco/.sdkman/candidates/java/8.0.292-open/jre/lib/amd64/server/libjvm.so
7f3b89ddf000-7f3b89fde000 ---p 00cfe000 103:07 2551785                   /home/francisco/.sdkman/candidates/java/8.0.292-open/jre/lib/amd64/server/libjvm.so
7f3b89fde000-7f3b8a089000 r--p 00cfd000 103:07 2551785                   /home/francisco/.sdkman/candidates/java/8.0.292-open/jre/lib/amd64/server/libjvm.so
7f3b8a089000-7f3b8a0b2000 rw-p 00da8000 103:07 2551785                   /home/francisco/.sdkman/candidates/java/8.0.292-open/jre/lib/amd64/server/libjvm.so
7f3b8a0b2000-7f3b8a0f7000 rw-p 00000000 00:00 0 
7f3b8a0f7000-7f3b8a2de000 r-xp 00000000 103:07 655895                    /lib/x86_64-linux-gnu/libc-2.27.so
7f3b8a2de000-7f3b8a4de000 ---p 001e7000 103:07 655895                    /lib/x86_64-linux-gnu/libc-2.27.so
7f3b8a4de000-7f3b8a4e2000 r--p 001e7000 103:07 655895                    /lib/x86_64-linux-gnu/libc-2.27.so
7f3b8a4e2000-7f3b8a4e4000 rw-p 001eb000 103:07 655895                    /lib/x86_64-linux-gnu/libc-2.27.so
7f3b8a4e4000-7f3b8a4e8000 rw-p 00000000 00:00 0 
7f3b8a4e8000-7f3b8a4eb000 r-xp 00000000 103:07 655898                    /lib/x86_64-linux-gnu/libdl-2.27.so
7f3b8a4eb000-7f3b8a6ea000 ---p 00003000 103:07 655898                    /lib/x86_64-linux-gnu/libdl-2.27.so
7f3b8a6ea000-7f3b8a6eb000 r--p 00002000 103:07 655898                    /lib/x86_64-linux-gnu/libdl-2.27.so
7f3b8a6eb000-7f3b8a6ec000 rw-p 00003000 103:07 655898                    /lib/x86_64-linux-gnu/libdl-2.27.so
7f3b8a6ec000-7f3b8a702000 r-xp 00000000 103:07 2552297                   /home/francisco/.sdkman/candidates/java/8.0.292-open/lib/amd64/jli/libjli.so
7f3b8a702000-7f3b8a901000 ---p 00016000 103:07 2552297                   /home/francisco/.sdkman/candidates/java/8.0.292-open/lib/amd64/jli/libjli.so
7f3b8a901000-7f3b8a902000 r--p 00015000 103:07 2552297                   /home/francisco/.sdkman/candidates/java/8.0.292-open/lib/amd64/jli/libjli.so
7f3b8a902000-7f3b8a903000 rw-p 00016000 103:07 2552297                   /home/francisco/.sdkman/candidates/java/8.0.292-open/lib/amd64/jli/libjli.so
7f3b8a903000-7f3b8a91d000 r-xp 00000000 103:07 655910                    /lib/x86_64-linux-gnu/libpthread-2.27.so
7f3b8a91d000-7f3b8ab1c000 ---p 0001a000 103:07 655910                    /lib/x86_64-linux-gnu/libpthread-2.27.so
7f3b8ab1c000-7f3b8ab1d000 r--p 00019000 103:07 655910                    /lib/x86_64-linux-gnu/libpthread-2.27.so
7f3b8ab1d000-7f3b8ab1e000 rw-p 0001a000 103:07 655910                    /lib/x86_64-linux-gnu/libpthread-2.27.so
7f3b8ab1e000-7f3b8ab22000 rw-p 00000000 00:00 0 
7f3b8ab22000-7f3b8ab4b000 r-xp 00000000 103:07 655891                    /lib/x86_64-linux-gnu/ld-2.27.so
7f3b8ab4b000-7f3b8ab51000 r--s 0002d000 103:07 3422616                   /usr/share/java/sisu-plexus.jar
7f3b8ab51000-7f3b8ab55000 r--s 00030000 103:07 3410015                   /usr/share/java/commons-io.jar
7f3b8ab55000-7f3b8ab57000 r--s 00005000 103:07 3419156                   /usr/share/java/maven-resolver-transport-wagon.jar
7f3b8ab57000-7f3b8ab59000 r--s 0000a000 103:07 3428904                   /usr/share/java/commons-cli.jar
7f3b8ab59000-7f3b8ab5a000 r--s 00003000 103:07 3429030                   /usr/share/java/plexus-cipher.jar
7f3b8ab5a000-7f3b8ab5d000 r--s 00007000 103:07 3414581                   /usr/share/java/maven3-settings-builder.jar
7f3b8ab5d000-7f3b8ac27000 rw-p 00000000 00:00 0 
7f3b8ac27000-7f3b8ac28000 ---p 00000000 00:00 0 
7f3b8ac28000-7f3b8ac2b000 ---p 00000000 00:00 0 
7f3b8ac2b000-7f3b8ad2a000 rw-p 00000000 00:00 0 
7f3b8ad2a000-7f3b8ad2d000 r--s 00024000 103:07 3420866                   /usr/share/java/maven-shared-utils.jar
7f3b8ad2d000-7f3b8ad32000 r--s 00025000 103:07 3414576                   /usr/share/java/maven3-model-builder.jar
7f3b8ad32000-7f3b8ad37000 r--s 00021000 103:07 3419157                   /usr/share/java/maven-resolver-util.jar
7f3b8ad37000-7f3b8ad39000 r--s 0000b000 103:07 3428985                   /usr/share/java/plexus-classworlds.jar
7f3b8ad39000-7f3b8ad3f000 r--s 000d3000 103:07 2551770                   /home/francisco/.sdkman/candidates/java/8.0.292-open/jre/lib/jfr.jar
7f3b8ad3f000-7f3b8ad47000 rw-s 00000000 103:07 135076                    /tmp/hsperfdata_francisco/13157
7f3b8ad47000-7f3b8ad48000 rw-p 00000000 00:00 0 
7f3b8ad48000-7f3b8ad49000 ---p 00000000 00:00 0 
7f3b8ad49000-7f3b8ad4b000 rw-p 00000000 00:00 0 
7f3b8ad4b000-7f3b8ad4c000 r--p 00029000 103:07 655891                    /lib/x86_64-linux-gnu/ld-2.27.so
7f3b8ad4c000-7f3b8ad4d000 rw-p 0002a000 103:07 655891                    /lib/x86_64-linux-gnu/ld-2.27.so
7f3b8ad4d000-7f3b8ad4e000 rw-p 00000000 00:00 0 
7ffdea055000-7ffdea077000 rw-p 00000000 00:00 0                          [stack]
7ffdea138000-7ffdea13b000 r--p 00000000 00:00 0                          [vvar]
7ffdea13b000-7ffdea13d000 r-xp 00000000 00:00 0                          [vdso]
ffffffffff600000-ffffffffff601000 r-xp 00000000 00:00 0                  [vsyscall]

VM Arguments:
jvm_args: -Dclassworlds.conf=/usr/share/maven/bin/m2.conf -Dmaven.home=/usr/share/maven -Dlibrary.jansi.path=/usr/share/maven/lib/jansi-native -Dmaven.multiModuleProjectDirectory=/home/francisco/git/thesis 
java_command: org.codehaus.plexus.classworlds.launcher.Launcher exec:java -Dexec.args=2 1 3 2
java_class_path (initial): /usr/share/maven/boot/plexus-classworlds-2.x.jar
Launcher Type: SUN_STANDARD

Environment Variables:
JAVA_HOME=/home/francisco/.sdkman/candidates/java/current
PATH=/home/francisco/.sdkman/candidates/java/current/bin:/home/francisco/anaconda3/bin:/usr/local/sbin:/usr/local/bin:/usr/sbin:/usr/bin:/sbin:/bin:/usr/games:/usr/local/games:/snap/bin:/home/francisco/.dotnet/tools
USERNAME=francisco
SHELL=/bin/bash
DISPLAY=:0

Signal Handlers:
SIGSEGV: [libjvm.so+0xad93b0], sa_mask[0]=11111111011111111101111111111110, sa_flags=SA_RESTART|SA_SIGINFO
SIGBUS: [libjvm.so+0xad93b0], sa_mask[0]=11111111011111111101111111111110, sa_flags=SA_RESTART|SA_SIGINFO
SIGFPE: [libjvm.so+0x930a40], sa_mask[0]=11111111011111111101111111111110, sa_flags=SA_RESTART|SA_SIGINFO
SIGPIPE: [libjvm.so+0x930a40], sa_mask[0]=11111111011111111101111111111110, sa_flags=SA_RESTART|SA_SIGINFO
SIGXFSZ: [libjvm.so+0x930a40], sa_mask[0]=11111111011111111101111111111110, sa_flags=SA_RESTART|SA_SIGINFO
SIGILL: [libjvm.so+0x930a40], sa_mask[0]=11111111011111111101111111111110, sa_flags=SA_RESTART|SA_SIGINFO
SIGUSR1: SIG_DFL, sa_mask[0]=00000000000000000000000000000000, sa_flags=none
SIGUSR2: [libjvm.so+0x932390], sa_mask[0]=00000000000000000000000000000000, sa_flags=SA_RESTART|SA_SIGINFO
SIGHUP: [libjvm.so+0x933dc0], sa_mask[0]=11111111011111111101111111111110, sa_flags=SA_RESTART|SA_SIGINFO
SIGINT: [libjvm.so+0x933dc0], sa_mask[0]=11111111011111111101111111111110, sa_flags=SA_RESTART|SA_SIGINFO
SIGTERM: [libjvm.so+0x933dc0], sa_mask[0]=11111111011111111101111111111110, sa_flags=SA_RESTART|SA_SIGINFO
SIGQUIT: [libjvm.so+0x933dc0], sa_mask[0]=11111111011111111101111111111110, sa_flags=SA_RESTART|SA_SIGINFO


---------------  S Y S T E M  ---------------

OS:DISTRIB_ID=Ubuntu
DISTRIB_RELEASE=18.04
DISTRIB_CODENAME=bionic
DISTRIB_DESCRIPTION="Ubuntu 18.04.6 LTS"

uname:Linux 4.15.0-197-generic #208-Ubuntu SMP Tue Nov 1 17:23:37 UTC 2022 x86_64
libc:glibc 2.27 NPTL 2.27 
rlimit: STACK 8192k, CORE 0k, NPROC 30351, NOFILE 4096, AS infinity
load average:33,72 11,85 5,58

/proc/meminfo:
MemTotal:        7887584 kB
MemFree:          107456 kB
MemAvailable:       6904 kB
Buffers:             536 kB
Cached:           103848 kB
SwapCached:          128 kB
Active:          6354100 kB
Inactive:         975064 kB
Active(anon):    6351132 kB
Inactive(anon):   971392 kB
Active(file):       2968 kB
Inactive(file):     3672 kB
Unevictable:         176 kB
Mlocked:             176 kB
SwapTotal:       2097148 kB
SwapFree:              0 kB
Dirty:                16 kB
Writeback:             0 kB
AnonPages:       7225292 kB
Mapped:            19664 kB
Shmem:             97336 kB
Slab:             227128 kB
SReclaimable:      73972 kB
SUnreclaim:       153156 kB
KernelStack:       22160 kB
PageTables:        83728 kB
NFS_Unstable:          0 kB
Bounce:                0 kB
WritebackTmp:          0 kB
CommitLimit:     6040940 kB
Committed_AS:   18257568 kB
VmallocTotal:   34359738367 kB
VmallocUsed:           0 kB
VmallocChunk:          0 kB
HardwareCorrupted:     0 kB
AnonHugePages:         0 kB
ShmemHugePages:        0 kB
ShmemPmdMapped:        0 kB
CmaTotal:              0 kB
CmaFree:               0 kB
HugePages_Total:       0
HugePages_Free:        0
HugePages_Rsvd:        0
HugePages_Surp:        0
Hugepagesize:       2048 kB
DirectMap4k:      427520 kB
DirectMap2M:     7682048 kB
DirectMap1G:           0 kB

container (cgroup) information:
container_type: cgroupv1
cpu_cpuset_cpus: 0-7
cpu_memory_nodes: 0
active_processor_count: 8
cpu_quota: -1
cpu_period: 100000
cpu_shares: -1
memory_limit_in_bytes: -1
memory_and_swap_limit_in_bytes: -2
memory_soft_limit_in_bytes: -1
memory_usage_in_bytes: 7504396288
memory_max_usage_in_bytes: 7508561920


CPU:total 8 (initial active 8) (4 cores per cpu, 2 threads per core) family 6 model 142 stepping 10, cmov, cx8, fxsr, mmx, sse, sse2, sse3, ssse3, sse4.1, sse4.2, popcnt, avx, avx2, aes, clmul, erms, 3dnowpref, lzcnt, ht, tsc, tscinvbit, bmi1, bmi2, adx

/proc/cpuinfo:
processor	: 0
vendor_id	: GenuineIntel
cpu family	: 6
model		: 142
model name	: Intel(R) Core(TM) i7-8550U CPU @ 1.80GHz
stepping	: 10
microcode	: 0xf0
cpu MHz		: 2499.999
cache size	: 8192 KB
physical id	: 0
siblings	: 8
core id		: 0
cpu cores	: 4
apicid		: 0
initial apicid	: 0
fpu		: yes
fpu_exception	: yes
cpuid level	: 22
wp		: yes
flags		: fpu vme de pse tsc msr pae mce cx8 apic sep mtrr pge mca cmov pat pse36 clflush dts acpi mmx fxsr sse sse2 ss ht tm pbe syscall nx pdpe1gb rdtscp lm constant_tsc art arch_perfmon pebs bts rep_good nopl xtopology nonstop_tsc cpuid aperfmperf pni pclmulqdq dtes64 monitor ds_cpl vmx est tm2 ssse3 sdbg fma cx16 xtpr pdcm pcid sse4_1 sse4_2 x2apic movbe popcnt tsc_deadline_timer aes xsave avx f16c rdrand lahf_lm abm 3dnowprefetch cpuid_fault epb invpcid_single pti ssbd ibrs ibpb stibp tpr_shadow vnmi flexpriority ept vpid fsgsbase tsc_adjust bmi1 avx2 smep bmi2 erms invpcid mpx rdseed adx smap clflushopt intel_pt xsaveopt xsavec xgetbv1 xsaves dtherm ida arat pln pts hwp hwp_notify hwp_act_window hwp_epp md_clear flush_l1d arch_capabilities
bugs		: cpu_meltdown spectre_v1 spectre_v2 spec_store_bypass l1tf mds swapgs itlb_multihit srbds mmio_stale_data
bogomips	: 3999.93
clflush size	: 64
cache_alignment	: 64
address sizes	: 39 bits physical, 48 bits virtual
power management:

processor	: 1
vendor_id	: GenuineIntel
cpu family	: 6
model		: 142
model name	: Intel(R) Core(TM) i7-8550U CPU @ 1.80GHz
stepping	: 10
microcode	: 0xf0
cpu MHz		: 2500.001
cache size	: 8192 KB
physical id	: 0
siblings	: 8
core id		: 1
cpu cores	: 4
apicid		: 2
initial apicid	: 2
fpu		: yes
fpu_exception	: yes
cpuid level	: 22
wp		: yes
flags		: fpu vme de pse tsc msr pae mce cx8 apic sep mtrr pge mca cmov pat pse36 clflush dts acpi mmx fxsr sse sse2 ss ht tm pbe syscall nx pdpe1gb rdtscp lm constant_tsc art arch_perfmon pebs bts rep_good nopl xtopology nonstop_tsc cpuid aperfmperf pni pclmulqdq dtes64 monitor ds_cpl vmx est tm2 ssse3 sdbg fma cx16 xtpr pdcm pcid sse4_1 sse4_2 x2apic movbe popcnt tsc_deadline_timer aes xsave avx f16c rdrand lahf_lm abm 3dnowprefetch cpuid_fault epb invpcid_single pti ssbd ibrs ibpb stibp tpr_shadow vnmi flexpriority ept vpid fsgsbase tsc_adjust bmi1 avx2 smep bmi2 erms invpcid mpx rdseed adx smap clflushopt intel_pt xsaveopt xsavec xgetbv1 xsaves dtherm ida arat pln pts hwp hwp_notify hwp_act_window hwp_epp md_clear flush_l1d arch_capabilities
bugs		: cpu_meltdown spectre_v1 spectre_v2 spec_store_bypass l1tf mds swapgs itlb_multihit srbds mmio_stale_data
bogomips	: 3999.93
clflush size	: 64
cache_alignment	: 64
address sizes	: 39 bits physical, 48 bits virtual
power management:

processor	: 2
vendor_id	: GenuineIntel
cpu family	: 6
model		: 142
model name	: Intel(R) Core(TM) i7-8550U CPU @ 1.80GHz
stepping	: 10
microcode	: 0xf0
cpu MHz		: 2499.999
cache size	: 8192 KB
physical id	: 0
siblings	: 8
core id		: 2
cpu cores	: 4
apicid		: 4
initial apicid	: 4
fpu		: yes
fpu_exception	: yes
cpuid level	: 22
wp		: yes
flags		: fpu vme de pse tsc msr pae mce cx8 apic sep mtrr pge mca cmov pat pse36 clflush dts acpi mmx fxsr sse sse2 ss ht tm pbe syscall nx pdpe1gb rdtscp lm constant_tsc art arch_perfmon pebs bts rep_good nopl xtopology nonstop_tsc cpuid aperfmperf pni pclmulqdq dtes64 monitor ds_cpl vmx est tm2 ssse3 sdbg fma cx16 xtpr pdcm pcid sse4_1 sse4_2 x2apic movbe popcnt tsc_deadline_timer aes xsave avx f16c rdrand lahf_lm abm 3dnowprefetch cpuid_fault epb invpcid_single pti ssbd ibrs ibpb stibp tpr_shadow vnmi flexpriority ept vpid fsgsbase tsc_adjust bmi1 avx2 smep bmi2 erms invpcid mpx rdseed adx smap clflushopt intel_pt xsaveopt xsavec xgetbv1 xsaves dtherm ida arat pln pts hwp hwp_notify hwp_act_window hwp_epp md_clear flush_l1d arch_capabilities
bugs		: cpu_meltdown spectre_v1 spectre_v2 spec_store_bypass l1tf mds swapgs itlb_multihit srbds mmio_stale_data
bogomips	: 3999.93
clflush size	: 64
cache_alignment	: 64
address sizes	: 39 bits physical, 48 bits virtual
power management:

processor	: 3
vendor_id	: GenuineIntel
cpu family	: 6
model		: 142
model name	: Intel(R) Core(TM) i7-8550U CPU @ 1.80GHz
stepping	: 10
microcode	: 0xf0
cpu MHz		: 2499.999
cache size	: 8192 KB
physical id	: 0
siblings	: 8
core id		: 3
cpu cores	: 4
apicid		: 6
initial apicid	: 6
fpu		: yes
fpu_exception	: yes
cpuid level	: 22
wp		: yes
flags		: fpu vme de pse tsc msr pae mce cx8 apic sep mtrr pge mca cmov pat pse36 clflush dts acpi mmx fxsr sse sse2 ss ht tm pbe syscall nx pdpe1gb rdtscp lm constant_tsc art arch_perfmon pebs bts rep_good nopl xtopology nonstop_tsc cpuid aperfmperf pni pclmulqdq dtes64 monitor ds_cpl vmx est tm2 ssse3 sdbg fma cx16 xtpr pdcm pcid sse4_1 sse4_2 x2apic movbe popcnt tsc_deadline_timer aes xsave avx f16c rdrand lahf_lm abm 3dnowprefetch cpuid_fault epb invpcid_single pti ssbd ibrs ibpb stibp tpr_shadow vnmi flexpriority ept vpid fsgsbase tsc_adjust bmi1 avx2 smep bmi2 erms invpcid mpx rdseed adx smap clflushopt intel_pt xsaveopt xsavec xgetbv1 xsaves dtherm ida arat pln pts hwp hwp_notify hwp_act_window hwp_epp md_clear flush_l1d arch_capabilities
bugs		: cpu_meltdown spectre_v1 spectre_v2 spec_store_bypass l1tf mds swapgs itlb_multihit srbds mmio_stale_data
bogomips	: 3999.93
clflush size	: 64
cache_alignment	: 64
address sizes	: 39 bits physical, 48 bits virtual
power management:

processor	: 4
vendor_id	: GenuineIntel
cpu family	: 6
model		: 142
model name	: Intel(R) Core(TM) i7-8550U CPU @ 1.80GHz
stepping	: 10
microcode	: 0xf0
cpu MHz		: 2414.285
cache size	: 8192 KB
physical id	: 0
siblings	: 8
core id		: 0
cpu cores	: 4
apicid		: 1
initial apicid	: 1
fpu		: yes
fpu_exception	: yes
cpuid level	: 22
wp		: yes
flags		: fpu vme de pse tsc msr pae mce cx8 apic sep mtrr pge mca cmov pat pse36 clflush dts acpi mmx fxsr sse sse2 ss ht tm pbe syscall nx pdpe1gb rdtscp lm constant_tsc art arch_perfmon pebs bts rep_good nopl xtopology nonstop_tsc cpuid aperfmperf pni pclmulqdq dtes64 monitor ds_cpl vmx est tm2 ssse3 sdbg fma cx16 xtpr pdcm pcid sse4_1 sse4_2 x2apic movbe popcnt tsc_deadline_timer aes xsave avx f16c rdrand lahf_lm abm 3dnowprefetch cpuid_fault epb invpcid_single pti ssbd ibrs ibpb stibp tpr_shadow vnmi flexpriority ept vpid fsgsbase tsc_adjust bmi1 avx2 smep bmi2 erms invpcid mpx rdseed adx smap clflushopt intel_pt xsaveopt xsavec xgetbv1 xsaves dtherm ida arat pln pts hwp hwp_notify hwp_act_window hwp_epp md_clear flush_l1d arch_capabilities
bugs		: cpu_meltdown spectre_v1 spectre_v2 spec_store_bypass l1tf mds swapgs itlb_multihit srbds mmio_stale_data
bogomips	: 3999.93
clflush size	: 64
cache_alignment	: 64
address sizes	: 39 bits physical, 48 bits virtual
power management:

processor	: 5
vendor_id	: GenuineIntel
cpu family	: 6
model		: 142
model name	: Intel(R) Core(TM) i7-8550U CPU @ 1.80GHz
stepping	: 10
microcode	: 0xf0
cpu MHz		: 2413.195
cache size	: 8192 KB
physical id	: 0
siblings	: 8
core id		: 1
cpu cores	: 4
apicid		: 3
initial apicid	: 3
fpu		: yes
fpu_exception	: yes
cpuid level	: 22
wp		: yes
flags		: fpu vme de pse tsc msr pae mce cx8 apic sep mtrr pge mca cmov pat pse36 clflush dts acpi mmx fxsr sse sse2 ss ht tm pbe syscall nx pdpe1gb rdtscp lm constant_tsc art arch_perfmon pebs bts rep_good nopl xtopology nonstop_tsc cpuid aperfmperf pni pclmulqdq dtes64 monitor ds_cpl vmx est tm2 ssse3 sdbg fma cx16 xtpr pdcm pcid sse4_1 sse4_2 x2apic movbe popcnt tsc_deadline_timer aes xsave avx f16c rdrand lahf_lm abm 3dnowprefetch cpuid_fault epb invpcid_single pti ssbd ibrs ibpb stibp tpr_shadow vnmi flexpriority ept vpid fsgsbase tsc_adjust bmi1 avx2 smep bmi2 erms invpcid mpx rdseed adx smap clflushopt intel_pt xsaveopt xsavec xgetbv1 xsaves dtherm ida arat pln pts hwp hwp_notify hwp_act_window hwp_epp md_clear flush_l1d arch_capabilities
bugs		: cpu_meltdown spectre_v1 spectre_v2 spec_store_bypass l1tf mds swapgs itlb_multihit srbds mmio_stale_data
bogomips	: 3999.93
clflush size	: 64
cache_alignment	: 64
address sizes	: 39 bits physical, 48 bits virtual
power management:

processor	: 6
vendor_id	: GenuineIntel
cpu family	: 6
model		: 142
model name	: Intel(R) Core(TM) i7-8550U CPU @ 1.80GHz
stepping	: 10
microcode	: 0xf0
cpu MHz		: 2414.460
cache size	: 8192 KB
physical id	: 0
siblings	: 8
core id		: 2
cpu cores	: 4
apicid		: 5
initial apicid	: 5
fpu		: yes
fpu_exception	: yes
cpuid level	: 22
wp		: yes
flags		: fpu vme de pse tsc msr pae mce cx8 apic sep mtrr pge mca cmov pat pse36 clflush dts acpi mmx fxsr sse sse2 ss ht tm pbe syscall nx pdpe1gb rdtscp lm constant_tsc art arch_perfmon pebs bts rep_good nopl xtopology nonstop_tsc cpuid aperfmperf pni pclmulqdq dtes64 monitor ds_cpl vmx est tm2 ssse3 sdbg fma cx16 xtpr pdcm pcid sse4_1 sse4_2 x2apic movbe popcnt tsc_deadline_timer aes xsave avx f16c rdrand lahf_lm abm 3dnowprefetch cpuid_fault epb invpcid_single pti ssbd ibrs ibpb stibp tpr_shadow vnmi flexpriority ept vpid fsgsbase tsc_adjust bmi1 avx2 smep bmi2 erms invpcid mpx rdseed adx smap clflushopt intel_pt xsaveopt xsavec xgetbv1 xsaves dtherm ida arat pln pts hwp hwp_notify hwp_act_window hwp_epp md_clear flush_l1d arch_capabilities
bugs		: cpu_meltdown spectre_v1 spectre_v2 spec_store_bypass l1tf mds swapgs itlb_multihit srbds mmio_stale_data
bogomips	: 3999.93
clflush size	: 64
cache_alignment	: 64
address sizes	: 39 bits physical, 48 bits virtual
power management:

processor	: 7
vendor_id	: GenuineIntel
cpu family	: 6
model		: 142
model name	: Intel(R) Core(TM) i7-8550U CPU @ 1.80GHz
stepping	: 10
microcode	: 0xf0
cpu MHz		: 2413.614
cache size	: 8192 KB
physical id	: 0
siblings	: 8
core id		: 3
cpu cores	: 4
apicid		: 7
initial apicid	: 7
fpu		: yes
fpu_exception	: yes
cpuid level	: 22
wp		: yes
flags		: fpu vme de pse tsc msr pae mce cx8 apic sep mtrr pge mca cmov pat pse36 clflush dts acpi mmx fxsr sse sse2 ss ht tm pbe syscall nx pdpe1gb rdtscp lm constant_tsc art arch_perfmon pebs bts rep_good nopl xtopology nonstop_tsc cpuid aperfmperf pni pclmulqdq dtes64 monitor ds_cpl vmx est tm2 ssse3 sdbg fma cx16 xtpr pdcm pcid sse4_1 sse4_2 x2apic movbe popcnt tsc_deadline_timer aes xsave avx f16c rdrand lahf_lm abm 3dnowprefetch cpuid_fault epb invpcid_single pti ssbd ibrs ibpb stibp tpr_shadow vnmi flexpriority ept vpid fsgsbase tsc_adjust bmi1 avx2 smep bmi2 erms invpcid mpx rdseed adx smap clflushopt intel_pt xsaveopt xsavec xgetbv1 xsaves dtherm ida arat pln pts hwp hwp_notify hwp_act_window hwp_epp md_clear flush_l1d arch_capabilities
bugs		: cpu_meltdown spectre_v1 spectre_v2 spec_store_bypass l1tf mds swapgs itlb_multihit srbds mmio_stale_data
bogomips	: 3999.93
clflush size	: 64
cache_alignment	: 64
address sizes	: 39 bits physical, 48 bits virtual
power management:



Memory: 4k page, physical 7887584k(107580k free), swap 2097148k(0k free)

vm_info: OpenJDK 64-Bit Server VM (25.292-b10) for linux-amd64 JRE (1.8.0_292-b10), built on Apr  9 2021 02:15:01 by "openjdk" with gcc 4.4.7 20120313 (Red Hat 4.4.7-23)

time: Wed Feb 22 15:55:40 2023
timezone: WET
elapsed time: 102.452844 seconds (0d 0h 1m 42s)

